

HI-TECH Software PIC LITE Macro Assembler V9.71a build 6446 
                                                                                               Mon Feb 16 11:12:05 2026

HI-TECH Software Omniscient Code Generator (Lite mode) build 6446
     1  0000                     opt subtitle "HI-TECH Software Omniscient Code Generator (Lite mode) build 6446"
     2                           
     3                           opt pagewidth 120
     4                           
     5                           	opt lm
     6                           
     7                           	processor	16F877A
     8                           clrc	macro
     9                           	bcf	3,0
    10  0000                     	endm
    11                           clrz	macro
    12                           	bcf	3,2
    13  0000                     	endm
    14                           setc	macro
    15                           	bsf	3,0
    16  0000                     	endm
    17                           setz	macro
    18                           	bsf	3,2
    19  0000                     	endm
    20                           skipc	macro
    21                           	btfss	3,0
    22  0000                     	endm
    23                           skipz	macro
    24                           	btfss	3,2
    25  0000                     	endm
    26                           skipnc	macro
    27                           	btfsc	3,0
    28  0000                     	endm
    29                           skipnz	macro
    30                           	btfsc	3,2
    31  0000                     	endm
    32  0000                     indf	equ	0
    33  0000                     indf0	equ	0
    34  0002                     pc	equ	2
    35  0002                     pcl	equ	2
    36  0003                     status	equ	3
    37  0004                     fsr	equ	4
    38  0004                     fsr0	equ	4
    39  0001                     c	equ	1
    40  0000                     z	equ	0
    41  000A                     pclath	equ	10
    42                           # 2 "E:\Embedded_Program\pic task\pic task\serial communication\gsm\gsm data transmit\gs
                                 m data transmit.c"
    43                           	psect config,class=CONFIG,delta=2 ;#
    44                           # 2 "E:\Embedded_Program\pic task\pic task\serial communication\gsm\gsm data transmit\gs
                                 m data transmit.c"
    45  2007  3F72               	dw 0X3F72 ;#
    46                           	FNCALL	_main,_lcd_init
    47                           	FNCALL	_main,_delay
    48                           	FNCALL	_main,_lcd_command
    49                           	FNCALL	_main,_lcd_display
    50                           	FNCALL	_main,_serial
    51                           	FNCALL	_lcd_init,_lcd_command
    52                           	FNCALL	_lcd_display,_lcd_data
    53                           	FNCALL	_serial,_delay
    54                           	FNCALL	_lcd_data,_delay
    55                           	FNCALL	_lcd_command,_delay
    56                           	FNROOT	_main
    57                           	global	_PORTC
    58                           psect	text102,local,class=CODE,delta=2
    59                           global __ptext102
    60  0000                     __ptext102:
    61  0007                     _PORTC	set	7
    62                           	global	_PORTD
    63  0008                     _PORTD	set	8
    64                           	global	_RCSTA
    65  0018                     _RCSTA	set	24
    66                           	global	_TXREG
    67  0019                     _TXREG	set	25
    68                           	global	_RB0
    69  0030                     _RB0	set	48
    70                           	global	_RD1
    71  0041                     _RD1	set	65
    72                           	global	_RD2
    73  0042                     _RD2	set	66
    74                           	global	_RD3
    75  0043                     _RD3	set	67
    76                           	global	_SPBRG
    77  0099                     _SPBRG	set	153
    78                           	global	_TRISC
    79  0087                     _TRISC	set	135
    80                           	global	_TRISD
    81  0088                     _TRISD	set	136
    82                           	global	_TXSTA
    83  0098                     _TXSTA	set	152
    84                           psect	strings,class=STRING,delta=2
    85                           global __pstrings
    86  0003                     __pstrings:
    87                           ;	global	stringdir,stringtab,__stringbase
    88  0003                     stringtab:
    89                           ;	String table - string pointers are 1 byte each
    90  0003                     stringcode:stringdir:
      + 0003                     stringdir:	
    91  0003  3000               movlw high(stringdir)
    92  0004  008A               movwf pclath
    93  0005  0804               movf fsr,w
    94  0006  0A84               incf fsr
    95  0007  0782               	addwf pc
    96  0008                     __stringbase:
    97  0008  3400               	retlw	0
    98                           psect	strings
    99                           	
   100  0009                     STR_5:	
   101  0009  3453               	retlw	83	;'S'
   102  000A  3445               	retlw	69	;'E'
   103  000B  3452               	retlw	82	;'R'
   104  000C  3449               	retlw	73	;'I'
   105  000D  3441               	retlw	65	;'A'
   106  000E  344C               	retlw	76	;'L'
   107  000F  3420               	retlw	32	;' '
   108  0010  3443               	retlw	67	;'C'
   109  0011  344F               	retlw	79	;'O'
   110  0012  344D               	retlw	77	;'M'
   111  0013  344D               	retlw	77	;'M'
   112  0014  3455               	retlw	85	;'U'
   113  0015  344E               	retlw	78	;'N'
   114  0016  3449               	retlw	73	;'I'
   115  0017  3443               	retlw	67	;'C'
   116  0018  3441               	retlw	65	;'A'
   117  0019  3454               	retlw	84	;'T'
   118  001A  3449               	retlw	73	;'I'
   119  001B  344F               	retlw	79	;'O'
   120  001C  344E               	retlw	78	;'N'
   121  001D  3400               	retlw	0
   122                           psect	strings
   123                           	
   124  001E                     STR_4:	
   125  001E  3441               	retlw	65	;'A'
   126  001F  3454               	retlw	84	;'T'
   127  0020  342B               	retlw	43	;'+'
   128  0021  3443               	retlw	67	;'C'
   129  0022  344D               	retlw	77	;'M'
   130  0023  3447               	retlw	71	;'G'
   131  0024  3453               	retlw	83	;'S'
   132  0025  343D               	retlw	61	;'='
   133  0026  3438               	retlw	56	;'8'
   134  0027  3437               	retlw	55	;'7'
   135  0028  3437               	retlw	55	;'7'
   136  0029  3438               	retlw	56	;'8'
   137  002A  3437               	retlw	55	;'7'
   138  002B  3435               	retlw	53	;'5'
   139  002C  3433               	retlw	51	;'3'
   140  002D  3439               	retlw	57	;'9'
   141  002E  3434               	retlw	52	;'4'
   142  002F  3430               	retlw	48	;'0'
   143  0030  3400               	retlw	0
   144                           psect	strings
   145                           	
   146  0031                     STR_3:	
   147  0031  3441               	retlw	65	;'A'
   148  0032  3454               	retlw	84	;'T'
   149  0033  342B               	retlw	43	;'+'
   150  0034  3443               	retlw	67	;'C'
   151  0035  344D               	retlw	77	;'M'
   152  0036  3447               	retlw	71	;'G'
   153  0037  3446               	retlw	70	;'F'
   154  0038  343D               	retlw	61	;'='
   155  0039  3431               	retlw	49	;'1'
   156  003A  3400               	retlw	0
   157                           psect	strings
   158                           	
   159  003B                     STR_1:	
   160  003B  3457               	retlw	87	;'W'
   161  003C  3445               	retlw	69	;'E'
   162  003D  344C               	retlw	76	;'L'
   163  003E  3443               	retlw	67	;'C'
   164  003F  344F               	retlw	79	;'O'
   165  0040  344D               	retlw	77	;'M'
   166  0041  3445               	retlw	69	;'E'
   167  0042  3400               	retlw	0
   168                           psect	strings
   169                           	
   170  0043                     STR_2:	
   171  0043  3441               	retlw	65	;'A'
   172  0044  3454               	retlw	84	;'T'
   173  0045  3400               	retlw	0
   174                           psect	strings
   175                           	file	"gsm data transmit.as"
   176                           	line	#
   177                           psect cinit,class=CODE,delta=2
   178                           global start_initialization
   179  0659                     start_initialization:
   180                           
   181                           psect cinit,class=CODE,delta=2
   182                           global end_of_initialization
   183                           
   184                           ;End of C runtime variable initialization code
   185                           
   186  0659                     end_of_initialization:
   187  0659  0183               clrf status
   188  065A  120A  118A  2F59   ljmp _main	;jump to C main() function
   189                           psect	cstackCOMMON,class=COMMON,space=1
   190                           global __pcstackCOMMON
   191  0070                     __pcstackCOMMON:
   192                           	global	?_delay
   193  0070                     ?_delay:	; 0 bytes @ 0x0
   194                           	global	?_lcd_command
   195  0070                     ?_lcd_command:	; 0 bytes @ 0x0
   196                           	global	?_lcd_data
   197  0070                     ?_lcd_data:	; 0 bytes @ 0x0
   198                           	global	?_lcd_display
   199  0070                     ?_lcd_display:	; 0 bytes @ 0x0
   200                           	global	?_lcd_init
   201  0070                     ?_lcd_init:	; 0 bytes @ 0x0
   202                           	global	?_serial
   203  0070                     ?_serial:	; 0 bytes @ 0x0
   204                           	global	?_main
   205  0070                     ?_main:	; 2 bytes @ 0x0
   206                           	global	delay@x
   207  0070                     delay@x:	; 2 bytes @ 0x0
   208  0070                     	ds	2
   209                           	global	??_delay
   210  0072                     ??_delay:	; 0 bytes @ 0x2
   211                           	global	??_lcd_command
   212  0072                     ??_lcd_command:	; 0 bytes @ 0x2
   213                           	global	??_lcd_data
   214  0072                     ??_lcd_data:	; 0 bytes @ 0x2
   215                           	global	??_serial
   216  0072                     ??_serial:	; 0 bytes @ 0x2
   217                           	global	serial@i
   218  0072                     serial@i:	; 2 bytes @ 0x2
   219  0072                     	ds	2
   220                           	global	serial@a
   221  0074                     serial@a:	; 1 bytes @ 0x4
   222                           	global	lcd_command@temp
   223  0074                     lcd_command@temp:	; 2 bytes @ 0x4
   224                           	global	lcd_data@temp
   225  0074                     lcd_data@temp:	; 2 bytes @ 0x4
   226  0074                     	ds	2
   227                           	global	lcd_command@com
   228  0076                     lcd_command@com:	; 1 bytes @ 0x6
   229                           	global	lcd_data@dat
   230  0076                     lcd_data@dat:	; 1 bytes @ 0x6
   231  0076                     	ds	1
   232                           	global	??_lcd_display
   233  0077                     ??_lcd_display:	; 0 bytes @ 0x7
   234                           	global	??_lcd_init
   235  0077                     ??_lcd_init:	; 0 bytes @ 0x7
   236                           	global	lcd_display@i
   237  0077                     lcd_display@i:	; 2 bytes @ 0x7
   238  0077                     	ds	2
   239                           	global	lcd_display@m
   240  0079                     lcd_display@m:	; 1 bytes @ 0x9
   241  0079                     	ds	1
   242                           	global	??_main
   243  007A                     ??_main:	; 0 bytes @ 0xA
   244 ;;Data sizes: Strings 61, constant 0, data 0, bss 0, persistent 0 stack 0
   245 ;;Auto spaces:   Size  Autos    Used
   246 ;; COMMON          14     10      10
   247 ;; BANK0           80      0       0
   248 ;; BANK1           80      0       0
   249 ;; BANK3           96      0       0
   250 ;; BANK2           96      0       0
   251                           
   252 ;;
   253 ;; Pointer list with targets:
   254                           
   255 ;; serial@a	PTR unsigned char  size(1) Largest target is 21
   256 ;;		 -> STR_5(CODE[21]), STR_4(CODE[19]), STR_3(CODE[10]), STR_2(CODE[3]), 
   257 ;;
   258 ;; lcd_display@m	PTR const unsigned char  size(1) Largest target is 8
   259 ;;		 -> STR_1(CODE[8]), 
   260 ;;
   261                           
   262                           
   263 ;;
   264 ;; Critical Paths under _main in COMMON
   265 ;;
   266 ;;   _main->_lcd_display
   267 ;;   _lcd_init->_lcd_command
   268 ;;   _lcd_display->_lcd_data
   269 ;;   _serial->_delay
   270 ;;   _lcd_data->_delay
   271 ;;   _lcd_command->_delay
   272 ;;
   273 ;; Critical Paths under _main in BANK0
   274 ;;
   275 ;;   None.
   276 ;;
   277 ;; Critical Paths under _main in BANK1
   278 ;;
   279 ;;   None.
   280 ;;
   281 ;; Critical Paths under _main in BANK3
   282 ;;
   283 ;;   None.
   284 ;;
   285 ;; Critical Paths under _main in BANK2
   286 ;;
   287 ;;   None.
   288                           
   289 ;;
   290 ;;Main: autosize = 0, tempsize = 0, incstack = 0, save=0
   291 ;;
   292                           
   293 ;;
   294 ;;Call Graph Tables:
   295 ;;
   296 ;; ---------------------------------------------------------------------------------
   297 ;; (Depth) Function   	        Calls       Base Space   Used Autos Params    Refs
   298 ;; ---------------------------------------------------------------------------------
   299 ;; (0) _main                                                 0     0      0     330
   300 ;;                           _lcd_init
   301 ;;                              _delay
   302 ;;                        _lcd_command
   303 ;;                        _lcd_display
   304 ;;                             _serial
   305 ;; ---------------------------------------------------------------------------------
   306 ;; (1) _lcd_init                                             0     0      0      60
   307 ;;                        _lcd_command
   308 ;; ---------------------------------------------------------------------------------
   309 ;; (1) _lcd_display                                          3     3      0     120
   310 ;;                                              7 COMMON     3     3      0
   311 ;;                           _lcd_data
   312 ;; ---------------------------------------------------------------------------------
   313 ;; (1) _serial                                               3     3      0      75
   314 ;;                                              2 COMMON     3     3      0
   315 ;;                              _delay
   316 ;; ---------------------------------------------------------------------------------
   317 ;; (2) _lcd_data                                             5     5      0      60
   318 ;;                                              2 COMMON     5     5      0
   319 ;;                              _delay
   320 ;; ---------------------------------------------------------------------------------
   321 ;; (1) _lcd_command                                          5     5      0      60
   322 ;;                                              2 COMMON     5     5      0
   323 ;;                              _delay
   324 ;; ---------------------------------------------------------------------------------
   325 ;; (2) _delay                                                2     0      2      15
   326 ;;                                              0 COMMON     2     0      2
   327 ;; ---------------------------------------------------------------------------------
   328 ;; Estimated maximum stack depth 2
   329 ;; ---------------------------------------------------------------------------------
   330                           
   331 ;; Call Graph Graphs:
   332                           
   333 ;; _main (ROOT)
   334 ;;   _lcd_init
   335 ;;     _lcd_command
   336 ;;       _delay
   337 ;;   _delay
   338 ;;   _lcd_command
   339 ;;     _delay
   340 ;;   _lcd_display
   341 ;;     _lcd_data
   342 ;;       _delay
   343 ;;   _serial
   344 ;;     _delay
   345 ;;
   346                           
   347 ;; Address spaces:
   348                           
   349 ;;Name               Size   Autos  Total    Cost      Usage
   350 ;;BITCOMMON            E      0       0       0        0.0%
   351 ;;EEDATA             100      0       0       0        0.0%
   352 ;;NULL                 0      0       0       0        0.0%
   353 ;;CODE                 0      0       0       0        0.0%
   354 ;;COMMON               E      A       A       1       71.4%
   355 ;;BITSFR0              0      0       0       1        0.0%
   356 ;;SFR0                 0      0       0       1        0.0%
   357 ;;BITSFR1              0      0       0       2        0.0%
   358 ;;SFR1                 0      0       0       2        0.0%
   359 ;;STACK                0      0       3       2        0.0%
   360 ;;ABS                  0      0       0       3        0.0%
   361 ;;BITBANK0            50      0       0       4        0.0%
   362 ;;BITSFR3              0      0       0       4        0.0%
   363 ;;SFR3                 0      0       0       4        0.0%
   364 ;;BANK0               50      0       0       5        0.0%
   365 ;;BITSFR2              0      0       0       5        0.0%
   366 ;;SFR2                 0      0       0       5        0.0%
   367 ;;BITBANK1            50      0       0       6        0.0%
   368 ;;BANK1               50      0       0       7        0.0%
   369 ;;BITBANK3            60      0       0       8        0.0%
   370 ;;BANK3               60      0       0       9        0.0%
   371 ;;BITBANK2            60      0       0      10        0.0%
   372 ;;BANK2               60      0       0      11        0.0%
   373 ;;DATA                 0      0       0      12        0.0%
   374                           
   375                           	global	_main
   376                           psect	maintext,global,class=CODE,delta=2
   377                           global __pmaintext
   378  0759                     __pmaintext:
   379                           
   380 ;; *************** function _main *****************
   381 ;; Defined at:
   382 ;;		line 72 in file "E:\Embedded_Program\pic task\pic task\serial communication\gsm\gsm data transmit\gsm data transmit.
       c"
   383 ;; Parameters:    Size  Location     Type
   384 ;;		None
   385 ;; Auto vars:     Size  Location     Type
   386 ;;		None
   387 ;; Return value:  Size  Location     Type
   388 ;;                  2  585[COMMON] int 
   389 ;; Registers used:
   390 ;;		wreg, fsr0l, fsr0h, status,2, status,0, btemp+0, pclath, cstack
   391 ;; Tracked objects:
   392 ;;		On entry : 17F/0
   393 ;;		On exit  : 0/0
   394 ;;		Unchanged: 0/0
   395 ;; Data sizes:     COMMON   BANK0   BANK1   BANK3   BANK2
   396 ;;      Params:         0       0       0       0       0
   397 ;;      Locals:         0       0       0       0       0
   398 ;;      Temps:          0       0       0       0       0
   399 ;;      Totals:         0       0       0       0       0
   400 ;;Total ram usage:        0 bytes
   401 ;; Hardware stack levels required when called:    3
   402 ;; This function calls:
   403 ;;		_lcd_init
   404 ;;		_delay
   405 ;;		_lcd_command
   406 ;;		_lcd_display
   407 ;;		_serial
   408 ;; This function is called by:
   409 ;;		Startup code after reset
   410 ;; This function uses a non-reentrant model
   411 ;;
   412                           psect	maintext
   413                           	file	"E:\Embedded_Program\pic task\pic task\serial communication\gsm\gsm data transmit\
                                 gsm data transmit.c"
   414                           	line	72
   415                           	global	__size_of_main
   416  00A7                     	__size_of_main	equ	__end_of_main-_main
   417                           	
   418  0759                     _main:	
   419                           	opt	stack 8
   420                           ; Regs used in _main: [wreg-fsr0h+status,2-btemp+0+pclath+cstack]
   421                           	line	73
   422                           	
   423  0759                     l1827:	
   424                           ;gsm data transmit.c: 73: TRISC=0X00;
   425  0759  1683               	bsf	status, 5	;RP0=1, select bank1
   426  075A  1303               	bcf	status, 6	;RP1=0, select bank1
   427  075B  0187               	clrf	(135)^080h	;volatile
   428                           	line	74
   429                           ;gsm data transmit.c: 74: PORTC=0X00;
   430  075C  1283               	bcf	status, 5	;RP0=0, select bank0
   431  075D  1303               	bcf	status, 6	;RP1=0, select bank0
   432  075E  0187               	clrf	(7)	;volatile
   433                           	line	75
   434                           ;gsm data transmit.c: 75: TRISD=0X00;
   435  075F  1683               	bsf	status, 5	;RP0=1, select bank1
   436  0760  1303               	bcf	status, 6	;RP1=0, select bank1
   437  0761  0188               	clrf	(136)^080h	;volatile
   438                           	line	76
   439                           ;gsm data transmit.c: 76: PORTD=0X00;
   440  0762  1283               	bcf	status, 5	;RP0=0, select bank0
   441  0763  1303               	bcf	status, 6	;RP1=0, select bank0
   442  0764  0188               	clrf	(8)	;volatile
   443                           	line	77
   444                           	
   445  0765                     l1829:	
   446                           ;gsm data transmit.c: 77: TXSTA=0X24;
   447  0765  3024               	movlw	(024h)
   448  0766  1683               	bsf	status, 5	;RP0=1, select bank1
   449  0767  1303               	bcf	status, 6	;RP1=0, select bank1
   450  0768  0098               	movwf	(152)^080h	;volatile
   451                           	line	78
   452                           	
   453  0769                     l1831:	
   454                           ;gsm data transmit.c: 78: RCSTA=0X90;
   455  0769  3090               	movlw	(090h)
   456  076A  1283               	bcf	status, 5	;RP0=0, select bank0
   457  076B  1303               	bcf	status, 6	;RP1=0, select bank0
   458  076C  0098               	movwf	(24)	;volatile
   459                           	line	79
   460                           	
   461  076D                     l1833:	
   462                           ;gsm data transmit.c: 79: SPBRG=25;
   463  076D  3019               	movlw	(019h)
   464  076E  1683               	bsf	status, 5	;RP0=1, select bank1
   465  076F  1303               	bcf	status, 6	;RP1=0, select bank1
   466  0770  0099               	movwf	(153)^080h	;volatile
   467                           	line	82
   468                           	
   469  0771                     l1835:	
   470                           ;gsm data transmit.c: 82: lcd_init();
   471  0771  120A  118A  266F   	fcall	_lcd_init
              120A  118A         
   472                           	line	83
   473                           	
   474  0776                     l1837:	
   475                           ;gsm data transmit.c: 83: delay(500);
   476  0776  30F4               	movlw	low(01F4h)
   477  0777  00F0               	movwf	(?_delay)
   478  0778  3001               	movlw	high(01F4h)
   479  0779  00F1               	movwf	((?_delay))+1
   480  077A  120A  118A  265D   	fcall	_delay
              120A  118A         
   481                           	line	84
   482                           	
   483  077F                     l1839:	
   484                           ;gsm data transmit.c: 84: lcd_command(0X80);
   485  077F  3080               	movlw	(080h)
   486  0780  120A  118A  26ED   	fcall	_lcd_command
              120A  118A         
   487                           	line	85
   488                           	
   489  0785                     l1841:	
   490                           ;gsm data transmit.c: 85: lcd_display("WELCOME");
   491  0785  3033               	movlw	((STR_1-__stringbase))&0ffh
   492  0786  120A  118A  2694   	fcall	_lcd_display
              120A  118A         
   493                           	line	86
   494                           	
   495  078B                     l1843:	
   496                           ;gsm data transmit.c: 86: delay(50000);
   497  078B  3050               	movlw	low(0C350h)
   498  078C  00F0               	movwf	(?_delay)
   499  078D  30C3               	movlw	high(0C350h)
   500  078E  00F1               	movwf	((?_delay))+1
   501  078F  120A  118A  265D   	fcall	_delay
              120A  118A         
   502                           	line	88
   503                           ;gsm data transmit.c: 88: while(1)
   504                           	
   505  0794                     l586:	
   506                           	line	90
   507                           	
   508  0794                     l1845:	
   509                           ;gsm data transmit.c: 89: {
   510                           ;gsm data transmit.c: 90: if(RB0==1)
   511  0794  1283               	bcf	status, 5	;RP0=0, select bank0
   512  0795  1303               	bcf	status, 6	;RP1=0, select bank0
   513  0796  1C06               	btfss	(48/8),(48)&7
   514  0797  2F99               	goto	u2191
   515  0798  2F9A               	goto	u2190
   516  0799                     u2191:
   517  0799  2FFC               	goto	l587
   518  079A                     u2190:
   519                           	line	92
   520                           	
   521  079A                     l1847:	
   522                           ;gsm data transmit.c: 91: {
   523                           ;gsm data transmit.c: 92: serial("AT");
   524  079A  303B               	movlw	((STR_2-__stringbase))&0ffh
   525  079B  120A  118A  26BB   	fcall	_serial
              120A  118A         
   526                           	line	93
   527                           	
   528  07A0                     l1849:	
   529                           ;gsm data transmit.c: 93: delay(50000);
   530  07A0  3050               	movlw	low(0C350h)
   531  07A1  00F0               	movwf	(?_delay)
   532  07A2  30C3               	movlw	high(0C350h)
   533  07A3  00F1               	movwf	((?_delay))+1
   534  07A4  120A  118A  265D   	fcall	_delay
              120A  118A         
   535                           	line	94
   536                           	
   537  07A9                     l1851:	
   538                           ;gsm data transmit.c: 94: TXREG=0X0D;
   539  07A9  300D               	movlw	(0Dh)
   540  07AA  1283               	bcf	status, 5	;RP0=0, select bank0
   541  07AB  1303               	bcf	status, 6	;RP1=0, select bank0
   542  07AC  0099               	movwf	(25)	;volatile
   543                           	line	96
   544                           	
   545  07AD                     l1853:	
   546                           ;gsm data transmit.c: 96: delay(50000);
   547  07AD  3050               	movlw	low(0C350h)
   548  07AE  00F0               	movwf	(?_delay)
   549  07AF  30C3               	movlw	high(0C350h)
   550  07B0  00F1               	movwf	((?_delay))+1
   551  07B1  120A  118A  265D   	fcall	_delay
              120A  118A         
   552                           	line	97
   553                           	
   554  07B6                     l1855:	
   555                           ;gsm data transmit.c: 97: serial("AT+CMGF=1");
   556  07B6  3029               	movlw	((STR_3-__stringbase))&0ffh
   557  07B7  120A  118A  26BB   	fcall	_serial
              120A  118A         
   558                           	line	98
   559                           ;gsm data transmit.c: 98: TXREG=0X0D;
   560  07BC  300D               	movlw	(0Dh)
   561  07BD  1283               	bcf	status, 5	;RP0=0, select bank0
   562  07BE  1303               	bcf	status, 6	;RP1=0, select bank0
   563  07BF  0099               	movwf	(25)	;volatile
   564                           	line	99
   565                           	
   566  07C0                     l1857:	
   567                           ;gsm data transmit.c: 99: delay(50000);
   568  07C0  3050               	movlw	low(0C350h)
   569  07C1  00F0               	movwf	(?_delay)
   570  07C2  30C3               	movlw	high(0C350h)
   571  07C3  00F1               	movwf	((?_delay))+1
   572  07C4  120A  118A  265D   	fcall	_delay
              120A  118A         
   573                           	line	100
   574                           	
   575  07C9                     l1859:	
   576                           ;gsm data transmit.c: 100: serial("AT+CMGS=8778753940");
   577  07C9  3016               	movlw	((STR_4-__stringbase))&0ffh
   578  07CA  120A  118A  26BB   	fcall	_serial
              120A  118A         
   579                           	line	101
   580                           	
   581  07CF                     l1861:	
   582                           ;gsm data transmit.c: 101: TXREG=0X0D;
   583  07CF  300D               	movlw	(0Dh)
   584  07D0  1283               	bcf	status, 5	;RP0=0, select bank0
   585  07D1  1303               	bcf	status, 6	;RP1=0, select bank0
   586  07D2  0099               	movwf	(25)	;volatile
   587                           	line	102
   588                           	
   589  07D3                     l1863:	
   590                           ;gsm data transmit.c: 102: delay(50000);
   591  07D3  3050               	movlw	low(0C350h)
   592  07D4  00F0               	movwf	(?_delay)
   593  07D5  30C3               	movlw	high(0C350h)
   594  07D6  00F1               	movwf	((?_delay))+1
   595  07D7  120A  118A  265D   	fcall	_delay
              120A  118A         
   596                           	line	103
   597                           	
   598  07DC                     l1865:	
   599                           ;gsm data transmit.c: 103: TXREG=0X0D;
   600  07DC  300D               	movlw	(0Dh)
   601  07DD  1283               	bcf	status, 5	;RP0=0, select bank0
   602  07DE  1303               	bcf	status, 6	;RP1=0, select bank0
   603  07DF  0099               	movwf	(25)	;volatile
   604                           	line	104
   605                           	
   606  07E0                     l1867:	
   607                           ;gsm data transmit.c: 104: serial("SERIAL COMMUNICATION");
   608  07E0  3001               	movlw	((STR_5-__stringbase))&0ffh
   609  07E1  120A  118A  26BB   	fcall	_serial
              120A  118A         
   610                           	line	105
   611                           	
   612  07E6                     l1869:	
   613                           ;gsm data transmit.c: 105: delay(50000);
   614  07E6  3050               	movlw	low(0C350h)
   615  07E7  00F0               	movwf	(?_delay)
   616  07E8  30C3               	movlw	high(0C350h)
   617  07E9  00F1               	movwf	((?_delay))+1
   618  07EA  120A  118A  265D   	fcall	_delay
              120A  118A         
   619                           	line	106
   620                           	
   621  07EF                     l1871:	
   622                           ;gsm data transmit.c: 106: TXREG=0X1A;
   623  07EF  301A               	movlw	(01Ah)
   624  07F0  1283               	bcf	status, 5	;RP0=0, select bank0
   625  07F1  1303               	bcf	status, 6	;RP1=0, select bank0
   626  07F2  0099               	movwf	(25)	;volatile
   627                           	line	107
   628                           ;gsm data transmit.c: 107: delay(50000);
   629  07F3  3050               	movlw	low(0C350h)
   630  07F4  00F0               	movwf	(?_delay)
   631  07F5  30C3               	movlw	high(0C350h)
   632  07F6  00F1               	movwf	((?_delay))+1
   633  07F7  120A  118A  265D   	fcall	_delay
              120A  118A         
   634                           	line	109
   635                           	
   636  07FC                     l587:	
   637                           	line	110
   638                           	
   639  07FC                     l588:	
   640                           	line	88
   641  07FC  2F94               	goto	l586
   642                           	
   643  07FD                     l589:	
   644                           	line	111
   645                           	
   646  07FD                     l590:	
   647                           	global	start
   648  07FD  120A  118A  2800   	ljmp	start
   649                           	opt stack 0
   650                           GLOBAL	__end_of_main
   651  0800                     	__end_of_main:
   652 ;; =============== function _main ends ============
   653                           
   654                           	signat	_main,90
   655                           	global	_lcd_init
   656                           psect	text103,local,class=CODE,delta=2
   657                           global __ptext103
   658  066F                     __ptext103:
   659                           
   660 ;; *************** function _lcd_init *****************
   661 ;; Defined at:
   662 ;;		line 52 in file "E:\Embedded_Program\pic task\pic task\serial communication\gsm\gsm data transmit\gsm data transmit.
       c"
   663 ;; Parameters:    Size  Location     Type
   664 ;;		None
   665 ;; Auto vars:     Size  Location     Type
   666 ;;		None
   667 ;; Return value:  Size  Location     Type
   668 ;;		None               void
   669 ;; Registers used:
   670 ;;		wreg, status,2, status,0, btemp+0, pclath, cstack
   671 ;; Tracked objects:
   672 ;;		On entry : 0/0
   673 ;;		On exit  : 0/0
   674 ;;		Unchanged: 0/0
   675 ;; Data sizes:     COMMON   BANK0   BANK1   BANK3   BANK2
   676 ;;      Params:         0       0       0       0       0
   677 ;;      Locals:         0       0       0       0       0
   678 ;;      Temps:          0       0       0       0       0
   679 ;;      Totals:         0       0       0       0       0
   680 ;;Total ram usage:        0 bytes
   681 ;; Hardware stack levels used:    1
   682 ;; Hardware stack levels required when called:    2
   683 ;; This function calls:
   684 ;;		_lcd_command
   685 ;; This function is called by:
   686 ;;		_main
   687 ;; This function uses a non-reentrant model
   688 ;;
   689                           psect	text103
   690                           	file	"E:\Embedded_Program\pic task\pic task\serial communication\gsm\gsm data transmit\
                                 gsm data transmit.c"
   691                           	line	52
   692                           	global	__size_of_lcd_init
   693  0025                     	__size_of_lcd_init	equ	__end_of_lcd_init-_lcd_init
   694                           	
   695  066F                     _lcd_init:	
   696                           	opt	stack 7
   697                           ; Regs used in _lcd_init: [wreg+status,2-btemp+0+pclath+cstack]
   698                           	line	53
   699                           	
   700  066F                     l1825:	
   701                           ;gsm data transmit.c: 53: lcd_command(0x02);
   702  066F  3002               	movlw	(02h)
   703  0670  120A  118A  26ED   	fcall	_lcd_command
              120A  118A         
   704                           	line	54
   705                           ;gsm data transmit.c: 54: lcd_command(0x2c);
   706  0675  302C               	movlw	(02Ch)
   707  0676  120A  118A  26ED   	fcall	_lcd_command
              120A  118A         
   708                           	line	55
   709                           ;gsm data transmit.c: 55: lcd_command(0x06);
   710  067B  3006               	movlw	(06h)
   711  067C  120A  118A  26ED   	fcall	_lcd_command
              120A  118A         
   712                           	line	56
   713                           ;gsm data transmit.c: 56: lcd_command(0x01);
   714  0681  3001               	movlw	(01h)
   715  0682  120A  118A  26ED   	fcall	_lcd_command
              120A  118A         
   716                           	line	57
   717                           ;gsm data transmit.c: 57: lcd_command(0x0c);
   718  0687  300C               	movlw	(0Ch)
   719  0688  120A  118A  26ED   	fcall	_lcd_command
              120A  118A         
   720                           	line	58
   721                           ;gsm data transmit.c: 58: lcd_command(0x80);
   722  068D  3080               	movlw	(080h)
   723  068E  120A  118A  26ED   	fcall	_lcd_command
              120A  118A         
   724                           	line	59
   725                           	
   726  0693                     l577:	
   727  0693  0008               	return
   728                           	opt stack 0
   729                           GLOBAL	__end_of_lcd_init
   730  0694                     	__end_of_lcd_init:
   731 ;; =============== function _lcd_init ends ============
   732                           
   733                           	signat	_lcd_init,88
   734                           	global	_lcd_display
   735                           psect	text104,local,class=CODE,delta=2
   736                           global __ptext104
   737  0694                     __ptext104:
   738                           
   739 ;; *************** function _lcd_display *****************
   740 ;; Defined at:
   741 ;;		line 45 in file "E:\Embedded_Program\pic task\pic task\serial communication\gsm\gsm data transmit\gsm data transmit.
       c"
   742 ;; Parameters:    Size  Location     Type
   743 ;;  m               1    wreg     PTR const unsigned char 
   744 ;;		 -> STR_1(8), 
   745 ;; Auto vars:     Size  Location     Type
   746 ;;  m               1    9[COMMON] PTR const unsigned char 
   747 ;;		 -> STR_1(8), 
   748 ;;  i               2    7[COMMON] int 
   749 ;; Return value:  Size  Location     Type
   750 ;;		None               void
   751 ;; Registers used:
   752 ;;		wreg, fsr0l, fsr0h, status,2, status,0, btemp+0, pclath, cstack
   753 ;; Tracked objects:
   754 ;;		On entry : 0/0
   755 ;;		On exit  : 0/0
   756 ;;		Unchanged: 0/0
   757 ;; Data sizes:     COMMON   BANK0   BANK1   BANK3   BANK2
   758 ;;      Params:         0       0       0       0       0
   759 ;;      Locals:         3       0       0       0       0
   760 ;;      Temps:          0       0       0       0       0
   761 ;;      Totals:         3       0       0       0       0
   762 ;;Total ram usage:        3 bytes
   763 ;; Hardware stack levels used:    1
   764 ;; Hardware stack levels required when called:    2
   765 ;; This function calls:
   766 ;;		_lcd_data
   767 ;; This function is called by:
   768 ;;		_main
   769 ;; This function uses a non-reentrant model
   770 ;;
   771                           psect	text104
   772                           	file	"E:\Embedded_Program\pic task\pic task\serial communication\gsm\gsm data transmit\
                                 gsm data transmit.c"
   773                           	line	45
   774                           	global	__size_of_lcd_display
   775  0027                     	__size_of_lcd_display	equ	__end_of_lcd_display-_lcd_display
   776                           	
   777  0694                     _lcd_display:	
   778                           	opt	stack 7
   779                           ; Regs used in _lcd_display: [wreg-fsr0h+status,2-btemp+0+pclath+cstack]
   780                           ;lcd_display@m stored from wreg
   781  0694  00F9               	movwf	(lcd_display@m)
   782                           	line	46
   783                           	
   784  0695                     l1817:	
   785                           ;gsm data transmit.c: 46: for(int i=0;m[i]!=0;i++)
   786  0695  3000               	movlw	low(0)
   787  0696  00F7               	movwf	(lcd_display@i)
   788  0697  3000               	movlw	high(0)
   789  0698  00F8               	movwf	((lcd_display@i))+1
   790  0699  2EAD               	goto	l571
   791                           	line	47
   792                           	
   793  069A                     l572:	
   794                           	line	48
   795                           	
   796  069A                     l1819:	
   797                           ;gsm data transmit.c: 47: {
   798                           ;gsm data transmit.c: 48: lcd_data(m[i]);
   799  069A  0877               	movf	(lcd_display@i),w
   800  069B  0779               	addwf	(lcd_display@m),w
   801  069C  0084               	movwf	fsr0
   802  069D  120A  118A  2003   	fcall	stringdir
              120A  118A         
   803  06A2  120A  118A  2723   	fcall	_lcd_data
              120A  118A         
   804                           	line	46
   805                           	
   806  06A7                     l1821:	
   807  06A7  3001               	movlw	low(01h)
   808  06A8  07F7               	addwf	(lcd_display@i),f
   809  06A9  1803               	skipnc
   810  06AA  0AF8               	incf	(lcd_display@i+1),f
   811  06AB  3000               	movlw	high(01h)
   812  06AC  07F8               	addwf	(lcd_display@i+1),f
   813                           	
   814  06AD                     l571:	
   815                           	
   816  06AD                     l1823:	
   817  06AD  0877               	movf	(lcd_display@i),w
   818  06AE  0779               	addwf	(lcd_display@m),w
   819  06AF  0084               	movwf	fsr0
   820  06B0  120A  118A  2003   	fcall	stringdir
              120A  118A         
   821  06B5  3800               	iorlw	0
   822  06B6  1D03               	skipz
   823  06B7  2EB9               	goto	u2181
   824  06B8  2EBA               	goto	u2180
   825  06B9                     u2181:
   826  06B9  2E9A               	goto	l572
   827  06BA                     u2180:
   828                           	
   829  06BA                     l573:	
   830                           	line	50
   831                           	
   832  06BA                     l574:	
   833  06BA  0008               	return
   834                           	opt stack 0
   835                           GLOBAL	__end_of_lcd_display
   836  06BB                     	__end_of_lcd_display:
   837 ;; =============== function _lcd_display ends ============
   838                           
   839                           	signat	_lcd_display,4216
   840                           	global	_serial
   841                           psect	text105,local,class=CODE,delta=2
   842                           global __ptext105
   843  06BB                     __ptext105:
   844                           
   845 ;; *************** function _serial *****************
   846 ;; Defined at:
   847 ;;		line 63 in file "E:\Embedded_Program\pic task\pic task\serial communication\gsm\gsm data transmit\gsm data transmit.
       c"
   848 ;; Parameters:    Size  Location     Type
   849 ;;  a               1    wreg     PTR unsigned char 
   850 ;;		 -> STR_5(21), STR_4(19), STR_3(10), STR_2(3), 
   851 ;; Auto vars:     Size  Location     Type
   852 ;;  a               1    4[COMMON] PTR unsigned char 
   853 ;;		 -> STR_5(21), STR_4(19), STR_3(10), STR_2(3), 
   854 ;;  i               2    2[COMMON] int 
   855 ;; Return value:  Size  Location     Type
   856 ;;		None               void
   857 ;; Registers used:
   858 ;;		wreg, fsr0l, fsr0h, status,2, status,0, pclath, cstack
   859 ;; Tracked objects:
   860 ;;		On entry : 0/0
   861 ;;		On exit  : 0/0
   862 ;;		Unchanged: 0/0
   863 ;; Data sizes:     COMMON   BANK0   BANK1   BANK3   BANK2
   864 ;;      Params:         0       0       0       0       0
   865 ;;      Locals:         3       0       0       0       0
   866 ;;      Temps:          0       0       0       0       0
   867 ;;      Totals:         3       0       0       0       0
   868 ;;Total ram usage:        3 bytes
   869 ;; Hardware stack levels used:    1
   870 ;; Hardware stack levels required when called:    1
   871 ;; This function calls:
   872 ;;		_delay
   873 ;; This function is called by:
   874 ;;		_main
   875 ;; This function uses a non-reentrant model
   876 ;;
   877                           psect	text105
   878                           	file	"E:\Embedded_Program\pic task\pic task\serial communication\gsm\gsm data transmit\
                                 gsm data transmit.c"
   879                           	line	63
   880                           	global	__size_of_serial
   881  0032                     	__size_of_serial	equ	__end_of_serial-_serial
   882                           	
   883  06BB                     _serial:	
   884                           	opt	stack 7
   885                           ; Regs used in _serial: [wreg-fsr0h+status,2+status,0+pclath+cstack]
   886                           ;serial@a stored from wreg
   887  06BB  00F4               	movwf	(serial@a)
   888                           	line	64
   889                           	
   890  06BC                     l1805:	
   891                           ;gsm data transmit.c: 64: for(int i=0;a[i]!=0;i++)
   892  06BC  3000               	movlw	low(0)
   893  06BD  00F2               	movwf	(serial@i)
   894  06BE  3000               	movlw	high(0)
   895  06BF  00F3               	movwf	((serial@i))+1
   896  06C0  2EDB               	goto	l580
   897                           	line	65
   898                           	
   899  06C1                     l581:	
   900                           	line	66
   901                           	
   902  06C1                     l1807:	
   903                           ;gsm data transmit.c: 65: {
   904                           ;gsm data transmit.c: 66: TXREG=a[i];
   905  06C1  0872               	movf	(serial@i),w
   906  06C2  0774               	addwf	(serial@a),w
   907  06C3  0084               	movwf	fsr0
   908  06C4  120A  118A  2003   	fcall	stringdir
              120A  118A         
   909  06C9  1283               	bcf	status, 5	;RP0=0, select bank0
   910  06CA  1303               	bcf	status, 6	;RP1=0, select bank0
   911  06CB  0099               	movwf	(25)	;volatile
   912                           	line	67
   913                           	
   914  06CC                     l1809:	
   915                           ;gsm data transmit.c: 67: delay(20000);
   916  06CC  3020               	movlw	low(04E20h)
   917  06CD  00F0               	movwf	(?_delay)
   918  06CE  304E               	movlw	high(04E20h)
   919  06CF  00F1               	movwf	((?_delay))+1
   920  06D0  120A  118A  265D   	fcall	_delay
              120A  118A         
   921                           	line	64
   922                           	
   923  06D5                     l1811:	
   924  06D5  3001               	movlw	low(01h)
   925  06D6  07F2               	addwf	(serial@i),f
   926  06D7  1803               	skipnc
   927  06D8  0AF3               	incf	(serial@i+1),f
   928  06D9  3000               	movlw	high(01h)
   929  06DA  07F3               	addwf	(serial@i+1),f
   930                           	
   931  06DB                     l580:	
   932                           	
   933  06DB                     l1813:	
   934  06DB  0872               	movf	(serial@i),w
   935  06DC  0774               	addwf	(serial@a),w
   936  06DD  0084               	movwf	fsr0
   937  06DE  120A  118A  2003   	fcall	stringdir
              120A  118A         
   938  06E3  3800               	iorlw	0
   939  06E4  1D03               	skipz
   940  06E5  2EE7               	goto	u2171
   941  06E6  2EE8               	goto	u2170
   942  06E7                     u2171:
   943  06E7  2EC1               	goto	l581
   944  06E8                     u2170:
   945                           	
   946  06E8                     l582:	
   947                           	line	69
   948                           	
   949  06E8                     l1815:	
   950                           ;gsm data transmit.c: 68: }
   951                           ;gsm data transmit.c: 69: TXREG=0X1D;
   952  06E8  301D               	movlw	(01Dh)
   953  06E9  1283               	bcf	status, 5	;RP0=0, select bank0
   954  06EA  1303               	bcf	status, 6	;RP1=0, select bank0
   955  06EB  0099               	movwf	(25)	;volatile
   956                           	line	70
   957                           	
   958  06EC                     l583:	
   959  06EC  0008               	return
   960                           	opt stack 0
   961                           GLOBAL	__end_of_serial
   962  06ED                     	__end_of_serial:
   963 ;; =============== function _serial ends ============
   964                           
   965                           	signat	_serial,4216
   966                           	global	_lcd_data
   967                           psect	text106,local,class=CODE,delta=2
   968                           global __ptext106
   969  0723                     __ptext106:
   970                           
   971 ;; *************** function _lcd_data *****************
   972 ;; Defined at:
   973 ;;		line 29 in file "E:\Embedded_Program\pic task\pic task\serial communication\gsm\gsm data transmit\gsm data transmit.
       c"
   974 ;; Parameters:    Size  Location     Type
   975 ;;  dat             1    wreg     unsigned char 
   976 ;; Auto vars:     Size  Location     Type
   977 ;;  dat             1    6[COMMON] unsigned char 
   978 ;;  temp            2    4[COMMON] int 
   979 ;; Return value:  Size  Location     Type
   980 ;;		None               void
   981 ;; Registers used:
   982 ;;		wreg, status,2, status,0, btemp+0, pclath, cstack
   983 ;; Tracked objects:
   984 ;;		On entry : 0/0
   985 ;;		On exit  : 0/0
   986 ;;		Unchanged: 0/0
   987 ;; Data sizes:     COMMON   BANK0   BANK1   BANK3   BANK2
   988 ;;      Params:         0       0       0       0       0
   989 ;;      Locals:         3       0       0       0       0
   990 ;;      Temps:          2       0       0       0       0
   991 ;;      Totals:         5       0       0       0       0
   992 ;;Total ram usage:        5 bytes
   993 ;; Hardware stack levels used:    1
   994 ;; Hardware stack levels required when called:    1
   995 ;; This function calls:
   996 ;;		_delay
   997 ;; This function is called by:
   998 ;;		_lcd_display
   999 ;; This function uses a non-reentrant model
  1000 ;;
  1001                           psect	text106
  1002                           	file	"E:\Embedded_Program\pic task\pic task\serial communication\gsm\gsm data transmit\
                                 gsm data transmit.c"
  1003                           	line	29
  1004                           	global	__size_of_lcd_data
  1005  0036                     	__size_of_lcd_data	equ	__end_of_lcd_data-_lcd_data
  1006                           	
  1007  0723                     _lcd_data:	
  1008                           	opt	stack 6
  1009                           ; Regs used in _lcd_data: [wreg+status,2-btemp+0+pclath+cstack]
  1010                           ;lcd_data@dat stored from wreg
  1011  0723  00F6               	movwf	(lcd_data@dat)
  1012                           	line	30
  1013                           	
  1014  0724                     l1779:	
  1015                           ;gsm data transmit.c: 30: PORTD=(dat&0xf0);
  1016  0724  0876               	movf	(lcd_data@dat),w
  1017  0725  39F0               	andlw	0F0h
  1018  0726  1283               	bcf	status, 5	;RP0=0, select bank0
  1019  0727  1303               	bcf	status, 6	;RP1=0, select bank0
  1020  0728  0088               	movwf	(8)	;volatile
  1021                           	line	31
  1022                           	
  1023  0729                     l1781:	
  1024                           ;gsm data transmit.c: 31: RD1=1;
  1025  0729  1488               	bsf	(65/8),(65)&7
  1026                           	line	32
  1027                           	
  1028  072A                     l1783:	
  1029                           ;gsm data transmit.c: 32: RD2=0;
  1030  072A  1108               	bcf	(66/8),(66)&7
  1031                           	line	33
  1032                           	
  1033  072B                     l1785:	
  1034                           ;gsm data transmit.c: 33: RD3=1;
  1035  072B  1588               	bsf	(67/8),(67)&7
  1036                           	line	34
  1037                           	
  1038  072C                     l1787:	
  1039                           ;gsm data transmit.c: 34: delay(200);
  1040  072C  30C8               	movlw	low(0C8h)
  1041  072D  00F0               	movwf	(?_delay)
  1042  072E  3000               	movlw	high(0C8h)
  1043  072F  00F1               	movwf	((?_delay))+1
  1044  0730  120A  118A  265D   	fcall	_delay
              120A  118A         
  1045                           	line	35
  1046                           	
  1047  0735                     l1789:	
  1048                           ;gsm data transmit.c: 35: RD3=0;
  1049  0735  1283               	bcf	status, 5	;RP0=0, select bank0
  1050  0736  1303               	bcf	status, 6	;RP1=0, select bank0
  1051  0737  1188               	bcf	(67/8),(67)&7
  1052                           	line	36
  1053                           	
  1054  0738                     l1791:	
  1055                           ;gsm data transmit.c: 36: int temp=dat<<4;
  1056  0738  0876               	movf	(lcd_data@dat),w
  1057  0739  00F2               	movwf	(??_lcd_data+0)+0
  1058  073A  01F3               	clrf	(??_lcd_data+0)+0+1
  1059  073B  3004               	movlw	04h
  1060  073C  00FE               	movwf	btemp+0
  1061  073D                     u2165:
  1062  073D  1003               	clrc
  1063  073E  0DF2               	rlf	(??_lcd_data+0)+0,f
  1064  073F  0DF3               	rlf	(??_lcd_data+0)+1,f
  1065  0740  0BFE               	decfsz	btemp+0,f
  1066  0741  2F3D               	goto	u2165
  1067  0742  0872               	movf	0+(??_lcd_data+0)+0,w
  1068  0743  00F4               	movwf	(lcd_data@temp)
  1069  0744  0873               	movf	1+(??_lcd_data+0)+0,w
  1070  0745  00F5               	movwf	(lcd_data@temp+1)
  1071                           	line	37
  1072                           	
  1073  0746                     l1793:	
  1074                           ;gsm data transmit.c: 37: PORTD=(temp&0xf0);
  1075  0746  0874               	movf	(lcd_data@temp),w
  1076  0747  39F0               	andlw	0F0h
  1077  0748  0088               	movwf	(8)	;volatile
  1078                           	line	38
  1079                           	
  1080  0749                     l1795:	
  1081                           ;gsm data transmit.c: 38: RD1=1;
  1082  0749  1488               	bsf	(65/8),(65)&7
  1083                           	line	39
  1084                           	
  1085  074A                     l1797:	
  1086                           ;gsm data transmit.c: 39: RD2=0;
  1087  074A  1108               	bcf	(66/8),(66)&7
  1088                           	line	40
  1089                           	
  1090  074B                     l1799:	
  1091                           ;gsm data transmit.c: 40: RD3=1;
  1092  074B  1588               	bsf	(67/8),(67)&7
  1093                           	line	41
  1094                           	
  1095  074C                     l1801:	
  1096                           ;gsm data transmit.c: 41: delay(200);
  1097  074C  30C8               	movlw	low(0C8h)
  1098  074D  00F0               	movwf	(?_delay)
  1099  074E  3000               	movlw	high(0C8h)
  1100  074F  00F1               	movwf	((?_delay))+1
  1101  0750  120A  118A  265D   	fcall	_delay
              120A  118A         
  1102                           	line	42
  1103                           	
  1104  0755                     l1803:	
  1105                           ;gsm data transmit.c: 42: RD3=0;
  1106  0755  1283               	bcf	status, 5	;RP0=0, select bank0
  1107  0756  1303               	bcf	status, 6	;RP1=0, select bank0
  1108  0757  1188               	bcf	(67/8),(67)&7
  1109                           	line	43
  1110                           	
  1111  0758                     l568:	
  1112  0758  0008               	return
  1113                           	opt stack 0
  1114                           GLOBAL	__end_of_lcd_data
  1115  0759                     	__end_of_lcd_data:
  1116 ;; =============== function _lcd_data ends ============
  1117                           
  1118                           	signat	_lcd_data,4216
  1119                           	global	_lcd_command
  1120                           psect	text107,local,class=CODE,delta=2
  1121                           global __ptext107
  1122  06ED                     __ptext107:
  1123                           
  1124 ;; *************** function _lcd_command *****************
  1125 ;; Defined at:
  1126 ;;		line 13 in file "E:\Embedded_Program\pic task\pic task\serial communication\gsm\gsm data transmit\gsm data transmit.
       c"
  1127 ;; Parameters:    Size  Location     Type
  1128 ;;  com             1    wreg     unsigned char 
  1129 ;; Auto vars:     Size  Location     Type
  1130 ;;  com             1    6[COMMON] unsigned char 
  1131 ;;  temp            2    4[COMMON] int 
  1132 ;; Return value:  Size  Location     Type
  1133 ;;		None               void
  1134 ;; Registers used:
  1135 ;;		wreg, status,2, status,0, btemp+0, pclath, cstack
  1136 ;; Tracked objects:
  1137 ;;		On entry : 0/0
  1138 ;;		On exit  : 0/0
  1139 ;;		Unchanged: 0/0
  1140 ;; Data sizes:     COMMON   BANK0   BANK1   BANK3   BANK2
  1141 ;;      Params:         0       0       0       0       0
  1142 ;;      Locals:         3       0       0       0       0
  1143 ;;      Temps:          2       0       0       0       0
  1144 ;;      Totals:         5       0       0       0       0
  1145 ;;Total ram usage:        5 bytes
  1146 ;; Hardware stack levels used:    1
  1147 ;; Hardware stack levels required when called:    1
  1148 ;; This function calls:
  1149 ;;		_delay
  1150 ;; This function is called by:
  1151 ;;		_lcd_init
  1152 ;;		_main
  1153 ;; This function uses a non-reentrant model
  1154 ;;
  1155                           psect	text107
  1156                           	file	"E:\Embedded_Program\pic task\pic task\serial communication\gsm\gsm data transmit\
                                 gsm data transmit.c"
  1157                           	line	13
  1158                           	global	__size_of_lcd_command
  1159  0036                     	__size_of_lcd_command	equ	__end_of_lcd_command-_lcd_command
  1160                           	
  1161  06ED                     _lcd_command:	
  1162                           	opt	stack 7
  1163                           ; Regs used in _lcd_command: [wreg+status,2-btemp+0+pclath+cstack]
  1164                           ;lcd_command@com stored from wreg
  1165  06ED  00F6               	movwf	(lcd_command@com)
  1166                           	line	14
  1167                           	
  1168  06EE                     l1753:	
  1169                           ;gsm data transmit.c: 14: PORTD=(com&0xf0);
  1170  06EE  0876               	movf	(lcd_command@com),w
  1171  06EF  39F0               	andlw	0F0h
  1172  06F0  1283               	bcf	status, 5	;RP0=0, select bank0
  1173  06F1  1303               	bcf	status, 6	;RP1=0, select bank0
  1174  06F2  0088               	movwf	(8)	;volatile
  1175                           	line	15
  1176                           	
  1177  06F3                     l1755:	
  1178                           ;gsm data transmit.c: 15: RD1=0;
  1179  06F3  1088               	bcf	(65/8),(65)&7
  1180                           	line	16
  1181                           	
  1182  06F4                     l1757:	
  1183                           ;gsm data transmit.c: 16: RD2=0;
  1184  06F4  1108               	bcf	(66/8),(66)&7
  1185                           	line	17
  1186                           	
  1187  06F5                     l1759:	
  1188                           ;gsm data transmit.c: 17: RD3=1;
  1189  06F5  1588               	bsf	(67/8),(67)&7
  1190                           	line	18
  1191                           	
  1192  06F6                     l1761:	
  1193                           ;gsm data transmit.c: 18: delay(200);
  1194  06F6  30C8               	movlw	low(0C8h)
  1195  06F7  00F0               	movwf	(?_delay)
  1196  06F8  3000               	movlw	high(0C8h)
  1197  06F9  00F1               	movwf	((?_delay))+1
  1198  06FA  120A  118A  265D   	fcall	_delay
              120A  118A         
  1199                           	line	19
  1200                           	
  1201  06FF                     l1763:	
  1202                           ;gsm data transmit.c: 19: RD3=0;
  1203  06FF  1283               	bcf	status, 5	;RP0=0, select bank0
  1204  0700  1303               	bcf	status, 6	;RP1=0, select bank0
  1205  0701  1188               	bcf	(67/8),(67)&7
  1206                           	line	20
  1207                           	
  1208  0702                     l1765:	
  1209                           ;gsm data transmit.c: 20: int temp=com<<4;
  1210  0702  0876               	movf	(lcd_command@com),w
  1211  0703  00F2               	movwf	(??_lcd_command+0)+0
  1212  0704  01F3               	clrf	(??_lcd_command+0)+0+1
  1213  0705  3004               	movlw	04h
  1214  0706  00FE               	movwf	btemp+0
  1215  0707                     u2155:
  1216  0707  1003               	clrc
  1217  0708  0DF2               	rlf	(??_lcd_command+0)+0,f
  1218  0709  0DF3               	rlf	(??_lcd_command+0)+1,f
  1219  070A  0BFE               	decfsz	btemp+0,f
  1220  070B  2F07               	goto	u2155
  1221  070C  0872               	movf	0+(??_lcd_command+0)+0,w
  1222  070D  00F4               	movwf	(lcd_command@temp)
  1223  070E  0873               	movf	1+(??_lcd_command+0)+0,w
  1224  070F  00F5               	movwf	(lcd_command@temp+1)
  1225                           	line	21
  1226                           	
  1227  0710                     l1767:	
  1228                           ;gsm data transmit.c: 21: PORTD=(temp&0xf0);
  1229  0710  0874               	movf	(lcd_command@temp),w
  1230  0711  39F0               	andlw	0F0h
  1231  0712  0088               	movwf	(8)	;volatile
  1232                           	line	22
  1233                           	
  1234  0713                     l1769:	
  1235                           ;gsm data transmit.c: 22: RD1=0;
  1236  0713  1088               	bcf	(65/8),(65)&7
  1237                           	line	23
  1238                           	
  1239  0714                     l1771:	
  1240                           ;gsm data transmit.c: 23: RD2=0;
  1241  0714  1108               	bcf	(66/8),(66)&7
  1242                           	line	24
  1243                           	
  1244  0715                     l1773:	
  1245                           ;gsm data transmit.c: 24: RD3=1;
  1246  0715  1588               	bsf	(67/8),(67)&7
  1247                           	line	25
  1248                           	
  1249  0716                     l1775:	
  1250                           ;gsm data transmit.c: 25: delay(200);
  1251  0716  30C8               	movlw	low(0C8h)
  1252  0717  00F0               	movwf	(?_delay)
  1253  0718  3000               	movlw	high(0C8h)
  1254  0719  00F1               	movwf	((?_delay))+1
  1255  071A  120A  118A  265D   	fcall	_delay
              120A  118A         
  1256                           	line	26
  1257                           	
  1258  071F                     l1777:	
  1259                           ;gsm data transmit.c: 26: RD3=0;
  1260  071F  1283               	bcf	status, 5	;RP0=0, select bank0
  1261  0720  1303               	bcf	status, 6	;RP1=0, select bank0
  1262  0721  1188               	bcf	(67/8),(67)&7
  1263                           	line	27
  1264                           	
  1265  0722                     l565:	
  1266  0722  0008               	return
  1267                           	opt stack 0
  1268                           GLOBAL	__end_of_lcd_command
  1269  0723                     	__end_of_lcd_command:
  1270 ;; =============== function _lcd_command ends ============
  1271                           
  1272                           	signat	_lcd_command,4216
  1273                           	global	_delay
  1274                           psect	text108,local,class=CODE,delta=2
  1275                           global __ptext108
  1276  065D                     __ptext108:
  1277                           
  1278 ;; *************** function _delay *****************
  1279 ;; Defined at:
  1280 ;;		line 8 in file "E:\Embedded_Program\pic task\pic task\serial communication\gsm\gsm data transmit\gsm data transmit.c
       "
  1281 ;; Parameters:    Size  Location     Type
  1282 ;;  x               2    0[COMMON] unsigned int 
  1283 ;; Auto vars:     Size  Location     Type
  1284 ;;		None
  1285 ;; Return value:  Size  Location     Type
  1286 ;;		None               void
  1287 ;; Registers used:
  1288 ;;		wreg
  1289 ;; Tracked objects:
  1290 ;;		On entry : 0/0
  1291 ;;		On exit  : 0/0
  1292 ;;		Unchanged: 0/0
  1293 ;; Data sizes:     COMMON   BANK0   BANK1   BANK3   BANK2
  1294 ;;      Params:         2       0       0       0       0
  1295 ;;      Locals:         0       0       0       0       0
  1296 ;;      Temps:          0       0       0       0       0
  1297 ;;      Totals:         2       0       0       0       0
  1298 ;;Total ram usage:        2 bytes
  1299 ;; Hardware stack levels used:    1
  1300 ;; This function calls:
  1301 ;;		Nothing
  1302 ;; This function is called by:
  1303 ;;		_lcd_command
  1304 ;;		_lcd_data
  1305 ;;		_serial
  1306 ;;		_main
  1307 ;; This function uses a non-reentrant model
  1308 ;;
  1309                           psect	text108
  1310                           	file	"E:\Embedded_Program\pic task\pic task\serial communication\gsm\gsm data transmit\
                                 gsm data transmit.c"
  1311                           	line	8
  1312                           	global	__size_of_delay
  1313  0012                     	__size_of_delay	equ	__end_of_delay-_delay
  1314                           	
  1315  065D                     _delay:	
  1316                           	opt	stack 6
  1317                           ; Regs used in _delay: [wreg]
  1318                           	line	9
  1319                           	
  1320  065D                     l963:	
  1321                           ;gsm data transmit.c: 9: while(x--);
  1322  065D  2E5E               	goto	l559
  1323                           	
  1324  065E                     l560:	
  1325                           	
  1326  065E                     l559:	
  1327                           	
  1328  065E                     l965:	
  1329  065E  3001               	movlw	low(01h)
  1330  065F  02F0               	subwf	(delay@x),f
  1331  0660  3000               	movlw	high(01h)
  1332  0661  1C03               	skipc
  1333  0662  03F1               	decf	(delay@x+1),f
  1334  0663  02F1               	subwf	(delay@x+1),f
  1335  0664  30FF               	movlw	high(0FFFFh)
  1336  0665  0671               	xorwf	((delay@x+1)),w
  1337  0666  1D03               	skipz
  1338  0667  2E6A               	goto	u15
  1339  0668  30FF               	movlw	low(0FFFFh)
  1340  0669  0670               	xorwf	((delay@x)),w
  1341  066A                     u15:
  1342                           
  1343  066A  1D03               	skipz
  1344  066B  2E6D               	goto	u11
  1345  066C  2E6E               	goto	u10
  1346  066D                     u11:
  1347  066D  2E5E               	goto	l560
  1348  066E                     u10:
  1349                           	
  1350  066E                     l561:	
  1351                           	line	10
  1352                           	
  1353  066E                     l562:	
  1354  066E  0008               	return
  1355                           	opt stack 0
  1356                           GLOBAL	__end_of_delay
  1357  066F                     	__end_of_delay:
  1358 ;; =============== function _delay ends ============
  1359                           
  1360                           	signat	_delay,4216
  1361                           psect	text109,local,class=CODE,delta=2
  1362                           global __ptext109
  1363  0000                     __ptext109:
  1364                           	global	btemp
  1365  007E                     	btemp set 07Eh
  1366                           
  1367                           	DABS	1,126,2	;btemp
  1368                           	global	wtemp0
  1369  007E                     	wtemp0 set btemp


HI-TECH Software PICC Macro Assembler V9.71a build 6446 
Symbol Table                                                                                   Mon Feb 16 11:12:05 2026

         lcd_data@dat 0076                     pc 0002          lcd_data@temp 0074                    u10 066E  
                  u11 066D                    u15 066A                    fsr 0004                   l560 065E  
                 l561 066E                   l562 066E                   l571 06AD                   l580 06DB  
                 l572 069A                   l565 0722                   l581 06C1                   l573 06BA  
                 l582 06E8                   l574 06BA                   l590 07FD                   l559 065E  
                 l583 06EC                   l568 0758                   l577 0693                   l586 0794  
                 l587 07FC                   l588 07FC                   l589 07FD                   l963 065D  
                 l965 065E                   _RB0 0030                   _RD1 0041                   _RD2 0042  
                 _RD3 0043                   fsr0 0004          lcd_display@i 0077          lcd_display@m 0079  
                l1801 074C                  l1803 0755                  l1811 06D5                  l1813 06DB  
                l1805 06BC                  l1821 06A7                  l1815 06E8                  l1807 06C1  
                l1823 06AD                  l1831 0769                  l1761 06F6                  l1753 06EE  
                l1809 06CC                  l1817 0695                  l1825 066F                  l1841 0785  
                l1833 076D                  l1771 0714                  l1763 06FF                  l1755 06F3  
                l1819 069A                  l1851 07A9                  l1843 078B                  l1835 0771  
                l1827 0759                  l1773 0715                  l1765 0702                  l1757 06F4  
                l1781 0729                  l1861 07CF                  l1853 07AD                  l1845 0794  
                l1837 0776                  l1829 0765                  l1775 0716                  l1767 0710  
                l1759 06F5                  l1791 0738                  l1783 072A                  l1871 07EF  
                l1863 07D3                  l1855 07B6                  l1847 079A                  l1839 077F  
                l1777 071F                  l1769 0713                  l1793 0746                  l1785 072B  
                l1865 07DC                  l1857 07C0                  l1849 07A0                  l1795 0749  
                l1787 072C                  l1779 0724                  l1867 07E0                  l1859 07C9  
                l1797 074A                  l1789 0735                  l1869 07E6                  l1799 074B  
                STR_1 003B                  STR_2 0043                  STR_3 0031                  STR_4 001E  
                STR_5 0009                  u2170 06E8                  u2155 0707                  u2171 06E7  
                u2180 06BA                  u2165 073D                  u2181 06B9                  u2190 079A  
                u2191 0799                  _main 0759                  btemp 007E                  start 0000  
               ?_main 0070                 _RCSTA 0018                 _SPBRG 0099                 _PORTC 0007  
               _PORTD 0008                 _TRISC 0087                 _TRISD 0088                 _TXREG 0019  
               _TXSTA 0098                 _delay 065D                 pclath 000A                 status 0003  
               wtemp0 007E          __end_of_main 0800                ??_main 007A        lcd_command@com 0076  
              ?_delay 0070      __end_of_lcd_data 0759      __end_of_lcd_init 0694  __size_of_lcd_command 0036  
__size_of_lcd_display 0027                delay@x 0070                _serial 06BB        __pcstackCOMMON 0070  
       __end_of_delay 066F               ??_delay 0072       lcd_command@temp 0074            __pmaintext 0759  
             ?_serial 0070             ?_lcd_data 0070             ?_lcd_init 0070       __size_of_serial 0032  
          ??_lcd_data 0072            ??_lcd_init 0077  end_of_initialization 0659               serial@a 0074  
             serial@i 0072         ??_lcd_command 0072         ??_lcd_display 0077        __end_of_serial 06ED  
 start_initialization 0659   __end_of_lcd_command 0723   __end_of_lcd_display 06BB              ??_serial 0072  
   __size_of_lcd_data 0036     __size_of_lcd_init 0025             __ptext102 0000             __ptext103 066F  
           __ptext104 0694             __ptext105 06BB             __ptext106 0723             __ptext107 06ED  
           __ptext108 065D             __ptext109 0000             __pstrings 0003        __size_of_delay 0012  
         _lcd_command 06ED           _lcd_display 0694           __stringbase 0008              _lcd_data 0723  
            _lcd_init 066F         __size_of_main 00A7             stringcode 0003              stringdir 0003  
            stringtab 0003          ?_lcd_command 0070          ?_lcd_display 0070  
