

HI-TECH Software PIC LITE Macro Assembler V9.71a build 6446 
                                                                                               Fri Feb 02 14:00:42 2024

HI-TECH Software Omniscient Code Generator (Lite mode) build 6446
     1  0000                     opt subtitle "HI-TECH Software Omniscient Code Generator (Lite mode) build 6446"
     2                           
     3                           opt pagewidth 120
     4                           
     5                           	opt lm
     6                           
     7                           	processor	16F877A
     8                           clrc	macro
     9                           	bcf	3,0
    10  0000                     	endm
    11                           clrz	macro
    12                           	bcf	3,2
    13  0000                     	endm
    14                           setc	macro
    15                           	bsf	3,0
    16  0000                     	endm
    17                           setz	macro
    18                           	bsf	3,2
    19  0000                     	endm
    20                           skipc	macro
    21                           	btfss	3,0
    22  0000                     	endm
    23                           skipz	macro
    24                           	btfss	3,2
    25  0000                     	endm
    26                           skipnc	macro
    27                           	btfsc	3,0
    28  0000                     	endm
    29                           skipnz	macro
    30                           	btfsc	3,2
    31  0000                     	endm
    32  0000                     indf	equ	0
    33  0000                     indf0	equ	0
    34  0002                     pc	equ	2
    35  0002                     pcl	equ	2
    36  0003                     status	equ	3
    37  0004                     fsr	equ	4
    38  0004                     fsr0	equ	4
    39  0001                     c	equ	1
    40  0000                     z	equ	0
    41  000A                     pclath	equ	10
    42                           # 2 "E:\Madhu\madhu pic folder\pic task\lcd dispaly\lcd data w\lcd data w.c"
    43                           	psect config,class=CONFIG,delta=2 ;#
    44                           # 2 "E:\Madhu\madhu pic folder\pic task\lcd dispaly\lcd data w\lcd data w.c"
    45  2007  3F72               	dw 0X3F72 ;#
    46                           	FNCALL	_main,_lcd_init
    47                           	FNCALL	_main,_delay
    48                           	FNCALL	_main,_lcd_command
    49                           	FNCALL	_main,_lcd_data
    50                           	FNCALL	_lcd_init,_lcd_command
    51                           	FNCALL	_lcd_data,_delay
    52                           	FNCALL	_lcd_command,_delay
    53                           	FNROOT	_main
    54                           	global	_PORTC
    55                           psect	text84,local,class=CODE,delta=2
    56                           global __ptext84
    57  0000                     __ptext84:
    58  0007                     _PORTC	set	7
    59                           	global	_PORTD
    60  0008                     _PORTD	set	8
    61                           	global	_RC0
    62  0038                     _RC0	set	56
    63                           	global	_RC1
    64  0039                     _RC1	set	57
    65                           	global	_RC2
    66  003A                     _RC2	set	58
    67                           	global	_TRISC
    68  0087                     _TRISC	set	135
    69                           	global	_TRISD
    70  0088                     _TRISD	set	136
    71                           	file	"lcd data w.as"
    72                           	line	#
    73                           psect cinit,class=CODE,delta=2
    74                           global start_initialization
    75  0784                     start_initialization:
    76                           
    77                           psect cinit,class=CODE,delta=2
    78                           global end_of_initialization
    79                           
    80                           ;End of C runtime variable initialization code
    81                           
    82  0784                     end_of_initialization:
    83  0784  0183               clrf status
    84  0785  120A  118A  2FD7   ljmp _main	;jump to C main() function
    85                           psect	cstackCOMMON,class=COMMON,space=1
    86                           global __pcstackCOMMON
    87  0070                     __pcstackCOMMON:
    88                           	global	?_delay
    89  0070                     ?_delay:	; 0 bytes @ 0x0
    90                           	global	?_lcd_command
    91  0070                     ?_lcd_command:	; 0 bytes @ 0x0
    92                           	global	?_lcd_init
    93  0070                     ?_lcd_init:	; 0 bytes @ 0x0
    94                           	global	?_lcd_data
    95  0070                     ?_lcd_data:	; 0 bytes @ 0x0
    96                           	global	?_main
    97  0070                     ?_main:	; 0 bytes @ 0x0
    98                           	global	delay@x
    99  0070                     delay@x:	; 2 bytes @ 0x0
   100  0070                     	ds	2
   101                           	global	??_delay
   102  0072                     ??_delay:	; 0 bytes @ 0x2
   103                           	global	??_lcd_command
   104  0072                     ??_lcd_command:	; 0 bytes @ 0x2
   105                           	global	??_lcd_data
   106  0072                     ??_lcd_data:	; 0 bytes @ 0x2
   107                           	global	lcd_command@com
   108  0072                     lcd_command@com:	; 1 bytes @ 0x2
   109                           	global	lcd_data@data
   110  0072                     lcd_data@data:	; 1 bytes @ 0x2
   111  0072                     	ds	1
   112                           	global	??_lcd_init
   113  0073                     ??_lcd_init:	; 0 bytes @ 0x3
   114                           	global	??_main
   115  0073                     ??_main:	; 0 bytes @ 0x3
   116 ;;Data sizes: Strings 0, constant 0, data 0, bss 0, persistent 0 stack 0
   117 ;;Auto spaces:   Size  Autos    Used
   118 ;; COMMON          14      3       3
   119 ;; BANK0           80      0       0
   120 ;; BANK1           80      0       0
   121 ;; BANK3           96      0       0
   122 ;; BANK2           96      0       0
   123                           
   124 ;;
   125 ;; Pointer list with targets:
   126                           
   127                           
   128                           
   129 ;;
   130 ;; Critical Paths under _main in COMMON
   131 ;;
   132 ;;   _main->_lcd_command
   133 ;;   _main->_lcd_data
   134 ;;   _lcd_init->_lcd_command
   135 ;;   _lcd_data->_delay
   136 ;;   _lcd_command->_delay
   137 ;;
   138 ;; Critical Paths under _main in BANK0
   139 ;;
   140 ;;   None.
   141 ;;
   142 ;; Critical Paths under _main in BANK1
   143 ;;
   144 ;;   None.
   145 ;;
   146 ;; Critical Paths under _main in BANK3
   147 ;;
   148 ;;   None.
   149 ;;
   150 ;; Critical Paths under _main in BANK2
   151 ;;
   152 ;;   None.
   153                           
   154 ;;
   155 ;;Main: autosize = 0, tempsize = 0, incstack = 0, save=0
   156 ;;
   157                           
   158 ;;
   159 ;;Call Graph Tables:
   160 ;;
   161 ;; ---------------------------------------------------------------------------------
   162 ;; (Depth) Function   	        Calls       Base Space   Used Autos Params    Refs
   163 ;; ---------------------------------------------------------------------------------
   164 ;; (0) _main                                                 0     0      0     105
   165 ;;                           _lcd_init
   166 ;;                              _delay
   167 ;;                        _lcd_command
   168 ;;                           _lcd_data
   169 ;; ---------------------------------------------------------------------------------
   170 ;; (1) _lcd_init                                             0     0      0      30
   171 ;;                        _lcd_command
   172 ;; ---------------------------------------------------------------------------------
   173 ;; (1) _lcd_data                                             1     1      0      30
   174 ;;                                              2 COMMON     1     1      0
   175 ;;                              _delay
   176 ;; ---------------------------------------------------------------------------------
   177 ;; (1) _lcd_command                                          1     1      0      30
   178 ;;                                              2 COMMON     1     1      0
   179 ;;                              _delay
   180 ;; ---------------------------------------------------------------------------------
   181 ;; (2) _delay                                                2     0      2      15
   182 ;;                                              0 COMMON     2     0      2
   183 ;; ---------------------------------------------------------------------------------
   184 ;; Estimated maximum stack depth 2
   185 ;; ---------------------------------------------------------------------------------
   186                           
   187 ;; Call Graph Graphs:
   188                           
   189 ;; _main (ROOT)
   190 ;;   _lcd_init
   191 ;;     _lcd_command
   192 ;;       _delay
   193 ;;   _delay
   194 ;;   _lcd_command
   195 ;;     _delay
   196 ;;   _lcd_data
   197 ;;     _delay
   198 ;;
   199                           
   200 ;; Address spaces:
   201                           
   202 ;;Name               Size   Autos  Total    Cost      Usage
   203 ;;BITCOMMON            E      0       0       0        0.0%
   204 ;;EEDATA             100      0       0       0        0.0%
   205 ;;NULL                 0      0       0       0        0.0%
   206 ;;CODE                 0      0       0       0        0.0%
   207 ;;COMMON               E      3       3       1       21.4%
   208 ;;BITSFR0              0      0       0       1        0.0%
   209 ;;SFR0                 0      0       0       1        0.0%
   210 ;;BITSFR1              0      0       0       2        0.0%
   211 ;;SFR1                 0      0       0       2        0.0%
   212 ;;STACK                0      0       3       2        0.0%
   213 ;;ABS                  0      0       0       3        0.0%
   214 ;;BITBANK0            50      0       0       4        0.0%
   215 ;;BITSFR3              0      0       0       4        0.0%
   216 ;;SFR3                 0      0       0       4        0.0%
   217 ;;BANK0               50      0       0       5        0.0%
   218 ;;BITSFR2              0      0       0       5        0.0%
   219 ;;SFR2                 0      0       0       5        0.0%
   220 ;;BITBANK1            50      0       0       6        0.0%
   221 ;;BANK1               50      0       0       7        0.0%
   222 ;;BITBANK3            60      0       0       8        0.0%
   223 ;;BANK3               60      0       0       9        0.0%
   224 ;;BITBANK2            60      0       0      10        0.0%
   225 ;;BANK2               60      0       0      11        0.0%
   226 ;;DATA                 0      0       0      12        0.0%
   227                           
   228                           	global	_main
   229                           psect	maintext,global,class=CODE,delta=2
   230                           global __pmaintext
   231  07D7                     __pmaintext:
   232                           
   233 ;; *************** function _main *****************
   234 ;; Defined at:
   235 ;;		line 36 in file "E:\Madhu\madhu pic folder\pic task\lcd dispaly\lcd data w\lcd data w.c"
   236 ;; Parameters:    Size  Location     Type
   237 ;;		None
   238 ;; Auto vars:     Size  Location     Type
   239 ;;		None
   240 ;; Return value:  Size  Location     Type
   241 ;;		None               void
   242 ;; Registers used:
   243 ;;		wreg, status,2, status,0, pclath, cstack
   244 ;; Tracked objects:
   245 ;;		On entry : 17F/0
   246 ;;		On exit  : 0/0
   247 ;;		Unchanged: 0/0
   248 ;; Data sizes:     COMMON   BANK0   BANK1   BANK3   BANK2
   249 ;;      Params:         0       0       0       0       0
   250 ;;      Locals:         0       0       0       0       0
   251 ;;      Temps:          0       0       0       0       0
   252 ;;      Totals:         0       0       0       0       0
   253 ;;Total ram usage:        0 bytes
   254 ;; Hardware stack levels required when called:    3
   255 ;; This function calls:
   256 ;;		_lcd_init
   257 ;;		_delay
   258 ;;		_lcd_command
   259 ;;		_lcd_data
   260 ;; This function is called by:
   261 ;;		Startup code after reset
   262 ;; This function uses a non-reentrant model
   263 ;;
   264                           psect	maintext
   265                           	file	"E:\Madhu\madhu pic folder\pic task\lcd dispaly\lcd data w\lcd data w.c"
   266                           	line	36
   267                           	global	__size_of_main
   268  0029                     	__size_of_main	equ	__end_of_main-_main
   269                           	
   270  07D7                     _main:	
   271                           	opt	stack 8
   272                           ; Regs used in _main: [wreg+status,2+status,0+pclath+cstack]
   273                           	line	37
   274                           	
   275  07D7                     l1759:	
   276                           ;lcd data w.c: 37: TRISD=0x00;
   277  07D7  1683               	bsf	status, 5	;RP0=1, select bank1
   278  07D8  1303               	bcf	status, 6	;RP1=0, select bank1
   279  07D9  0188               	clrf	(136)^080h	;volatile
   280                           	line	38
   281                           ;lcd data w.c: 38: PORTD=0x00;
   282  07DA  1283               	bcf	status, 5	;RP0=0, select bank0
   283  07DB  1303               	bcf	status, 6	;RP1=0, select bank0
   284  07DC  0188               	clrf	(8)	;volatile
   285                           	line	40
   286                           ;lcd data w.c: 40: TRISC=0x00;
   287  07DD  1683               	bsf	status, 5	;RP0=1, select bank1
   288  07DE  1303               	bcf	status, 6	;RP1=0, select bank1
   289  07DF  0187               	clrf	(135)^080h	;volatile
   290                           	line	41
   291                           ;lcd data w.c: 41: PORTC=0x00;
   292  07E0  1283               	bcf	status, 5	;RP0=0, select bank0
   293  07E1  1303               	bcf	status, 6	;RP1=0, select bank0
   294  07E2  0187               	clrf	(7)	;volatile
   295                           	line	43
   296                           	
   297  07E3                     l1761:	
   298                           ;lcd data w.c: 43: lcd_init();
   299  07E3  120A  118A  279A   	fcall	_lcd_init
              120A  118A         
   300                           	line	44
   301                           	
   302  07E8                     l1763:	
   303                           ;lcd data w.c: 44: delay(100);
   304  07E8  3064               	movlw	low(064h)
   305  07E9  00F0               	movwf	(?_delay)
   306  07EA  3000               	movlw	high(064h)
   307  07EB  00F1               	movwf	((?_delay))+1
   308  07EC  120A  118A  2788   	fcall	_delay
              120A  118A         
   309                           	line	46
   310                           	
   311  07F1                     l1765:	
   312                           ;lcd data w.c: 46: lcd_command(0X81);
   313  07F1  3081               	movlw	(081h)
   314  07F2  120A  118A  27AD   	fcall	_lcd_command
              120A  118A         
   315                           	line	47
   316                           	
   317  07F7                     l1767:	
   318                           ;lcd data w.c: 47: lcd_data('W');
   319  07F7  3057               	movlw	(057h)
   320  07F8  120A  118A  27C2   	fcall	_lcd_data
              120A  118A         
   321                           	line	49
   322                           	
   323  07FD                     l574:	
   324                           	global	start
   325  07FD  120A  118A  2800   	ljmp	start
   326                           	opt stack 0
   327                           GLOBAL	__end_of_main
   328  0800                     	__end_of_main:
   329 ;; =============== function _main ends ============
   330                           
   331                           	signat	_main,88
   332                           	global	_lcd_init
   333                           psect	text85,local,class=CODE,delta=2
   334                           global __ptext85
   335  079A                     __ptext85:
   336                           
   337 ;; *************** function _lcd_init *****************
   338 ;; Defined at:
   339 ;;		line 20 in file "E:\Madhu\madhu pic folder\pic task\lcd dispaly\lcd data w\lcd data w.c"
   340 ;; Parameters:    Size  Location     Type
   341 ;;		None
   342 ;; Auto vars:     Size  Location     Type
   343 ;;		None
   344 ;; Return value:  Size  Location     Type
   345 ;;		None               void
   346 ;; Registers used:
   347 ;;		wreg, status,2, status,0, pclath, cstack
   348 ;; Tracked objects:
   349 ;;		On entry : 0/0
   350 ;;		On exit  : 0/0
   351 ;;		Unchanged: 0/0
   352 ;; Data sizes:     COMMON   BANK0   BANK1   BANK3   BANK2
   353 ;;      Params:         0       0       0       0       0
   354 ;;      Locals:         0       0       0       0       0
   355 ;;      Temps:          0       0       0       0       0
   356 ;;      Totals:         0       0       0       0       0
   357 ;;Total ram usage:        0 bytes
   358 ;; Hardware stack levels used:    1
   359 ;; Hardware stack levels required when called:    2
   360 ;; This function calls:
   361 ;;		_lcd_command
   362 ;; This function is called by:
   363 ;;		_main
   364 ;; This function uses a non-reentrant model
   365 ;;
   366                           psect	text85
   367                           	file	"E:\Madhu\madhu pic folder\pic task\lcd dispaly\lcd data w\lcd data w.c"
   368                           	line	20
   369                           	global	__size_of_lcd_init
   370  0013                     	__size_of_lcd_init	equ	__end_of_lcd_init-_lcd_init
   371                           	
   372  079A                     _lcd_init:	
   373                           	opt	stack 7
   374                           ; Regs used in _lcd_init: [wreg+status,2+status,0+pclath+cstack]
   375                           	line	21
   376                           	
   377  079A                     l1757:	
   378                           ;lcd data w.c: 21: lcd_command(0x38);
   379  079A  3038               	movlw	(038h)
   380  079B  120A  118A  27AD   	fcall	_lcd_command
              120A  118A         
   381                           	line	22
   382                           ;lcd data w.c: 22: lcd_command(0x06);
   383  07A0  3006               	movlw	(06h)
   384  07A1  120A  118A  27AD   	fcall	_lcd_command
              120A  118A         
   385                           	line	23
   386                           ;lcd data w.c: 23: lcd_command(0x0C);
   387  07A6  300C               	movlw	(0Ch)
   388  07A7  120A  118A  27AD   	fcall	_lcd_command
              120A  118A         
   389                           	line	25
   390                           	
   391  07AC                     l568:	
   392  07AC  0008               	return
   393                           	opt stack 0
   394                           GLOBAL	__end_of_lcd_init
   395  07AD                     	__end_of_lcd_init:
   396 ;; =============== function _lcd_init ends ============
   397                           
   398                           	signat	_lcd_init,88
   399                           	global	_lcd_data
   400                           psect	text86,local,class=CODE,delta=2
   401                           global __ptext86
   402  07C2                     __ptext86:
   403                           
   404 ;; *************** function _lcd_data *****************
   405 ;; Defined at:
   406 ;;		line 27 in file "E:\Madhu\madhu pic folder\pic task\lcd dispaly\lcd data w\lcd data w.c"
   407 ;; Parameters:    Size  Location     Type
   408 ;;  data            1    wreg     unsigned char 
   409 ;; Auto vars:     Size  Location     Type
   410 ;;  data            1    2[COMMON] unsigned char 
   411 ;; Return value:  Size  Location     Type
   412 ;;		None               void
   413 ;; Registers used:
   414 ;;		wreg, status,2, status,0, pclath, cstack
   415 ;; Tracked objects:
   416 ;;		On entry : 0/0
   417 ;;		On exit  : 0/0
   418 ;;		Unchanged: 0/0
   419 ;; Data sizes:     COMMON   BANK0   BANK1   BANK3   BANK2
   420 ;;      Params:         0       0       0       0       0
   421 ;;      Locals:         1       0       0       0       0
   422 ;;      Temps:          0       0       0       0       0
   423 ;;      Totals:         1       0       0       0       0
   424 ;;Total ram usage:        1 bytes
   425 ;; Hardware stack levels used:    1
   426 ;; Hardware stack levels required when called:    1
   427 ;; This function calls:
   428 ;;		_delay
   429 ;; This function is called by:
   430 ;;		_main
   431 ;; This function uses a non-reentrant model
   432 ;;
   433                           psect	text86
   434                           	file	"E:\Madhu\madhu pic folder\pic task\lcd dispaly\lcd data w\lcd data w.c"
   435                           	line	27
   436                           	global	__size_of_lcd_data
   437  0015                     	__size_of_lcd_data	equ	__end_of_lcd_data-_lcd_data
   438                           	
   439  07C2                     _lcd_data:	
   440                           	opt	stack 7
   441                           ; Regs used in _lcd_data: [wreg+status,2+status,0+pclath+cstack]
   442                           ;lcd_data@data stored from wreg
   443  07C2  00F2               	movwf	(lcd_data@data)
   444                           	line	28
   445                           	
   446  07C3                     l1745:	
   447                           ;lcd data w.c: 28: PORTD=data;
   448  07C3  0872               	movf	(lcd_data@data),w
   449  07C4  1283               	bcf	status, 5	;RP0=0, select bank0
   450  07C5  1303               	bcf	status, 6	;RP1=0, select bank0
   451  07C6  0088               	movwf	(8)	;volatile
   452                           	line	29
   453                           	
   454  07C7                     l1747:	
   455                           ;lcd data w.c: 29: RC0=1;
   456  07C7  1407               	bsf	(56/8),(56)&7
   457                           	line	30
   458                           	
   459  07C8                     l1749:	
   460                           ;lcd data w.c: 30: RC1=0;
   461  07C8  1087               	bcf	(57/8),(57)&7
   462                           	line	31
   463                           	
   464  07C9                     l1751:	
   465                           ;lcd data w.c: 31: RC2=1;
   466  07C9  1507               	bsf	(58/8),(58)&7
   467                           	line	32
   468                           	
   469  07CA                     l1753:	
   470                           ;lcd data w.c: 32: delay(100);
   471  07CA  3064               	movlw	low(064h)
   472  07CB  00F0               	movwf	(?_delay)
   473  07CC  3000               	movlw	high(064h)
   474  07CD  00F1               	movwf	((?_delay))+1
   475  07CE  120A  118A  2788   	fcall	_delay
              120A  118A         
   476                           	line	33
   477                           	
   478  07D3                     l1755:	
   479                           ;lcd data w.c: 33: RC2=0;
   480  07D3  1283               	bcf	status, 5	;RP0=0, select bank0
   481  07D4  1303               	bcf	status, 6	;RP1=0, select bank0
   482  07D5  1107               	bcf	(58/8),(58)&7
   483                           	line	34
   484                           	
   485  07D6                     l571:	
   486  07D6  0008               	return
   487                           	opt stack 0
   488                           GLOBAL	__end_of_lcd_data
   489  07D7                     	__end_of_lcd_data:
   490 ;; =============== function _lcd_data ends ============
   491                           
   492                           	signat	_lcd_data,4216
   493                           	global	_lcd_command
   494                           psect	text87,local,class=CODE,delta=2
   495                           global __ptext87
   496  07AD                     __ptext87:
   497                           
   498 ;; *************** function _lcd_command *****************
   499 ;; Defined at:
   500 ;;		line 11 in file "E:\Madhu\madhu pic folder\pic task\lcd dispaly\lcd data w\lcd data w.c"
   501 ;; Parameters:    Size  Location     Type
   502 ;;  com             1    wreg     unsigned char 
   503 ;; Auto vars:     Size  Location     Type
   504 ;;  com             1    2[COMMON] unsigned char 
   505 ;; Return value:  Size  Location     Type
   506 ;;		None               void
   507 ;; Registers used:
   508 ;;		wreg, status,2, status,0, pclath, cstack
   509 ;; Tracked objects:
   510 ;;		On entry : 0/0
   511 ;;		On exit  : 0/0
   512 ;;		Unchanged: 0/0
   513 ;; Data sizes:     COMMON   BANK0   BANK1   BANK3   BANK2
   514 ;;      Params:         0       0       0       0       0
   515 ;;      Locals:         1       0       0       0       0
   516 ;;      Temps:          0       0       0       0       0
   517 ;;      Totals:         1       0       0       0       0
   518 ;;Total ram usage:        1 bytes
   519 ;; Hardware stack levels used:    1
   520 ;; Hardware stack levels required when called:    1
   521 ;; This function calls:
   522 ;;		_delay
   523 ;; This function is called by:
   524 ;;		_lcd_init
   525 ;;		_main
   526 ;; This function uses a non-reentrant model
   527 ;;
   528                           psect	text87
   529                           	file	"E:\Madhu\madhu pic folder\pic task\lcd dispaly\lcd data w\lcd data w.c"
   530                           	line	11
   531                           	global	__size_of_lcd_command
   532  0015                     	__size_of_lcd_command	equ	__end_of_lcd_command-_lcd_command
   533                           	
   534  07AD                     _lcd_command:	
   535                           	opt	stack 7
   536                           ; Regs used in _lcd_command: [wreg+status,2+status,0+pclath+cstack]
   537                           ;lcd_command@com stored from wreg
   538  07AD  00F2               	movwf	(lcd_command@com)
   539                           	line	12
   540                           	
   541  07AE                     l1733:	
   542                           ;lcd data w.c: 12: PORTD=com;
   543  07AE  0872               	movf	(lcd_command@com),w
   544  07AF  1283               	bcf	status, 5	;RP0=0, select bank0
   545  07B0  1303               	bcf	status, 6	;RP1=0, select bank0
   546  07B1  0088               	movwf	(8)	;volatile
   547                           	line	13
   548                           	
   549  07B2                     l1735:	
   550                           ;lcd data w.c: 13: RC0=0;
   551  07B2  1007               	bcf	(56/8),(56)&7
   552                           	line	14
   553                           	
   554  07B3                     l1737:	
   555                           ;lcd data w.c: 14: RC1=0;
   556  07B3  1087               	bcf	(57/8),(57)&7
   557                           	line	15
   558                           	
   559  07B4                     l1739:	
   560                           ;lcd data w.c: 15: RC2=1;
   561  07B4  1507               	bsf	(58/8),(58)&7
   562                           	line	16
   563                           	
   564  07B5                     l1741:	
   565                           ;lcd data w.c: 16: delay(100);
   566  07B5  3064               	movlw	low(064h)
   567  07B6  00F0               	movwf	(?_delay)
   568  07B7  3000               	movlw	high(064h)
   569  07B8  00F1               	movwf	((?_delay))+1
   570  07B9  120A  118A  2788   	fcall	_delay
              120A  118A         
   571                           	line	17
   572                           	
   573  07BE                     l1743:	
   574                           ;lcd data w.c: 17: RC2=0;
   575  07BE  1283               	bcf	status, 5	;RP0=0, select bank0
   576  07BF  1303               	bcf	status, 6	;RP1=0, select bank0
   577  07C0  1107               	bcf	(58/8),(58)&7
   578                           	line	18
   579                           	
   580  07C1                     l565:	
   581  07C1  0008               	return
   582                           	opt stack 0
   583                           GLOBAL	__end_of_lcd_command
   584  07C2                     	__end_of_lcd_command:
   585 ;; =============== function _lcd_command ends ============
   586                           
   587                           	signat	_lcd_command,4216
   588                           	global	_delay
   589                           psect	text88,local,class=CODE,delta=2
   590                           global __ptext88
   591  0788                     __ptext88:
   592                           
   593 ;; *************** function _delay *****************
   594 ;; Defined at:
   595 ;;		line 7 in file "E:\Madhu\madhu pic folder\pic task\lcd dispaly\lcd data w\lcd data w.c"
   596 ;; Parameters:    Size  Location     Type
   597 ;;  x               2    0[COMMON] unsigned int 
   598 ;; Auto vars:     Size  Location     Type
   599 ;;		None
   600 ;; Return value:  Size  Location     Type
   601 ;;		None               void
   602 ;; Registers used:
   603 ;;		wreg
   604 ;; Tracked objects:
   605 ;;		On entry : 0/0
   606 ;;		On exit  : 0/0
   607 ;;		Unchanged: 0/0
   608 ;; Data sizes:     COMMON   BANK0   BANK1   BANK3   BANK2
   609 ;;      Params:         2       0       0       0       0
   610 ;;      Locals:         0       0       0       0       0
   611 ;;      Temps:          0       0       0       0       0
   612 ;;      Totals:         2       0       0       0       0
   613 ;;Total ram usage:        2 bytes
   614 ;; Hardware stack levels used:    1
   615 ;; This function calls:
   616 ;;		Nothing
   617 ;; This function is called by:
   618 ;;		_lcd_command
   619 ;;		_lcd_data
   620 ;;		_main
   621 ;; This function uses a non-reentrant model
   622 ;;
   623                           psect	text88
   624                           	file	"E:\Madhu\madhu pic folder\pic task\lcd dispaly\lcd data w\lcd data w.c"
   625                           	line	7
   626                           	global	__size_of_delay
   627  0012                     	__size_of_delay	equ	__end_of_delay-_delay
   628                           	
   629  0788                     _delay:	
   630                           	opt	stack 6
   631                           ; Regs used in _delay: [wreg]
   632                           	line	8
   633                           	
   634  0788                     l943:	
   635                           ;lcd data w.c: 8: while(x--);
   636  0788  2F89               	goto	l559
   637                           	
   638  0789                     l560:	
   639                           	
   640  0789                     l559:	
   641                           	
   642  0789                     l945:	
   643  0789  3001               	movlw	low(01h)
   644  078A  02F0               	subwf	(delay@x),f
   645  078B  3000               	movlw	high(01h)
   646  078C  1C03               	skipc
   647  078D  03F1               	decf	(delay@x+1),f
   648  078E  02F1               	subwf	(delay@x+1),f
   649  078F  30FF               	movlw	high(0FFFFh)
   650  0790  0671               	xorwf	((delay@x+1)),w
   651  0791  1D03               	skipz
   652  0792  2F95               	goto	u15
   653  0793  30FF               	movlw	low(0FFFFh)
   654  0794  0670               	xorwf	((delay@x)),w
   655  0795                     u15:
   656                           
   657  0795  1D03               	skipz
   658  0796  2F98               	goto	u11
   659  0797  2F99               	goto	u10
   660  0798                     u11:
   661  0798  2F89               	goto	l560
   662  0799                     u10:
   663                           	
   664  0799                     l561:	
   665                           	line	9
   666                           	
   667  0799                     l562:	
   668  0799  0008               	return
   669                           	opt stack 0
   670                           GLOBAL	__end_of_delay
   671  079A                     	__end_of_delay:
   672 ;; =============== function _delay ends ============
   673                           
   674                           	signat	_delay,4216
   675                           psect	text89,local,class=CODE,delta=2
   676                           global __ptext89
   677  0000                     __ptext89:
   678                           	global	btemp
   679  007E                     	btemp set 07Eh
   680                           
   681                           	DABS	1,126,2	;btemp
   682                           	global	wtemp0
   683  007E                     	wtemp0 set btemp


HI-TECH Software PICC Macro Assembler V9.71a build 6446 
Symbol Table                                                                                   Fri Feb 02 14:00:42 2024

        lcd_data@data 0072                    u10 0799                    u11 0798                    u15 0795  
                 l560 0789                   l561 0799                   l562 0799                   l571 07D6  
                 l565 07C1                   l574 07FD                   l559 0789                   l568 07AC  
                 l943 0788                   l945 0789                   _RC0 0038                   _RC1 0039  
                 _RC2 003A                  l1741 07B5                  l1733 07AE                  l1743 07BE  
                l1735 07B2                  l1751 07C9                  l1737 07B3                  l1753 07CA  
                l1745 07C3                  l1761 07E3                  l1739 07B4                  l1755 07D3  
                l1747 07C7                  l1763 07E8                  l1749 07C8                  l1757 079A  
                l1765 07F1                  l1767 07F7                  l1759 07D7                  _main 07D7  
                btemp 007E                  start 0000                 ?_main 0070                 _PORTC 0007  
               _PORTD 0008                 _TRISC 0087                 _TRISD 0088                 _delay 0788  
               status 0003                 wtemp0 007E          __end_of_main 0800                ??_main 0073  
      lcd_command@com 0072                ?_delay 0070      __end_of_lcd_data 07D7      __end_of_lcd_init 07AD  
__size_of_lcd_command 0015                delay@x 0070        __pcstackCOMMON 0070         __end_of_delay 079A  
             ??_delay 0072            __pmaintext 07D7             ?_lcd_data 0070             ?_lcd_init 0070  
          ??_lcd_data 0072            ??_lcd_init 0073  end_of_initialization 0784         ??_lcd_command 0072  
 start_initialization 0784   __end_of_lcd_command 07C2     __size_of_lcd_data 0015     __size_of_lcd_init 0013  
      __size_of_delay 0012           _lcd_command 07AD              __ptext84 0000              __ptext85 079A  
            __ptext86 07C2              __ptext87 07AD              __ptext88 0788              __ptext89 0000  
            _lcd_data 07C2              _lcd_init 079A         __size_of_main 0029          ?_lcd_command 0070  
