

HI-TECH Software PIC LITE Macro Assembler V9.71a build 6446 
                                                                                               Thu Sep 15 10:50:10 2022

HI-TECH Software Omniscient Code Generator (Lite mode) build 6446
     1  0000                     opt subtitle "HI-TECH Software Omniscient Code Generator (Lite mode) build 6446"
     2                           
     3                           opt pagewidth 120
     4                           
     5                           	opt lm
     6                           
     7                           	processor	16F877A
     8                           clrc	macro
     9                           	bcf	3,0
    10  0000                     	endm
    11                           clrz	macro
    12                           	bcf	3,2
    13  0000                     	endm
    14                           setc	macro
    15                           	bsf	3,0
    16  0000                     	endm
    17                           setz	macro
    18                           	bsf	3,2
    19  0000                     	endm
    20                           skipc	macro
    21                           	btfss	3,0
    22  0000                     	endm
    23                           skipz	macro
    24                           	btfss	3,2
    25  0000                     	endm
    26                           skipnc	macro
    27                           	btfsc	3,0
    28  0000                     	endm
    29                           skipnz	macro
    30                           	btfsc	3,2
    31  0000                     	endm
    32  0000                     indf	equ	0
    33  0000                     indf0	equ	0
    34  0002                     pc	equ	2
    35  0002                     pcl	equ	2
    36  0003                     status	equ	3
    37  0004                     fsr	equ	4
    38  0004                     fsr0	equ	4
    39  0001                     c	equ	1
    40  0000                     z	equ	0
    41  000A                     pclath	equ	10
    42                           	FNCALL	_main,_delay
    43                           	FNROOT	_main
    44                           	global	_PORTB
    45                           psect	maintext,global,class=CODE,delta=2
    46                           global __pmaintext
    47  0790                     __pmaintext:
    48  0006                     _PORTB	set	6
    49                           	global	_TRISB
    50  0086                     _TRISB	set	134
    51                           	file	"add two two led.as"
    52                           	line	#
    53                           psect cinit,class=CODE,delta=2
    54                           global start_initialization
    55  077A                     start_initialization:
    56                           
    57                           psect cinit,class=CODE,delta=2
    58                           global end_of_initialization
    59                           
    60                           ;End of C runtime variable initialization code
    61                           
    62  077A                     end_of_initialization:
    63  077A  0183               clrf status
    64  077B  120A  118A  2F90   ljmp _main	;jump to C main() function
    65                           psect	cstackCOMMON,class=COMMON,space=1
    66                           global __pcstackCOMMON
    67  0070                     __pcstackCOMMON:
    68                           	global	?_delay
    69  0070                     ?_delay:	; 0 bytes @ 0x0
    70                           	global	?_main
    71  0070                     ?_main:	; 2 bytes @ 0x0
    72                           	global	delay@x
    73  0070                     delay@x:	; 2 bytes @ 0x0
    74  0070                     	ds	2
    75                           	global	??_delay
    76  0072                     ??_delay:	; 0 bytes @ 0x2
    77                           	global	??_main
    78  0072                     ??_main:	; 0 bytes @ 0x2
    79 ;;Data sizes: Strings 0, constant 0, data 0, bss 0, persistent 0 stack 0
    80 ;;Auto spaces:   Size  Autos    Used
    81 ;; COMMON          14      2       2
    82 ;; BANK0           80      0       0
    83 ;; BANK1           80      0       0
    84 ;; BANK3           96      0       0
    85 ;; BANK2           96      0       0
    86                           
    87 ;;
    88 ;; Pointer list with targets:
    89                           
    90                           
    91                           
    92 ;;
    93 ;; Critical Paths under _main in COMMON
    94 ;;
    95 ;;   _main->_delay
    96 ;;
    97 ;; Critical Paths under _main in BANK0
    98 ;;
    99 ;;   None.
   100 ;;
   101 ;; Critical Paths under _main in BANK1
   102 ;;
   103 ;;   None.
   104 ;;
   105 ;; Critical Paths under _main in BANK3
   106 ;;
   107 ;;   None.
   108 ;;
   109 ;; Critical Paths under _main in BANK2
   110 ;;
   111 ;;   None.
   112                           
   113 ;;
   114 ;;Main: autosize = 0, tempsize = 0, incstack = 0, save=0
   115 ;;
   116                           
   117 ;;
   118 ;;Call Graph Tables:
   119 ;;
   120 ;; ---------------------------------------------------------------------------------
   121 ;; (Depth) Function   	        Calls       Base Space   Used Autos Params    Refs
   122 ;; ---------------------------------------------------------------------------------
   123 ;; (0) _main                                                 0     0      0      15
   124 ;;                              _delay
   125 ;; ---------------------------------------------------------------------------------
   126 ;; (1) _delay                                                2     0      2      15
   127 ;;                                              0 COMMON     2     0      2
   128 ;; ---------------------------------------------------------------------------------
   129 ;; Estimated maximum stack depth 1
   130 ;; ---------------------------------------------------------------------------------
   131                           
   132 ;; Call Graph Graphs:
   133                           
   134 ;; _main (ROOT)
   135 ;;   _delay
   136 ;;
   137                           
   138 ;; Address spaces:
   139                           
   140 ;;Name               Size   Autos  Total    Cost      Usage
   141 ;;BITCOMMON            E      0       0       0        0.0%
   142 ;;EEDATA             100      0       0       0        0.0%
   143 ;;NULL                 0      0       0       0        0.0%
   144 ;;CODE                 0      0       0       0        0.0%
   145 ;;COMMON               E      2       2       1       14.3%
   146 ;;BITSFR0              0      0       0       1        0.0%
   147 ;;SFR0                 0      0       0       1        0.0%
   148 ;;BITSFR1              0      0       0       2        0.0%
   149 ;;SFR1                 0      0       0       2        0.0%
   150 ;;STACK                0      0       1       2        0.0%
   151 ;;ABS                  0      0       0       3        0.0%
   152 ;;BITBANK0            50      0       0       4        0.0%
   153 ;;BITSFR3              0      0       0       4        0.0%
   154 ;;SFR3                 0      0       0       4        0.0%
   155 ;;BANK0               50      0       0       5        0.0%
   156 ;;BITSFR2              0      0       0       5        0.0%
   157 ;;SFR2                 0      0       0       5        0.0%
   158 ;;BITBANK1            50      0       0       6        0.0%
   159 ;;BANK1               50      0       0       7        0.0%
   160 ;;BITBANK3            60      0       0       8        0.0%
   161 ;;BANK3               60      0       0       9        0.0%
   162 ;;BITBANK2            60      0       0      10        0.0%
   163 ;;BANK2               60      0       0      11        0.0%
   164 ;;DATA                 0      0       0      12        0.0%
   165                           
   166                           	global	_main
   167                           psect	maintext
   168                           
   169 ;; *************** function _main *****************
   170 ;; Defined at:
   171 ;;		line 7 in file "C:\Users\TECH\Desktop\madhu pic folder\led\ADD TWO TWO LED\add two two led.c"
   172 ;; Parameters:    Size  Location     Type
   173 ;;		None
   174 ;; Auto vars:     Size  Location     Type
   175 ;;		None
   176 ;; Return value:  Size  Location     Type
   177 ;;                  2  564[COMMON] int 
   178 ;; Registers used:
   179 ;;		wreg, status,2, status,0, pclath, cstack
   180 ;; Tracked objects:
   181 ;;		On entry : 17F/0
   182 ;;		On exit  : 0/0
   183 ;;		Unchanged: 0/0
   184 ;; Data sizes:     COMMON   BANK0   BANK1   BANK3   BANK2
   185 ;;      Params:         0       0       0       0       0
   186 ;;      Locals:         0       0       0       0       0
   187 ;;      Temps:          0       0       0       0       0
   188 ;;      Totals:         0       0       0       0       0
   189 ;;Total ram usage:        0 bytes
   190 ;; Hardware stack levels required when called:    1
   191 ;; This function calls:
   192 ;;		_delay
   193 ;; This function is called by:
   194 ;;		Startup code after reset
   195 ;; This function uses a non-reentrant model
   196 ;;
   197                           psect	maintext
   198                           	file	"C:\Users\TECH\Desktop\madhu pic folder\led\ADD TWO TWO LED\add two two led.c"
   199                           	line	7
   200                           	global	__size_of_main
   201  0070                     	__size_of_main	equ	__end_of_main-_main
   202                           	
   203  0790                     _main:	
   204                           	opt	stack 8
   205                           ; Regs used in _main: [wreg+status,2+status,0+pclath+cstack]
   206                           	line	8
   207                           	
   208  0790                     l1727:	
   209                           ;add two two led.c: 8: TRISB=0X00;
   210  0790  1683               	bsf	status, 5	;RP0=1, select bank1
   211  0791  1303               	bcf	status, 6	;RP1=0, select bank1
   212  0792  0186               	clrf	(134)^080h	;volatile
   213                           	line	9
   214                           ;add two two led.c: 9: PORTB=0X00;
   215  0793  1283               	bcf	status, 5	;RP0=0, select bank0
   216  0794  1303               	bcf	status, 6	;RP1=0, select bank0
   217  0795  0186               	clrf	(6)	;volatile
   218                           	line	10
   219                           ;add two two led.c: 10: while(1)
   220                           	
   221  0796                     l565:	
   222                           	line	12
   223                           	
   224  0796                     l1729:	
   225                           ;add two two led.c: 11: {
   226                           ;add two two led.c: 12: PORTB=0X18;
   227  0796  3018               	movlw	(018h)
   228  0797  0086               	movwf	(6)	;volatile
   229                           	line	13
   230                           	
   231  0798                     l1731:	
   232                           ;add two two led.c: 13: delay(50000);
   233  0798  3050               	movlw	low(0C350h)
   234  0799  00F0               	movwf	(?_delay)
   235  079A  30C3               	movlw	high(0C350h)
   236  079B  00F1               	movwf	((?_delay))+1
   237  079C  120A  118A  277E   	fcall	_delay
              120A  118A         
   238                           	line	14
   239                           	
   240  07A1                     l1733:	
   241                           ;add two two led.c: 14: PORTB=0X24;
   242  07A1  3024               	movlw	(024h)
   243  07A2  1283               	bcf	status, 5	;RP0=0, select bank0
   244  07A3  1303               	bcf	status, 6	;RP1=0, select bank0
   245  07A4  0086               	movwf	(6)	;volatile
   246                           	line	15
   247                           	
   248  07A5                     l1735:	
   249                           ;add two two led.c: 15: delay(50000);
   250  07A5  3050               	movlw	low(0C350h)
   251  07A6  00F0               	movwf	(?_delay)
   252  07A7  30C3               	movlw	high(0C350h)
   253  07A8  00F1               	movwf	((?_delay))+1
   254  07A9  120A  118A  277E   	fcall	_delay
              120A  118A         
   255                           	line	16
   256                           	
   257  07AE                     l1737:	
   258                           ;add two two led.c: 16: PORTB=0X42;
   259  07AE  3042               	movlw	(042h)
   260  07AF  1283               	bcf	status, 5	;RP0=0, select bank0
   261  07B0  1303               	bcf	status, 6	;RP1=0, select bank0
   262  07B1  0086               	movwf	(6)	;volatile
   263                           	line	17
   264                           	
   265  07B2                     l1739:	
   266                           ;add two two led.c: 17: delay(50000);
   267  07B2  3050               	movlw	low(0C350h)
   268  07B3  00F0               	movwf	(?_delay)
   269  07B4  30C3               	movlw	high(0C350h)
   270  07B5  00F1               	movwf	((?_delay))+1
   271  07B6  120A  118A  277E   	fcall	_delay
              120A  118A         
   272                           	line	18
   273                           	
   274  07BB                     l1741:	
   275                           ;add two two led.c: 18: PORTB=0X81;
   276  07BB  3081               	movlw	(081h)
   277  07BC  1283               	bcf	status, 5	;RP0=0, select bank0
   278  07BD  1303               	bcf	status, 6	;RP1=0, select bank0
   279  07BE  0086               	movwf	(6)	;volatile
   280                           	line	19
   281                           	
   282  07BF                     l1743:	
   283                           ;add two two led.c: 19: delay(50000);
   284  07BF  3050               	movlw	low(0C350h)
   285  07C0  00F0               	movwf	(?_delay)
   286  07C1  30C3               	movlw	high(0C350h)
   287  07C2  00F1               	movwf	((?_delay))+1
   288  07C3  120A  118A  277E   	fcall	_delay
              120A  118A         
   289                           	line	20
   290                           	
   291  07C8                     l1745:	
   292                           ;add two two led.c: 20: PORTB=0X81;
   293  07C8  3081               	movlw	(081h)
   294  07C9  1283               	bcf	status, 5	;RP0=0, select bank0
   295  07CA  1303               	bcf	status, 6	;RP1=0, select bank0
   296  07CB  0086               	movwf	(6)	;volatile
   297                           	line	21
   298                           	
   299  07CC                     l1747:	
   300                           ;add two two led.c: 21: delay(50000);
   301  07CC  3050               	movlw	low(0C350h)
   302  07CD  00F0               	movwf	(?_delay)
   303  07CE  30C3               	movlw	high(0C350h)
   304  07CF  00F1               	movwf	((?_delay))+1
   305  07D0  120A  118A  277E   	fcall	_delay
              120A  118A         
   306                           	line	22
   307                           	
   308  07D5                     l1749:	
   309                           ;add two two led.c: 22: PORTB=0X42;
   310  07D5  3042               	movlw	(042h)
   311  07D6  1283               	bcf	status, 5	;RP0=0, select bank0
   312  07D7  1303               	bcf	status, 6	;RP1=0, select bank0
   313  07D8  0086               	movwf	(6)	;volatile
   314                           	line	23
   315                           	
   316  07D9                     l1751:	
   317                           ;add two two led.c: 23: delay(50000);
   318  07D9  3050               	movlw	low(0C350h)
   319  07DA  00F0               	movwf	(?_delay)
   320  07DB  30C3               	movlw	high(0C350h)
   321  07DC  00F1               	movwf	((?_delay))+1
   322  07DD  120A  118A  277E   	fcall	_delay
              120A  118A         
   323                           	line	24
   324                           	
   325  07E2                     l1753:	
   326                           ;add two two led.c: 24: PORTB=0X24;
   327  07E2  3024               	movlw	(024h)
   328  07E3  1283               	bcf	status, 5	;RP0=0, select bank0
   329  07E4  1303               	bcf	status, 6	;RP1=0, select bank0
   330  07E5  0086               	movwf	(6)	;volatile
   331                           	line	25
   332                           	
   333  07E6                     l1755:	
   334                           ;add two two led.c: 25: delay(50000);
   335  07E6  3050               	movlw	low(0C350h)
   336  07E7  00F0               	movwf	(?_delay)
   337  07E8  30C3               	movlw	high(0C350h)
   338  07E9  00F1               	movwf	((?_delay))+1
   339  07EA  120A  118A  277E   	fcall	_delay
              120A  118A         
   340                           	line	26
   341                           	
   342  07EF                     l1757:	
   343                           ;add two two led.c: 26: PORTB=0X18;
   344  07EF  3018               	movlw	(018h)
   345  07F0  1283               	bcf	status, 5	;RP0=0, select bank0
   346  07F1  1303               	bcf	status, 6	;RP1=0, select bank0
   347  07F2  0086               	movwf	(6)	;volatile
   348                           	line	27
   349                           	
   350  07F3                     l1759:	
   351                           ;add two two led.c: 27: delay(50000);
   352  07F3  3050               	movlw	low(0C350h)
   353  07F4  00F0               	movwf	(?_delay)
   354  07F5  30C3               	movlw	high(0C350h)
   355  07F6  00F1               	movwf	((?_delay))+1
   356  07F7  120A  118A  277E   	fcall	_delay
              120A  118A         
   357                           	line	29
   358                           	
   359  07FC                     l566:	
   360                           	line	10
   361  07FC  2F96               	goto	l565
   362                           	
   363  07FD                     l567:	
   364                           	line	30
   365                           	
   366  07FD                     l568:	
   367                           	global	start
   368  07FD  120A  118A  2800   	ljmp	start
   369                           	opt stack 0
   370                           GLOBAL	__end_of_main
   371  0800                     	__end_of_main:
   372 ;; =============== function _main ends ============
   373                           
   374                           	signat	_main,90
   375                           	global	_delay
   376                           psect	text55,local,class=CODE,delta=2
   377                           global __ptext55
   378  077E                     __ptext55:
   379                           
   380 ;; *************** function _delay *****************
   381 ;; Defined at:
   382 ;;		line 3 in file "C:\Users\TECH\Desktop\madhu pic folder\led\ADD TWO TWO LED\add two two led.c"
   383 ;; Parameters:    Size  Location     Type
   384 ;;  x               2    0[COMMON] unsigned int 
   385 ;; Auto vars:     Size  Location     Type
   386 ;;		None
   387 ;; Return value:  Size  Location     Type
   388 ;;		None               void
   389 ;; Registers used:
   390 ;;		wreg
   391 ;; Tracked objects:
   392 ;;		On entry : 0/0
   393 ;;		On exit  : 0/0
   394 ;;		Unchanged: 0/0
   395 ;; Data sizes:     COMMON   BANK0   BANK1   BANK3   BANK2
   396 ;;      Params:         2       0       0       0       0
   397 ;;      Locals:         0       0       0       0       0
   398 ;;      Temps:          0       0       0       0       0
   399 ;;      Totals:         2       0       0       0       0
   400 ;;Total ram usage:        2 bytes
   401 ;; Hardware stack levels used:    1
   402 ;; This function calls:
   403 ;;		Nothing
   404 ;; This function is called by:
   405 ;;		_main
   406 ;; This function uses a non-reentrant model
   407 ;;
   408                           psect	text55
   409                           	file	"C:\Users\TECH\Desktop\madhu pic folder\led\ADD TWO TWO LED\add two two led.c"
   410                           	line	3
   411                           	global	__size_of_delay
   412  0012                     	__size_of_delay	equ	__end_of_delay-_delay
   413                           	
   414  077E                     _delay:	
   415                           	opt	stack 7
   416                           ; Regs used in _delay: [wreg]
   417                           	line	4
   418                           	
   419  077E                     l937:	
   420                           ;add two two led.c: 4: while(x--);
   421  077E  2F7F               	goto	l559
   422                           	
   423  077F                     l560:	
   424                           	
   425  077F                     l559:	
   426                           	
   427  077F                     l939:	
   428  077F  3001               	movlw	low(01h)
   429  0780  02F0               	subwf	(delay@x),f
   430  0781  3000               	movlw	high(01h)
   431  0782  1C03               	skipc
   432  0783  03F1               	decf	(delay@x+1),f
   433  0784  02F1               	subwf	(delay@x+1),f
   434  0785  30FF               	movlw	high(0FFFFh)
   435  0786  0671               	xorwf	((delay@x+1)),w
   436  0787  1D03               	skipz
   437  0788  2F8B               	goto	u15
   438  0789  30FF               	movlw	low(0FFFFh)
   439  078A  0670               	xorwf	((delay@x)),w
   440  078B                     u15:
   441                           
   442  078B  1D03               	skipz
   443  078C  2F8E               	goto	u11
   444  078D  2F8F               	goto	u10
   445  078E                     u11:
   446  078E  2F7F               	goto	l560
   447  078F                     u10:
   448                           	
   449  078F                     l561:	
   450                           	line	5
   451                           	
   452  078F                     l562:	
   453  078F  0008               	return
   454                           	opt stack 0
   455                           GLOBAL	__end_of_delay
   456  0790                     	__end_of_delay:
   457 ;; =============== function _delay ends ============
   458                           
   459                           	signat	_delay,4216
   460                           psect	text56,local,class=CODE,delta=2
   461                           global __ptext56
   462  0000                     __ptext56:
   463                           	global	btemp
   464  007E                     	btemp set 07Eh
   465                           
   466                           	DABS	1,126,2	;btemp
   467                           	global	wtemp0
   468  007E                     	wtemp0 set btemp


HI-TECH Software PICC Macro Assembler V9.71a build 6446 
Symbol Table                                                                                   Thu Sep 15 10:50:10 2022

                  u10 078F                    u11 078E                    u15 078B                   l560 077F  
                 l561 078F                   l562 078F                   l565 0796                   l566 07FC  
                 l559 077F                   l567 07FD                   l568 07FD                   l937 077E  
                 l939 077F                  l1731 0798                  l1741 07BB                  l1733 07A1  
                l1751 07D9                  l1743 07BF                  l1735 07A5                  l1727 0790  
                l1753 07E2                  l1745 07C8                  l1737 07AE                  l1729 0796  
                l1755 07E6                  l1747 07CC                  l1739 07B2                  l1757 07EF  
                l1749 07D5                  l1759 07F3                  _main 0790                  btemp 007E  
                start 0000                 ?_main 0070                 _PORTB 0006                 _TRISB 0086  
               _delay 077E                 status 0003                 wtemp0 007E          __end_of_main 0800  
              ??_main 0072                ?_delay 0070                delay@x 0070        __pcstackCOMMON 0070  
       __end_of_delay 0790               ??_delay 0072            __pmaintext 0790  end_of_initialization 077A  
 start_initialization 077A        __size_of_delay 0012              __ptext55 077E              __ptext56 0000  
       __size_of_main 0070  
