

HI-TECH Software PIC LITE Macro Assembler V9.71a build 6446 
                                                                                               Mon Feb 02 21:02:51 2026

HI-TECH Software Omniscient Code Generator (Lite mode) build 6446
     1  0000                     opt subtitle "HI-TECH Software Omniscient Code Generator (Lite mode) build 6446"
     2                           
     3                           opt pagewidth 120
     4                           
     5                           	opt lm
     6                           
     7                           	processor	16F877A
     8                           clrc	macro
     9                           	bcf	3,0
    10  0000                     	endm
    11                           clrz	macro
    12                           	bcf	3,2
    13  0000                     	endm
    14                           setc	macro
    15                           	bsf	3,0
    16  0000                     	endm
    17                           setz	macro
    18                           	bsf	3,2
    19  0000                     	endm
    20                           skipc	macro
    21                           	btfss	3,0
    22  0000                     	endm
    23                           skipz	macro
    24                           	btfss	3,2
    25  0000                     	endm
    26                           skipnc	macro
    27                           	btfsc	3,0
    28  0000                     	endm
    29                           skipnz	macro
    30                           	btfsc	3,2
    31  0000                     	endm
    32  0000                     indf	equ	0
    33  0000                     indf0	equ	0
    34  0002                     pc	equ	2
    35  0002                     pcl	equ	2
    36  0003                     status	equ	3
    37  0004                     fsr	equ	4
    38  0004                     fsr0	equ	4
    39  0001                     c	equ	1
    40  0000                     z	equ	0
    41  000A                     pclath	equ	10
    42                           	FNCALL	_main,_lcd_init
    43                           	FNCALL	_main,_delay
    44                           	FNCALL	_main,_lcd_display
    45                           	FNCALL	_main,_lcd_cmd
    46                           	FNCALL	_main,_lcd_data
    47                           	FNCALL	_lcd_init,_lcd_cmd
    48                           	FNCALL	_lcd_display,_lcd_data
    49                           	FNCALL	_lcd_data,_delay
    50                           	FNCALL	_lcd_cmd,_delay
    51                           	FNROOT	_main
    52                           	global	_a
    53                           	global	_i
    54                           	global	_PORTB
    55                           psect	text90,local,class=CODE,delta=2
    56                           global __ptext90
    57  0000                     __ptext90:
    58  0006                     _PORTB	set	6
    59                           	global	_PORTC
    60  0007                     _PORTC	set	7
    61                           	global	_PORTD
    62  0008                     _PORTD	set	8
    63                           	global	_RB0
    64  0030                     _RB0	set	48
    65                           	global	_RB1
    66  0031                     _RB1	set	49
    67                           	global	_RB2
    68  0032                     _RB2	set	50
    69                           	global	_RB3
    70  0033                     _RB3	set	51
    71                           	global	_RB4
    72  0034                     _RB4	set	52
    73                           	global	_RB5
    74  0035                     _RB5	set	53
    75                           	global	_RB6
    76  0036                     _RB6	set	54
    77                           	global	_RC0
    78  0038                     _RC0	set	56
    79                           	global	_RC1
    80  0039                     _RC1	set	57
    81                           	global	_RC2
    82  003A                     _RC2	set	58
    83                           	global	_TRISB
    84  0086                     _TRISB	set	134
    85                           	global	_TRISC
    86  0087                     _TRISC	set	135
    87                           	global	_TRISD
    88  0088                     _TRISD	set	136
    89                           psect	strings,class=STRING,delta=2
    90                           global __pstrings
    91  0003                     __pstrings:
    92                           ;	global	stringdir,stringtab,__stringbase
    93  0003                     stringtab:
    94                           ;	String table - string pointers are 1 byte each
    95  0003                     stringcode:stringdir:
      + 0003                     stringdir:	
    96  0003  3000               movlw high(stringdir)
    97  0004  008A               movwf pclath
    98  0005  0804               movf fsr,w
    99  0006  0A84               incf fsr
   100  0007  0782               	addwf pc
   101  0008                     __stringbase:
   102  0008  3400               	retlw	0
   103                           psect	strings
   104                           	
   105  0009                     STR_1:	
   106  0009  3457               	retlw	87	;'W'
   107  000A  3445               	retlw	69	;'E'
   108  000B  344C               	retlw	76	;'L'
   109  000C  3443               	retlw	67	;'C'
   110  000D  344F               	retlw	79	;'O'
   111  000E  344D               	retlw	77	;'M'
   112  000F  3445               	retlw	69	;'E'
   113  0010  3400               	retlw	0
   114                           psect	strings
   115                           	file	"keypad.as"
   116                           	line	#
   117                           psect cinit,class=CODE,delta=2
   118                           global start_initialization
   119  0543                     start_initialization:
   120                           
   121                           psect	bssCOMMON,class=COMMON,space=1
   122                           global __pbssCOMMON
   123  0077                     __pbssCOMMON:
   124  0077                     _i:
   125  0077                            ds      2
   126                           
   127                           psect	bssBANK0,class=BANK0,space=1
   128                           global __pbssBANK0
   129  0020                     __pbssBANK0:
   130  0020                     _a:
   131  0020                            ds      18
   132                           
   133                           psect clrtext,class=CODE,delta=2
   134                           global clear_ram
   135                           ;	Called with FSR containing the base address, and
   136                           ;	W with the last address+1
   137  053B                     clear_ram:
   138  053B  0064               	clrwdt			;clear the watchdog before getting into this loop
   139  053C                     clrloop:
   140  053C  0180               	clrf	indf		;clear RAM location pointed to by FSR
   141  053D  0A84               	incf	fsr,f		;increment pointer
   142  053E  0604               	xorwf	fsr,w		;XOR with final address
   143  053F  1903               	btfsc	status,2	;have we reached the end yet?
   144  0540  3400               	retlw	0		;all done for this memory range, return
   145  0541  0604               	xorwf	fsr,w		;XOR again to restore value
   146  0542  2D3C               	goto	clrloop		;do the next byte
   147                           
   148                           ; Clear objects allocated to COMMON
   149                           psect cinit,class=CODE,delta=2
   150  0543  01F7               	clrf	((__pbssCOMMON)+0)&07Fh
   151  0544  01F8               	clrf	((__pbssCOMMON)+1)&07Fh
   152                           ; Clear objects allocated to BANK0
   153                           psect cinit,class=CODE,delta=2
   154  0545  1383               	bcf	status, 7	;select IRP bank0
   155  0546  3020               	movlw	low(__pbssBANK0)
   156  0547  0084               	movwf	fsr
   157  0548  3032               	movlw	low((__pbssBANK0)+012h)
   158  0549  120A  118A  253B   	fcall	clear_ram
              120A  118A         
   159                           psect cinit,class=CODE,delta=2
   160                           global end_of_initialization
   161                           
   162                           ;End of C runtime variable initialization code
   163                           
   164  054E                     end_of_initialization:
   165  054E  0183               clrf status
   166  054F  120A  118A  2DDA   ljmp _main	;jump to C main() function
   167                           psect	cstackCOMMON,class=COMMON,space=1
   168                           global __pcstackCOMMON
   169  0070                     __pcstackCOMMON:
   170                           	global	?_delay
   171  0070                     ?_delay:	; 0 bytes @ 0x0
   172                           	global	?_lcd_cmd
   173  0070                     ?_lcd_cmd:	; 0 bytes @ 0x0
   174                           	global	?_lcd_data
   175  0070                     ?_lcd_data:	; 0 bytes @ 0x0
   176                           	global	?_lcd_display
   177  0070                     ?_lcd_display:	; 0 bytes @ 0x0
   178                           	global	?_lcd_init
   179  0070                     ?_lcd_init:	; 0 bytes @ 0x0
   180                           	global	?_main
   181  0070                     ?_main:	; 0 bytes @ 0x0
   182                           	global	delay@x
   183  0070                     delay@x:	; 2 bytes @ 0x0
   184  0070                     	ds	2
   185                           	global	??_delay
   186  0072                     ??_delay:	; 0 bytes @ 0x2
   187                           	global	??_lcd_cmd
   188  0072                     ??_lcd_cmd:	; 0 bytes @ 0x2
   189                           	global	??_lcd_data
   190  0072                     ??_lcd_data:	; 0 bytes @ 0x2
   191                           	global	lcd_cmd@cmd
   192  0072                     lcd_cmd@cmd:	; 1 bytes @ 0x2
   193                           	global	lcd_data@data
   194  0072                     lcd_data@data:	; 1 bytes @ 0x2
   195  0072                     	ds	1
   196                           	global	??_lcd_display
   197  0073                     ??_lcd_display:	; 0 bytes @ 0x3
   198                           	global	??_lcd_init
   199  0073                     ??_lcd_init:	; 0 bytes @ 0x3
   200                           	global	lcd_display@j
   201  0073                     lcd_display@j:	; 2 bytes @ 0x3
   202  0073                     	ds	2
   203                           	global	lcd_display@m
   204  0075                     lcd_display@m:	; 1 bytes @ 0x5
   205  0075                     	ds	1
   206                           	global	??_main
   207  0076                     ??_main:	; 0 bytes @ 0x6
   208  0076                     	ds	1
   209 ;;Data sizes: Strings 8, constant 0, data 0, bss 20, persistent 0 stack 0
   210 ;;Auto spaces:   Size  Autos    Used
   211 ;; COMMON          14      7       9
   212 ;; BANK0           80      0      18
   213 ;; BANK1           80      0       0
   214 ;; BANK3           96      0       0
   215 ;; BANK2           96      0       0
   216                           
   217 ;;
   218 ;; Pointer list with targets:
   219                           
   220 ;; lcd_display@m	PTR unsigned char  size(1) Largest target is 8
   221 ;;		 -> STR_1(CODE[8]), 
   222 ;;
   223                           
   224                           
   225 ;;
   226 ;; Critical Paths under _main in COMMON
   227 ;;
   228 ;;   _main->_lcd_display
   229 ;;   _lcd_init->_lcd_cmd
   230 ;;   _lcd_display->_lcd_data
   231 ;;   _lcd_data->_delay
   232 ;;   _lcd_cmd->_delay
   233 ;;
   234 ;; Critical Paths under _main in BANK0
   235 ;;
   236 ;;   None.
   237 ;;
   238 ;; Critical Paths under _main in BANK1
   239 ;;
   240 ;;   None.
   241 ;;
   242 ;; Critical Paths under _main in BANK3
   243 ;;
   244 ;;   None.
   245 ;;
   246 ;; Critical Paths under _main in BANK2
   247 ;;
   248 ;;   None.
   249                           
   250 ;;
   251 ;;Main: autosize = 0, tempsize = 1, incstack = 0, save=0
   252 ;;
   253                           
   254 ;;
   255 ;;Call Graph Tables:
   256 ;;
   257 ;; ---------------------------------------------------------------------------------
   258 ;; (Depth) Function   	        Calls       Base Space   Used Autos Params    Refs
   259 ;; ---------------------------------------------------------------------------------
   260 ;; (0) _main                                                 1     1      0     195
   261 ;;                                              6 COMMON     1     1      0
   262 ;;                           _lcd_init
   263 ;;                              _delay
   264 ;;                        _lcd_display
   265 ;;                            _lcd_cmd
   266 ;;                           _lcd_data
   267 ;; ---------------------------------------------------------------------------------
   268 ;; (1) _lcd_init                                             0     0      0      30
   269 ;;                            _lcd_cmd
   270 ;; ---------------------------------------------------------------------------------
   271 ;; (1) _lcd_display                                          3     3      0      90
   272 ;;                                              3 COMMON     3     3      0
   273 ;;                           _lcd_data
   274 ;; ---------------------------------------------------------------------------------
   275 ;; (1) _lcd_data                                             1     1      0      30
   276 ;;                                              2 COMMON     1     1      0
   277 ;;                              _delay
   278 ;; ---------------------------------------------------------------------------------
   279 ;; (1) _lcd_cmd                                              1     1      0      30
   280 ;;                                              2 COMMON     1     1      0
   281 ;;                              _delay
   282 ;; ---------------------------------------------------------------------------------
   283 ;; (2) _delay                                                2     0      2      15
   284 ;;                                              0 COMMON     2     0      2
   285 ;; ---------------------------------------------------------------------------------
   286 ;; Estimated maximum stack depth 2
   287 ;; ---------------------------------------------------------------------------------
   288                           
   289 ;; Call Graph Graphs:
   290                           
   291 ;; _main (ROOT)
   292 ;;   _lcd_init
   293 ;;     _lcd_cmd
   294 ;;       _delay
   295 ;;   _delay
   296 ;;   _lcd_display
   297 ;;     _lcd_data
   298 ;;       _delay
   299 ;;   _lcd_cmd
   300 ;;     _delay
   301 ;;   _lcd_data
   302 ;;     _delay
   303 ;;
   304                           
   305 ;; Address spaces:
   306                           
   307 ;;Name               Size   Autos  Total    Cost      Usage
   308 ;;BITCOMMON            E      0       0       0        0.0%
   309 ;;EEDATA             100      0       0       0        0.0%
   310 ;;NULL                 0      0       0       0        0.0%
   311 ;;CODE                 0      0       0       0        0.0%
   312 ;;COMMON               E      7       9       1       64.3%
   313 ;;BITSFR0              0      0       0       1        0.0%
   314 ;;SFR0                 0      0       0       1        0.0%
   315 ;;BITSFR1              0      0       0       2        0.0%
   316 ;;SFR1                 0      0       0       2        0.0%
   317 ;;STACK                0      0       3       2        0.0%
   318 ;;ABS                  0      0      1B       3        0.0%
   319 ;;BITBANK0            50      0       0       4        0.0%
   320 ;;BITSFR3              0      0       0       4        0.0%
   321 ;;SFR3                 0      0       0       4        0.0%
   322 ;;BANK0               50      0      12       5       22.5%
   323 ;;BITSFR2              0      0       0       5        0.0%
   324 ;;SFR2                 0      0       0       5        0.0%
   325 ;;BITBANK1            50      0       0       6        0.0%
   326 ;;BANK1               50      0       0       7        0.0%
   327 ;;BITBANK3            60      0       0       8        0.0%
   328 ;;BANK3               60      0       0       9        0.0%
   329 ;;BITBANK2            60      0       0      10        0.0%
   330 ;;BANK2               60      0       0      11        0.0%
   331 ;;DATA                 0      0      1E      12        0.0%
   332                           
   333                           	global	_main
   334                           psect	maintext,global,class=CODE,delta=2
   335                           global __pmaintext
   336  05DA                     __pmaintext:
   337                           
   338 ;; *************** function _main *****************
   339 ;; Defined at:
   340 ;;		line 66 in file "E:\Embedded_Program\Keypad\[4][3]  keypad\keypad.c"
   341 ;; Parameters:    Size  Location     Type
   342 ;;		None
   343 ;; Auto vars:     Size  Location     Type
   344 ;;		None
   345 ;; Return value:  Size  Location     Type
   346 ;;		None               void
   347 ;; Registers used:
   348 ;;		wreg, fsr0l, fsr0h, status,2, status,0, btemp+0, pclath, cstack
   349 ;; Tracked objects:
   350 ;;		On entry : 17F/0
   351 ;;		On exit  : 0/0
   352 ;;		Unchanged: 0/0
   353 ;; Data sizes:     COMMON   BANK0   BANK1   BANK3   BANK2
   354 ;;      Params:         0       0       0       0       0
   355 ;;      Locals:         0       0       0       0       0
   356 ;;      Temps:          1       0       0       0       0
   357 ;;      Totals:         1       0       0       0       0
   358 ;;Total ram usage:        1 bytes
   359 ;; Hardware stack levels required when called:    3
   360 ;; This function calls:
   361 ;;		_lcd_init
   362 ;;		_delay
   363 ;;		_lcd_display
   364 ;;		_lcd_cmd
   365 ;;		_lcd_data
   366 ;; This function is called by:
   367 ;;		Startup code after reset
   368 ;; This function uses a non-reentrant model
   369 ;;
   370                           psect	maintext
   371                           	file	"E:\Embedded_Program\Keypad\[4][3]  keypad\keypad.c"
   372                           	line	66
   373                           	global	__size_of_main
   374  0226                     	__size_of_main	equ	__end_of_main-_main
   375                           	
   376  05DA                     _main:	
   377                           	opt	stack 8
   378                           ; Regs used in _main: [wreg-fsr0h+status,2-btemp+0+pclath+cstack]
   379                           	line	67
   380                           	
   381  05DA                     l1797:	
   382                           ;keypad.c: 67: TRISB = 0xF8;
   383  05DA  30F8               	movlw	(0F8h)
   384  05DB  1683               	bsf	status, 5	;RP0=1, select bank1
   385  05DC  1303               	bcf	status, 6	;RP1=0, select bank1
   386  05DD  0086               	movwf	(134)^080h	;volatile
   387                           	line	68
   388                           	
   389  05DE                     l1799:	
   390                           ;keypad.c: 68: TRISC = 0x00;
   391  05DE  0187               	clrf	(135)^080h	;volatile
   392                           	line	69
   393                           	
   394  05DF                     l1801:	
   395                           ;keypad.c: 69: TRISD = 0x00;
   396  05DF  0188               	clrf	(136)^080h	;volatile
   397                           	line	70
   398                           	
   399  05E0                     l1803:	
   400                           ;keypad.c: 70: PORTB = PORTC = PORTD = 0x00;
   401  05E0  1283               	bcf	status, 5	;RP0=0, select bank0
   402  05E1  1303               	bcf	status, 6	;RP1=0, select bank0
   403  05E2  0188               	clrf	(8)	;volatile
   404  05E3  0187               	clrf	(7)	;volatile
   405  05E4  0186               	clrf	(6)	;volatile
   406                           	line	72
   407                           	
   408  05E5                     l1805:	
   409                           ;keypad.c: 72: lcd_init();
   410  05E5  120A  118A  258E   	fcall	_lcd_init
              120A  118A         
   411                           	line	73
   412                           	
   413  05EA                     l1807:	
   414                           ;keypad.c: 73: delay(1000);
   415  05EA  30E8               	movlw	low(03E8h)
   416  05EB  00F0               	movwf	(?_delay)
   417  05EC  3003               	movlw	high(03E8h)
   418  05ED  00F1               	movwf	((?_delay))+1
   419  05EE  120A  118A  2552   	fcall	_delay
              120A  118A         
   420                           	line	75
   421                           	
   422  05F3                     l1809:	
   423                           ;keypad.c: 75: lcd_display("WELCOME");
   424  05F3  3001               	movlw	((STR_1-__stringbase))&0ffh
   425  05F4  120A  118A  25B3   	fcall	_lcd_display
              120A  118A         
   426                           	line	76
   427                           	
   428  05F9                     l1811:	
   429                           ;keypad.c: 76: delay(5000);
   430  05F9  3088               	movlw	low(01388h)
   431  05FA  00F0               	movwf	(?_delay)
   432  05FB  3013               	movlw	high(01388h)
   433  05FC  00F1               	movwf	((?_delay))+1
   434  05FD  120A  118A  2552   	fcall	_delay
              120A  118A         
   435                           	line	77
   436                           ;keypad.c: 77: while(1)
   437                           	
   438  0602                     l584:	
   439                           	line	81
   440                           	
   441  0602                     l1813:	
   442                           ;keypad.c: 78: {
   443                           ;keypad.c: 81: lcd_cmd(0xC0);
   444  0602  30C0               	movlw	(0C0h)
   445  0603  120A  118A  2564   	fcall	_lcd_cmd
              120A  118A         
   446                           	line	82
   447                           	
   448  0608                     l1815:	
   449                           ;keypad.c: 82: lcd_cmd(0x0F);
   450  0608  300F               	movlw	(0Fh)
   451  0609  120A  118A  2564   	fcall	_lcd_cmd
              120A  118A         
   452                           	line	83
   453                           	
   454  060E                     l1817:	
   455                           ;keypad.c: 83: lcd_cmd(0x06);
   456  060E  3006               	movlw	(06h)
   457  060F  120A  118A  2564   	fcall	_lcd_cmd
              120A  118A         
   458                           	line	84
   459                           	
   460  0614                     l1819:	
   461                           ;keypad.c: 84: RB3=1;
   462  0614  1283               	bcf	status, 5	;RP0=0, select bank0
   463  0615  1303               	bcf	status, 6	;RP1=0, select bank0
   464  0616  1586               	bsf	(51/8),(51)&7
   465                           	line	85
   466                           	
   467  0617                     l1821:	
   468                           ;keypad.c: 85: RB4=0;
   469  0617  1206               	bcf	(52/8),(52)&7
   470                           	line	86
   471                           	
   472  0618                     l1823:	
   473                           ;keypad.c: 86: RB5=0;
   474  0618  1286               	bcf	(53/8),(53)&7
   475                           	line	87
   476                           	
   477  0619                     l1825:	
   478                           ;keypad.c: 87: RB6=0;
   479  0619  1306               	bcf	(54/8),(54)&7
   480                           	line	88
   481                           	
   482  061A                     l1827:	
   483                           ;keypad.c: 88: if(RB0==1)
   484  061A  1C06               	btfss	(48/8),(48)&7
   485  061B  2E1D               	goto	u2161
   486  061C  2E1E               	goto	u2160
   487  061D                     u2161:
   488  061D  2E40               	goto	l585
   489  061E                     u2160:
   490                           	line	91
   491                           	
   492  061E                     l1829:	
   493                           ;keypad.c: 89: {
   494                           ;keypad.c: 91: lcd_data('1');
   495  061E  3031               	movlw	(031h)
   496  061F  120A  118A  2579   	fcall	_lcd_data
              120A  118A         
   497                           	line	92
   498                           	
   499  0624                     l1831:	
   500                           ;keypad.c: 92: a[i]=1;
   501  0624  0877               	movf	(_i),w
   502  0625  00F6               	movwf	(??_main+0)+0
   503  0626  0776               	addwf	(??_main+0)+0,w
   504  0627  3E20               	addlw	_a&0ffh
   505  0628  0084               	movwf	fsr0
   506  0629  3001               	movlw	low(01h)
   507  062A  1383               	bcf	status, 7	;select IRP bank0
   508  062B  0080               	movwf	indf
   509  062C  0A84               	incf	fsr0,f
   510  062D  3000               	movlw	high(01h)
   511  062E  0080               	movwf	indf
   512                           	line	93
   513                           	
   514  062F                     l1833:	
   515                           ;keypad.c: 93: i=i+1;delay(50000);
   516  062F  0877               	movf	(_i),w
   517  0630  3E01               	addlw	low(01h)
   518  0631  00F7               	movwf	(_i)
   519  0632  0878               	movf	(_i+1),w
   520  0633  1803               	skipnc
   521  0634  3E01               	addlw	1
   522  0635  3E00               	addlw	high(01h)
   523  0636  00F8               	movwf	1+(_i)
   524                           	
   525  0637                     l1835:	
   526  0637  3050               	movlw	low(0C350h)
   527  0638  00F0               	movwf	(?_delay)
   528  0639  30C3               	movlw	high(0C350h)
   529  063A  00F1               	movwf	((?_delay))+1
   530  063B  120A  118A  2552   	fcall	_delay
              120A  118A         
   531                           	line	94
   532                           	
   533  0640                     l585:	
   534                           	line	95
   535                           	
   536  0640                     l1837:	
   537                           ;keypad.c: 94: }
   538                           ;keypad.c: 95: if(RB1==1)
   539  0640  1283               	bcf	status, 5	;RP0=0, select bank0
   540  0641  1303               	bcf	status, 6	;RP1=0, select bank0
   541  0642  1C86               	btfss	(49/8),(49)&7
   542  0643  2E45               	goto	u2171
   543  0644  2E46               	goto	u2170
   544  0645                     u2171:
   545  0645  2E68               	goto	l586
   546  0646                     u2170:
   547                           	line	97
   548                           	
   549  0646                     l1839:	
   550                           ;keypad.c: 96: {
   551                           ;keypad.c: 97: lcd_data('2');
   552  0646  3032               	movlw	(032h)
   553  0647  120A  118A  2579   	fcall	_lcd_data
              120A  118A         
   554                           	line	98
   555                           	
   556  064C                     l1841:	
   557                           ;keypad.c: 98: a[i]=2;
   558  064C  0877               	movf	(_i),w
   559  064D  00F6               	movwf	(??_main+0)+0
   560  064E  0776               	addwf	(??_main+0)+0,w
   561  064F  3E20               	addlw	_a&0ffh
   562  0650  0084               	movwf	fsr0
   563  0651  3002               	movlw	low(02h)
   564  0652  1383               	bcf	status, 7	;select IRP bank0
   565  0653  0080               	movwf	indf
   566  0654  0A84               	incf	fsr0,f
   567  0655  3000               	movlw	high(02h)
   568  0656  0080               	movwf	indf
   569                           	line	99
   570                           	
   571  0657                     l1843:	
   572                           ;keypad.c: 99: i=i+1;delay(50000);
   573  0657  0877               	movf	(_i),w
   574  0658  3E01               	addlw	low(01h)
   575  0659  00F7               	movwf	(_i)
   576  065A  0878               	movf	(_i+1),w
   577  065B  1803               	skipnc
   578  065C  3E01               	addlw	1
   579  065D  3E00               	addlw	high(01h)
   580  065E  00F8               	movwf	1+(_i)
   581                           	
   582  065F                     l1845:	
   583  065F  3050               	movlw	low(0C350h)
   584  0660  00F0               	movwf	(?_delay)
   585  0661  30C3               	movlw	high(0C350h)
   586  0662  00F1               	movwf	((?_delay))+1
   587  0663  120A  118A  2552   	fcall	_delay
              120A  118A         
   588                           	line	100
   589                           	
   590  0668                     l586:	
   591                           	line	101
   592                           	
   593  0668                     l1847:	
   594                           ;keypad.c: 100: }
   595                           ;keypad.c: 101: if(RB2==1)
   596  0668  1283               	bcf	status, 5	;RP0=0, select bank0
   597  0669  1303               	bcf	status, 6	;RP1=0, select bank0
   598  066A  1D06               	btfss	(50/8),(50)&7
   599  066B  2E6D               	goto	u2181
   600  066C  2E6E               	goto	u2180
   601  066D                     u2181:
   602  066D  2E90               	goto	l587
   603  066E                     u2180:
   604                           	line	103
   605                           	
   606  066E                     l1849:	
   607                           ;keypad.c: 102: {
   608                           ;keypad.c: 103: lcd_data('3');
   609  066E  3033               	movlw	(033h)
   610  066F  120A  118A  2579   	fcall	_lcd_data
              120A  118A         
   611                           	line	104
   612                           	
   613  0674                     l1851:	
   614                           ;keypad.c: 104: a[i]=3;
   615  0674  0877               	movf	(_i),w
   616  0675  00F6               	movwf	(??_main+0)+0
   617  0676  0776               	addwf	(??_main+0)+0,w
   618  0677  3E20               	addlw	_a&0ffh
   619  0678  0084               	movwf	fsr0
   620  0679  3003               	movlw	low(03h)
   621  067A  1383               	bcf	status, 7	;select IRP bank0
   622  067B  0080               	movwf	indf
   623  067C  0A84               	incf	fsr0,f
   624  067D  3000               	movlw	high(03h)
   625  067E  0080               	movwf	indf
   626                           	line	105
   627                           	
   628  067F                     l1853:	
   629                           ;keypad.c: 105: i=i+1;delay(50000);
   630  067F  0877               	movf	(_i),w
   631  0680  3E01               	addlw	low(01h)
   632  0681  00F7               	movwf	(_i)
   633  0682  0878               	movf	(_i+1),w
   634  0683  1803               	skipnc
   635  0684  3E01               	addlw	1
   636  0685  3E00               	addlw	high(01h)
   637  0686  00F8               	movwf	1+(_i)
   638                           	
   639  0687                     l1855:	
   640  0687  3050               	movlw	low(0C350h)
   641  0688  00F0               	movwf	(?_delay)
   642  0689  30C3               	movlw	high(0C350h)
   643  068A  00F1               	movwf	((?_delay))+1
   644  068B  120A  118A  2552   	fcall	_delay
              120A  118A         
   645                           	line	106
   646                           	
   647  0690                     l587:	
   648                           	line	108
   649                           	
   650  0690                     l1857:	
   651                           ;keypad.c: 106: }
   652                           ;keypad.c: 108: RB3=0;
   653  0690  1283               	bcf	status, 5	;RP0=0, select bank0
   654  0691  1303               	bcf	status, 6	;RP1=0, select bank0
   655  0692  1186               	bcf	(51/8),(51)&7
   656                           	line	109
   657                           	
   658  0693                     l1859:	
   659                           ;keypad.c: 109: RB4=1;
   660  0693  1606               	bsf	(52/8),(52)&7
   661                           	line	110
   662                           	
   663  0694                     l1861:	
   664                           ;keypad.c: 110: RB5=0;
   665  0694  1286               	bcf	(53/8),(53)&7
   666                           	line	111
   667                           	
   668  0695                     l1863:	
   669                           ;keypad.c: 111: RB6=0;
   670  0695  1306               	bcf	(54/8),(54)&7
   671                           	line	112
   672                           	
   673  0696                     l1865:	
   674                           ;keypad.c: 112: if(RB0==1)
   675  0696  1C06               	btfss	(48/8),(48)&7
   676  0697  2E99               	goto	u2191
   677  0698  2E9A               	goto	u2190
   678  0699                     u2191:
   679  0699  2EBC               	goto	l588
   680  069A                     u2190:
   681                           	line	114
   682                           	
   683  069A                     l1867:	
   684                           ;keypad.c: 113: {
   685                           ;keypad.c: 114: lcd_data('4');a[i]=4;
   686  069A  3034               	movlw	(034h)
   687  069B  120A  118A  2579   	fcall	_lcd_data
              120A  118A         
   688                           	
   689  06A0                     l1869:	
   690  06A0  0877               	movf	(_i),w
   691  06A1  00F6               	movwf	(??_main+0)+0
   692  06A2  0776               	addwf	(??_main+0)+0,w
   693  06A3  3E20               	addlw	_a&0ffh
   694  06A4  0084               	movwf	fsr0
   695  06A5  3004               	movlw	low(04h)
   696  06A6  1383               	bcf	status, 7	;select IRP bank0
   697  06A7  0080               	movwf	indf
   698  06A8  0A84               	incf	fsr0,f
   699  06A9  3000               	movlw	high(04h)
   700  06AA  0080               	movwf	indf
   701                           	line	115
   702                           	
   703  06AB                     l1871:	
   704                           ;keypad.c: 115: i=i+1;delay(50000);
   705  06AB  0877               	movf	(_i),w
   706  06AC  3E01               	addlw	low(01h)
   707  06AD  00F7               	movwf	(_i)
   708  06AE  0878               	movf	(_i+1),w
   709  06AF  1803               	skipnc
   710  06B0  3E01               	addlw	1
   711  06B1  3E00               	addlw	high(01h)
   712  06B2  00F8               	movwf	1+(_i)
   713                           	
   714  06B3                     l1873:	
   715  06B3  3050               	movlw	low(0C350h)
   716  06B4  00F0               	movwf	(?_delay)
   717  06B5  30C3               	movlw	high(0C350h)
   718  06B6  00F1               	movwf	((?_delay))+1
   719  06B7  120A  118A  2552   	fcall	_delay
              120A  118A         
   720                           	line	116
   721                           	
   722  06BC                     l588:	
   723                           	line	117
   724                           	
   725  06BC                     l1875:	
   726                           ;keypad.c: 116: }
   727                           ;keypad.c: 117: if(RB1==1)
   728  06BC  1283               	bcf	status, 5	;RP0=0, select bank0
   729  06BD  1303               	bcf	status, 6	;RP1=0, select bank0
   730  06BE  1C86               	btfss	(49/8),(49)&7
   731  06BF  2EC1               	goto	u2201
   732  06C0  2EC2               	goto	u2200
   733  06C1                     u2201:
   734  06C1  2EE4               	goto	l589
   735  06C2                     u2200:
   736                           	line	120
   737                           	
   738  06C2                     l1877:	
   739                           ;keypad.c: 118: {
   740                           ;keypad.c: 120: lcd_data('5');
   741  06C2  3035               	movlw	(035h)
   742  06C3  120A  118A  2579   	fcall	_lcd_data
              120A  118A         
   743                           	line	121
   744                           	
   745  06C8                     l1879:	
   746                           ;keypad.c: 121: a[i]=5;
   747  06C8  0877               	movf	(_i),w
   748  06C9  00F6               	movwf	(??_main+0)+0
   749  06CA  0776               	addwf	(??_main+0)+0,w
   750  06CB  3E20               	addlw	_a&0ffh
   751  06CC  0084               	movwf	fsr0
   752  06CD  3005               	movlw	low(05h)
   753  06CE  1383               	bcf	status, 7	;select IRP bank0
   754  06CF  0080               	movwf	indf
   755  06D0  0A84               	incf	fsr0,f
   756  06D1  3000               	movlw	high(05h)
   757  06D2  0080               	movwf	indf
   758                           	line	122
   759                           	
   760  06D3                     l1881:	
   761                           ;keypad.c: 122: i=i+1;delay(50000);
   762  06D3  0877               	movf	(_i),w
   763  06D4  3E01               	addlw	low(01h)
   764  06D5  00F7               	movwf	(_i)
   765  06D6  0878               	movf	(_i+1),w
   766  06D7  1803               	skipnc
   767  06D8  3E01               	addlw	1
   768  06D9  3E00               	addlw	high(01h)
   769  06DA  00F8               	movwf	1+(_i)
   770                           	
   771  06DB                     l1883:	
   772  06DB  3050               	movlw	low(0C350h)
   773  06DC  00F0               	movwf	(?_delay)
   774  06DD  30C3               	movlw	high(0C350h)
   775  06DE  00F1               	movwf	((?_delay))+1
   776  06DF  120A  118A  2552   	fcall	_delay
              120A  118A         
   777                           	line	123
   778                           	
   779  06E4                     l589:	
   780                           	line	124
   781                           	
   782  06E4                     l1885:	
   783                           ;keypad.c: 123: }
   784                           ;keypad.c: 124: if(RB2==1)
   785  06E4  1283               	bcf	status, 5	;RP0=0, select bank0
   786  06E5  1303               	bcf	status, 6	;RP1=0, select bank0
   787  06E6  1D06               	btfss	(50/8),(50)&7
   788  06E7  2EE9               	goto	u2211
   789  06E8  2EEA               	goto	u2210
   790  06E9                     u2211:
   791  06E9  2F0C               	goto	l590
   792  06EA                     u2210:
   793                           	line	127
   794                           	
   795  06EA                     l1887:	
   796                           ;keypad.c: 125: {
   797                           ;keypad.c: 127: lcd_data('6');
   798  06EA  3036               	movlw	(036h)
   799  06EB  120A  118A  2579   	fcall	_lcd_data
              120A  118A         
   800                           	line	128
   801                           	
   802  06F0                     l1889:	
   803                           ;keypad.c: 128: a[i]=6;
   804  06F0  0877               	movf	(_i),w
   805  06F1  00F6               	movwf	(??_main+0)+0
   806  06F2  0776               	addwf	(??_main+0)+0,w
   807  06F3  3E20               	addlw	_a&0ffh
   808  06F4  0084               	movwf	fsr0
   809  06F5  3006               	movlw	low(06h)
   810  06F6  1383               	bcf	status, 7	;select IRP bank0
   811  06F7  0080               	movwf	indf
   812  06F8  0A84               	incf	fsr0,f
   813  06F9  3000               	movlw	high(06h)
   814  06FA  0080               	movwf	indf
   815                           	line	129
   816                           	
   817  06FB                     l1891:	
   818                           ;keypad.c: 129: i=i+1;delay(50000);
   819  06FB  0877               	movf	(_i),w
   820  06FC  3E01               	addlw	low(01h)
   821  06FD  00F7               	movwf	(_i)
   822  06FE  0878               	movf	(_i+1),w
   823  06FF  1803               	skipnc
   824  0700  3E01               	addlw	1
   825  0701  3E00               	addlw	high(01h)
   826  0702  00F8               	movwf	1+(_i)
   827                           	
   828  0703                     l1893:	
   829  0703  3050               	movlw	low(0C350h)
   830  0704  00F0               	movwf	(?_delay)
   831  0705  30C3               	movlw	high(0C350h)
   832  0706  00F1               	movwf	((?_delay))+1
   833  0707  120A  118A  2552   	fcall	_delay
              120A  118A         
   834                           	line	130
   835                           	
   836  070C                     l590:	
   837                           	line	132
   838                           	
   839  070C                     l1895:	
   840                           ;keypad.c: 130: }
   841                           ;keypad.c: 132: RB3=0;
   842  070C  1283               	bcf	status, 5	;RP0=0, select bank0
   843  070D  1303               	bcf	status, 6	;RP1=0, select bank0
   844  070E  1186               	bcf	(51/8),(51)&7
   845                           	line	133
   846                           	
   847  070F                     l1897:	
   848                           ;keypad.c: 133: RB4=0;
   849  070F  1206               	bcf	(52/8),(52)&7
   850                           	line	134
   851                           	
   852  0710                     l1899:	
   853                           ;keypad.c: 134: RB5=1;
   854  0710  1686               	bsf	(53/8),(53)&7
   855                           	line	135
   856                           	
   857  0711                     l1901:	
   858                           ;keypad.c: 135: RB6=0;
   859  0711  1306               	bcf	(54/8),(54)&7
   860                           	line	136
   861                           	
   862  0712                     l1903:	
   863                           ;keypad.c: 136: if(RB0==1)
   864  0712  1C06               	btfss	(48/8),(48)&7
   865  0713  2F15               	goto	u2221
   866  0714  2F16               	goto	u2220
   867  0715                     u2221:
   868  0715  2F38               	goto	l591
   869  0716                     u2220:
   870                           	line	139
   871                           	
   872  0716                     l1905:	
   873                           ;keypad.c: 137: {
   874                           ;keypad.c: 139: lcd_data('7');
   875  0716  3037               	movlw	(037h)
   876  0717  120A  118A  2579   	fcall	_lcd_data
              120A  118A         
   877                           	line	140
   878                           	
   879  071C                     l1907:	
   880                           ;keypad.c: 140: a[i]=7;
   881  071C  0877               	movf	(_i),w
   882  071D  00F6               	movwf	(??_main+0)+0
   883  071E  0776               	addwf	(??_main+0)+0,w
   884  071F  3E20               	addlw	_a&0ffh
   885  0720  0084               	movwf	fsr0
   886  0721  3007               	movlw	low(07h)
   887  0722  1383               	bcf	status, 7	;select IRP bank0
   888  0723  0080               	movwf	indf
   889  0724  0A84               	incf	fsr0,f
   890  0725  3000               	movlw	high(07h)
   891  0726  0080               	movwf	indf
   892                           	line	141
   893                           	
   894  0727                     l1909:	
   895                           ;keypad.c: 141: i=i+1;delay(50000);
   896  0727  0877               	movf	(_i),w
   897  0728  3E01               	addlw	low(01h)
   898  0729  00F7               	movwf	(_i)
   899  072A  0878               	movf	(_i+1),w
   900  072B  1803               	skipnc
   901  072C  3E01               	addlw	1
   902  072D  3E00               	addlw	high(01h)
   903  072E  00F8               	movwf	1+(_i)
   904                           	
   905  072F                     l1911:	
   906  072F  3050               	movlw	low(0C350h)
   907  0730  00F0               	movwf	(?_delay)
   908  0731  30C3               	movlw	high(0C350h)
   909  0732  00F1               	movwf	((?_delay))+1
   910  0733  120A  118A  2552   	fcall	_delay
              120A  118A         
   911                           	line	142
   912                           	
   913  0738                     l591:	
   914                           	line	143
   915                           	
   916  0738                     l1913:	
   917                           ;keypad.c: 142: }
   918                           ;keypad.c: 143: if(RB1==1)
   919  0738  1283               	bcf	status, 5	;RP0=0, select bank0
   920  0739  1303               	bcf	status, 6	;RP1=0, select bank0
   921  073A  1C86               	btfss	(49/8),(49)&7
   922  073B  2F3D               	goto	u2231
   923  073C  2F3E               	goto	u2230
   924  073D                     u2231:
   925  073D  2F60               	goto	l592
   926  073E                     u2230:
   927                           	line	146
   928                           	
   929  073E                     l1915:	
   930                           ;keypad.c: 144: {
   931                           ;keypad.c: 146: lcd_data('8');
   932  073E  3038               	movlw	(038h)
   933  073F  120A  118A  2579   	fcall	_lcd_data
              120A  118A         
   934                           	line	147
   935                           	
   936  0744                     l1917:	
   937                           ;keypad.c: 147: a[i]=8;
   938  0744  0877               	movf	(_i),w
   939  0745  00F6               	movwf	(??_main+0)+0
   940  0746  0776               	addwf	(??_main+0)+0,w
   941  0747  3E20               	addlw	_a&0ffh
   942  0748  0084               	movwf	fsr0
   943  0749  3008               	movlw	low(08h)
   944  074A  1383               	bcf	status, 7	;select IRP bank0
   945  074B  0080               	movwf	indf
   946  074C  0A84               	incf	fsr0,f
   947  074D  3000               	movlw	high(08h)
   948  074E  0080               	movwf	indf
   949                           	line	148
   950                           	
   951  074F                     l1919:	
   952                           ;keypad.c: 148: i=i+1;delay(50000);
   953  074F  0877               	movf	(_i),w
   954  0750  3E01               	addlw	low(01h)
   955  0751  00F7               	movwf	(_i)
   956  0752  0878               	movf	(_i+1),w
   957  0753  1803               	skipnc
   958  0754  3E01               	addlw	1
   959  0755  3E00               	addlw	high(01h)
   960  0756  00F8               	movwf	1+(_i)
   961                           	
   962  0757                     l1921:	
   963  0757  3050               	movlw	low(0C350h)
   964  0758  00F0               	movwf	(?_delay)
   965  0759  30C3               	movlw	high(0C350h)
   966  075A  00F1               	movwf	((?_delay))+1
   967  075B  120A  118A  2552   	fcall	_delay
              120A  118A         
   968                           	line	149
   969                           	
   970  0760                     l592:	
   971                           	line	150
   972                           	
   973  0760                     l1923:	
   974                           ;keypad.c: 149: }
   975                           ;keypad.c: 150: if(RB2==1)
   976  0760  1283               	bcf	status, 5	;RP0=0, select bank0
   977  0761  1303               	bcf	status, 6	;RP1=0, select bank0
   978  0762  1D06               	btfss	(50/8),(50)&7
   979  0763  2F65               	goto	u2241
   980  0764  2F66               	goto	u2240
   981  0765                     u2241:
   982  0765  2F88               	goto	l593
   983  0766                     u2240:
   984                           	line	153
   985                           	
   986  0766                     l1925:	
   987                           ;keypad.c: 151: {
   988                           ;keypad.c: 153: lcd_data('9');
   989  0766  3039               	movlw	(039h)
   990  0767  120A  118A  2579   	fcall	_lcd_data
              120A  118A         
   991                           	line	154
   992                           	
   993  076C                     l1927:	
   994                           ;keypad.c: 154: a[i]=9;
   995  076C  0877               	movf	(_i),w
   996  076D  00F6               	movwf	(??_main+0)+0
   997  076E  0776               	addwf	(??_main+0)+0,w
   998  076F  3E20               	addlw	_a&0ffh
   999  0770  0084               	movwf	fsr0
  1000  0771  3009               	movlw	low(09h)
  1001  0772  1383               	bcf	status, 7	;select IRP bank0
  1002  0773  0080               	movwf	indf
  1003  0774  0A84               	incf	fsr0,f
  1004  0775  3000               	movlw	high(09h)
  1005  0776  0080               	movwf	indf
  1006                           	line	155
  1007                           	
  1008  0777                     l1929:	
  1009                           ;keypad.c: 155: i=i+1;delay(50000);
  1010  0777  0877               	movf	(_i),w
  1011  0778  3E01               	addlw	low(01h)
  1012  0779  00F7               	movwf	(_i)
  1013  077A  0878               	movf	(_i+1),w
  1014  077B  1803               	skipnc
  1015  077C  3E01               	addlw	1
  1016  077D  3E00               	addlw	high(01h)
  1017  077E  00F8               	movwf	1+(_i)
  1018                           	
  1019  077F                     l1931:	
  1020  077F  3050               	movlw	low(0C350h)
  1021  0780  00F0               	movwf	(?_delay)
  1022  0781  30C3               	movlw	high(0C350h)
  1023  0782  00F1               	movwf	((?_delay))+1
  1024  0783  120A  118A  2552   	fcall	_delay
              120A  118A         
  1025                           	line	156
  1026                           	
  1027  0788                     l593:	
  1028                           	line	159
  1029                           	
  1030  0788                     l1933:	
  1031                           ;keypad.c: 156: }
  1032                           ;keypad.c: 159: RB3=0;
  1033  0788  1283               	bcf	status, 5	;RP0=0, select bank0
  1034  0789  1303               	bcf	status, 6	;RP1=0, select bank0
  1035  078A  1186               	bcf	(51/8),(51)&7
  1036                           	line	160
  1037                           	
  1038  078B                     l1935:	
  1039                           ;keypad.c: 160: RB4=0;
  1040  078B  1206               	bcf	(52/8),(52)&7
  1041                           	line	161
  1042                           	
  1043  078C                     l1937:	
  1044                           ;keypad.c: 161: RB5=0;
  1045  078C  1286               	bcf	(53/8),(53)&7
  1046                           	line	162
  1047                           	
  1048  078D                     l1939:	
  1049                           ;keypad.c: 162: RB6=1;
  1050  078D  1706               	bsf	(54/8),(54)&7
  1051                           	line	163
  1052                           	
  1053  078E                     l1941:	
  1054                           ;keypad.c: 163: if(RB0==1)
  1055  078E  1C06               	btfss	(48/8),(48)&7
  1056  078F  2F91               	goto	u2251
  1057  0790  2F92               	goto	u2250
  1058  0791                     u2251:
  1059  0791  2FA9               	goto	l594
  1060  0792                     u2250:
  1061                           	line	166
  1062                           	
  1063  0792                     l1943:	
  1064                           ;keypad.c: 164: {
  1065                           ;keypad.c: 166: lcd_data('*');
  1066  0792  302A               	movlw	(02Ah)
  1067  0793  120A  118A  2579   	fcall	_lcd_data
              120A  118A         
  1068                           	line	168
  1069                           	
  1070  0798                     l1945:	
  1071                           ;keypad.c: 168: i=i+1;delay(50000);
  1072  0798  0877               	movf	(_i),w
  1073  0799  3E01               	addlw	low(01h)
  1074  079A  00F7               	movwf	(_i)
  1075  079B  0878               	movf	(_i+1),w
  1076  079C  1803               	skipnc
  1077  079D  3E01               	addlw	1
  1078  079E  3E00               	addlw	high(01h)
  1079  079F  00F8               	movwf	1+(_i)
  1080                           	
  1081  07A0                     l1947:	
  1082  07A0  3050               	movlw	low(0C350h)
  1083  07A1  00F0               	movwf	(?_delay)
  1084  07A2  30C3               	movlw	high(0C350h)
  1085  07A3  00F1               	movwf	((?_delay))+1
  1086  07A4  120A  118A  2552   	fcall	_delay
              120A  118A         
  1087                           	line	169
  1088                           	
  1089  07A9                     l594:	
  1090                           	line	170
  1091                           	
  1092  07A9                     l1949:	
  1093                           ;keypad.c: 169: }
  1094                           ;keypad.c: 170: if(RB1==1)
  1095  07A9  1283               	bcf	status, 5	;RP0=0, select bank0
  1096  07AA  1303               	bcf	status, 6	;RP1=0, select bank0
  1097  07AB  1C86               	btfss	(49/8),(49)&7
  1098  07AC  2FAE               	goto	u2261
  1099  07AD  2FAF               	goto	u2260
  1100  07AE                     u2261:
  1101  07AE  2FD1               	goto	l595
  1102  07AF                     u2260:
  1103                           	line	173
  1104                           	
  1105  07AF                     l1951:	
  1106                           ;keypad.c: 171: {
  1107                           ;keypad.c: 173: lcd_data('0');
  1108  07AF  3030               	movlw	(030h)
  1109  07B0  120A  118A  2579   	fcall	_lcd_data
              120A  118A         
  1110                           	line	174
  1111                           	
  1112  07B5                     l1953:	
  1113                           ;keypad.c: 174: a[i]=0;
  1114  07B5  0877               	movf	(_i),w
  1115  07B6  00F6               	movwf	(??_main+0)+0
  1116  07B7  0776               	addwf	(??_main+0)+0,w
  1117  07B8  3E20               	addlw	_a&0ffh
  1118  07B9  0084               	movwf	fsr0
  1119  07BA  3000               	movlw	low(0)
  1120  07BB  1383               	bcf	status, 7	;select IRP bank0
  1121  07BC  0080               	movwf	indf
  1122  07BD  0A84               	incf	fsr0,f
  1123  07BE  3000               	movlw	high(0)
  1124  07BF  0080               	movwf	indf
  1125                           	line	175
  1126                           	
  1127  07C0                     l1955:	
  1128                           ;keypad.c: 175: i=i+1;delay(50000);
  1129  07C0  0877               	movf	(_i),w
  1130  07C1  3E01               	addlw	low(01h)
  1131  07C2  00F7               	movwf	(_i)
  1132  07C3  0878               	movf	(_i+1),w
  1133  07C4  1803               	skipnc
  1134  07C5  3E01               	addlw	1
  1135  07C6  3E00               	addlw	high(01h)
  1136  07C7  00F8               	movwf	1+(_i)
  1137                           	
  1138  07C8                     l1957:	
  1139  07C8  3050               	movlw	low(0C350h)
  1140  07C9  00F0               	movwf	(?_delay)
  1141  07CA  30C3               	movlw	high(0C350h)
  1142  07CB  00F1               	movwf	((?_delay))+1
  1143  07CC  120A  118A  2552   	fcall	_delay
              120A  118A         
  1144                           	line	176
  1145                           	
  1146  07D1                     l595:	
  1147                           	line	177
  1148                           	
  1149  07D1                     l1959:	
  1150                           ;keypad.c: 176: }
  1151                           ;keypad.c: 177: if(RB2==1)
  1152  07D1  1283               	bcf	status, 5	;RP0=0, select bank0
  1153  07D2  1303               	bcf	status, 6	;RP1=0, select bank0
  1154  07D3  1D06               	btfss	(50/8),(50)&7
  1155  07D4  2FD6               	goto	u2271
  1156  07D5  2FD7               	goto	u2270
  1157  07D6                     u2271:
  1158  07D6  2FEE               	goto	l596
  1159  07D7                     u2270:
  1160                           	line	180
  1161                           	
  1162  07D7                     l1961:	
  1163                           ;keypad.c: 178: {
  1164                           ;keypad.c: 180: lcd_data('#');
  1165  07D7  3023               	movlw	(023h)
  1166  07D8  120A  118A  2579   	fcall	_lcd_data
              120A  118A         
  1167                           	line	182
  1168                           	
  1169  07DD                     l1963:	
  1170                           ;keypad.c: 182: i=i+1;delay(50000);
  1171  07DD  0877               	movf	(_i),w
  1172  07DE  3E01               	addlw	low(01h)
  1173  07DF  00F7               	movwf	(_i)
  1174  07E0  0878               	movf	(_i+1),w
  1175  07E1  1803               	skipnc
  1176  07E2  3E01               	addlw	1
  1177  07E3  3E00               	addlw	high(01h)
  1178  07E4  00F8               	movwf	1+(_i)
  1179                           	
  1180  07E5                     l1965:	
  1181  07E5  3050               	movlw	low(0C350h)
  1182  07E6  00F0               	movwf	(?_delay)
  1183  07E7  30C3               	movlw	high(0C350h)
  1184  07E8  00F1               	movwf	((?_delay))+1
  1185  07E9  120A  118A  2552   	fcall	_delay
              120A  118A         
  1186                           	line	183
  1187                           	
  1188  07EE                     l596:	
  1189                           	line	184
  1190                           	
  1191  07EE                     l1967:	
  1192                           ;keypad.c: 183: }
  1193                           ;keypad.c: 184: if(i>9)
  1194  07EE  0878               	movf	(_i+1),w
  1195  07EF  3A80               	xorlw	80h
  1196  07F0  00FE               	movwf	btemp+0
  1197  07F1  3080               	movlw	(high(0Ah))^80h
  1198  07F2  027E               	subwf	btemp+0,w
  1199  07F3  1D03               	skipz
  1200  07F4  2FF7               	goto	u2285
  1201  07F5  300A               	movlw	low(0Ah)
  1202  07F6  0277               	subwf	(_i),w
  1203  07F7                     u2285:
  1204                           
  1205  07F7  1C03               	skipc
  1206  07F8  2FFA               	goto	u2281
  1207  07F9  2FFB               	goto	u2280
  1208  07FA                     u2281:
  1209  07FA  2FFC               	goto	l597
  1210  07FB                     u2280:
  1211                           	line	186
  1212                           	
  1213  07FB                     l1969:	
  1214                           ;keypad.c: 185: {
  1215                           ;keypad.c: 186: break;
  1216  07FB  2FFD               	goto	l598
  1217                           	line	187
  1218                           	
  1219  07FC                     l597:	
  1220                           	line	188
  1221                           	
  1222  07FC                     l599:	
  1223                           	line	77
  1224  07FC  2E02               	goto	l584
  1225                           	
  1226  07FD                     l598:	
  1227                           	line	189
  1228                           	
  1229  07FD                     l600:	
  1230                           	global	start
  1231  07FD  120A  118A  2800   	ljmp	start
  1232                           	opt stack 0
  1233                           GLOBAL	__end_of_main
  1234  0800                     	__end_of_main:
  1235 ;; =============== function _main ends ============
  1236                           
  1237                           	signat	_main,88
  1238                           	global	_lcd_init
  1239                           psect	text91,local,class=CODE,delta=2
  1240                           global __ptext91
  1241  058E                     __ptext91:
  1242                           
  1243 ;; *************** function _lcd_init *****************
  1244 ;; Defined at:
  1245 ;;		line 56 in file "E:\Embedded_Program\Keypad\[4][3]  keypad\keypad.c"
  1246 ;; Parameters:    Size  Location     Type
  1247 ;;		None
  1248 ;; Auto vars:     Size  Location     Type
  1249 ;;		None
  1250 ;; Return value:  Size  Location     Type
  1251 ;;		None               void
  1252 ;; Registers used:
  1253 ;;		wreg, status,2, status,0, pclath, cstack
  1254 ;; Tracked objects:
  1255 ;;		On entry : 0/0
  1256 ;;		On exit  : 0/0
  1257 ;;		Unchanged: 0/0
  1258 ;; Data sizes:     COMMON   BANK0   BANK1   BANK3   BANK2
  1259 ;;      Params:         0       0       0       0       0
  1260 ;;      Locals:         0       0       0       0       0
  1261 ;;      Temps:          0       0       0       0       0
  1262 ;;      Totals:         0       0       0       0       0
  1263 ;;Total ram usage:        0 bytes
  1264 ;; Hardware stack levels used:    1
  1265 ;; Hardware stack levels required when called:    2
  1266 ;; This function calls:
  1267 ;;		_lcd_cmd
  1268 ;; This function is called by:
  1269 ;;		_main
  1270 ;; This function uses a non-reentrant model
  1271 ;;
  1272                           psect	text91
  1273                           	file	"E:\Embedded_Program\Keypad\[4][3]  keypad\keypad.c"
  1274                           	line	56
  1275                           	global	__size_of_lcd_init
  1276  0025                     	__size_of_lcd_init	equ	__end_of_lcd_init-_lcd_init
  1277                           	
  1278  058E                     _lcd_init:	
  1279                           	opt	stack 7
  1280                           ; Regs used in _lcd_init: [wreg+status,2+status,0+pclath+cstack]
  1281                           	line	57
  1282                           	
  1283  058E                     l1795:	
  1284                           ;keypad.c: 57: lcd_cmd(0x38);
  1285  058E  3038               	movlw	(038h)
  1286  058F  120A  118A  2564   	fcall	_lcd_cmd
              120A  118A         
  1287                           	line	58
  1288                           ;keypad.c: 58: lcd_cmd(0x0C);
  1289  0594  300C               	movlw	(0Ch)
  1290  0595  120A  118A  2564   	fcall	_lcd_cmd
              120A  118A         
  1291                           	line	59
  1292                           ;keypad.c: 59: lcd_cmd(0x06);
  1293  059A  3006               	movlw	(06h)
  1294  059B  120A  118A  2564   	fcall	_lcd_cmd
              120A  118A         
  1295                           	line	60
  1296                           ;keypad.c: 60: lcd_cmd(0x01);
  1297  05A0  3001               	movlw	(01h)
  1298  05A1  120A  118A  2564   	fcall	_lcd_cmd
              120A  118A         
  1299                           	line	61
  1300                           ;keypad.c: 61: lcd_cmd(0x80);
  1301  05A6  3080               	movlw	(080h)
  1302  05A7  120A  118A  2564   	fcall	_lcd_cmd
              120A  118A         
  1303                           	line	62
  1304                           ;keypad.c: 62: lcd_cmd(0x0F);
  1305  05AC  300F               	movlw	(0Fh)
  1306  05AD  120A  118A  2564   	fcall	_lcd_cmd
              120A  118A         
  1307                           	line	63
  1308                           	
  1309  05B2                     l581:	
  1310  05B2  0008               	return
  1311                           	opt stack 0
  1312                           GLOBAL	__end_of_lcd_init
  1313  05B3                     	__end_of_lcd_init:
  1314 ;; =============== function _lcd_init ends ============
  1315                           
  1316                           	signat	_lcd_init,88
  1317                           	global	_lcd_display
  1318                           psect	text92,local,class=CODE,delta=2
  1319                           global __ptext92
  1320  05B3                     __ptext92:
  1321                           
  1322 ;; *************** function _lcd_display *****************
  1323 ;; Defined at:
  1324 ;;		line 48 in file "E:\Embedded_Program\Keypad\[4][3]  keypad\keypad.c"
  1325 ;; Parameters:    Size  Location     Type
  1326 ;;  m               1    wreg     PTR unsigned char 
  1327 ;;		 -> STR_1(8), 
  1328 ;; Auto vars:     Size  Location     Type
  1329 ;;  m               1    5[COMMON] PTR unsigned char 
  1330 ;;		 -> STR_1(8), 
  1331 ;;  j               2    3[COMMON] int 
  1332 ;; Return value:  Size  Location     Type
  1333 ;;		None               void
  1334 ;; Registers used:
  1335 ;;		wreg, fsr0l, fsr0h, status,2, status,0, pclath, cstack
  1336 ;; Tracked objects:
  1337 ;;		On entry : 0/0
  1338 ;;		On exit  : 0/0
  1339 ;;		Unchanged: 0/0
  1340 ;; Data sizes:     COMMON   BANK0   BANK1   BANK3   BANK2
  1341 ;;      Params:         0       0       0       0       0
  1342 ;;      Locals:         3       0       0       0       0
  1343 ;;      Temps:          0       0       0       0       0
  1344 ;;      Totals:         3       0       0       0       0
  1345 ;;Total ram usage:        3 bytes
  1346 ;; Hardware stack levels used:    1
  1347 ;; Hardware stack levels required when called:    2
  1348 ;; This function calls:
  1349 ;;		_lcd_data
  1350 ;; This function is called by:
  1351 ;;		_main
  1352 ;; This function uses a non-reentrant model
  1353 ;;
  1354                           psect	text92
  1355                           	file	"E:\Embedded_Program\Keypad\[4][3]  keypad\keypad.c"
  1356                           	line	48
  1357                           	global	__size_of_lcd_display
  1358  0027                     	__size_of_lcd_display	equ	__end_of_lcd_display-_lcd_display
  1359                           	
  1360  05B3                     _lcd_display:	
  1361                           	opt	stack 7
  1362                           ; Regs used in _lcd_display: [wreg-fsr0h+status,2+status,0+pclath+cstack]
  1363                           ;lcd_display@m stored from wreg
  1364  05B3  00F5               	movwf	(lcd_display@m)
  1365                           	line	49
  1366                           	
  1367  05B4                     l1787:	
  1368                           ;keypad.c: 49: for(int j=0;m[j]!=0;j++)
  1369  05B4  3000               	movlw	low(0)
  1370  05B5  00F3               	movwf	(lcd_display@j)
  1371  05B6  3000               	movlw	high(0)
  1372  05B7  00F4               	movwf	((lcd_display@j))+1
  1373  05B8  2DCC               	goto	l575
  1374                           	line	50
  1375                           	
  1376  05B9                     l576:	
  1377                           	line	51
  1378                           	
  1379  05B9                     l1789:	
  1380                           ;keypad.c: 50: {
  1381                           ;keypad.c: 51: lcd_data(m[j]);
  1382  05B9  0873               	movf	(lcd_display@j),w
  1383  05BA  0775               	addwf	(lcd_display@m),w
  1384  05BB  0084               	movwf	fsr0
  1385  05BC  120A  118A  2003   	fcall	stringdir
              120A  118A         
  1386  05C1  120A  118A  2579   	fcall	_lcd_data
              120A  118A         
  1387                           	line	49
  1388                           	
  1389  05C6                     l1791:	
  1390  05C6  3001               	movlw	low(01h)
  1391  05C7  07F3               	addwf	(lcd_display@j),f
  1392  05C8  1803               	skipnc
  1393  05C9  0AF4               	incf	(lcd_display@j+1),f
  1394  05CA  3000               	movlw	high(01h)
  1395  05CB  07F4               	addwf	(lcd_display@j+1),f
  1396                           	
  1397  05CC                     l575:	
  1398                           	
  1399  05CC                     l1793:	
  1400  05CC  0873               	movf	(lcd_display@j),w
  1401  05CD  0775               	addwf	(lcd_display@m),w
  1402  05CE  0084               	movwf	fsr0
  1403  05CF  120A  118A  2003   	fcall	stringdir
              120A  118A         
  1404  05D4  3800               	iorlw	0
  1405  05D5  1D03               	skipz
  1406  05D6  2DD8               	goto	u2151
  1407  05D7  2DD9               	goto	u2150
  1408  05D8                     u2151:
  1409  05D8  2DB9               	goto	l576
  1410  05D9                     u2150:
  1411                           	
  1412  05D9                     l577:	
  1413                           	line	53
  1414                           	
  1415  05D9                     l578:	
  1416  05D9  0008               	return
  1417                           	opt stack 0
  1418                           GLOBAL	__end_of_lcd_display
  1419  05DA                     	__end_of_lcd_display:
  1420 ;; =============== function _lcd_display ends ============
  1421                           
  1422                           	signat	_lcd_display,4216
  1423                           	global	_lcd_data
  1424                           psect	text93,local,class=CODE,delta=2
  1425                           global __ptext93
  1426  0579                     __ptext93:
  1427                           
  1428 ;; *************** function _lcd_data *****************
  1429 ;; Defined at:
  1430 ;;		line 38 in file "E:\Embedded_Program\Keypad\[4][3]  keypad\keypad.c"
  1431 ;; Parameters:    Size  Location     Type
  1432 ;;  data            1    wreg     unsigned char 
  1433 ;; Auto vars:     Size  Location     Type
  1434 ;;  data            1    2[COMMON] unsigned char 
  1435 ;; Return value:  Size  Location     Type
  1436 ;;		None               void
  1437 ;; Registers used:
  1438 ;;		wreg, status,2, status,0, pclath, cstack
  1439 ;; Tracked objects:
  1440 ;;		On entry : 0/0
  1441 ;;		On exit  : 0/0
  1442 ;;		Unchanged: 0/0
  1443 ;; Data sizes:     COMMON   BANK0   BANK1   BANK3   BANK2
  1444 ;;      Params:         0       0       0       0       0
  1445 ;;      Locals:         1       0       0       0       0
  1446 ;;      Temps:          0       0       0       0       0
  1447 ;;      Totals:         1       0       0       0       0
  1448 ;;Total ram usage:        1 bytes
  1449 ;; Hardware stack levels used:    1
  1450 ;; Hardware stack levels required when called:    1
  1451 ;; This function calls:
  1452 ;;		_delay
  1453 ;; This function is called by:
  1454 ;;		_lcd_display
  1455 ;;		_main
  1456 ;; This function uses a non-reentrant model
  1457 ;;
  1458                           psect	text93
  1459                           	file	"E:\Embedded_Program\Keypad\[4][3]  keypad\keypad.c"
  1460                           	line	38
  1461                           	global	__size_of_lcd_data
  1462  0015                     	__size_of_lcd_data	equ	__end_of_lcd_data-_lcd_data
  1463                           	
  1464  0579                     _lcd_data:	
  1465                           	opt	stack 7
  1466                           ; Regs used in _lcd_data: [wreg+status,2+status,0+pclath+cstack]
  1467                           ;lcd_data@data stored from wreg
  1468  0579  00F2               	movwf	(lcd_data@data)
  1469                           	line	39
  1470                           	
  1471  057A                     l1775:	
  1472                           ;keypad.c: 39: PORTD = data;
  1473  057A  0872               	movf	(lcd_data@data),w
  1474  057B  1283               	bcf	status, 5	;RP0=0, select bank0
  1475  057C  1303               	bcf	status, 6	;RP1=0, select bank0
  1476  057D  0088               	movwf	(8)	;volatile
  1477                           	line	40
  1478                           	
  1479  057E                     l1777:	
  1480                           ;keypad.c: 40: RC0 = 1;
  1481  057E  1407               	bsf	(56/8),(56)&7
  1482                           	line	41
  1483                           	
  1484  057F                     l1779:	
  1485                           ;keypad.c: 41: RC1 = 0;
  1486  057F  1087               	bcf	(57/8),(57)&7
  1487                           	line	42
  1488                           	
  1489  0580                     l1781:	
  1490                           ;keypad.c: 42: RC2 = 1;
  1491  0580  1507               	bsf	(58/8),(58)&7
  1492                           	line	43
  1493                           	
  1494  0581                     l1783:	
  1495                           ;keypad.c: 43: delay(1000);
  1496  0581  30E8               	movlw	low(03E8h)
  1497  0582  00F0               	movwf	(?_delay)
  1498  0583  3003               	movlw	high(03E8h)
  1499  0584  00F1               	movwf	((?_delay))+1
  1500  0585  120A  118A  2552   	fcall	_delay
              120A  118A         
  1501                           	line	44
  1502                           	
  1503  058A                     l1785:	
  1504                           ;keypad.c: 44: RC2 = 0;
  1505  058A  1283               	bcf	status, 5	;RP0=0, select bank0
  1506  058B  1303               	bcf	status, 6	;RP1=0, select bank0
  1507  058C  1107               	bcf	(58/8),(58)&7
  1508                           	line	45
  1509                           	
  1510  058D                     l572:	
  1511  058D  0008               	return
  1512                           	opt stack 0
  1513                           GLOBAL	__end_of_lcd_data
  1514  058E                     	__end_of_lcd_data:
  1515 ;; =============== function _lcd_data ends ============
  1516                           
  1517                           	signat	_lcd_data,4216
  1518                           	global	_lcd_cmd
  1519                           psect	text94,local,class=CODE,delta=2
  1520                           global __ptext94
  1521  0564                     __ptext94:
  1522                           
  1523 ;; *************** function _lcd_cmd *****************
  1524 ;; Defined at:
  1525 ;;		line 28 in file "E:\Embedded_Program\Keypad\[4][3]  keypad\keypad.c"
  1526 ;; Parameters:    Size  Location     Type
  1527 ;;  cmd             1    wreg     unsigned char 
  1528 ;; Auto vars:     Size  Location     Type
  1529 ;;  cmd             1    2[COMMON] unsigned char 
  1530 ;; Return value:  Size  Location     Type
  1531 ;;		None               void
  1532 ;; Registers used:
  1533 ;;		wreg, status,2, status,0, pclath, cstack
  1534 ;; Tracked objects:
  1535 ;;		On entry : 0/0
  1536 ;;		On exit  : 0/0
  1537 ;;		Unchanged: 0/0
  1538 ;; Data sizes:     COMMON   BANK0   BANK1   BANK3   BANK2
  1539 ;;      Params:         0       0       0       0       0
  1540 ;;      Locals:         1       0       0       0       0
  1541 ;;      Temps:          0       0       0       0       0
  1542 ;;      Totals:         1       0       0       0       0
  1543 ;;Total ram usage:        1 bytes
  1544 ;; Hardware stack levels used:    1
  1545 ;; Hardware stack levels required when called:    1
  1546 ;; This function calls:
  1547 ;;		_delay
  1548 ;; This function is called by:
  1549 ;;		_lcd_init
  1550 ;;		_main
  1551 ;; This function uses a non-reentrant model
  1552 ;;
  1553                           psect	text94
  1554                           	file	"E:\Embedded_Program\Keypad\[4][3]  keypad\keypad.c"
  1555                           	line	28
  1556                           	global	__size_of_lcd_cmd
  1557  0015                     	__size_of_lcd_cmd	equ	__end_of_lcd_cmd-_lcd_cmd
  1558                           	
  1559  0564                     _lcd_cmd:	
  1560                           	opt	stack 7
  1561                           ; Regs used in _lcd_cmd: [wreg+status,2+status,0+pclath+cstack]
  1562                           ;lcd_cmd@cmd stored from wreg
  1563  0564  00F2               	movwf	(lcd_cmd@cmd)
  1564                           	line	29
  1565                           	
  1566  0565                     l1763:	
  1567                           ;keypad.c: 29: PORTD = cmd;
  1568  0565  0872               	movf	(lcd_cmd@cmd),w
  1569  0566  1283               	bcf	status, 5	;RP0=0, select bank0
  1570  0567  1303               	bcf	status, 6	;RP1=0, select bank0
  1571  0568  0088               	movwf	(8)	;volatile
  1572                           	line	30
  1573                           	
  1574  0569                     l1765:	
  1575                           ;keypad.c: 30: RC0 = 0;
  1576  0569  1007               	bcf	(56/8),(56)&7
  1577                           	line	31
  1578                           	
  1579  056A                     l1767:	
  1580                           ;keypad.c: 31: RC1 = 0;
  1581  056A  1087               	bcf	(57/8),(57)&7
  1582                           	line	32
  1583                           	
  1584  056B                     l1769:	
  1585                           ;keypad.c: 32: RC2 = 1;
  1586  056B  1507               	bsf	(58/8),(58)&7
  1587                           	line	33
  1588                           	
  1589  056C                     l1771:	
  1590                           ;keypad.c: 33: delay(1000);
  1591  056C  30E8               	movlw	low(03E8h)
  1592  056D  00F0               	movwf	(?_delay)
  1593  056E  3003               	movlw	high(03E8h)
  1594  056F  00F1               	movwf	((?_delay))+1
  1595  0570  120A  118A  2552   	fcall	_delay
              120A  118A         
  1596                           	line	34
  1597                           	
  1598  0575                     l1773:	
  1599                           ;keypad.c: 34: RC2 = 0;
  1600  0575  1283               	bcf	status, 5	;RP0=0, select bank0
  1601  0576  1303               	bcf	status, 6	;RP1=0, select bank0
  1602  0577  1107               	bcf	(58/8),(58)&7
  1603                           	line	35
  1604                           	
  1605  0578                     l569:	
  1606  0578  0008               	return
  1607                           	opt stack 0
  1608                           GLOBAL	__end_of_lcd_cmd
  1609  0579                     	__end_of_lcd_cmd:
  1610 ;; =============== function _lcd_cmd ends ============
  1611                           
  1612                           	signat	_lcd_cmd,4216
  1613                           	global	_delay
  1614                           psect	text95,local,class=CODE,delta=2
  1615                           global __ptext95
  1616  0552                     __ptext95:
  1617                           
  1618 ;; *************** function _delay *****************
  1619 ;; Defined at:
  1620 ;;		line 22 in file "E:\Embedded_Program\Keypad\[4][3]  keypad\keypad.c"
  1621 ;; Parameters:    Size  Location     Type
  1622 ;;  x               2    0[COMMON] unsigned int 
  1623 ;; Auto vars:     Size  Location     Type
  1624 ;;		None
  1625 ;; Return value:  Size  Location     Type
  1626 ;;		None               void
  1627 ;; Registers used:
  1628 ;;		wreg
  1629 ;; Tracked objects:
  1630 ;;		On entry : 0/0
  1631 ;;		On exit  : 0/0
  1632 ;;		Unchanged: 0/0
  1633 ;; Data sizes:     COMMON   BANK0   BANK1   BANK3   BANK2
  1634 ;;      Params:         2       0       0       0       0
  1635 ;;      Locals:         0       0       0       0       0
  1636 ;;      Temps:          0       0       0       0       0
  1637 ;;      Totals:         2       0       0       0       0
  1638 ;;Total ram usage:        2 bytes
  1639 ;; Hardware stack levels used:    1
  1640 ;; This function calls:
  1641 ;;		Nothing
  1642 ;; This function is called by:
  1643 ;;		_lcd_cmd
  1644 ;;		_lcd_data
  1645 ;;		_main
  1646 ;; This function uses a non-reentrant model
  1647 ;;
  1648                           psect	text95
  1649                           	file	"E:\Embedded_Program\Keypad\[4][3]  keypad\keypad.c"
  1650                           	line	22
  1651                           	global	__size_of_delay
  1652  0012                     	__size_of_delay	equ	__end_of_delay-_delay
  1653                           	
  1654  0552                     _delay:	
  1655                           	opt	stack 6
  1656                           ; Regs used in _delay: [wreg]
  1657                           	line	23
  1658                           	
  1659  0552                     l973:	
  1660                           ;keypad.c: 23: while(x--);
  1661  0552  2D53               	goto	l563
  1662                           	
  1663  0553                     l564:	
  1664                           	
  1665  0553                     l563:	
  1666                           	
  1667  0553                     l975:	
  1668  0553  3001               	movlw	low(01h)
  1669  0554  02F0               	subwf	(delay@x),f
  1670  0555  3000               	movlw	high(01h)
  1671  0556  1C03               	skipc
  1672  0557  03F1               	decf	(delay@x+1),f
  1673  0558  02F1               	subwf	(delay@x+1),f
  1674  0559  30FF               	movlw	high(0FFFFh)
  1675  055A  0671               	xorwf	((delay@x+1)),w
  1676  055B  1D03               	skipz
  1677  055C  2D5F               	goto	u15
  1678  055D  30FF               	movlw	low(0FFFFh)
  1679  055E  0670               	xorwf	((delay@x)),w
  1680  055F                     u15:
  1681                           
  1682  055F  1D03               	skipz
  1683  0560  2D62               	goto	u11
  1684  0561  2D63               	goto	u10
  1685  0562                     u11:
  1686  0562  2D53               	goto	l564
  1687  0563                     u10:
  1688                           	
  1689  0563                     l565:	
  1690                           	line	24
  1691                           	
  1692  0563                     l566:	
  1693  0563  0008               	return
  1694                           	opt stack 0
  1695                           GLOBAL	__end_of_delay
  1696  0564                     	__end_of_delay:
  1697 ;; =============== function _delay ends ============
  1698                           
  1699                           	signat	_delay,4216
  1700                           psect	text96,local,class=CODE,delta=2
  1701                           global __ptext96
  1702  0000                     __ptext96:
  1703                           	global	btemp
  1704  007E                     	btemp set 07Eh
  1705                           
  1706                           	DABS	1,126,2	;btemp
  1707                           	global	wtemp0
  1708  007E                     	wtemp0 set btemp


HI-TECH Software PICC Macro Assembler V9.71a build 6446 
Symbol Table                                                                                   Mon Feb 02 21:02:51 2026

                   _a 0020                     _i 0077                     pc 0002          lcd_data@data 0072  
                  u10 0563                    u11 0562                    u15 055F                    fsr 0004  
                 l600 07FD                   l563 0553                   l564 0553                   l572 058D  
                 l565 0563                   l581 05B2                   l566 0563                   l590 070C  
                 l575 05CC                   l591 0738                   l576 05B9                   l592 0760  
                 l584 0602                   l569 0578                   l577 05D9                   l593 0788  
                 l585 0640                   l578 05D9                   l594 07A9                   l586 0668  
                 l595 07D1                   l587 0690                   l596 07EE                   l588 06BC  
                 l597 07FC                   l589 06E4                   l598 07FD                   l599 07FC  
                 l973 0552                   l975 0553                   _RB0 0030                   _RB1 0031  
                 _RC0 0038                   _RB2 0032                   _RC1 0039                   _RB3 0033  
                 _RC2 003A                   _RB4 0034                   _RB5 0035                   _RB6 0036  
                 fsr0 0004                   indf 0000          lcd_display@j 0073          lcd_display@m 0075  
                l1801 05DF                  l1811 05F9                  l1803 05E0                  l1901 0711  
                l1821 0617                  l1813 0602                  l1805 05E5                  l1911 072F  
                l1903 0712                  l1831 0624                  l1823 0618                  l1815 0608  
                l1807 05EA                  l1921 0757                  l1913 0738                  l1905 0716  
                l1841 064C                  l1833 062F                  l1825 0619                  l1817 060E  
                l1809 05F3                  l1771 056C                  l1763 0565                  l1931 077F  
                l1923 0760                  l1915 073E                  l1907 071C                  l1851 0674  
                l1843 0657                  l1835 0637                  l1827 061A                  l1819 0614  
                l1773 0575                  l1765 0569                  l1781 0580                  l1941 078E  
                l1933 0788                  l1925 0766                  l1917 0744                  l1909 0727  
                l1861 0694                  l1853 067F                  l1845 065F                  l1837 0640  
                l1829 061E                  l1767 056A                  l1783 0581                  l1775 057A  
                l1791 05C6                  l1951 07AF                  l1943 0792                  l1935 078B  
                l1927 076C                  l1919 074F                  l1871 06AB                  l1863 0695  
                l1855 0687                  l1847 0668                  l1839 0646                  l1769 056B  
                l1785 058A                  l1777 057E                  l1793 05CC                  l1961 07D7  
                l1953 07B5                  l1945 0798                  l1937 078C                  l1929 0777  
                l1881 06D3                  l1873 06B3                  l1865 0696                  l1857 0690  
                l1849 066E                  l1779 057F                  l1787 05B4                  l1795 058E  
                l1963 07DD                  l1955 07C0                  l1947 07A0                  l1939 078D  
                l1891 06FB                  l1883 06DB                  l1875 06BC                  l1867 069A  
                l1859 0693                  l1789 05B9                  l1965 07E5                  l1957 07C8  
                l1949 07A9                  l1893 0703                  l1885 06E4                  l1877 06C2  
                l1869 06A0                  l1797 05DA                  l1967 07EE                  l1959 07D1  
                l1895 070C                  l1887 06EA                  l1879 06C8                  l1799 05DE  
                l1969 07FB                  l1897 070F                  l1889 06F0                  l1899 0710  
                STR_1 0009                  u2200 06C2                  u2201 06C1                  u2210 06EA  
                u2211 06E9                  u2220 0716                  u2221 0715                  u2150 05D9  
                u2230 073E                  u2151 05D8                  u2231 073D                  u2240 0766  
                u2160 061E                  u2241 0765                  u2161 061D                  u2250 0792  
                u2170 0646                  u2251 0791                  u2171 0645                  u2260 07AF  
                u2180 066E                  u2261 07AE                  u2181 066D                  u2270 07D7  
                u2190 069A                  u2271 07D6                  u2191 0699                  u2280 07FB  
                u2281 07FA                  u2285 07F7                  _main 05DA                  btemp 007E  
                start 0000                 ?_main 0070                 _PORTB 0006                 _PORTC 0007  
               _PORTD 0008                 _TRISB 0086                 _TRISC 0087                 _TRISD 0088  
     __end_of_lcd_cmd 0579                 _delay 0552                 pclath 000A                 status 0003  
               wtemp0 007E          __end_of_main 0800                ??_main 0076                ?_delay 0070  
    __end_of_lcd_data 058E      __end_of_lcd_init 05B3  __size_of_lcd_display 0027                delay@x 0070  
           ??_lcd_cmd 0072                clrloop 053C        __pcstackCOMMON 0070         __end_of_delay 0564  
             ??_delay 0072            __pbssBANK0 0020            __pmaintext 05DA             ?_lcd_data 0070  
           ?_lcd_init 0070               _lcd_cmd 0564            ??_lcd_data 0072            ??_lcd_init 0073  
end_of_initialization 054E            lcd_cmd@cmd 0072         ??_lcd_display 0073   start_initialization 0543  
 __end_of_lcd_display 05DA           __pbssCOMMON 0077     __size_of_lcd_data 0015     __size_of_lcd_init 0025  
           __pstrings 0003              ?_lcd_cmd 0070        __size_of_delay 0012           _lcd_display 05B3  
         __stringbase 0008      __size_of_lcd_cmd 0015              __ptext90 0000              __ptext91 058E  
            __ptext92 05B3              __ptext93 0579              __ptext94 0564              __ptext95 0552  
            __ptext96 0000              _lcd_data 0579              _lcd_init 058E         __size_of_main 0226  
            clear_ram 053B             stringcode 0003              stringdir 0003              stringtab 0003  
        ?_lcd_display 0070  
