

HI-TECH Software PIC LITE Macro Assembler V9.71a build 6446 
                                                                                               Wed Oct 15 15:29:44 2025

HI-TECH Software Omniscient Code Generator (Lite mode) build 6446
     1  0000                     opt subtitle "HI-TECH Software Omniscient Code Generator (Lite mode) build 6446"
     2                           
     3                           opt pagewidth 120
     4                           
     5                           	opt lm
     6                           
     7                           	processor	16F877A
     8                           clrc	macro
     9                           	bcf	3,0
    10  0000                     	endm
    11                           clrz	macro
    12                           	bcf	3,2
    13  0000                     	endm
    14                           setc	macro
    15                           	bsf	3,0
    16  0000                     	endm
    17                           setz	macro
    18                           	bsf	3,2
    19  0000                     	endm
    20                           skipc	macro
    21                           	btfss	3,0
    22  0000                     	endm
    23                           skipz	macro
    24                           	btfss	3,2
    25  0000                     	endm
    26                           skipnc	macro
    27                           	btfsc	3,0
    28  0000                     	endm
    29                           skipnz	macro
    30                           	btfsc	3,2
    31  0000                     	endm
    32  0000                     indf	equ	0
    33  0000                     indf0	equ	0
    34  0002                     pc	equ	2
    35  0002                     pcl	equ	2
    36  0003                     status	equ	3
    37  0004                     fsr	equ	4
    38  0004                     fsr0	equ	4
    39  0001                     c	equ	1
    40  0000                     z	equ	0
    41  000A                     pclath	equ	10
    42                           	FNCALL	_main,_delay
    43                           	FNROOT	_main
    44                           	global	_seg
    45                           psect	idataBANK0,class=CODE,space=0,delta=2
    46                           global __pidataBANK0
    47  07AA                     __pidataBANK0:
    48                           	file	"E:\Embedded\7-Segment\7_seg_use_for_loop\7-seg.c"
    49                           	line	8
    50                           
    51                           ;initializer for _seg
    52  07AA  343F               	retlw	03Fh
    53  07AB  3400               	retlw	0
    54                           
    55  07AC  3406               	retlw	06h
    56  07AD  3400               	retlw	0
    57                           
    58  07AE  345B               	retlw	05Bh
    59  07AF  3400               	retlw	0
    60                           
    61  07B0  344F               	retlw	04Fh
    62  07B1  3400               	retlw	0
    63                           
    64  07B2  3466               	retlw	066h
    65  07B3  3400               	retlw	0
    66                           
    67  07B4  346D               	retlw	06Dh
    68  07B5  3400               	retlw	0
    69                           
    70  07B6  347D               	retlw	07Dh
    71  07B7  3400               	retlw	0
    72                           
    73  07B8  3407               	retlw	07h
    74  07B9  3400               	retlw	0
    75                           
    76  07BA  347F               	retlw	07Fh
    77  07BB  3400               	retlw	0
    78                           
    79  07BC  346F               	retlw	06Fh
    80  07BD  3400               	retlw	0
    81                           
    82                           	global	_i
    83                           psect	nvCOMMON,class=COMMON,space=1
    84                           global __pnvCOMMON
    85  0073                     __pnvCOMMON:
    86  0073                     _i:
    87  0073                            ds      2
    88                           
    89                           	global	_PORTB
    90  0006                     _PORTB	set	6
    91                           	global	_TRISB
    92  0086                     _TRISB	set	134
    93                           	file	"7-seg.as"
    94                           	line	#
    95                           psect cinit,class=CODE,delta=2
    96                           global start_initialization
    97  0798                     start_initialization:
    98                           
    99                           psect	dataBANK0,class=BANK0,space=1
   100                           global __pdataBANK0
   101  0020                     __pdataBANK0:
   102                           	file	"E:\Embedded\7-Segment\7_seg_use_for_loop\7-seg.c"
   103  0020                     _seg:
   104  0020                            ds      20
   105                           
   106                           global btemp
   107                           psect inittext,class=CODE,delta=2
   108                           global init_fetch,btemp
   109                           ;	Called with low address in FSR and high address in W
   110  0775                     init_fetch:
   111  0775  087E               	movf btemp,w
   112  0776  008A               	movwf pclath
   113  0777  087F               	movf btemp+1,w
   114  0778  0082               	movwf pc
   115                           global init_ram
   116                           ;Called with:
   117                           ;	high address of idata address in btemp 
   118                           ;	low address of idata address in btemp+1 
   119                           ;	low address of data in FSR
   120                           ;	high address + 1 of data in btemp-1
   121  0779                     init_ram:
   122  0779  2775  120A  118A   	fcall init_fetch
   123  077C  0080               	movwf indf,f
   124  077D  0A84               	incf fsr,f
   125  077E  0804               	movf fsr,w
   126  077F  067D               	xorwf btemp-1,w
   127  0780  1903               	btfsc status,2
   128  0781  3400               	retlw 0
   129  0782  0AFF               	incf btemp+1,f
   130  0783  1903               	btfsc status,2
   131  0784  0AFE               	incf btemp,f
   132  0785  2F79               	goto init_ram
   133                           ; Initialize objects allocated to BANK0
   134                           psect cinit,class=CODE,delta=2
   135                           global init_ram, __pidataBANK0
   136  0798  1383               	bcf	status, 7	;select IRP bank0
   137  0799  3034               	movlw low(__pdataBANK0+20)
   138  079A  00FD               	movwf btemp-1,f
   139  079B  3007               	movlw high(__pidataBANK0)
   140  079C  00FE               	movwf btemp,f
   141  079D  30AA               	movlw low(__pidataBANK0)
   142  079E  00FF               	movwf btemp+1,f
   143  079F  3020               	movlw low(__pdataBANK0)
   144  07A0  0084               	movwf fsr,f
   145  07A1  120A  118A  2779   	fcall init_ram
              120A  118A         
   146                           psect cinit,class=CODE,delta=2
   147                           global end_of_initialization
   148                           
   149                           ;End of C runtime variable initialization code
   150                           
   151  07A6                     end_of_initialization:
   152  07A6  0183               clrf status
   153  07A7  120A  118A  2FBE   ljmp _main	;jump to C main() function
   154                           psect	cstackCOMMON,class=COMMON,space=1
   155                           global __pcstackCOMMON
   156  0070                     __pcstackCOMMON:
   157                           	global	?_delay
   158  0070                     ?_delay:	; 0 bytes @ 0x0
   159                           	global	?_main
   160  0070                     ?_main:	; 2 bytes @ 0x0
   161                           	global	delay@x
   162  0070                     delay@x:	; 2 bytes @ 0x0
   163  0070                     	ds	2
   164                           	global	??_delay
   165  0072                     ??_delay:	; 0 bytes @ 0x2
   166                           	global	??_main
   167  0072                     ??_main:	; 0 bytes @ 0x2
   168  0072                     	ds	1
   169 ;;Data sizes: Strings 0, constant 0, data 20, bss 0, persistent 2 stack 0
   170 ;;Auto spaces:   Size  Autos    Used
   171 ;; COMMON          14      3       5
   172 ;; BANK0           80      0      20
   173 ;; BANK1           80      0       0
   174 ;; BANK3           96      0       0
   175 ;; BANK2           96      0       0
   176                           
   177 ;;
   178 ;; Pointer list with targets:
   179                           
   180                           
   181                           
   182 ;;
   183 ;; Critical Paths under _main in COMMON
   184 ;;
   185 ;;   _main->_delay
   186 ;;
   187 ;; Critical Paths under _main in BANK0
   188 ;;
   189 ;;   None.
   190 ;;
   191 ;; Critical Paths under _main in BANK1
   192 ;;
   193 ;;   None.
   194 ;;
   195 ;; Critical Paths under _main in BANK3
   196 ;;
   197 ;;   None.
   198 ;;
   199 ;; Critical Paths under _main in BANK2
   200 ;;
   201 ;;   None.
   202                           
   203 ;;
   204 ;;Main: autosize = 0, tempsize = 1, incstack = 0, save=0
   205 ;;
   206                           
   207 ;;
   208 ;;Call Graph Tables:
   209 ;;
   210 ;; ---------------------------------------------------------------------------------
   211 ;; (Depth) Function   	        Calls       Base Space   Used Autos Params    Refs
   212 ;; ---------------------------------------------------------------------------------
   213 ;; (0) _main                                                 1     1      0      22
   214 ;;                                              2 COMMON     1     1      0
   215 ;;                              _delay
   216 ;; ---------------------------------------------------------------------------------
   217 ;; (1) _delay                                                2     0      2      22
   218 ;;                                              0 COMMON     2     0      2
   219 ;; ---------------------------------------------------------------------------------
   220 ;; Estimated maximum stack depth 1
   221 ;; ---------------------------------------------------------------------------------
   222                           
   223 ;; Call Graph Graphs:
   224                           
   225 ;; _main (ROOT)
   226 ;;   _delay
   227 ;;
   228                           
   229 ;; Address spaces:
   230                           
   231 ;;Name               Size   Autos  Total    Cost      Usage
   232 ;;BANK3               60      0       0       9        0.0%
   233 ;;BITBANK3            60      0       0       8        0.0%
   234 ;;SFR3                 0      0       0       4        0.0%
   235 ;;BITSFR3              0      0       0       4        0.0%
   236 ;;BANK2               60      0       0      11        0.0%
   237 ;;BITBANK2            60      0       0      10        0.0%
   238 ;;SFR2                 0      0       0       5        0.0%
   239 ;;BITSFR2              0      0       0       5        0.0%
   240 ;;SFR1                 0      0       0       2        0.0%
   241 ;;BITSFR1              0      0       0       2        0.0%
   242 ;;BANK1               50      0       0       7        0.0%
   243 ;;BITBANK1            50      0       0       6        0.0%
   244 ;;CODE                 0      0       0       0        0.0%
   245 ;;DATA                 0      0      1A      12        0.0%
   246 ;;ABS                  0      0      19       3        0.0%
   247 ;;NULL                 0      0       0       0        0.0%
   248 ;;STACK                0      0       1       2        0.0%
   249 ;;BANK0               50      0      14       5       25.0%
   250 ;;BITBANK0            50      0       0       4        0.0%
   251 ;;SFR0                 0      0       0       1        0.0%
   252 ;;BITSFR0              0      0       0       1        0.0%
   253 ;;COMMON               E      3       5       1       35.7%
   254 ;;BITCOMMON            E      0       0       0        0.0%
   255 ;;EEDATA             100      0       0       0        0.0%
   256                           
   257                           	global	_main
   258                           psect	maintext,global,class=CODE,delta=2
   259                           global __pmaintext
   260  07BE                     __pmaintext:
   261                           
   262 ;; *************** function _main *****************
   263 ;; Defined at:
   264 ;;		line 12 in file "E:\Embedded\7-Segment\7_seg_use_for_loop\7-seg.c"
   265 ;; Parameters:    Size  Location     Type
   266 ;;		None
   267 ;; Auto vars:     Size  Location     Type
   268 ;;		None
   269 ;; Return value:  Size  Location     Type
   270 ;;                  2  568[COMMON] int 
   271 ;; Registers used:
   272 ;;		wreg, fsr0l, fsr0h, status,2, status,0, btemp+0, pclath, cstack
   273 ;; Tracked objects:
   274 ;;		On entry : 17F/0
   275 ;;		On exit  : 0/0
   276 ;;		Unchanged: 0/0
   277 ;; Data sizes:     COMMON   BANK0   BANK1   BANK3   BANK2
   278 ;;      Params:         0       0       0       0       0
   279 ;;      Locals:         0       0       0       0       0
   280 ;;      Temps:          1       0       0       0       0
   281 ;;      Totals:         1       0       0       0       0
   282 ;;Total ram usage:        1 bytes
   283 ;; Hardware stack levels required when called:    1
   284 ;; This function calls:
   285 ;;		_delay
   286 ;; This function is called by:
   287 ;;		Startup code after reset
   288 ;; This function uses a non-reentrant model
   289 ;;
   290                           psect	maintext
   291                           	file	"E:\Embedded\7-Segment\7_seg_use_for_loop\7-seg.c"
   292                           	line	12
   293                           	global	__size_of_main
   294  0042                     	__size_of_main	equ	__end_of_main-_main
   295                           	
   296  07BE                     _main:	
   297                           	opt	stack 8
   298                           ; Regs used in _main: [wreg-fsr0h+status,2-btemp+0+pclath+cstack]
   299                           	line	13
   300                           	
   301  07BE                     l1753:	
   302                           ;7-seg.c: 13: TRISB=0X00;
   303  07BE  1683               	bsf	status, 5	;RP0=1, select bank1
   304  07BF  1303               	bcf	status, 6	;RP1=0, select bank1
   305  07C0  0186               	clrf	(134)^080h	;volatile
   306                           	line	14
   307                           ;7-seg.c: 14: PORTB=0X00;
   308  07C1  1283               	bcf	status, 5	;RP0=0, select bank0
   309  07C2  1303               	bcf	status, 6	;RP1=0, select bank0
   310  07C3  0186               	clrf	(6)	;volatile
   311                           	line	16
   312                           ;7-seg.c: 16: while(1)
   313                           	
   314  07C4                     l569:	
   315                           	line	18
   316                           	
   317  07C4                     l1755:	
   318                           ;7-seg.c: 17: {
   319                           ;7-seg.c: 18: for(i=0;i<=9;i++)
   320  07C4  3000               	movlw	low(0)
   321  07C5  00F3               	movwf	(_i)
   322  07C6  3000               	movlw	high(0)
   323  07C7  00F4               	movwf	((_i))+1
   324                           	
   325  07C8                     l1757:	
   326  07C8  0874               	movf	(_i+1),w
   327  07C9  3A80               	xorlw	80h
   328  07CA  00FE               	movwf	btemp+0
   329  07CB  3080               	movlw	(high(0Ah))^80h
   330  07CC  027E               	subwf	btemp+0,w
   331  07CD  1D03               	skipz
   332  07CE  2FD1               	goto	u2185
   333  07CF  300A               	movlw	low(0Ah)
   334  07D0  0273               	subwf	(_i),w
   335  07D1                     u2185:
   336                           
   337  07D1  1C03               	skipc
   338  07D2  2FD4               	goto	u2181
   339  07D3  2FD5               	goto	u2180
   340  07D4                     u2181:
   341  07D4  2FD6               	goto	l570
   342  07D5                     u2180:
   343                           	
   344  07D5                     l1759:	
   345  07D5  2FFC               	goto	l571
   346                           	line	19
   347                           	
   348  07D6                     l570:	
   349                           	line	20
   350                           	
   351  07D6                     l1761:	
   352                           ;7-seg.c: 19: {
   353                           ;7-seg.c: 20: PORTB=seg[i];
   354  07D6  0873               	movf	(_i),w
   355  07D7  00F2               	movwf	(??_main+0)+0
   356  07D8  0772               	addwf	(??_main+0)+0,w
   357  07D9  3E20               	addlw	_seg&0ffh
   358  07DA  0084               	movwf	fsr0
   359  07DB  1383               	bcf	status, 7	;select IRP bank0
   360  07DC  0800               	movf	indf,w
   361  07DD  1283               	bcf	status, 5	;RP0=0, select bank0
   362  07DE  1303               	bcf	status, 6	;RP1=0, select bank0
   363  07DF  0086               	movwf	(6)	;volatile
   364                           	line	21
   365                           	
   366  07E0                     l1763:	
   367                           ;7-seg.c: 21: delay(50000);
   368  07E0  3050               	movlw	low(0C350h)
   369  07E1  00F0               	movwf	(?_delay)
   370  07E2  30C3               	movlw	high(0C350h)
   371  07E3  00F1               	movwf	((?_delay))+1
   372  07E4  120A  118A  2786   	fcall	_delay
              120A  118A         
   373                           	line	18
   374                           	
   375  07E9                     l1765:	
   376  07E9  3001               	movlw	low(01h)
   377  07EA  07F3               	addwf	(_i),f
   378  07EB  1803               	skipnc
   379  07EC  0AF4               	incf	(_i+1),f
   380  07ED  3000               	movlw	high(01h)
   381  07EE  07F4               	addwf	(_i+1),f
   382                           	
   383  07EF                     l1767:	
   384  07EF  0874               	movf	(_i+1),w
   385  07F0  3A80               	xorlw	80h
   386  07F1  00FE               	movwf	btemp+0
   387  07F2  3080               	movlw	(high(0Ah))^80h
   388  07F3  027E               	subwf	btemp+0,w
   389  07F4  1D03               	skipz
   390  07F5  2FF8               	goto	u2195
   391  07F6  300A               	movlw	low(0Ah)
   392  07F7  0273               	subwf	(_i),w
   393  07F8                     u2195:
   394                           
   395  07F8  1C03               	skipc
   396  07F9  2FFB               	goto	u2191
   397  07FA  2FFC               	goto	u2190
   398  07FB                     u2191:
   399  07FB  2FD6               	goto	l570
   400  07FC                     u2190:
   401                           	
   402  07FC                     l571:	
   403                           	line	23
   404                           	
   405  07FC                     l572:	
   406                           	line	16
   407  07FC  2FC4               	goto	l569
   408                           	
   409  07FD                     l573:	
   410                           	line	24
   411                           	
   412  07FD                     l574:	
   413                           	global	start
   414  07FD  120A  118A  2800   	ljmp	start
   415                           	opt stack 0
   416                           GLOBAL	__end_of_main
   417  0800                     	__end_of_main:
   418 ;; =============== function _main ends ============
   419                           
   420                           	signat	_main,90
   421                           	global	_delay
   422                           psect	text73,local,class=CODE,delta=2
   423                           global __ptext73
   424  0786                     __ptext73:
   425                           
   426 ;; *************** function _delay *****************
   427 ;; Defined at:
   428 ;;		line 4 in file "E:\Embedded\7-Segment\7_seg_use_for_loop\7-seg.c"
   429 ;; Parameters:    Size  Location     Type
   430 ;;  x               2    0[COMMON] unsigned int 
   431 ;; Auto vars:     Size  Location     Type
   432 ;;		None
   433 ;; Return value:  Size  Location     Type
   434 ;;		None               void
   435 ;; Registers used:
   436 ;;		wreg
   437 ;; Tracked objects:
   438 ;;		On entry : 0/0
   439 ;;		On exit  : 0/0
   440 ;;		Unchanged: 0/0
   441 ;; Data sizes:     COMMON   BANK0   BANK1   BANK3   BANK2
   442 ;;      Params:         2       0       0       0       0
   443 ;;      Locals:         0       0       0       0       0
   444 ;;      Temps:          0       0       0       0       0
   445 ;;      Totals:         2       0       0       0       0
   446 ;;Total ram usage:        2 bytes
   447 ;; Hardware stack levels used:    1
   448 ;; This function calls:
   449 ;;		Nothing
   450 ;; This function is called by:
   451 ;;		_main
   452 ;; This function uses a non-reentrant model
   453 ;;
   454                           psect	text73
   455                           	file	"E:\Embedded\7-Segment\7_seg_use_for_loop\7-seg.c"
   456                           	line	4
   457                           	global	__size_of_delay
   458  0012                     	__size_of_delay	equ	__end_of_delay-_delay
   459                           	
   460  0786                     _delay:	
   461                           	opt	stack 7
   462                           ; Regs used in _delay: [wreg]
   463                           	line	5
   464                           	
   465  0786                     l1749:	
   466                           ;7-seg.c: 5: while(x--);
   467  0786  2F87               	goto	l563
   468                           	
   469  0787                     l564:	
   470                           	
   471  0787                     l563:	
   472                           	
   473  0787                     l1751:	
   474  0787  3001               	movlw	low(01h)
   475  0788  02F0               	subwf	(delay@x),f
   476  0789  3000               	movlw	high(01h)
   477  078A  1C03               	skipc
   478  078B  03F1               	decf	(delay@x+1),f
   479  078C  02F1               	subwf	(delay@x+1),f
   480  078D  30FF               	movlw	high(0FFFFh)
   481  078E  0671               	xorwf	((delay@x+1)),w
   482  078F  1D03               	skipz
   483  0790  2F93               	goto	u2175
   484  0791  30FF               	movlw	low(0FFFFh)
   485  0792  0670               	xorwf	((delay@x)),w
   486  0793                     u2175:
   487                           
   488  0793  1D03               	skipz
   489  0794  2F96               	goto	u2171
   490  0795  2F97               	goto	u2170
   491  0796                     u2171:
   492  0796  2F87               	goto	l564
   493  0797                     u2170:
   494                           	
   495  0797                     l565:	
   496                           	line	6
   497                           	
   498  0797                     l566:	
   499  0797  0008               	return
   500                           	opt stack 0
   501                           GLOBAL	__end_of_delay
   502  0798                     	__end_of_delay:
   503 ;; =============== function _delay ends ============
   504                           
   505                           	signat	_delay,4216
   506                           psect	text74,local,class=CODE,delta=2
   507                           global __ptext74
   508  0000                     __ptext74:
   509                           	global	btemp
   510  007E                     	btemp set 07Eh
   511                           
   512                           	DABS	1,126,2	;btemp
   513                           	global	wtemp0
   514  007E                     	wtemp0 set btemp


HI-TECH Software PICC Macro Assembler V9.71a build 6446 
Symbol Table                                                                                   Wed Oct 15 15:29:44 2025

                   _i 0073                     pc 0002                    fsr 0004                   l570 07D6  
                 l563 0787                   l571 07FC                   l564 0787                   l572 07FC  
                 l565 0797                   l573 07FD                   l566 0797                   l574 07FD  
                 l569 07C4                   _seg 0020                   fsr0 0004                   indf 0000  
                l1751 0787                  l1761 07D6                  l1753 07BE                  l1763 07E0  
                l1755 07C4                  l1749 0786                  l1765 07E9                  l1757 07C8  
                l1767 07EF                  l1759 07D5                  u2170 0797                  u2171 0796  
                u2180 07D5                  u2181 07D4                  u2190 07FC                  u2175 0793  
                u2191 07FB                  u2185 07D1                  u2195 07F8                  _main 07BE  
                btemp 007E                  start 0000                 ?_main 0070                 _PORTB 0006  
               _TRISB 0086                 _delay 0786                 pclath 000A                 status 0003  
               wtemp0 007E          __end_of_main 0800                ??_main 0072                ?_delay 0070  
              delay@x 0070        __pcstackCOMMON 0070          __pidataBANK0 07AA         __end_of_delay 0798  
             ??_delay 0072            __pnvCOMMON 0073            __pmaintext 07BE  end_of_initialization 07A6  
             init_ram 0779   start_initialization 0798           __pdataBANK0 0020        __size_of_delay 0012  
           init_fetch 0775              __ptext73 0786              __ptext74 0000         __size_of_main 0042  
