

HI-TECH Software PIC LITE Macro Assembler V9.71a build 6446 
                                                                                               Wed Oct 05 21:00:41 2022

HI-TECH Software Omniscient Code Generator (Lite mode) build 6446
     1  0000                     opt subtitle "HI-TECH Software Omniscient Code Generator (Lite mode) build 6446"
     2                           
     3                           opt pagewidth 120
     4                           
     5                           	opt lm
     6                           
     7                           	processor	16F877A
     8                           clrc	macro
     9                           	bcf	3,0
    10  0000                     	endm
    11                           clrz	macro
    12                           	bcf	3,2
    13  0000                     	endm
    14                           setc	macro
    15                           	bsf	3,0
    16  0000                     	endm
    17                           setz	macro
    18                           	bsf	3,2
    19  0000                     	endm
    20                           skipc	macro
    21                           	btfss	3,0
    22  0000                     	endm
    23                           skipz	macro
    24                           	btfss	3,2
    25  0000                     	endm
    26                           skipnc	macro
    27                           	btfsc	3,0
    28  0000                     	endm
    29                           skipnz	macro
    30                           	btfsc	3,2
    31  0000                     	endm
    32  0000                     indf	equ	0
    33  0000                     indf0	equ	0
    34  0002                     pc	equ	2
    35  0002                     pcl	equ	2
    36  0003                     status	equ	3
    37  0004                     fsr	equ	4
    38  0004                     fsr0	equ	4
    39  0001                     c	equ	1
    40  0000                     z	equ	0
    41  000A                     pclath	equ	10
    42                           	FNCALL	_main,___awdiv
    43                           	FNCALL	_main,___awmod
    44                           	FNCALL	_main,_delay
    45                           	FNROOT	_main
    46                           	global	_seg
    47                           psect	idataBANK0,class=CODE,space=0,delta=2
    48                           global __pidataBANK0
    49  05E5                     __pidataBANK0:
    50                           	file	"C:\Users\ELCOT\Desktop\pic newfolder\7 SEGMENT DIAPLAY\SEG TASK\4.4segment\4 segm
                                 ent task.c"
    51                           	line	10
    52                           
    53                           ;initializer for _seg
    54  05E5  343F               	retlw	03Fh
    55  05E6  3400               	retlw	0
    56                           
    57  05E7  3406               	retlw	06h
    58  05E8  3400               	retlw	0
    59                           
    60  05E9  345B               	retlw	05Bh
    61  05EA  3400               	retlw	0
    62                           
    63  05EB  344F               	retlw	04Fh
    64  05EC  3400               	retlw	0
    65                           
    66  05ED  3466               	retlw	066h
    67  05EE  3400               	retlw	0
    68                           
    69  05EF  346D               	retlw	06Dh
    70  05F0  3400               	retlw	0
    71                           
    72  05F1  347D               	retlw	07Dh
    73  05F2  3400               	retlw	0
    74                           
    75  05F3  3407               	retlw	07h
    76  05F4  3400               	retlw	0
    77                           
    78  05F5  347F               	retlw	07Fh
    79  05F6  3400               	retlw	0
    80                           
    81  05F7  346F               	retlw	06Fh
    82  05F8  3400               	retlw	0
    83                           
    84                           	global	_a
    85                           	global	_c
    86                           	global	_e
    87                           	global	_f
    88                           	global	_b
    89                           	global	_d
    90                           	global	_i
    91                           psect	nvBANK0,class=BANK0,space=1
    92                           global __pnvBANK0
    93  003C                     __pnvBANK0:
    94  003C                     _i:
    95  003C                            ds      2
    96                           
    97                           	global	_PORTB
    98  0006                     _PORTB	set	6
    99                           	global	_PORTC
   100  0007                     _PORTC	set	7
   101                           	global	_RC0
   102  0038                     _RC0	set	56
   103                           	global	_RC1
   104  0039                     _RC1	set	57
   105                           	global	_RC2
   106  003A                     _RC2	set	58
   107                           	global	_RC3
   108  003B                     _RC3	set	59
   109                           	global	_TRISB
   110  0086                     _TRISB	set	134
   111                           	global	_TRISC
   112  0087                     _TRISC	set	135
   113                           	file	"4 segment task.as"
   114                           	line	#
   115                           psect cinit,class=CODE,delta=2
   116                           global start_initialization
   117  05F9                     start_initialization:
   118                           
   119                           psect	bssCOMMON,class=COMMON,space=1
   120                           global __pbssCOMMON
   121  007A                     __pbssCOMMON:
   122  007A                     _b:
   123  007A                            ds      2
   124                           
   125  007C                     _d:
   126  007C                            ds      2
   127                           
   128                           psect	bssBANK0,class=BANK0,space=1
   129                           global __pbssBANK0
   130  0034                     __pbssBANK0:
   131  0034                     _a:
   132  0034                            ds      2
   133                           
   134  0036                     _c:
   135  0036                            ds      2
   136                           
   137  0038                     _e:
   138  0038                            ds      2
   139                           
   140  003A                     _f:
   141  003A                            ds      2
   142                           
   143                           psect	dataBANK0,class=BANK0,space=1
   144                           global __pdataBANK0
   145  0020                     __pdataBANK0:
   146                           	file	"C:\Users\ELCOT\Desktop\pic newfolder\7 SEGMENT DIAPLAY\SEG TASK\4.4segment\4 segm
                                 ent task.c"
   147  0020                     _seg:
   148  0020                            ds      20
   149                           
   150                           ; Clear objects allocated to COMMON
   151                           psect cinit,class=CODE,delta=2
   152  05F9  01FA               	clrf	((__pbssCOMMON)+0)&07Fh
   153  05FA  01FB               	clrf	((__pbssCOMMON)+1)&07Fh
   154  05FB  01FC               	clrf	((__pbssCOMMON)+2)&07Fh
   155  05FC  01FD               	clrf	((__pbssCOMMON)+3)&07Fh
   156                           ; Clear objects allocated to BANK0
   157                           psect cinit,class=CODE,delta=2
   158  05FD  01B4               	clrf	((__pbssBANK0)+0)&07Fh
   159  05FE  01B5               	clrf	((__pbssBANK0)+1)&07Fh
   160  05FF  01B6               	clrf	((__pbssBANK0)+2)&07Fh
   161  0600  01B7               	clrf	((__pbssBANK0)+3)&07Fh
   162  0601  01B8               	clrf	((__pbssBANK0)+4)&07Fh
   163  0602  01B9               	clrf	((__pbssBANK0)+5)&07Fh
   164  0603  01BA               	clrf	((__pbssBANK0)+6)&07Fh
   165  0604  01BB               	clrf	((__pbssBANK0)+7)&07Fh
   166                           global btemp
   167                           psect inittext,class=CODE,delta=2
   168                           global init_fetch,btemp
   169                           ;	Called with low address in FSR and high address in W
   170  05C2                     init_fetch:
   171  05C2  087E               	movf btemp,w
   172  05C3  008A               	movwf pclath
   173  05C4  087F               	movf btemp+1,w
   174  05C5  0082               	movwf pc
   175                           global init_ram
   176                           ;Called with:
   177                           ;	high address of idata address in btemp 
   178                           ;	low address of idata address in btemp+1 
   179                           ;	low address of data in FSR
   180                           ;	high address + 1 of data in btemp-1
   181  05C6                     init_ram:
   182  05C6  25C2  120A  118A   	fcall init_fetch
   183  05C9  0080               	movwf indf,f
   184  05CA  0A84               	incf fsr,f
   185  05CB  0804               	movf fsr,w
   186  05CC  067D               	xorwf btemp-1,w
   187  05CD  1903               	btfsc status,2
   188  05CE  3400               	retlw 0
   189  05CF  0AFF               	incf btemp+1,f
   190  05D0  1903               	btfsc status,2
   191  05D1  0AFE               	incf btemp,f
   192  05D2  2DC6               	goto init_ram
   193                           ; Initialize objects allocated to BANK0
   194                           psect cinit,class=CODE,delta=2
   195                           global init_ram, __pidataBANK0
   196  0605  1383               	bcf	status, 7	;select IRP bank0
   197  0606  3034               	movlw low(__pdataBANK0+20)
   198  0607  00FD               	movwf btemp-1,f
   199  0608  3005               	movlw high(__pidataBANK0)
   200  0609  00FE               	movwf btemp,f
   201  060A  30E5               	movlw low(__pidataBANK0)
   202  060B  00FF               	movwf btemp+1,f
   203  060C  3020               	movlw low(__pdataBANK0)
   204  060D  0084               	movwf fsr,f
   205  060E  120A  118A  25C6   	fcall init_ram
              120A  118A         
   206                           psect cinit,class=CODE,delta=2
   207                           global end_of_initialization
   208                           
   209                           ;End of C runtime variable initialization code
   210                           
   211  0613                     end_of_initialization:
   212  0613  0183               clrf status
   213  0614  120A  118A  2EE7   ljmp _main	;jump to C main() function
   214                           psect	cstackCOMMON,class=COMMON,space=1
   215                           global __pcstackCOMMON
   216  0070                     __pcstackCOMMON:
   217                           	global	?_delay
   218  0070                     ?_delay:	; 0 bytes @ 0x0
   219                           	global	?_main
   220  0070                     ?_main:	; 2 bytes @ 0x0
   221                           	global	?___awdiv
   222  0070                     ?___awdiv:	; 2 bytes @ 0x0
   223                           	global	?___awmod
   224  0070                     ?___awmod:	; 2 bytes @ 0x0
   225                           	global	delay@x
   226  0070                     delay@x:	; 2 bytes @ 0x0
   227                           	global	___awdiv@divisor
   228  0070                     ___awdiv@divisor:	; 2 bytes @ 0x0
   229                           	global	___awmod@divisor
   230  0070                     ___awmod@divisor:	; 2 bytes @ 0x0
   231  0070                     	ds	2
   232                           	global	??_delay
   233  0072                     ??_delay:	; 0 bytes @ 0x2
   234                           	global	___awdiv@dividend
   235  0072                     ___awdiv@dividend:	; 2 bytes @ 0x2
   236                           	global	___awmod@dividend
   237  0072                     ___awmod@dividend:	; 2 bytes @ 0x2
   238  0072                     	ds	2
   239                           	global	??___awdiv
   240  0074                     ??___awdiv:	; 0 bytes @ 0x4
   241                           	global	??___awmod
   242  0074                     ??___awmod:	; 0 bytes @ 0x4
   243  0074                     	ds	1
   244                           	global	___awdiv@counter
   245  0075                     ___awdiv@counter:	; 1 bytes @ 0x5
   246                           	global	___awmod@counter
   247  0075                     ___awmod@counter:	; 1 bytes @ 0x5
   248  0075                     	ds	1
   249                           	global	___awdiv@sign
   250  0076                     ___awdiv@sign:	; 1 bytes @ 0x6
   251                           	global	___awmod@sign
   252  0076                     ___awmod@sign:	; 1 bytes @ 0x6
   253  0076                     	ds	1
   254                           	global	___awdiv@quotient
   255  0077                     ___awdiv@quotient:	; 2 bytes @ 0x7
   256  0077                     	ds	2
   257                           	global	??_main
   258  0079                     ??_main:	; 0 bytes @ 0x9
   259  0079                     	ds	1
   260 ;;Data sizes: Strings 0, constant 0, data 20, bss 12, persistent 2 stack 0
   261 ;;Auto spaces:   Size  Autos    Used
   262 ;; COMMON          14     10      14
   263 ;; BANK0           80      0      30
   264 ;; BANK1           80      0       0
   265 ;; BANK3           96      0       0
   266 ;; BANK2           96      0       0
   267                           
   268 ;;
   269 ;; Pointer list with targets:
   270                           
   271 ;; ?___awmod	int  size(1) Largest target is 0
   272 ;;
   273 ;; ?___awdiv	int  size(1) Largest target is 0
   274 ;;
   275                           
   276                           
   277 ;;
   278 ;; Critical Paths under _main in COMMON
   279 ;;
   280 ;;   _main->___awdiv
   281 ;;
   282 ;; Critical Paths under _main in BANK0
   283 ;;
   284 ;;   None.
   285 ;;
   286 ;; Critical Paths under _main in BANK1
   287 ;;
   288 ;;   None.
   289 ;;
   290 ;; Critical Paths under _main in BANK3
   291 ;;
   292 ;;   None.
   293 ;;
   294 ;; Critical Paths under _main in BANK2
   295 ;;
   296 ;;   None.
   297                           
   298 ;;
   299 ;;Main: autosize = 0, tempsize = 1, incstack = 0, save=0
   300 ;;
   301                           
   302 ;;
   303 ;;Call Graph Tables:
   304 ;;
   305 ;; ---------------------------------------------------------------------------------
   306 ;; (Depth) Function   	        Calls       Base Space   Used Autos Params    Refs
   307 ;; ---------------------------------------------------------------------------------
   308 ;; (0) _main                                                 1     1      0     618
   309 ;;                                              9 COMMON     1     1      0
   310 ;;                            ___awdiv
   311 ;;                            ___awmod
   312 ;;                              _delay
   313 ;; ---------------------------------------------------------------------------------
   314 ;; (1) ___awmod                                              7     3      4     296
   315 ;;                                              0 COMMON     7     3      4
   316 ;; ---------------------------------------------------------------------------------
   317 ;; (1) ___awdiv                                              9     5      4     300
   318 ;;                                              0 COMMON     9     5      4
   319 ;; ---------------------------------------------------------------------------------
   320 ;; (1) _delay                                                2     0      2      22
   321 ;;                                              0 COMMON     2     0      2
   322 ;; ---------------------------------------------------------------------------------
   323 ;; Estimated maximum stack depth 1
   324 ;; ---------------------------------------------------------------------------------
   325                           
   326 ;; Call Graph Graphs:
   327                           
   328 ;; _main (ROOT)
   329 ;;   ___awdiv
   330 ;;   ___awmod
   331 ;;   _delay
   332 ;;
   333                           
   334 ;; Address spaces:
   335                           
   336 ;;Name               Size   Autos  Total    Cost      Usage
   337 ;;BANK3               60      0       0       9        0.0%
   338 ;;BITBANK3            60      0       0       8        0.0%
   339 ;;SFR3                 0      0       0       4        0.0%
   340 ;;BITSFR3              0      0       0       4        0.0%
   341 ;;BANK2               60      0       0      11        0.0%
   342 ;;BITBANK2            60      0       0      10        0.0%
   343 ;;SFR2                 0      0       0       5        0.0%
   344 ;;BITSFR2              0      0       0       5        0.0%
   345 ;;SFR1                 0      0       0       2        0.0%
   346 ;;BITSFR1              0      0       0       2        0.0%
   347 ;;BANK1               50      0       0       7        0.0%
   348 ;;BITBANK1            50      0       0       6        0.0%
   349 ;;CODE                 0      0       0       0        0.0%
   350 ;;DATA                 0      0      2D      12        0.0%
   351 ;;ABS                  0      0      2C       3        0.0%
   352 ;;NULL                 0      0       0       0        0.0%
   353 ;;STACK                0      0       1       2        0.0%
   354 ;;BANK0               50      0      1E       5       37.5%
   355 ;;BITBANK0            50      0       0       4        0.0%
   356 ;;SFR0                 0      0       0       1        0.0%
   357 ;;BITSFR0              0      0       0       1        0.0%
   358 ;;COMMON               E      A       E       1      100.0%
   359 ;;BITCOMMON            E      0       0       0        0.0%
   360 ;;EEDATA             100      0       0       0        0.0%
   361                           
   362                           	global	_main
   363                           psect	maintext,global,class=CODE,delta=2
   364                           global __pmaintext
   365  06E7                     __pmaintext:
   366                           
   367 ;; *************** function _main *****************
   368 ;; Defined at:
   369 ;;		line 13 in file "C:\Users\ELCOT\Desktop\pic newfolder\7 SEGMENT DIAPLAY\SEG TASK\4.4segment\4 segment task.c"
   370 ;; Parameters:    Size  Location     Type
   371 ;;		None
   372 ;; Auto vars:     Size  Location     Type
   373 ;;		None
   374 ;; Return value:  Size  Location     Type
   375 ;;                  2  580[COMMON] int 
   376 ;; Registers used:
   377 ;;		wreg, fsr0l, fsr0h, status,2, status,0, btemp+0, pclath, cstack
   378 ;; Tracked objects:
   379 ;;		On entry : 17F/0
   380 ;;		On exit  : 0/0
   381 ;;		Unchanged: 0/0
   382 ;; Data sizes:     COMMON   BANK0   BANK1   BANK3   BANK2
   383 ;;      Params:         0       0       0       0       0
   384 ;;      Locals:         0       0       0       0       0
   385 ;;      Temps:          1       0       0       0       0
   386 ;;      Totals:         1       0       0       0       0
   387 ;;Total ram usage:        1 bytes
   388 ;; Hardware stack levels required when called:    1
   389 ;; This function calls:
   390 ;;		___awdiv
   391 ;;		___awmod
   392 ;;		_delay
   393 ;; This function is called by:
   394 ;;		Startup code after reset
   395 ;; This function uses a non-reentrant model
   396 ;;
   397                           psect	maintext
   398                           	file	"C:\Users\ELCOT\Desktop\pic newfolder\7 SEGMENT DIAPLAY\SEG TASK\4.4segment\4 segm
                                 ent task.c"
   399                           	line	13
   400                           	global	__size_of_main
   401  0119                     	__size_of_main	equ	__end_of_main-_main
   402                           	
   403  06E7                     _main:	
   404                           	opt	stack 8
   405                           ; Regs used in _main: [wreg-fsr0h+status,2-btemp+0+pclath+cstack]
   406                           	line	14
   407                           	
   408  06E7                     l1969:	
   409                           ;4 segment task.c: 14: TRISB=0X00;
   410  06E7  1683               	bsf	status, 5	;RP0=1, select bank1
   411  06E8  1303               	bcf	status, 6	;RP1=0, select bank1
   412  06E9  0186               	clrf	(134)^080h	;volatile
   413                           	line	15
   414                           ;4 segment task.c: 15: PORTB=0X00;
   415  06EA  1283               	bcf	status, 5	;RP0=0, select bank0
   416  06EB  1303               	bcf	status, 6	;RP1=0, select bank0
   417  06EC  0186               	clrf	(6)	;volatile
   418                           	line	16
   419                           ;4 segment task.c: 16: TRISC=0X00;
   420  06ED  1683               	bsf	status, 5	;RP0=1, select bank1
   421  06EE  1303               	bcf	status, 6	;RP1=0, select bank1
   422  06EF  0187               	clrf	(135)^080h	;volatile
   423                           	line	17
   424                           ;4 segment task.c: 17: PORTC=0X00;
   425  06F0  1283               	bcf	status, 5	;RP0=0, select bank0
   426  06F1  1303               	bcf	status, 6	;RP1=0, select bank0
   427  06F2  0187               	clrf	(7)	;volatile
   428                           	line	18
   429                           ;4 segment task.c: 18: while(1)
   430                           	
   431  06F3                     l581:	
   432                           	line	20
   433                           	
   434  06F3                     l1971:	
   435                           ;4 segment task.c: 19: {
   436                           ;4 segment task.c: 20: for(i=0;i<9999;i++)
   437  06F3  3000               	movlw	low(0)
   438  06F4  00BC               	movwf	(_i)
   439  06F5  3000               	movlw	high(0)
   440  06F6  00BD               	movwf	((_i))+1
   441                           	
   442  06F7                     l1973:	
   443  06F7  083D               	movf	(_i+1),w
   444  06F8  3A80               	xorlw	80h
   445  06F9  00FE               	movwf	btemp+0
   446  06FA  30A7               	movlw	(high(0270Fh))^80h
   447  06FB  027E               	subwf	btemp+0,w
   448  06FC  1D03               	skipz
   449  06FD  2F00               	goto	u2375
   450  06FE  300F               	movlw	low(0270Fh)
   451  06FF  023C               	subwf	(_i),w
   452  0700                     u2375:
   453                           
   454  0700  1C03               	skipc
   455  0701  2F03               	goto	u2371
   456  0702  2F04               	goto	u2370
   457  0703                     u2371:
   458  0703  2F05               	goto	l582
   459  0704                     u2370:
   460                           	
   461  0704                     l1975:	
   462  0704  2FFC               	goto	l583
   463                           	line	21
   464                           	
   465  0705                     l582:	
   466                           	line	22
   467                           	
   468  0705                     l1977:	
   469                           ;4 segment task.c: 21: {
   470                           ;4 segment task.c: 22: a=i/1000;
   471  0705  30E8               	movlw	low(03E8h)
   472  0706  00F0               	movwf	(?___awdiv)
   473  0707  3003               	movlw	high(03E8h)
   474  0708  00F1               	movwf	((?___awdiv))+1
   475  0709  1283               	bcf	status, 5	;RP0=0, select bank0
   476  070A  1303               	bcf	status, 6	;RP1=0, select bank0
   477  070B  083D               	movf	(_i+1),w
   478  070C  01F3               	clrf	1+(?___awdiv)+02h
   479  070D  07F3               	addwf	1+(?___awdiv)+02h
   480  070E  083C               	movf	(_i),w
   481  070F  01F2               	clrf	0+(?___awdiv)+02h
   482  0710  07F2               	addwf	0+(?___awdiv)+02h
   483                           
   484  0711  120A  118A  2677   	fcall	___awdiv
              120A  118A         
   485  0716  0871               	movf	(1+(?___awdiv)),w
   486  0717  1283               	bcf	status, 5	;RP0=0, select bank0
   487  0718  1303               	bcf	status, 6	;RP1=0, select bank0
   488  0719  01B5               	clrf	(_a+1)
   489  071A  07B5               	addwf	(_a+1)
   490  071B  0870               	movf	(0+(?___awdiv)),w
   491  071C  01B4               	clrf	(_a)
   492  071D  07B4               	addwf	(_a)
   493                           
   494                           	line	23
   495                           ;4 segment task.c: 23: b=i%1000;
   496  071E  30E8               	movlw	low(03E8h)
   497  071F  00F0               	movwf	(?___awmod)
   498  0720  3003               	movlw	high(03E8h)
   499  0721  00F1               	movwf	((?___awmod))+1
   500  0722  083D               	movf	(_i+1),w
   501  0723  01F3               	clrf	1+(?___awmod)+02h
   502  0724  07F3               	addwf	1+(?___awmod)+02h
   503  0725  083C               	movf	(_i),w
   504  0726  01F2               	clrf	0+(?___awmod)+02h
   505  0727  07F2               	addwf	0+(?___awmod)+02h
   506                           
   507  0728  120A  118A  2617   	fcall	___awmod
              120A  118A         
   508  072D  0871               	movf	(1+(?___awmod)),w
   509  072E  01FB               	clrf	(_b+1)
   510  072F  07FB               	addwf	(_b+1)
   511  0730  0870               	movf	(0+(?___awmod)),w
   512  0731  01FA               	clrf	(_b)
   513  0732  07FA               	addwf	(_b)
   514                           
   515                           	line	24
   516                           ;4 segment task.c: 24: c=b/100;
   517  0733  3064               	movlw	low(064h)
   518  0734  00F0               	movwf	(?___awdiv)
   519  0735  3000               	movlw	high(064h)
   520  0736  00F1               	movwf	((?___awdiv))+1
   521  0737  087B               	movf	(_b+1),w
   522  0738  01F3               	clrf	1+(?___awdiv)+02h
   523  0739  07F3               	addwf	1+(?___awdiv)+02h
   524  073A  087A               	movf	(_b),w
   525  073B  01F2               	clrf	0+(?___awdiv)+02h
   526  073C  07F2               	addwf	0+(?___awdiv)+02h
   527                           
   528  073D  120A  118A  2677   	fcall	___awdiv
              120A  118A         
   529  0742  0871               	movf	(1+(?___awdiv)),w
   530  0743  1283               	bcf	status, 5	;RP0=0, select bank0
   531  0744  1303               	bcf	status, 6	;RP1=0, select bank0
   532  0745  01B7               	clrf	(_c+1)
   533  0746  07B7               	addwf	(_c+1)
   534  0747  0870               	movf	(0+(?___awdiv)),w
   535  0748  01B6               	clrf	(_c)
   536  0749  07B6               	addwf	(_c)
   537                           
   538                           	line	25
   539                           ;4 segment task.c: 25: d=b%100;
   540  074A  3064               	movlw	low(064h)
   541  074B  00F0               	movwf	(?___awmod)
   542  074C  3000               	movlw	high(064h)
   543  074D  00F1               	movwf	((?___awmod))+1
   544  074E  087B               	movf	(_b+1),w
   545  074F  01F3               	clrf	1+(?___awmod)+02h
   546  0750  07F3               	addwf	1+(?___awmod)+02h
   547  0751  087A               	movf	(_b),w
   548  0752  01F2               	clrf	0+(?___awmod)+02h
   549  0753  07F2               	addwf	0+(?___awmod)+02h
   550                           
   551  0754  120A  118A  2617   	fcall	___awmod
              120A  118A         
   552  0759  0871               	movf	(1+(?___awmod)),w
   553  075A  01FD               	clrf	(_d+1)
   554  075B  07FD               	addwf	(_d+1)
   555  075C  0870               	movf	(0+(?___awmod)),w
   556  075D  01FC               	clrf	(_d)
   557  075E  07FC               	addwf	(_d)
   558                           
   559                           	line	26
   560                           ;4 segment task.c: 26: e=d/10;
   561  075F  300A               	movlw	low(0Ah)
   562  0760  00F0               	movwf	(?___awdiv)
   563  0761  3000               	movlw	high(0Ah)
   564  0762  00F1               	movwf	((?___awdiv))+1
   565  0763  087D               	movf	(_d+1),w
   566  0764  01F3               	clrf	1+(?___awdiv)+02h
   567  0765  07F3               	addwf	1+(?___awdiv)+02h
   568  0766  087C               	movf	(_d),w
   569  0767  01F2               	clrf	0+(?___awdiv)+02h
   570  0768  07F2               	addwf	0+(?___awdiv)+02h
   571                           
   572  0769  120A  118A  2677   	fcall	___awdiv
              120A  118A         
   573  076E  0871               	movf	(1+(?___awdiv)),w
   574  076F  1283               	bcf	status, 5	;RP0=0, select bank0
   575  0770  1303               	bcf	status, 6	;RP1=0, select bank0
   576  0771  01B9               	clrf	(_e+1)
   577  0772  07B9               	addwf	(_e+1)
   578  0773  0870               	movf	(0+(?___awdiv)),w
   579  0774  01B8               	clrf	(_e)
   580  0775  07B8               	addwf	(_e)
   581                           
   582                           	line	27
   583                           ;4 segment task.c: 27: f=d%10;
   584  0776  300A               	movlw	low(0Ah)
   585  0777  00F0               	movwf	(?___awmod)
   586  0778  3000               	movlw	high(0Ah)
   587  0779  00F1               	movwf	((?___awmod))+1
   588  077A  087D               	movf	(_d+1),w
   589  077B  01F3               	clrf	1+(?___awmod)+02h
   590  077C  07F3               	addwf	1+(?___awmod)+02h
   591  077D  087C               	movf	(_d),w
   592  077E  01F2               	clrf	0+(?___awmod)+02h
   593  077F  07F2               	addwf	0+(?___awmod)+02h
   594                           
   595  0780  120A  118A  2617   	fcall	___awmod
              120A  118A         
   596  0785  0871               	movf	(1+(?___awmod)),w
   597  0786  1283               	bcf	status, 5	;RP0=0, select bank0
   598  0787  1303               	bcf	status, 6	;RP1=0, select bank0
   599  0788  01BB               	clrf	(_f+1)
   600  0789  07BB               	addwf	(_f+1)
   601  078A  0870               	movf	(0+(?___awmod)),w
   602  078B  01BA               	clrf	(_f)
   603  078C  07BA               	addwf	(_f)
   604                           
   605                           	line	32
   606                           	
   607  078D                     l1979:	
   608                           ;4 segment task.c: 32: RC0=0;
   609  078D  1007               	bcf	(56/8),(56)&7
   610                           	line	33
   611                           	
   612  078E                     l1981:	
   613                           ;4 segment task.c: 33: RC1=1;
   614  078E  1487               	bsf	(57/8),(57)&7
   615                           	line	34
   616                           	
   617  078F                     l1983:	
   618                           ;4 segment task.c: 34: RC2=1;
   619  078F  1507               	bsf	(58/8),(58)&7
   620                           	line	35
   621                           	
   622  0790                     l1985:	
   623                           ;4 segment task.c: 35: RC3=1;
   624  0790  1587               	bsf	(59/8),(59)&7
   625                           	line	36
   626                           	
   627  0791                     l1987:	
   628                           ;4 segment task.c: 36: PORTB=seg[a];
   629  0791  0834               	movf	(_a),w
   630  0792  00F9               	movwf	(??_main+0)+0
   631  0793  0779               	addwf	(??_main+0)+0,w
   632  0794  3E20               	addlw	_seg&0ffh
   633  0795  0084               	movwf	fsr0
   634  0796  1383               	bcf	status, 7	;select IRP bank0
   635  0797  0800               	movf	indf,w
   636  0798  0086               	movwf	(6)	;volatile
   637                           	line	37
   638                           	
   639  0799                     l1989:	
   640                           ;4 segment task.c: 37: delay(5000);
   641  0799  3088               	movlw	low(01388h)
   642  079A  00F0               	movwf	(?_delay)
   643  079B  3013               	movlw	high(01388h)
   644  079C  00F1               	movwf	((?_delay))+1
   645  079D  120A  118A  25D3   	fcall	_delay
              120A  118A         
   646                           	line	38
   647                           	
   648  07A2                     l1991:	
   649                           ;4 segment task.c: 38: RC0=1;
   650  07A2  1283               	bcf	status, 5	;RP0=0, select bank0
   651  07A3  1303               	bcf	status, 6	;RP1=0, select bank0
   652  07A4  1407               	bsf	(56/8),(56)&7
   653                           	line	39
   654                           	
   655  07A5                     l1993:	
   656                           ;4 segment task.c: 39: RC1=0;
   657  07A5  1087               	bcf	(57/8),(57)&7
   658                           	line	40
   659                           	
   660  07A6                     l1995:	
   661                           ;4 segment task.c: 40: RC2=1;
   662  07A6  1507               	bsf	(58/8),(58)&7
   663                           	line	41
   664                           	
   665  07A7                     l1997:	
   666                           ;4 segment task.c: 41: RC3=1;
   667  07A7  1587               	bsf	(59/8),(59)&7
   668                           	line	42
   669                           ;4 segment task.c: 42: PORTB=seg[c];
   670  07A8  0836               	movf	(_c),w
   671  07A9  00F9               	movwf	(??_main+0)+0
   672  07AA  0779               	addwf	(??_main+0)+0,w
   673  07AB  3E20               	addlw	_seg&0ffh
   674  07AC  0084               	movwf	fsr0
   675  07AD  1383               	bcf	status, 7	;select IRP bank0
   676  07AE  0800               	movf	indf,w
   677  07AF  0086               	movwf	(6)	;volatile
   678                           	line	43
   679                           	
   680  07B0                     l1999:	
   681                           ;4 segment task.c: 43: delay(5000);
   682  07B0  3088               	movlw	low(01388h)
   683  07B1  00F0               	movwf	(?_delay)
   684  07B2  3013               	movlw	high(01388h)
   685  07B3  00F1               	movwf	((?_delay))+1
   686  07B4  120A  118A  25D3   	fcall	_delay
              120A  118A         
   687                           	line	44
   688                           	
   689  07B9                     l2001:	
   690                           ;4 segment task.c: 44: RC0=1;
   691  07B9  1283               	bcf	status, 5	;RP0=0, select bank0
   692  07BA  1303               	bcf	status, 6	;RP1=0, select bank0
   693  07BB  1407               	bsf	(56/8),(56)&7
   694                           	line	45
   695                           	
   696  07BC                     l2003:	
   697                           ;4 segment task.c: 45: RC1=1;
   698  07BC  1487               	bsf	(57/8),(57)&7
   699                           	line	46
   700                           	
   701  07BD                     l2005:	
   702                           ;4 segment task.c: 46: RC2=0;
   703  07BD  1107               	bcf	(58/8),(58)&7
   704                           	line	47
   705                           	
   706  07BE                     l2007:	
   707                           ;4 segment task.c: 47: RC3=1;
   708  07BE  1587               	bsf	(59/8),(59)&7
   709                           	line	48
   710                           	
   711  07BF                     l2009:	
   712                           ;4 segment task.c: 48: PORTB=seg[e];
   713  07BF  0838               	movf	(_e),w
   714  07C0  00F9               	movwf	(??_main+0)+0
   715  07C1  0779               	addwf	(??_main+0)+0,w
   716  07C2  3E20               	addlw	_seg&0ffh
   717  07C3  0084               	movwf	fsr0
   718  07C4  1383               	bcf	status, 7	;select IRP bank0
   719  07C5  0800               	movf	indf,w
   720  07C6  0086               	movwf	(6)	;volatile
   721                           	line	49
   722                           ;4 segment task.c: 49: delay(5000);
   723  07C7  3088               	movlw	low(01388h)
   724  07C8  00F0               	movwf	(?_delay)
   725  07C9  3013               	movlw	high(01388h)
   726  07CA  00F1               	movwf	((?_delay))+1
   727  07CB  120A  118A  25D3   	fcall	_delay
              120A  118A         
   728                           	line	50
   729                           	
   730  07D0                     l2011:	
   731                           ;4 segment task.c: 50: RC0=1;
   732  07D0  1283               	bcf	status, 5	;RP0=0, select bank0
   733  07D1  1303               	bcf	status, 6	;RP1=0, select bank0
   734  07D2  1407               	bsf	(56/8),(56)&7
   735                           	line	51
   736                           	
   737  07D3                     l2013:	
   738                           ;4 segment task.c: 51: RC1=1;
   739  07D3  1487               	bsf	(57/8),(57)&7
   740                           	line	52
   741                           	
   742  07D4                     l2015:	
   743                           ;4 segment task.c: 52: RC2=1;
   744  07D4  1507               	bsf	(58/8),(58)&7
   745                           	line	53
   746                           	
   747  07D5                     l2017:	
   748                           ;4 segment task.c: 53: RC3=0;
   749  07D5  1187               	bcf	(59/8),(59)&7
   750                           	line	54
   751                           	
   752  07D6                     l2019:	
   753                           ;4 segment task.c: 54: PORTB=seg[f];
   754  07D6  083A               	movf	(_f),w
   755  07D7  00F9               	movwf	(??_main+0)+0
   756  07D8  0779               	addwf	(??_main+0)+0,w
   757  07D9  3E20               	addlw	_seg&0ffh
   758  07DA  0084               	movwf	fsr0
   759  07DB  1383               	bcf	status, 7	;select IRP bank0
   760  07DC  0800               	movf	indf,w
   761  07DD  0086               	movwf	(6)	;volatile
   762                           	line	55
   763                           	
   764  07DE                     l2021:	
   765                           ;4 segment task.c: 55: delay(5000);
   766  07DE  3088               	movlw	low(01388h)
   767  07DF  00F0               	movwf	(?_delay)
   768  07E0  3013               	movlw	high(01388h)
   769  07E1  00F1               	movwf	((?_delay))+1
   770  07E2  120A  118A  25D3   	fcall	_delay
              120A  118A         
   771                           	line	20
   772                           	
   773  07E7                     l2023:	
   774  07E7  3001               	movlw	low(01h)
   775  07E8  1283               	bcf	status, 5	;RP0=0, select bank0
   776  07E9  1303               	bcf	status, 6	;RP1=0, select bank0
   777  07EA  07BC               	addwf	(_i),f
   778  07EB  1803               	skipnc
   779  07EC  0ABD               	incf	(_i+1),f
   780  07ED  3000               	movlw	high(01h)
   781  07EE  07BD               	addwf	(_i+1),f
   782                           	
   783  07EF                     l2025:	
   784  07EF  083D               	movf	(_i+1),w
   785  07F0  3A80               	xorlw	80h
   786  07F1  00FE               	movwf	btemp+0
   787  07F2  30A7               	movlw	(high(0270Fh))^80h
   788  07F3  027E               	subwf	btemp+0,w
   789  07F4  1D03               	skipz
   790  07F5  2FF8               	goto	u2385
   791  07F6  300F               	movlw	low(0270Fh)
   792  07F7  023C               	subwf	(_i),w
   793  07F8                     u2385:
   794                           
   795  07F8  1C03               	skipc
   796  07F9  2FFB               	goto	u2381
   797  07FA  2FFC               	goto	u2380
   798  07FB                     u2381:
   799  07FB  2F05               	goto	l582
   800  07FC                     u2380:
   801                           	
   802  07FC                     l583:	
   803                           	line	58
   804                           	
   805  07FC                     l584:	
   806                           	line	18
   807  07FC  2EF3               	goto	l581
   808                           	
   809  07FD                     l585:	
   810                           	line	59
   811                           	
   812  07FD                     l586:	
   813                           	global	start
   814  07FD  120A  118A  2800   	ljmp	start
   815                           	opt stack 0
   816                           GLOBAL	__end_of_main
   817  0800                     	__end_of_main:
   818 ;; =============== function _main ends ============
   819                           
   820                           	signat	_main,90
   821                           	global	___awmod
   822                           psect	text95,local,class=CODE,delta=2
   823                           global __ptext95
   824  0617                     __ptext95:
   825                           
   826 ;; *************** function ___awmod *****************
   827 ;; Defined at:
   828 ;;		line 5 in file "C:\Program Files (x86)\HI-TECH Software\PICC\9.71a\sources\awmod.c"
   829 ;; Parameters:    Size  Location     Type
   830 ;;  divisor         2    0[COMMON] int 
   831 ;;  dividend        2    2[COMMON] int 
   832 ;; Auto vars:     Size  Location     Type
   833 ;;  sign            1    6[COMMON] unsigned char 
   834 ;;  counter         1    5[COMMON] unsigned char 
   835 ;; Return value:  Size  Location     Type
   836 ;;                  2    0[COMMON] int 
   837 ;; Registers used:
   838 ;;		wreg, status,2, status,0
   839 ;; Tracked objects:
   840 ;;		On entry : 0/0
   841 ;;		On exit  : 0/0
   842 ;;		Unchanged: 0/0
   843 ;; Data sizes:     COMMON   BANK0   BANK1   BANK3   BANK2
   844 ;;      Params:         4       0       0       0       0
   845 ;;      Locals:         2       0       0       0       0
   846 ;;      Temps:          1       0       0       0       0
   847 ;;      Totals:         7       0       0       0       0
   848 ;;Total ram usage:        7 bytes
   849 ;; Hardware stack levels used:    1
   850 ;; This function calls:
   851 ;;		Nothing
   852 ;; This function is called by:
   853 ;;		_main
   854 ;; This function uses a non-reentrant model
   855 ;;
   856                           psect	text95
   857                           	file	"C:\Program Files (x86)\HI-TECH Software\PICC\9.71a\sources\awmod.c"
   858                           	line	5
   859                           	global	__size_of___awmod
   860  0060                     	__size_of___awmod	equ	__end_of___awmod-___awmod
   861                           	
   862  0617                     ___awmod:	
   863                           	opt	stack 7
   864                           ; Regs used in ___awmod: [wreg+status,2+status,0]
   865                           	line	8
   866                           	
   867  0617                     l1933:	
   868  0617  1003               	clrc
   869  0618  3000               	movlw	0
   870  0619  1803               	btfsc	status,0
   871  061A  3001               	movlw	1
   872  061B  00F6               	movwf	(___awmod@sign)
   873                           	line	9
   874                           	
   875  061C                     l1935:	
   876  061C  1FF3               	btfss	(___awmod@dividend+1),7
   877  061D  2E1F               	goto	u2281
   878  061E  2E20               	goto	u2280
   879  061F                     u2281:
   880  061F  2E28               	goto	l803
   881  0620                     u2280:
   882                           	line	10
   883                           	
   884  0620                     l1937:	
   885  0620  09F2               	comf	(___awmod@dividend),f
   886  0621  09F3               	comf	(___awmod@dividend+1),f
   887  0622  0AF2               	incf	(___awmod@dividend),f
   888  0623  1903               	skipnz
   889  0624  0AF3               	incf	(___awmod@dividend+1),f
   890                           	line	11
   891  0625  01F6               	clrf	(___awmod@sign)
   892  0626  1403               	bsf	status,0
   893  0627  0DF6               	rlf	(___awmod@sign),f
   894                           	line	12
   895                           	
   896  0628                     l803:	
   897                           	line	13
   898                           	
   899  0628                     l1939:	
   900  0628  1FF1               	btfss	(___awmod@divisor+1),7
   901  0629  2E2B               	goto	u2291
   902  062A  2E2C               	goto	u2290
   903  062B                     u2291:
   904  062B  2E31               	goto	l804
   905  062C                     u2290:
   906                           	line	14
   907                           	
   908  062C                     l1941:	
   909  062C  09F0               	comf	(___awmod@divisor),f
   910  062D  09F1               	comf	(___awmod@divisor+1),f
   911  062E  0AF0               	incf	(___awmod@divisor),f
   912  062F  1903               	skipnz
   913  0630  0AF1               	incf	(___awmod@divisor+1),f
   914                           	
   915  0631                     l804:	
   916                           	line	15
   917                           	
   918  0631                     l1943:	
   919  0631  0871               	movf	(___awmod@divisor+1),w
   920  0632  0470               	iorwf	(___awmod@divisor),w
   921  0633  1903               	skipnz
   922  0634  2E36               	goto	u2301
   923  0635  2E37               	goto	u2300
   924  0636                     u2301:
   925  0636  2E67               	goto	l805
   926  0637                     u2300:
   927                           	line	16
   928                           	
   929  0637                     l1945:	
   930  0637  01F5               	clrf	(___awmod@counter)
   931  0638  1403               	bsf	status,0
   932  0639  0DF5               	rlf	(___awmod@counter),f
   933                           	line	17
   934  063A  2E46               	goto	l806
   935                           	
   936  063B                     l807:	
   937                           	line	18
   938                           	
   939  063B                     l1947:	
   940  063B  3001               	movlw	01h
   941                           	
   942  063C                     u2315:
   943  063C  1003               	clrc
   944  063D  0DF0               	rlf	(___awmod@divisor),f
   945  063E  0DF1               	rlf	(___awmod@divisor+1),f
   946  063F  3EFF               	addlw	-1
   947  0640  1D03               	skipz
   948  0641  2E3C               	goto	u2315
   949                           	line	19
   950                           	
   951  0642                     l1949:	
   952  0642  3001               	movlw	(01h)
   953  0643  00F4               	movwf	(??___awmod+0)+0
   954  0644  0874               	movf	(??___awmod+0)+0,w
   955  0645  07F5               	addwf	(___awmod@counter),f
   956                           	line	20
   957                           	
   958  0646                     l806:	
   959                           	line	17
   960                           	
   961  0646                     l1951:	
   962  0646  1FF1               	btfss	(___awmod@divisor+1),(15)&7
   963  0647  2E49               	goto	u2321
   964  0648  2E4A               	goto	u2320
   965  0649                     u2321:
   966  0649  2E3B               	goto	l807
   967  064A                     u2320:
   968                           	
   969  064A                     l808:	
   970                           	line	21
   971                           	
   972  064A                     l809:	
   973                           	line	22
   974                           	
   975  064A                     l1953:	
   976  064A  0871               	movf	(___awmod@divisor+1),w
   977  064B  0273               	subwf	(___awmod@dividend+1),w
   978  064C  1D03               	skipz
   979  064D  2E50               	goto	u2335
   980  064E  0870               	movf	(___awmod@divisor),w
   981  064F  0272               	subwf	(___awmod@dividend),w
   982  0650                     u2335:
   983  0650  1C03               	skipc
   984  0651  2E53               	goto	u2331
   985  0652  2E54               	goto	u2330
   986  0653                     u2331:
   987  0653  2E5A               	goto	l810
   988  0654                     u2330:
   989                           	line	23
   990                           	
   991  0654                     l1955:	
   992  0654  0870               	movf	(___awmod@divisor),w
   993  0655  02F2               	subwf	(___awmod@dividend),f
   994  0656  0871               	movf	(___awmod@divisor+1),w
   995  0657  1C03               	skipc
   996  0658  03F3               	decf	(___awmod@dividend+1),f
   997  0659  02F3               	subwf	(___awmod@dividend+1),f
   998                           	
   999  065A                     l810:	
  1000                           	line	24
  1001                           	
  1002  065A                     l1957:	
  1003  065A  3001               	movlw	01h
  1004                           	
  1005  065B                     u2345:
  1006  065B  1003               	clrc
  1007  065C  0CF1               	rrf	(___awmod@divisor+1),f
  1008  065D  0CF0               	rrf	(___awmod@divisor),f
  1009  065E  3EFF               	addlw	-1
  1010  065F  1D03               	skipz
  1011  0660  2E5B               	goto	u2345
  1012                           	line	25
  1013                           	
  1014  0661                     l1959:	
  1015  0661  3001               	movlw	low(01h)
  1016  0662  02F5               	subwf	(___awmod@counter),f
  1017  0663  1D03               	btfss	status,2
  1018  0664  2E66               	goto	u2351
  1019  0665  2E67               	goto	u2350
  1020  0666                     u2351:
  1021  0666  2E4A               	goto	l809
  1022  0667                     u2350:
  1023                           	
  1024  0667                     l811:	
  1025                           	line	26
  1026                           	
  1027  0667                     l805:	
  1028                           	line	27
  1029                           	
  1030  0667                     l1961:	
  1031  0667  0876               	movf	(___awmod@sign),w
  1032  0668  1D03               	skipz
  1033  0669  2E6B               	goto	u2360
  1034  066A  2E70               	goto	l812
  1035  066B                     u2360:
  1036                           	line	28
  1037                           	
  1038  066B                     l1963:	
  1039  066B  09F2               	comf	(___awmod@dividend),f
  1040  066C  09F3               	comf	(___awmod@dividend+1),f
  1041  066D  0AF2               	incf	(___awmod@dividend),f
  1042  066E  1903               	skipnz
  1043  066F  0AF3               	incf	(___awmod@dividend+1),f
  1044                           	
  1045  0670                     l812:	
  1046                           	line	29
  1047                           	
  1048  0670                     l1965:	
  1049  0670  0873               	movf	(___awmod@dividend+1),w
  1050  0671  01F1               	clrf	(?___awmod+1)
  1051  0672  07F1               	addwf	(?___awmod+1)
  1052  0673  0872               	movf	(___awmod@dividend),w
  1053  0674  01F0               	clrf	(?___awmod)
  1054  0675  07F0               	addwf	(?___awmod)
  1055                           
  1056                           	
  1057  0676                     l1967:	
  1058                           	line	30
  1059                           	
  1060  0676                     l813:	
  1061  0676  0008               	return
  1062                           	opt stack 0
  1063                           GLOBAL	__end_of___awmod
  1064  0677                     	__end_of___awmod:
  1065 ;; =============== function ___awmod ends ============
  1066                           
  1067                           	signat	___awmod,8314
  1068                           	global	___awdiv
  1069                           psect	text96,local,class=CODE,delta=2
  1070                           global __ptext96
  1071  0677                     __ptext96:
  1072                           
  1073 ;; *************** function ___awdiv *****************
  1074 ;; Defined at:
  1075 ;;		line 5 in file "C:\Program Files (x86)\HI-TECH Software\PICC\9.71a\sources\awdiv.c"
  1076 ;; Parameters:    Size  Location     Type
  1077 ;;  divisor         2    0[COMMON] int 
  1078 ;;  dividend        2    2[COMMON] int 
  1079 ;; Auto vars:     Size  Location     Type
  1080 ;;  quotient        2    7[COMMON] int 
  1081 ;;  sign            1    6[COMMON] unsigned char 
  1082 ;;  counter         1    5[COMMON] unsigned char 
  1083 ;; Return value:  Size  Location     Type
  1084 ;;                  2    0[COMMON] int 
  1085 ;; Registers used:
  1086 ;;		wreg, status,2, status,0
  1087 ;; Tracked objects:
  1088 ;;		On entry : 0/0
  1089 ;;		On exit  : 0/0
  1090 ;;		Unchanged: 0/0
  1091 ;; Data sizes:     COMMON   BANK0   BANK1   BANK3   BANK2
  1092 ;;      Params:         4       0       0       0       0
  1093 ;;      Locals:         4       0       0       0       0
  1094 ;;      Temps:          1       0       0       0       0
  1095 ;;      Totals:         9       0       0       0       0
  1096 ;;Total ram usage:        9 bytes
  1097 ;; Hardware stack levels used:    1
  1098 ;; This function calls:
  1099 ;;		Nothing
  1100 ;; This function is called by:
  1101 ;;		_main
  1102 ;; This function uses a non-reentrant model
  1103 ;;
  1104                           psect	text96
  1105                           	file	"C:\Program Files (x86)\HI-TECH Software\PICC\9.71a\sources\awdiv.c"
  1106                           	line	5
  1107                           	global	__size_of___awdiv
  1108  0070                     	__size_of___awdiv	equ	__end_of___awdiv-___awdiv
  1109                           	
  1110  0677                     ___awdiv:	
  1111                           	opt	stack 7
  1112                           ; Regs used in ___awdiv: [wreg+status,2+status,0]
  1113                           	line	9
  1114                           	
  1115  0677                     l1895:	
  1116  0677  1003               	clrc
  1117  0678  3000               	movlw	0
  1118  0679  1803               	btfsc	status,0
  1119  067A  3001               	movlw	1
  1120  067B  00F6               	movwf	(___awdiv@sign)
  1121                           	line	10
  1122                           	
  1123  067C                     l1897:	
  1124  067C  1FF1               	btfss	(___awdiv@divisor+1),7
  1125  067D  2E7F               	goto	u2181
  1126  067E  2E80               	goto	u2180
  1127  067F                     u2181:
  1128  067F  2E88               	goto	l735
  1129  0680                     u2180:
  1130                           	line	11
  1131                           	
  1132  0680                     l1899:	
  1133  0680  09F0               	comf	(___awdiv@divisor),f
  1134  0681  09F1               	comf	(___awdiv@divisor+1),f
  1135  0682  0AF0               	incf	(___awdiv@divisor),f
  1136  0683  1903               	skipnz
  1137  0684  0AF1               	incf	(___awdiv@divisor+1),f
  1138                           	line	12
  1139  0685  01F6               	clrf	(___awdiv@sign)
  1140  0686  1403               	bsf	status,0
  1141  0687  0DF6               	rlf	(___awdiv@sign),f
  1142                           	line	13
  1143                           	
  1144  0688                     l735:	
  1145                           	line	14
  1146                           	
  1147  0688                     l1901:	
  1148  0688  1FF3               	btfss	(___awdiv@dividend+1),7
  1149  0689  2E8B               	goto	u2191
  1150  068A  2E8C               	goto	u2190
  1151  068B                     u2191:
  1152  068B  2E95               	goto	l736
  1153  068C                     u2190:
  1154                           	line	15
  1155                           	
  1156  068C                     l1903:	
  1157  068C  09F2               	comf	(___awdiv@dividend),f
  1158  068D  09F3               	comf	(___awdiv@dividend+1),f
  1159  068E  0AF2               	incf	(___awdiv@dividend),f
  1160  068F  1903               	skipnz
  1161  0690  0AF3               	incf	(___awdiv@dividend+1),f
  1162                           	line	16
  1163                           	
  1164  0691                     l1905:	
  1165  0691  3001               	movlw	(01h)
  1166  0692  00F4               	movwf	(??___awdiv+0)+0
  1167  0693  0874               	movf	(??___awdiv+0)+0,w
  1168  0694  06F6               	xorwf	(___awdiv@sign),f
  1169                           	line	17
  1170                           	
  1171  0695                     l736:	
  1172                           	line	18
  1173  0695  3000               	movlw	low(0)
  1174  0696  00F7               	movwf	(___awdiv@quotient)
  1175  0697  3000               	movlw	high(0)
  1176  0698  00F8               	movwf	((___awdiv@quotient))+1
  1177                           	line	19
  1178  0699  0871               	movf	(___awdiv@divisor+1),w
  1179  069A  0470               	iorwf	(___awdiv@divisor),w
  1180  069B  1903               	skipnz
  1181  069C  2E9E               	goto	u2201
  1182  069D  2E9F               	goto	u2200
  1183  069E                     u2201:
  1184  069E  2ED7               	goto	l737
  1185  069F                     u2200:
  1186                           	line	20
  1187                           	
  1188  069F                     l1907:	
  1189  069F  01F5               	clrf	(___awdiv@counter)
  1190  06A0  1403               	bsf	status,0
  1191  06A1  0DF5               	rlf	(___awdiv@counter),f
  1192                           	line	21
  1193  06A2  2EAE               	goto	l738
  1194                           	
  1195  06A3                     l739:	
  1196                           	line	22
  1197                           	
  1198  06A3                     l1909:	
  1199  06A3  3001               	movlw	01h
  1200                           	
  1201  06A4                     u2215:
  1202  06A4  1003               	clrc
  1203  06A5  0DF0               	rlf	(___awdiv@divisor),f
  1204  06A6  0DF1               	rlf	(___awdiv@divisor+1),f
  1205  06A7  3EFF               	addlw	-1
  1206  06A8  1D03               	skipz
  1207  06A9  2EA4               	goto	u2215
  1208                           	line	23
  1209                           	
  1210  06AA                     l1911:	
  1211  06AA  3001               	movlw	(01h)
  1212  06AB  00F4               	movwf	(??___awdiv+0)+0
  1213  06AC  0874               	movf	(??___awdiv+0)+0,w
  1214  06AD  07F5               	addwf	(___awdiv@counter),f
  1215                           	line	24
  1216                           	
  1217  06AE                     l738:	
  1218                           	line	21
  1219                           	
  1220  06AE                     l1913:	
  1221  06AE  1FF1               	btfss	(___awdiv@divisor+1),(15)&7
  1222  06AF  2EB1               	goto	u2221
  1223  06B0  2EB2               	goto	u2220
  1224  06B1                     u2221:
  1225  06B1  2EA3               	goto	l739
  1226  06B2                     u2220:
  1227                           	
  1228  06B2                     l740:	
  1229                           	line	25
  1230                           	
  1231  06B2                     l741:	
  1232                           	line	26
  1233                           	
  1234  06B2                     l1915:	
  1235  06B2  3001               	movlw	01h
  1236                           	
  1237  06B3                     u2235:
  1238  06B3  1003               	clrc
  1239  06B4  0DF7               	rlf	(___awdiv@quotient),f
  1240  06B5  0DF8               	rlf	(___awdiv@quotient+1),f
  1241  06B6  3EFF               	addlw	-1
  1242  06B7  1D03               	skipz
  1243  06B8  2EB3               	goto	u2235
  1244                           	line	27
  1245  06B9  0871               	movf	(___awdiv@divisor+1),w
  1246  06BA  0273               	subwf	(___awdiv@dividend+1),w
  1247  06BB  1D03               	skipz
  1248  06BC  2EBF               	goto	u2245
  1249  06BD  0870               	movf	(___awdiv@divisor),w
  1250  06BE  0272               	subwf	(___awdiv@dividend),w
  1251  06BF                     u2245:
  1252  06BF  1C03               	skipc
  1253  06C0  2EC2               	goto	u2241
  1254  06C1  2EC3               	goto	u2240
  1255  06C2                     u2241:
  1256  06C2  2ECA               	goto	l742
  1257  06C3                     u2240:
  1258                           	line	28
  1259                           	
  1260  06C3                     l1917:	
  1261  06C3  0870               	movf	(___awdiv@divisor),w
  1262  06C4  02F2               	subwf	(___awdiv@dividend),f
  1263  06C5  0871               	movf	(___awdiv@divisor+1),w
  1264  06C6  1C03               	skipc
  1265  06C7  03F3               	decf	(___awdiv@dividend+1),f
  1266  06C8  02F3               	subwf	(___awdiv@dividend+1),f
  1267                           	line	29
  1268                           	
  1269  06C9                     l1919:	
  1270  06C9  1477               	bsf	(___awdiv@quotient)+(0/8),(0)&7
  1271                           	line	30
  1272                           	
  1273  06CA                     l742:	
  1274                           	line	31
  1275                           	
  1276  06CA                     l1921:	
  1277  06CA  3001               	movlw	01h
  1278                           	
  1279  06CB                     u2255:
  1280  06CB  1003               	clrc
  1281  06CC  0CF1               	rrf	(___awdiv@divisor+1),f
  1282  06CD  0CF0               	rrf	(___awdiv@divisor),f
  1283  06CE  3EFF               	addlw	-1
  1284  06CF  1D03               	skipz
  1285  06D0  2ECB               	goto	u2255
  1286                           	line	32
  1287                           	
  1288  06D1                     l1923:	
  1289  06D1  3001               	movlw	low(01h)
  1290  06D2  02F5               	subwf	(___awdiv@counter),f
  1291  06D3  1D03               	btfss	status,2
  1292  06D4  2ED6               	goto	u2261
  1293  06D5  2ED7               	goto	u2260
  1294  06D6                     u2261:
  1295  06D6  2EB2               	goto	l741
  1296  06D7                     u2260:
  1297                           	
  1298  06D7                     l743:	
  1299                           	line	33
  1300                           	
  1301  06D7                     l737:	
  1302                           	line	34
  1303                           	
  1304  06D7                     l1925:	
  1305  06D7  0876               	movf	(___awdiv@sign),w
  1306  06D8  1D03               	skipz
  1307  06D9  2EDB               	goto	u2270
  1308  06DA  2EE0               	goto	l744
  1309  06DB                     u2270:
  1310                           	line	35
  1311                           	
  1312  06DB                     l1927:	
  1313  06DB  09F7               	comf	(___awdiv@quotient),f
  1314  06DC  09F8               	comf	(___awdiv@quotient+1),f
  1315  06DD  0AF7               	incf	(___awdiv@quotient),f
  1316  06DE  1903               	skipnz
  1317  06DF  0AF8               	incf	(___awdiv@quotient+1),f
  1318                           	
  1319  06E0                     l744:	
  1320                           	line	36
  1321                           	
  1322  06E0                     l1929:	
  1323  06E0  0878               	movf	(___awdiv@quotient+1),w
  1324  06E1  01F1               	clrf	(?___awdiv+1)
  1325  06E2  07F1               	addwf	(?___awdiv+1)
  1326  06E3  0877               	movf	(___awdiv@quotient),w
  1327  06E4  01F0               	clrf	(?___awdiv)
  1328  06E5  07F0               	addwf	(?___awdiv)
  1329                           
  1330                           	
  1331  06E6                     l1931:	
  1332                           	line	37
  1333                           	
  1334  06E6                     l745:	
  1335  06E6  0008               	return
  1336                           	opt stack 0
  1337                           GLOBAL	__end_of___awdiv
  1338  06E7                     	__end_of___awdiv:
  1339 ;; =============== function ___awdiv ends ============
  1340                           
  1341                           	signat	___awdiv,8314
  1342                           	global	_delay
  1343                           psect	text97,local,class=CODE,delta=2
  1344                           global __ptext97
  1345  05D3                     __ptext97:
  1346                           
  1347 ;; *************** function _delay *****************
  1348 ;; Defined at:
  1349 ;;		line 7 in file "C:\Users\ELCOT\Desktop\pic newfolder\7 SEGMENT DIAPLAY\SEG TASK\4.4segment\4 segment task.c"
  1350 ;; Parameters:    Size  Location     Type
  1351 ;;  x               2    0[COMMON] unsigned int 
  1352 ;; Auto vars:     Size  Location     Type
  1353 ;;		None
  1354 ;; Return value:  Size  Location     Type
  1355 ;;		None               void
  1356 ;; Registers used:
  1357 ;;		wreg
  1358 ;; Tracked objects:
  1359 ;;		On entry : 0/0
  1360 ;;		On exit  : 0/0
  1361 ;;		Unchanged: 0/0
  1362 ;; Data sizes:     COMMON   BANK0   BANK1   BANK3   BANK2
  1363 ;;      Params:         2       0       0       0       0
  1364 ;;      Locals:         0       0       0       0       0
  1365 ;;      Temps:          0       0       0       0       0
  1366 ;;      Totals:         2       0       0       0       0
  1367 ;;Total ram usage:        2 bytes
  1368 ;; Hardware stack levels used:    1
  1369 ;; This function calls:
  1370 ;;		Nothing
  1371 ;; This function is called by:
  1372 ;;		_main
  1373 ;; This function uses a non-reentrant model
  1374 ;;
  1375                           psect	text97
  1376                           	file	"C:\Users\ELCOT\Desktop\pic newfolder\7 SEGMENT DIAPLAY\SEG TASK\4.4segment\4 segm
                                 ent task.c"
  1377                           	line	7
  1378                           	global	__size_of_delay
  1379  0012                     	__size_of_delay	equ	__end_of_delay-_delay
  1380                           	
  1381  05D3                     _delay:	
  1382                           	opt	stack 7
  1383                           ; Regs used in _delay: [wreg]
  1384                           	line	8
  1385                           	
  1386  05D3                     l1891:	
  1387                           ;4 segment task.c: 8: while(x--);
  1388  05D3  2DD4               	goto	l575
  1389                           	
  1390  05D4                     l576:	
  1391                           	
  1392  05D4                     l575:	
  1393                           	
  1394  05D4                     l1893:	
  1395  05D4  3001               	movlw	low(01h)
  1396  05D5  02F0               	subwf	(delay@x),f
  1397  05D6  3000               	movlw	high(01h)
  1398  05D7  1C03               	skipc
  1399  05D8  03F1               	decf	(delay@x+1),f
  1400  05D9  02F1               	subwf	(delay@x+1),f
  1401  05DA  30FF               	movlw	high(0FFFFh)
  1402  05DB  0671               	xorwf	((delay@x+1)),w
  1403  05DC  1D03               	skipz
  1404  05DD  2DE0               	goto	u2175
  1405  05DE  30FF               	movlw	low(0FFFFh)
  1406  05DF  0670               	xorwf	((delay@x)),w
  1407  05E0                     u2175:
  1408                           
  1409  05E0  1D03               	skipz
  1410  05E1  2DE3               	goto	u2171
  1411  05E2  2DE4               	goto	u2170
  1412  05E3                     u2171:
  1413  05E3  2DD4               	goto	l576
  1414  05E4                     u2170:
  1415                           	
  1416  05E4                     l577:	
  1417                           	line	9
  1418                           	
  1419  05E4                     l578:	
  1420  05E4  0008               	return
  1421                           	opt stack 0
  1422                           GLOBAL	__end_of_delay
  1423  05E5                     	__end_of_delay:
  1424 ;; =============== function _delay ends ============
  1425                           
  1426                           	signat	_delay,4216
  1427                           psect	text98,local,class=CODE,delta=2
  1428                           global __ptext98
  1429  0000                     __ptext98:
  1430                           	global	btemp
  1431  007E                     	btemp set 07Eh
  1432                           
  1433                           	DABS	1,126,2	;btemp
  1434                           	global	wtemp0
  1435  007E                     	wtemp0 set btemp


HI-TECH Software PICC Macro Assembler V9.71a build 6446 
Symbol Table                                                                                   Wed Oct 05 21:00:41 2022

                   _a 0034                     _b 007A                     _c 0036                     _d 007C  
                   _e 0038                     _f 003A                     _i 003C                     pc 0002  
        ___awdiv@sign 0076                    fsr 0004                   l810 065A                   l811 0667  
                 l803 0628                   l740 06B2                   l812 0670                   l804 0631  
                 l741 06B2                   l813 0676                   l805 0667                   l581 06F3  
                 l742 06CA                   l806 0646                   l582 0705                   l575 05D4  
                 l743 06D7                   l735 0688                   l807 063B                   l583 07FC  
                 l576 05D4                   l744 06E0                   l736 0695                   l808 064A  
                 l584 07FC                   l577 05E4                   l745 06E6                   l737 06D7  
                 l809 064A                   l585 07FD                   l578 05E4                   l738 06AE  
                 l586 07FD                   l739 06A3                   _RC0 0038                   _RC1 0039  
                 _RC2 003A                   _RC3 003B                   _seg 0020                   fsr0 0004  
                 indf 0000          ___awmod@sign 0076                  l2001 07B9                  l2011 07D0  
                l2003 07BC                  l2021 07DE                  l2013 07D3                  l2005 07BD  
                l2023 07E7                  l2015 07D4                  l2007 07BE                  l2025 07EF  
                l2017 07D5                  l2009 07BF                  l2019 07D6                  l1901 0688  
                l1911 06AA                  l1903 068C                  l1921 06CA                  l1913 06AE  
                l1905 0691                  l1931 06E6                  l1923 06D1                  l1915 06B2  
                l1907 069F                  l1925 06D7                  l1917 06C3                  l1909 06A3  
                l1941 062C                  l1933 0617                  l1927 06DB                  l1919 06C9  
                l1951 0646                  l1943 0631                  l1935 061C                  l1929 06E0  
                l1961 0667                  l1953 064A                  l1945 0637                  l1937 0620  
                l1891 05D3                  l1963 066B                  l1955 0654                  l1947 063B  
                l1939 0628                  l1971 06F3                  l1893 05D4                  l1965 0670  
                l1957 065A                  l1949 0642                  l1981 078E                  l1973 06F7  
                l1895 0677                  l1967 0676                  l1959 0661                  l1991 07A2  
                l1983 078F                  l1975 0704                  l1897 067C                  l1993 07A5  
                l1985 0790                  l1977 0705                  l1969 06E7                  l1899 0680  
                l1995 07A6                  l1987 0791                  l1979 078D                  l1997 07A7  
                l1989 0799                  l1999 07B0                  u2200 069F                  u2201 069E  
                u2220 06B2                  u2300 0637                  u2221 06B1                  u2301 0636  
                u2215 06A4                  u2240 06C3                  u2320 064A                  u2241 06C2  
                u2321 0649                  u2170 05E4                  u2330 0654                  u2171 05E3  
                u2235 06B3                  u2331 0653                  u2315 063C                  u2260 06D7  
                u2180 0680                  u2261 06D6                  u2245 06BF                  u2181 067F  
                u2270 06DB                  u2190 068C                  u2350 0667                  u2175 05E0  
                u2255 06CB                  u2191 068B                  u2351 0666                  u2335 0650  
                u2360 066B                  u2280 0620                  u2345 065B                  u2281 061F  
                u2290 062C                  u2370 0704                  u2291 062B                  u2371 0703  
                u2380 07FC                  u2381 07FB                  u2375 0700                  u2385 07F8  
                _main 06E7                  btemp 007E                  start 0000                 ?_main 0070  
     __end_of___awdiv 06E7       __end_of___awmod 0677       ___awdiv@divisor 0070       ___awdiv@counter 0075  
               _PORTB 0006                 _PORTC 0007                 _TRISB 0086                 _TRISC 0087  
               _delay 05D3                 pclath 000A                 status 0003                 wtemp0 007E  
        __end_of_main 0800                ??_main 0079                ?_delay 0070      ___awdiv@dividend 0072  
           ??___awdiv 0074             ??___awmod 0074                delay@x 0070      ___awdiv@quotient 0077  
     ___awmod@divisor 0070       ___awmod@counter 0075        __pcstackCOMMON 0070          __pidataBANK0 05E5  
       __end_of_delay 05E5               ??_delay 0072            __pbssBANK0 0034            __pmaintext 06E7  
             ___awdiv 0677               ___awmod 0617      ___awmod@dividend 0072  end_of_initialization 0613  
             init_ram 05C6   start_initialization 05F9           __pdataBANK0 0020           __pbssCOMMON 007A  
           __pnvBANK0 003C              ?___awdiv 0070              ?___awmod 0070        __size_of_delay 0012  
           init_fetch 05C2      __size_of___awdiv 0070      __size_of___awmod 0060              __ptext95 0617  
            __ptext96 0677              __ptext97 05D3              __ptext98 0000         __size_of_main 0119  
