

HI-TECH Software PIC LITE Macro Assembler V9.71a build 6446 
                                                                                               Tue Jul 25 18:21:15 2023

HI-TECH Software Omniscient Code Generator (Lite mode) build 6446
     1  0000                     opt subtitle "HI-TECH Software Omniscient Code Generator (Lite mode) build 6446"
     2                           
     3                           opt pagewidth 120
     4                           
     5                           	opt lm
     6                           
     7                           	processor	16F877A
     8                           clrc	macro
     9                           	bcf	3,0
    10  0000                     	endm
    11                           clrz	macro
    12                           	bcf	3,2
    13  0000                     	endm
    14                           setc	macro
    15                           	bsf	3,0
    16  0000                     	endm
    17                           setz	macro
    18                           	bsf	3,2
    19  0000                     	endm
    20                           skipc	macro
    21                           	btfss	3,0
    22  0000                     	endm
    23                           skipz	macro
    24                           	btfss	3,2
    25  0000                     	endm
    26                           skipnc	macro
    27                           	btfsc	3,0
    28  0000                     	endm
    29                           skipnz	macro
    30                           	btfsc	3,2
    31  0000                     	endm
    32  0000                     indf	equ	0
    33  0000                     indf0	equ	0
    34  0002                     pc	equ	2
    35  0002                     pcl	equ	2
    36  0003                     status	equ	3
    37  0004                     fsr	equ	4
    38  0004                     fsr0	equ	4
    39  0001                     c	equ	1
    40  0000                     z	equ	0
    41  000A                     pclath	equ	10
    42                           # 2 "D:\Madhu\madhu pic folder\pic task\serial communication\interrupt\external interrup
                                 t\external interrupt.c"
    43                           	psect config,class=CONFIG,delta=2 ;#
    44                           # 2 "D:\Madhu\madhu pic folder\pic task\serial communication\interrupt\external interrup
                                 t\external interrupt.c"
    45  2007  3F72               	dw 0X3F72 ;#
    46                           	FNCALL	_main,_lcd_init
    47                           	FNCALL	_main,_delay
    48                           	FNCALL	_main,_lcd_cmd
    49                           	FNCALL	_main,_lcd_display
    50                           	FNCALL	_lcd_display,_lcd_data
    51                           	FNCALL	_lcd_init,_lcd_cmd
    52                           	FNCALL	_lcd_data,_delay
    53                           	FNCALL	_lcd_cmd,_delay
    54                           	FNROOT	_main
    55                           	FNCALL	intlevel1,_rcx
    56                           	global	intlevel1
    57                           	FNROOT	intlevel1
    58                           	global	_b
    59                           	global	_i
    60                           	global	_temp
    61                           	global	_PORTB
    62                           psect	text238,local,class=CODE,delta=2
    63                           global __ptext238
    64  0000                     __ptext238:
    65  0006                     _PORTB	set	6
    66                           	global	_PORTC
    67  0007                     _PORTC	set	7
    68                           	global	_PORTD
    69  0008                     _PORTD	set	8
    70                           	global	_GIE
    71  005F                     _GIE	set	95
    72                           	global	_INTE
    73  005C                     _INTE	set	92
    74                           	global	_INTF
    75  0059                     _INTF	set	89
    76                           	global	_PEIE
    77  005E                     _PEIE	set	94
    78                           	global	_RC0
    79  0038                     _RC0	set	56
    80                           	global	_RD1
    81  0041                     _RD1	set	65
    82                           	global	_RD2
    83  0042                     _RD2	set	66
    84                           	global	_RD3
    85  0043                     _RD3	set	67
    86                           	global	_TRISB
    87  0086                     _TRISB	set	134
    88                           	global	_TRISC
    89  0087                     _TRISC	set	135
    90                           	global	_TRISD
    91  0088                     _TRISD	set	136
    92                           psect	strings,class=STRING,delta=2
    93                           global __pstrings
    94  0013                     __pstrings:
    95                           ;	global	stringdir,stringtab,__stringbase
    96  0013                     stringtab:
    97                           ;	String table - string pointers are 1 byte each
    98  0013                     stringcode:stringdir:
      + 0013                     stringdir:	
    99  0013  3000               movlw high(stringdir)
   100  0014  008A               movwf pclath
   101  0015  0804               movf fsr,w
   102  0016  0A84               incf fsr
   103  0017  0782               	addwf pc
   104  0018                     __stringbase:
   105  0018  3400               	retlw	0
   106                           psect	strings
   107                           	
   108  0019                     STR_2:	
   109  0019  346C               	retlw	108	;'l'
   110  001A  3465               	retlw	101	;'e'
   111  001B  3464               	retlw	100	;'d'
   112  001C  3420               	retlw	32	;' '
   113  001D  3431               	retlw	49	;'1'
   114  001E  3420               	retlw	32	;' '
   115  001F  3469               	retlw	105	;'i'
   116  0020  3473               	retlw	115	;'s'
   117  0021  3420               	retlw	32	;' '
   118  0022  346F               	retlw	111	;'o'
   119  0023  346E               	retlw	110	;'n'
   120  0024  3400               	retlw	0
   121                           psect	strings
   122                           	
   123  0025                     STR_1:	
   124  0025  3457               	retlw	87	;'W'
   125  0026  3445               	retlw	69	;'E'
   126  0027  344C               	retlw	76	;'L'
   127  0028  3443               	retlw	67	;'C'
   128  0029  344F               	retlw	79	;'O'
   129  002A  344D               	retlw	77	;'M'
   130  002B  3445               	retlw	69	;'E'
   131  002C  3400               	retlw	0
   132                           psect	strings
   133                           	file	"external interrupt.as"
   134                           	line	#
   135                           psect cinit,class=CODE,delta=2
   136                           global start_initialization
   137  0197                     start_initialization:
   138                           
   139                           psect	bssCOMMON,class=COMMON,space=1
   140                           global __pbssCOMMON
   141  0076                     __pbssCOMMON:
   142  0076                     _i:
   143  0076                            ds      2
   144                           
   145  0078                     _temp:
   146  0078                            ds      2
   147                           
   148                           psect	bssBANK0,class=BANK0,space=1
   149                           global __pbssBANK0
   150  0026                     __pbssBANK0:
   151  0026                     _b:
   152  0026                            ds      2
   153                           
   154                           ; Clear objects allocated to COMMON
   155                           psect cinit,class=CODE,delta=2
   156  0197  01F6               	clrf	((__pbssCOMMON)+0)&07Fh
   157  0198  01F7               	clrf	((__pbssCOMMON)+1)&07Fh
   158  0199  01F8               	clrf	((__pbssCOMMON)+2)&07Fh
   159  019A  01F9               	clrf	((__pbssCOMMON)+3)&07Fh
   160                           ; Clear objects allocated to BANK0
   161                           psect cinit,class=CODE,delta=2
   162  019B  01A6               	clrf	((__pbssBANK0)+0)&07Fh
   163  019C  01A7               	clrf	((__pbssBANK0)+1)&07Fh
   164                           psect cinit,class=CODE,delta=2
   165                           global end_of_initialization
   166                           
   167                           ;End of C runtime variable initialization code
   168                           
   169  019D                     end_of_initialization:
   170  019D  0183               clrf status
   171  019E  120A  118A  282D   ljmp _main	;jump to C main() function
   172                           psect	cstackCOMMON,class=COMMON,space=1
   173                           global __pcstackCOMMON
   174  0070                     __pcstackCOMMON:
   175                           	global	?_lcd_cmd
   176  0070                     ?_lcd_cmd:	; 0 bytes @ 0x0
   177                           	global	?_lcd_init
   178  0070                     ?_lcd_init:	; 0 bytes @ 0x0
   179                           	global	?_lcd_data
   180  0070                     ?_lcd_data:	; 0 bytes @ 0x0
   181                           	global	?_lcd_display
   182  0070                     ?_lcd_display:	; 0 bytes @ 0x0
   183                           	global	?_rcx
   184  0070                     ?_rcx:	; 0 bytes @ 0x0
   185                           	global	??_rcx
   186  0070                     ??_rcx:	; 0 bytes @ 0x0
   187                           	global	?_main
   188  0070                     ?_main:	; 2 bytes @ 0x0
   189  0070                     	ds	4
   190                           	global	?_delay
   191  0074                     ?_delay:	; 0 bytes @ 0x4
   192                           	global	delay@x
   193  0074                     delay@x:	; 2 bytes @ 0x4
   194  0074                     	ds	2
   195                           	global	??_delay
   196  0076                     ??_delay:	; 0 bytes @ 0x6
   197                           	global	??_lcd_init
   198  0076                     ??_lcd_init:	; 0 bytes @ 0x6
   199                           	global	??_lcd_display
   200  0076                     ??_lcd_display:	; 0 bytes @ 0x6
   201                           	global	??_main
   202  0076                     ??_main:	; 0 bytes @ 0x6
   203                           psect	cstackBANK0,class=BANK0,space=1
   204                           global __pcstackBANK0
   205  0020                     __pcstackBANK0:
   206                           	global	??_lcd_cmd
   207  0020                     ??_lcd_cmd:	; 0 bytes @ 0x0
   208                           	global	??_lcd_data
   209  0020                     ??_lcd_data:	; 0 bytes @ 0x0
   210  0020                     	ds	2
   211                           	global	lcd_cmd@com
   212  0022                     lcd_cmd@com:	; 1 bytes @ 0x2
   213                           	global	lcd_data@dat
   214  0022                     lcd_data@dat:	; 1 bytes @ 0x2
   215  0022                     	ds	1
   216                           	global	lcd_display@m
   217  0023                     lcd_display@m:	; 1 bytes @ 0x3
   218  0023                     	ds	1
   219                           	global	lcd_display@i
   220  0024                     lcd_display@i:	; 2 bytes @ 0x4
   221  0024                     	ds	2
   222 ;;Data sizes: Strings 20, constant 0, data 0, bss 6, persistent 0 stack 0
   223 ;;Auto spaces:   Size  Autos    Used
   224 ;; COMMON          14      6      10
   225 ;; BANK0           80      6       8
   226 ;; BANK1           80      0       0
   227 ;; BANK3           96      0       0
   228 ;; BANK2           96      0       0
   229                           
   230 ;;
   231 ;; Pointer list with targets:
   232                           
   233 ;; lcd_display@m	PTR unsigned char  size(1) Largest target is 12
   234 ;;		 -> STR_2(CODE[12]), STR_1(CODE[8]), 
   235 ;;
   236                           
   237                           
   238 ;;
   239 ;; Critical Paths under _main in COMMON
   240 ;;
   241 ;;   _main->_delay
   242 ;;   _lcd_data->_delay
   243 ;;   _lcd_cmd->_delay
   244 ;;
   245 ;; Critical Paths under _rcx in COMMON
   246 ;;
   247 ;;   None.
   248 ;;
   249 ;; Critical Paths under _main in BANK0
   250 ;;
   251 ;;   _main->_lcd_display
   252 ;;   _lcd_display->_lcd_data
   253 ;;   _lcd_init->_lcd_cmd
   254 ;;
   255 ;; Critical Paths under _rcx in BANK0
   256 ;;
   257 ;;   None.
   258 ;;
   259 ;; Critical Paths under _main in BANK1
   260 ;;
   261 ;;   None.
   262 ;;
   263 ;; Critical Paths under _rcx in BANK1
   264 ;;
   265 ;;   None.
   266 ;;
   267 ;; Critical Paths under _main in BANK3
   268 ;;
   269 ;;   None.
   270 ;;
   271 ;; Critical Paths under _rcx in BANK3
   272 ;;
   273 ;;   None.
   274 ;;
   275 ;; Critical Paths under _main in BANK2
   276 ;;
   277 ;;   None.
   278 ;;
   279 ;; Critical Paths under _rcx in BANK2
   280 ;;
   281 ;;   None.
   282                           
   283 ;;
   284 ;;Main: autosize = 0, tempsize = 0, incstack = 0, save=0
   285 ;;
   286                           
   287 ;;
   288 ;;Call Graph Tables:
   289 ;;
   290 ;; ---------------------------------------------------------------------------------
   291 ;; (Depth) Function   	        Calls       Base Space   Used Autos Params    Refs
   292 ;; ---------------------------------------------------------------------------------
   293 ;; (0) _main                                                 0     0      0     440
   294 ;;                           _lcd_init
   295 ;;                              _delay
   296 ;;                            _lcd_cmd
   297 ;;                        _lcd_display
   298 ;; ---------------------------------------------------------------------------------
   299 ;; (1) _lcd_display                                          3     3      0     223
   300 ;;                                              3 BANK0      3     3      0
   301 ;;                           _lcd_data
   302 ;; ---------------------------------------------------------------------------------
   303 ;; (1) _lcd_init                                             0     0      0      93
   304 ;;                            _lcd_cmd
   305 ;; ---------------------------------------------------------------------------------
   306 ;; (2) _lcd_data                                             3     3      0      93
   307 ;;                                              0 BANK0      3     3      0
   308 ;;                              _delay
   309 ;; ---------------------------------------------------------------------------------
   310 ;; (1) _lcd_cmd                                              3     3      0      93
   311 ;;                                              0 BANK0      3     3      0
   312 ;;                              _delay
   313 ;; ---------------------------------------------------------------------------------
   314 ;; (3) _delay                                                2     0      2      31
   315 ;;                                              4 COMMON     2     0      2
   316 ;; ---------------------------------------------------------------------------------
   317 ;; Estimated maximum stack depth 3
   318 ;; ---------------------------------------------------------------------------------
   319 ;; (Depth) Function   	        Calls       Base Space   Used Autos Params    Refs
   320 ;; ---------------------------------------------------------------------------------
   321 ;; (4) _rcx                                                  4     4      0       0
   322 ;;                                              0 COMMON     4     4      0
   323 ;; ---------------------------------------------------------------------------------
   324 ;; Estimated maximum stack depth 4
   325 ;; ---------------------------------------------------------------------------------
   326                           
   327 ;; Call Graph Graphs:
   328                           
   329 ;; _main (ROOT)
   330 ;;   _lcd_init
   331 ;;     _lcd_cmd
   332 ;;       _delay
   333 ;;   _delay
   334 ;;   _lcd_cmd
   335 ;;     _delay
   336 ;;   _lcd_display
   337 ;;     _lcd_data
   338 ;;       _delay
   339 ;;
   340 ;; _rcx (ROOT)
   341 ;;
   342                           
   343 ;; Address spaces:
   344                           
   345 ;;Name               Size   Autos  Total    Cost      Usage
   346 ;;BITCOMMON            E      0       0       0        0.0%
   347 ;;EEDATA             100      0       0       0        0.0%
   348 ;;NULL                 0      0       0       0        0.0%
   349 ;;CODE                 0      0       0       0        0.0%
   350 ;;COMMON               E      6       A       1       71.4%
   351 ;;BITSFR0              0      0       0       1        0.0%
   352 ;;SFR0                 0      0       0       1        0.0%
   353 ;;BITSFR1              0      0       0       2        0.0%
   354 ;;SFR1                 0      0       0       2        0.0%
   355 ;;STACK                0      0       3       2        0.0%
   356 ;;ABS                  0      0      12       3        0.0%
   357 ;;BITBANK0            50      0       0       4        0.0%
   358 ;;BITSFR3              0      0       0       4        0.0%
   359 ;;SFR3                 0      0       0       4        0.0%
   360 ;;BANK0               50      6       8       5       10.0%
   361 ;;BITSFR2              0      0       0       5        0.0%
   362 ;;SFR2                 0      0       0       5        0.0%
   363 ;;BITBANK1            50      0       0       6        0.0%
   364 ;;BANK1               50      0       0       7        0.0%
   365 ;;BITBANK3            60      0       0       8        0.0%
   366 ;;BANK3               60      0       0       9        0.0%
   367 ;;BITBANK2            60      0       0      10        0.0%
   368 ;;BANK2               60      0       0      11        0.0%
   369 ;;DATA                 0      0      15      12        0.0%
   370                           
   371                           	global	_main
   372                           psect	maintext,global,class=CODE,delta=2
   373                           global __pmaintext
   374  002D                     __pmaintext:
   375                           
   376 ;; *************** function _main *****************
   377 ;; Defined at:
   378 ;;		line 76 in file "D:\Madhu\madhu pic folder\pic task\serial communication\interrupt\external interrupt\external inter
       rupt.c"
   379 ;; Parameters:    Size  Location     Type
   380 ;;		None
   381 ;; Auto vars:     Size  Location     Type
   382 ;;		None
   383 ;; Return value:  Size  Location     Type
   384 ;;                  2  589[COMMON] int 
   385 ;; Registers used:
   386 ;;		wreg, fsr0l, fsr0h, status,2, status,0, btemp+0, pclath, cstack
   387 ;; Tracked objects:
   388 ;;		On entry : 17F/0
   389 ;;		On exit  : 0/0
   390 ;;		Unchanged: 0/0
   391 ;; Data sizes:     COMMON   BANK0   BANK1   BANK3   BANK2
   392 ;;      Params:         0       0       0       0       0
   393 ;;      Locals:         0       0       0       0       0
   394 ;;      Temps:          0       0       0       0       0
   395 ;;      Totals:         0       0       0       0       0
   396 ;;Total ram usage:        0 bytes
   397 ;; Hardware stack levels required when called:    4
   398 ;; This function calls:
   399 ;;		_lcd_init
   400 ;;		_delay
   401 ;;		_lcd_cmd
   402 ;;		_lcd_display
   403 ;; This function is called by:
   404 ;;		Startup code after reset
   405 ;; This function uses a non-reentrant model
   406 ;;
   407                           psect	maintext
   408                           	file	"D:\Madhu\madhu pic folder\pic task\serial communication\interrupt\external interr
                                 upt\external interrupt.c"
   409                           	line	76
   410                           	global	__size_of_main
   411  0086                     	__size_of_main	equ	__end_of_main-_main
   412                           	
   413  002D                     _main:	
   414                           	opt	stack 8
   415                           ; Regs used in _main: [wreg-fsr0h+status,2-btemp+0+pclath+cstack]
   416                           	line	77
   417                           	
   418  002D                     l2059:	
   419                           ;external interrupt.c: 77: TRISB=0X01;
   420  002D  3001               	movlw	(01h)
   421  002E  1683               	bsf	status, 5	;RP0=1, select bank1
   422  002F  1303               	bcf	status, 6	;RP1=0, select bank1
   423  0030  0086               	movwf	(134)^080h	;volatile
   424                           	line	78
   425                           	
   426  0031                     l2061:	
   427                           ;external interrupt.c: 78: PORTB=0X00;
   428  0031  1283               	bcf	status, 5	;RP0=0, select bank0
   429  0032  1303               	bcf	status, 6	;RP1=0, select bank0
   430  0033  0186               	clrf	(6)	;volatile
   431                           	line	79
   432                           	
   433  0034                     l2063:	
   434                           ;external interrupt.c: 79: TRISD=0X00;
   435  0034  1683               	bsf	status, 5	;RP0=1, select bank1
   436  0035  1303               	bcf	status, 6	;RP1=0, select bank1
   437  0036  0188               	clrf	(136)^080h	;volatile
   438                           	line	80
   439                           	
   440  0037                     l2065:	
   441                           ;external interrupt.c: 80: PORTD=0X00;
   442  0037  1283               	bcf	status, 5	;RP0=0, select bank0
   443  0038  1303               	bcf	status, 6	;RP1=0, select bank0
   444  0039  0188               	clrf	(8)	;volatile
   445                           	line	82
   446                           	
   447  003A                     l2067:	
   448                           ;external interrupt.c: 82: TRISC=0X00;
   449  003A  1683               	bsf	status, 5	;RP0=1, select bank1
   450  003B  1303               	bcf	status, 6	;RP1=0, select bank1
   451  003C  0187               	clrf	(135)^080h	;volatile
   452                           	line	83
   453                           	
   454  003D                     l2069:	
   455                           ;external interrupt.c: 83: PORTC=0X00;
   456  003D  1283               	bcf	status, 5	;RP0=0, select bank0
   457  003E  1303               	bcf	status, 6	;RP1=0, select bank0
   458  003F  0187               	clrf	(7)	;volatile
   459                           	line	84
   460                           	
   461  0040                     l2071:	
   462                           ;external interrupt.c: 84: PEIE=1;
   463  0040  170B               	bsf	(94/8),(94)&7
   464                           	line	85
   465                           	
   466  0041                     l2073:	
   467                           ;external interrupt.c: 85: GIE=1;
   468  0041  178B               	bsf	(95/8),(95)&7
   469                           	line	86
   470                           	
   471  0042                     l2075:	
   472                           ;external interrupt.c: 86: INTE=1;
   473  0042  160B               	bsf	(92/8),(92)&7
   474                           	line	89
   475                           	
   476  0043                     l2077:	
   477                           ;external interrupt.c: 89: lcd_init();
   478  0043  120A  118A  214A   	fcall	_lcd_init
              120A  118A         
   479                           	line	90
   480                           	
   481  0048                     l2079:	
   482                           ;external interrupt.c: 90: delay(5000);
   483  0048  3088               	movlw	low(01388h)
   484  0049  00F4               	movwf	(?_delay)
   485  004A  3013               	movlw	high(01388h)
   486  004B  00F5               	movwf	((?_delay))+1
   487  004C  120A  118A  2185   	fcall	_delay
              120A  118A         
   488                           	line	92
   489                           	
   490  0051                     l2081:	
   491                           ;external interrupt.c: 92: lcd_cmd(0x01);
   492  0051  3001               	movlw	(01h)
   493  0052  120A  118A  20E9   	fcall	_lcd_cmd
              120A  118A         
   494                           	line	93
   495                           	
   496  0057                     l2083:	
   497                           ;external interrupt.c: 93: lcd_cmd(0x80);
   498  0057  3080               	movlw	(080h)
   499  0058  120A  118A  20E9   	fcall	_lcd_cmd
              120A  118A         
   500                           	line	94
   501                           	
   502  005D                     l2085:	
   503                           ;external interrupt.c: 94: lcd_display("WELCOME");
   504  005D  300D               	movlw	((STR_1-__stringbase))&0ffh
   505  005E  120A  118A  211F   	fcall	_lcd_display
              120A  118A         
   506                           	line	95
   507                           	
   508  0063                     l2087:	
   509                           ;external interrupt.c: 95: delay(50000);delay(50000);
   510  0063  3050               	movlw	low(0C350h)
   511  0064  00F4               	movwf	(?_delay)
   512  0065  30C3               	movlw	high(0C350h)
   513  0066  00F5               	movwf	((?_delay))+1
   514  0067  120A  118A  2185   	fcall	_delay
              120A  118A         
   515                           	
   516  006C                     l2089:	
   517  006C  3050               	movlw	low(0C350h)
   518  006D  00F4               	movwf	(?_delay)
   519  006E  30C3               	movlw	high(0C350h)
   520  006F  00F5               	movwf	((?_delay))+1
   521  0070  120A  118A  2185   	fcall	_delay
              120A  118A         
   522                           	line	96
   523                           	
   524  0075                     l2091:	
   525                           ;external interrupt.c: 96: delay(50000);delay(50000);
   526  0075  3050               	movlw	low(0C350h)
   527  0076  00F4               	movwf	(?_delay)
   528  0077  30C3               	movlw	high(0C350h)
   529  0078  00F5               	movwf	((?_delay))+1
   530  0079  120A  118A  2185   	fcall	_delay
              120A  118A         
   531                           	
   532  007E                     l2093:	
   533  007E  3050               	movlw	low(0C350h)
   534  007F  00F4               	movwf	(?_delay)
   535  0080  30C3               	movlw	high(0C350h)
   536  0081  00F5               	movwf	((?_delay))+1
   537  0082  120A  118A  2185   	fcall	_delay
              120A  118A         
   538                           	line	98
   539                           ;external interrupt.c: 98: while(1)
   540                           	
   541  0087                     l590:	
   542                           	line	101
   543                           	
   544  0087                     l2095:	
   545                           ;external interrupt.c: 99: {
   546                           ;external interrupt.c: 101: if(b==1)
   547  0087  3001               	movlw	01h
   548  0088  1283               	bcf	status, 5	;RP0=0, select bank0
   549  0089  1303               	bcf	status, 6	;RP1=0, select bank0
   550  008A  0626               	xorwf	(_b),w
   551  008B  0427               	iorwf	(_b+1),w
   552  008C  1D03               	skipz
   553  008D  288F               	goto	u2301
   554  008E  2890               	goto	u2300
   555  008F                     u2301:
   556  008F  28AF               	goto	l591
   557  0090                     u2300:
   558                           	line	103
   559                           	
   560  0090                     l2097:	
   561                           ;external interrupt.c: 102: {
   562                           ;external interrupt.c: 103: RC0=1;
   563  0090  1407               	bsf	(56/8),(56)&7
   564                           	line	104
   565                           	
   566  0091                     l2099:	
   567                           ;external interrupt.c: 104: delay(5000);
   568  0091  3088               	movlw	low(01388h)
   569  0092  00F4               	movwf	(?_delay)
   570  0093  3013               	movlw	high(01388h)
   571  0094  00F5               	movwf	((?_delay))+1
   572  0095  120A  118A  2185   	fcall	_delay
              120A  118A         
   573                           	line	105
   574                           	
   575  009A                     l2101:	
   576                           ;external interrupt.c: 105: lcd_cmd(0x80);
   577  009A  3080               	movlw	(080h)
   578  009B  120A  118A  20E9   	fcall	_lcd_cmd
              120A  118A         
   579                           	line	106
   580                           	
   581  00A0                     l2103:	
   582                           ;external interrupt.c: 106: lcd_display("led 1 is on");
   583  00A0  3001               	movlw	((STR_2-__stringbase))&0ffh
   584  00A1  120A  118A  211F   	fcall	_lcd_display
              120A  118A         
   585                           	line	107
   586                           	
   587  00A6                     l2105:	
   588                           ;external interrupt.c: 107: delay(50000);
   589  00A6  3050               	movlw	low(0C350h)
   590  00A7  00F4               	movwf	(?_delay)
   591  00A8  30C3               	movlw	high(0C350h)
   592  00A9  00F5               	movwf	((?_delay))+1
   593  00AA  120A  118A  2185   	fcall	_delay
              120A  118A         
   594                           	line	109
   595                           	
   596  00AF                     l591:	
   597                           	line	116
   598                           	
   599  00AF                     l592:	
   600                           	line	98
   601  00AF  2887               	goto	l590
   602                           	
   603  00B0                     l593:	
   604                           	line	117
   605                           	
   606  00B0                     l594:	
   607                           	global	start
   608  00B0  120A  118A  2810   	ljmp	start
   609                           	opt stack 0
   610                           GLOBAL	__end_of_main
   611  00B3                     	__end_of_main:
   612 ;; =============== function _main ends ============
   613                           
   614                           	signat	_main,90
   615                           	global	_lcd_display
   616                           psect	text239,local,class=CODE,delta=2
   617                           global __ptext239
   618  011F                     __ptext239:
   619                           
   620 ;; *************** function _lcd_display *****************
   621 ;; Defined at:
   622 ;;		line 57 in file "D:\Madhu\madhu pic folder\pic task\serial communication\interrupt\external interrupt\external inter
       rupt.c"
   623 ;; Parameters:    Size  Location     Type
   624 ;;  m               1    wreg     PTR unsigned char 
   625 ;;		 -> STR_2(12), STR_1(8), 
   626 ;; Auto vars:     Size  Location     Type
   627 ;;  m               1    3[BANK0 ] PTR unsigned char 
   628 ;;		 -> STR_2(12), STR_1(8), 
   629 ;;  i               2    4[BANK0 ] int 
   630 ;; Return value:  Size  Location     Type
   631 ;;		None               void
   632 ;; Registers used:
   633 ;;		wreg, fsr0l, fsr0h, status,2, status,0, btemp+0, pclath, cstack
   634 ;; Tracked objects:
   635 ;;		On entry : 0/0
   636 ;;		On exit  : 0/0
   637 ;;		Unchanged: 0/0
   638 ;; Data sizes:     COMMON   BANK0   BANK1   BANK3   BANK2
   639 ;;      Params:         0       0       0       0       0
   640 ;;      Locals:         0       3       0       0       0
   641 ;;      Temps:          0       0       0       0       0
   642 ;;      Totals:         0       3       0       0       0
   643 ;;Total ram usage:        3 bytes
   644 ;; Hardware stack levels used:    1
   645 ;; Hardware stack levels required when called:    3
   646 ;; This function calls:
   647 ;;		_lcd_data
   648 ;; This function is called by:
   649 ;;		_main
   650 ;; This function uses a non-reentrant model
   651 ;;
   652                           psect	text239
   653                           	file	"D:\Madhu\madhu pic folder\pic task\serial communication\interrupt\external interr
                                 upt\external interrupt.c"
   654                           	line	57
   655                           	global	__size_of_lcd_display
   656  002B                     	__size_of_lcd_display	equ	__end_of_lcd_display-_lcd_display
   657                           	
   658  011F                     _lcd_display:	
   659                           	opt	stack 7
   660                           ; Regs used in _lcd_display: [wreg-fsr0h+status,2-btemp+0+pclath+cstack]
   661                           ;lcd_display@m stored from wreg
   662  011F  1283               	bcf	status, 5	;RP0=0, select bank0
   663  0120  1303               	bcf	status, 6	;RP1=0, select bank0
   664  0121  00A3               	movwf	(lcd_display@m)
   665                           	line	58
   666                           	
   667  0122                     l2051:	
   668                           ;external interrupt.c: 58: for(int i=0;m[i]!=0;i++)
   669  0122  3000               	movlw	low(0)
   670  0123  00A4               	movwf	(lcd_display@i)
   671  0124  3000               	movlw	high(0)
   672  0125  00A5               	movwf	((lcd_display@i))+1
   673  0126  293C               	goto	l580
   674                           	line	59
   675                           	
   676  0127                     l581:	
   677                           	line	60
   678                           	
   679  0127                     l2053:	
   680                           ;external interrupt.c: 59: {
   681                           ;external interrupt.c: 60: lcd_data(m[i]);
   682  0127  0824               	movf	(lcd_display@i),w
   683  0128  0723               	addwf	(lcd_display@m),w
   684  0129  0084               	movwf	fsr0
   685  012A  120A  118A  2013   	fcall	stringdir
              120A  118A         
   686  012F  120A  118A  20B3   	fcall	_lcd_data
              120A  118A         
   687                           	line	58
   688                           	
   689  0134                     l2055:	
   690  0134  3001               	movlw	low(01h)
   691  0135  1283               	bcf	status, 5	;RP0=0, select bank0
   692  0136  1303               	bcf	status, 6	;RP1=0, select bank0
   693  0137  07A4               	addwf	(lcd_display@i),f
   694  0138  1803               	skipnc
   695  0139  0AA5               	incf	(lcd_display@i+1),f
   696  013A  3000               	movlw	high(01h)
   697  013B  07A5               	addwf	(lcd_display@i+1),f
   698                           	
   699  013C                     l580:	
   700                           	
   701  013C                     l2057:	
   702  013C  0824               	movf	(lcd_display@i),w
   703  013D  0723               	addwf	(lcd_display@m),w
   704  013E  0084               	movwf	fsr0
   705  013F  120A  118A  2013   	fcall	stringdir
              120A  118A         
   706  0144  3800               	iorlw	0
   707  0145  1D03               	skipz
   708  0146  2948               	goto	u2291
   709  0147  2949               	goto	u2290
   710  0148                     u2291:
   711  0148  2927               	goto	l581
   712  0149                     u2290:
   713                           	
   714  0149                     l582:	
   715                           	line	62
   716                           	
   717  0149                     l583:	
   718  0149  0008               	return
   719                           	opt stack 0
   720                           GLOBAL	__end_of_lcd_display
   721  014A                     	__end_of_lcd_display:
   722 ;; =============== function _lcd_display ends ============
   723                           
   724                           	signat	_lcd_display,4216
   725                           	global	_lcd_init
   726                           psect	text240,local,class=CODE,delta=2
   727                           global __ptext240
   728  014A                     __ptext240:
   729                           
   730 ;; *************** function _lcd_init *****************
   731 ;; Defined at:
   732 ;;		line 32 in file "D:\Madhu\madhu pic folder\pic task\serial communication\interrupt\external interrupt\external inter
       rupt.c"
   733 ;; Parameters:    Size  Location     Type
   734 ;;		None
   735 ;; Auto vars:     Size  Location     Type
   736 ;;		None
   737 ;; Return value:  Size  Location     Type
   738 ;;		None               void
   739 ;; Registers used:
   740 ;;		wreg, status,2, status,0, btemp+0, pclath, cstack
   741 ;; Tracked objects:
   742 ;;		On entry : 0/0
   743 ;;		On exit  : 0/0
   744 ;;		Unchanged: 0/0
   745 ;; Data sizes:     COMMON   BANK0   BANK1   BANK3   BANK2
   746 ;;      Params:         0       0       0       0       0
   747 ;;      Locals:         0       0       0       0       0
   748 ;;      Temps:          0       0       0       0       0
   749 ;;      Totals:         0       0       0       0       0
   750 ;;Total ram usage:        0 bytes
   751 ;; Hardware stack levels used:    1
   752 ;; Hardware stack levels required when called:    3
   753 ;; This function calls:
   754 ;;		_lcd_cmd
   755 ;; This function is called by:
   756 ;;		_main
   757 ;; This function uses a non-reentrant model
   758 ;;
   759                           psect	text240
   760                           	file	"D:\Madhu\madhu pic folder\pic task\serial communication\interrupt\external interr
                                 upt\external interrupt.c"
   761                           	line	32
   762                           	global	__size_of_lcd_init
   763  0025                     	__size_of_lcd_init	equ	__end_of_lcd_init-_lcd_init
   764                           	
   765  014A                     _lcd_init:	
   766                           	opt	stack 7
   767                           ; Regs used in _lcd_init: [wreg+status,2-btemp+0+pclath+cstack]
   768                           	line	33
   769                           	
   770  014A                     l2049:	
   771                           ;external interrupt.c: 33: lcd_cmd(0x02);
   772  014A  3002               	movlw	(02h)
   773  014B  120A  118A  20E9   	fcall	_lcd_cmd
              120A  118A         
   774                           	line	34
   775                           ;external interrupt.c: 34: lcd_cmd(0x2c);
   776  0150  302C               	movlw	(02Ch)
   777  0151  120A  118A  20E9   	fcall	_lcd_cmd
              120A  118A         
   778                           	line	35
   779                           ;external interrupt.c: 35: lcd_cmd(0x06);
   780  0156  3006               	movlw	(06h)
   781  0157  120A  118A  20E9   	fcall	_lcd_cmd
              120A  118A         
   782                           	line	36
   783                           ;external interrupt.c: 36: lcd_cmd(0x01);
   784  015C  3001               	movlw	(01h)
   785  015D  120A  118A  20E9   	fcall	_lcd_cmd
              120A  118A         
   786                           	line	37
   787                           ;external interrupt.c: 37: lcd_cmd(0x0c);
   788  0162  300C               	movlw	(0Ch)
   789  0163  120A  118A  20E9   	fcall	_lcd_cmd
              120A  118A         
   790                           	line	38
   791                           ;external interrupt.c: 38: lcd_cmd(0x80);
   792  0168  3080               	movlw	(080h)
   793  0169  120A  118A  20E9   	fcall	_lcd_cmd
              120A  118A         
   794                           	line	39
   795                           	
   796  016E                     l574:	
   797  016E  0008               	return
   798                           	opt stack 0
   799                           GLOBAL	__end_of_lcd_init
   800  016F                     	__end_of_lcd_init:
   801 ;; =============== function _lcd_init ends ============
   802                           
   803                           	signat	_lcd_init,88
   804                           	global	_lcd_data
   805                           psect	text241,local,class=CODE,delta=2
   806                           global __ptext241
   807  00B3                     __ptext241:
   808                           
   809 ;; *************** function _lcd_data *****************
   810 ;; Defined at:
   811 ;;		line 41 in file "D:\Madhu\madhu pic folder\pic task\serial communication\interrupt\external interrupt\external inter
       rupt.c"
   812 ;; Parameters:    Size  Location     Type
   813 ;;  dat             1    wreg     unsigned char 
   814 ;; Auto vars:     Size  Location     Type
   815 ;;  dat             1    2[BANK0 ] unsigned char 
   816 ;; Return value:  Size  Location     Type
   817 ;;		None               void
   818 ;; Registers used:
   819 ;;		wreg, status,2, status,0, btemp+0, pclath, cstack
   820 ;; Tracked objects:
   821 ;;		On entry : 0/0
   822 ;;		On exit  : 0/0
   823 ;;		Unchanged: 0/0
   824 ;; Data sizes:     COMMON   BANK0   BANK1   BANK3   BANK2
   825 ;;      Params:         0       0       0       0       0
   826 ;;      Locals:         0       1       0       0       0
   827 ;;      Temps:          0       2       0       0       0
   828 ;;      Totals:         0       3       0       0       0
   829 ;;Total ram usage:        3 bytes
   830 ;; Hardware stack levels used:    1
   831 ;; Hardware stack levels required when called:    2
   832 ;; This function calls:
   833 ;;		_delay
   834 ;; This function is called by:
   835 ;;		_lcd_display
   836 ;; This function uses a non-reentrant model
   837 ;;
   838                           psect	text241
   839                           	file	"D:\Madhu\madhu pic folder\pic task\serial communication\interrupt\external interr
                                 upt\external interrupt.c"
   840                           	line	41
   841                           	global	__size_of_lcd_data
   842  0036                     	__size_of_lcd_data	equ	__end_of_lcd_data-_lcd_data
   843                           	
   844  00B3                     _lcd_data:	
   845                           	opt	stack 6
   846                           ; Regs used in _lcd_data: [wreg+status,2-btemp+0+pclath+cstack]
   847                           ;lcd_data@dat stored from wreg
   848  00B3  1283               	bcf	status, 5	;RP0=0, select bank0
   849  00B4  1303               	bcf	status, 6	;RP1=0, select bank0
   850  00B5  00A2               	movwf	(lcd_data@dat)
   851                           	line	42
   852                           	
   853  00B6                     l2023:	
   854                           ;external interrupt.c: 42: PORTD=(dat&0xf0);
   855  00B6  0822               	movf	(lcd_data@dat),w
   856  00B7  39F0               	andlw	0F0h
   857  00B8  0088               	movwf	(8)	;volatile
   858                           	line	43
   859                           	
   860  00B9                     l2025:	
   861                           ;external interrupt.c: 43: RD1=1;
   862  00B9  1488               	bsf	(65/8),(65)&7
   863                           	line	44
   864                           	
   865  00BA                     l2027:	
   866                           ;external interrupt.c: 44: RD2=0;
   867  00BA  1108               	bcf	(66/8),(66)&7
   868                           	line	45
   869                           	
   870  00BB                     l2029:	
   871                           ;external interrupt.c: 45: RD3=1;
   872  00BB  1588               	bsf	(67/8),(67)&7
   873                           	line	46
   874                           	
   875  00BC                     l2031:	
   876                           ;external interrupt.c: 46: delay(200);
   877  00BC  30C8               	movlw	low(0C8h)
   878  00BD  00F4               	movwf	(?_delay)
   879  00BE  3000               	movlw	high(0C8h)
   880  00BF  00F5               	movwf	((?_delay))+1
   881  00C0  120A  118A  2185   	fcall	_delay
              120A  118A         
   882                           	line	47
   883                           	
   884  00C5                     l2033:	
   885                           ;external interrupt.c: 47: RD3=0;
   886  00C5  1283               	bcf	status, 5	;RP0=0, select bank0
   887  00C6  1303               	bcf	status, 6	;RP1=0, select bank0
   888  00C7  1188               	bcf	(67/8),(67)&7
   889                           	line	48
   890                           	
   891  00C8                     l2035:	
   892                           ;external interrupt.c: 48: temp=dat<<4;
   893  00C8  0822               	movf	(lcd_data@dat),w
   894  00C9  00A0               	movwf	(??_lcd_data+0)+0
   895  00CA  01A1               	clrf	(??_lcd_data+0)+0+1
   896  00CB  3004               	movlw	04h
   897  00CC  00FE               	movwf	btemp+0
   898  00CD                     u2285:
   899  00CD  1003               	clrc
   900  00CE  0DA0               	rlf	(??_lcd_data+0)+0,f
   901  00CF  0DA1               	rlf	(??_lcd_data+0)+1,f
   902  00D0  0BFE               	decfsz	btemp+0,f
   903  00D1  28CD               	goto	u2285
   904  00D2  0820               	movf	0+(??_lcd_data+0)+0,w
   905  00D3  00F8               	movwf	(_temp)
   906  00D4  0821               	movf	1+(??_lcd_data+0)+0,w
   907  00D5  00F9               	movwf	(_temp+1)
   908                           	line	49
   909                           	
   910  00D6                     l2037:	
   911                           ;external interrupt.c: 49: PORTD=(temp&0xf0);
   912  00D6  0878               	movf	(_temp),w
   913  00D7  39F0               	andlw	0F0h
   914  00D8  0088               	movwf	(8)	;volatile
   915                           	line	50
   916                           	
   917  00D9                     l2039:	
   918                           ;external interrupt.c: 50: RD1=1;
   919  00D9  1488               	bsf	(65/8),(65)&7
   920                           	line	51
   921                           	
   922  00DA                     l2041:	
   923                           ;external interrupt.c: 51: RD2=0;
   924  00DA  1108               	bcf	(66/8),(66)&7
   925                           	line	52
   926                           	
   927  00DB                     l2043:	
   928                           ;external interrupt.c: 52: RD3=1;
   929  00DB  1588               	bsf	(67/8),(67)&7
   930                           	line	53
   931                           	
   932  00DC                     l2045:	
   933                           ;external interrupt.c: 53: delay(200);
   934  00DC  30C8               	movlw	low(0C8h)
   935  00DD  00F4               	movwf	(?_delay)
   936  00DE  3000               	movlw	high(0C8h)
   937  00DF  00F5               	movwf	((?_delay))+1
   938  00E0  120A  118A  2185   	fcall	_delay
              120A  118A         
   939                           	line	54
   940                           	
   941  00E5                     l2047:	
   942                           ;external interrupt.c: 54: RD3=0;
   943  00E5  1283               	bcf	status, 5	;RP0=0, select bank0
   944  00E6  1303               	bcf	status, 6	;RP1=0, select bank0
   945  00E7  1188               	bcf	(67/8),(67)&7
   946                           	line	55
   947                           	
   948  00E8                     l577:	
   949  00E8  0008               	return
   950                           	opt stack 0
   951                           GLOBAL	__end_of_lcd_data
   952  00E9                     	__end_of_lcd_data:
   953 ;; =============== function _lcd_data ends ============
   954                           
   955                           	signat	_lcd_data,4216
   956                           	global	_lcd_cmd
   957                           psect	text242,local,class=CODE,delta=2
   958                           global __ptext242
   959  00E9                     __ptext242:
   960                           
   961 ;; *************** function _lcd_cmd *****************
   962 ;; Defined at:
   963 ;;		line 16 in file "D:\Madhu\madhu pic folder\pic task\serial communication\interrupt\external interrupt\external inter
       rupt.c"
   964 ;; Parameters:    Size  Location     Type
   965 ;;  com             1    wreg     unsigned char 
   966 ;; Auto vars:     Size  Location     Type
   967 ;;  com             1    2[BANK0 ] unsigned char 
   968 ;; Return value:  Size  Location     Type
   969 ;;		None               void
   970 ;; Registers used:
   971 ;;		wreg, status,2, status,0, btemp+0, pclath, cstack
   972 ;; Tracked objects:
   973 ;;		On entry : 0/0
   974 ;;		On exit  : 0/0
   975 ;;		Unchanged: 0/0
   976 ;; Data sizes:     COMMON   BANK0   BANK1   BANK3   BANK2
   977 ;;      Params:         0       0       0       0       0
   978 ;;      Locals:         0       1       0       0       0
   979 ;;      Temps:          0       2       0       0       0
   980 ;;      Totals:         0       3       0       0       0
   981 ;;Total ram usage:        3 bytes
   982 ;; Hardware stack levels used:    1
   983 ;; Hardware stack levels required when called:    2
   984 ;; This function calls:
   985 ;;		_delay
   986 ;; This function is called by:
   987 ;;		_lcd_init
   988 ;;		_main
   989 ;; This function uses a non-reentrant model
   990 ;;
   991                           psect	text242
   992                           	file	"D:\Madhu\madhu pic folder\pic task\serial communication\interrupt\external interr
                                 upt\external interrupt.c"
   993                           	line	16
   994                           	global	__size_of_lcd_cmd
   995  0036                     	__size_of_lcd_cmd	equ	__end_of_lcd_cmd-_lcd_cmd
   996                           	
   997  00E9                     _lcd_cmd:	
   998                           	opt	stack 7
   999                           ; Regs used in _lcd_cmd: [wreg+status,2-btemp+0+pclath+cstack]
  1000                           ;lcd_cmd@com stored from wreg
  1001  00E9  1283               	bcf	status, 5	;RP0=0, select bank0
  1002  00EA  1303               	bcf	status, 6	;RP1=0, select bank0
  1003  00EB  00A2               	movwf	(lcd_cmd@com)
  1004                           	line	17
  1005                           	
  1006  00EC                     l1997:	
  1007                           ;external interrupt.c: 17: PORTD=(com&0xf0);
  1008  00EC  0822               	movf	(lcd_cmd@com),w
  1009  00ED  39F0               	andlw	0F0h
  1010  00EE  0088               	movwf	(8)	;volatile
  1011                           	line	18
  1012                           	
  1013  00EF                     l1999:	
  1014                           ;external interrupt.c: 18: RD1=0;
  1015  00EF  1088               	bcf	(65/8),(65)&7
  1016                           	line	19
  1017                           	
  1018  00F0                     l2001:	
  1019                           ;external interrupt.c: 19: RD2=0;
  1020  00F0  1108               	bcf	(66/8),(66)&7
  1021                           	line	20
  1022                           	
  1023  00F1                     l2003:	
  1024                           ;external interrupt.c: 20: RD3=1;
  1025  00F1  1588               	bsf	(67/8),(67)&7
  1026                           	line	21
  1027                           	
  1028  00F2                     l2005:	
  1029                           ;external interrupt.c: 21: delay(200);
  1030  00F2  30C8               	movlw	low(0C8h)
  1031  00F3  00F4               	movwf	(?_delay)
  1032  00F4  3000               	movlw	high(0C8h)
  1033  00F5  00F5               	movwf	((?_delay))+1
  1034  00F6  120A  118A  2185   	fcall	_delay
              120A  118A         
  1035                           	line	22
  1036                           	
  1037  00FB                     l2007:	
  1038                           ;external interrupt.c: 22: RD3=0;
  1039  00FB  1283               	bcf	status, 5	;RP0=0, select bank0
  1040  00FC  1303               	bcf	status, 6	;RP1=0, select bank0
  1041  00FD  1188               	bcf	(67/8),(67)&7
  1042                           	line	23
  1043                           	
  1044  00FE                     l2009:	
  1045                           ;external interrupt.c: 23: temp=com<<4;
  1046  00FE  0822               	movf	(lcd_cmd@com),w
  1047  00FF  00A0               	movwf	(??_lcd_cmd+0)+0
  1048  0100  01A1               	clrf	(??_lcd_cmd+0)+0+1
  1049  0101  3004               	movlw	04h
  1050  0102  00FE               	movwf	btemp+0
  1051  0103                     u2275:
  1052  0103  1003               	clrc
  1053  0104  0DA0               	rlf	(??_lcd_cmd+0)+0,f
  1054  0105  0DA1               	rlf	(??_lcd_cmd+0)+1,f
  1055  0106  0BFE               	decfsz	btemp+0,f
  1056  0107  2903               	goto	u2275
  1057  0108  0820               	movf	0+(??_lcd_cmd+0)+0,w
  1058  0109  00F8               	movwf	(_temp)
  1059  010A  0821               	movf	1+(??_lcd_cmd+0)+0,w
  1060  010B  00F9               	movwf	(_temp+1)
  1061                           	line	24
  1062                           	
  1063  010C                     l2011:	
  1064                           ;external interrupt.c: 24: PORTD=(temp&0xf0);
  1065  010C  0878               	movf	(_temp),w
  1066  010D  39F0               	andlw	0F0h
  1067  010E  0088               	movwf	(8)	;volatile
  1068                           	line	25
  1069                           	
  1070  010F                     l2013:	
  1071                           ;external interrupt.c: 25: RD1=0;
  1072  010F  1088               	bcf	(65/8),(65)&7
  1073                           	line	26
  1074                           	
  1075  0110                     l2015:	
  1076                           ;external interrupt.c: 26: RD2=0;
  1077  0110  1108               	bcf	(66/8),(66)&7
  1078                           	line	27
  1079                           	
  1080  0111                     l2017:	
  1081                           ;external interrupt.c: 27: RD3=1;
  1082  0111  1588               	bsf	(67/8),(67)&7
  1083                           	line	28
  1084                           	
  1085  0112                     l2019:	
  1086                           ;external interrupt.c: 28: delay(200);
  1087  0112  30C8               	movlw	low(0C8h)
  1088  0113  00F4               	movwf	(?_delay)
  1089  0114  3000               	movlw	high(0C8h)
  1090  0115  00F5               	movwf	((?_delay))+1
  1091  0116  120A  118A  2185   	fcall	_delay
              120A  118A         
  1092                           	line	29
  1093                           	
  1094  011B                     l2021:	
  1095                           ;external interrupt.c: 29: RD3=0;
  1096  011B  1283               	bcf	status, 5	;RP0=0, select bank0
  1097  011C  1303               	bcf	status, 6	;RP1=0, select bank0
  1098  011D  1188               	bcf	(67/8),(67)&7
  1099                           	line	30
  1100                           	
  1101  011E                     l571:	
  1102  011E  0008               	return
  1103                           	opt stack 0
  1104                           GLOBAL	__end_of_lcd_cmd
  1105  011F                     	__end_of_lcd_cmd:
  1106 ;; =============== function _lcd_cmd ends ============
  1107                           
  1108                           	signat	_lcd_cmd,4216
  1109                           	global	_delay
  1110                           psect	text243,local,class=CODE,delta=2
  1111                           global __ptext243
  1112  0185                     __ptext243:
  1113                           
  1114 ;; *************** function _delay *****************
  1115 ;; Defined at:
  1116 ;;		line 12 in file "D:\Madhu\madhu pic folder\pic task\serial communication\interrupt\external interrupt\external inter
       rupt.c"
  1117 ;; Parameters:    Size  Location     Type
  1118 ;;  x               2    4[COMMON] unsigned int 
  1119 ;; Auto vars:     Size  Location     Type
  1120 ;;		None
  1121 ;; Return value:  Size  Location     Type
  1122 ;;		None               void
  1123 ;; Registers used:
  1124 ;;		wreg
  1125 ;; Tracked objects:
  1126 ;;		On entry : 0/0
  1127 ;;		On exit  : 0/0
  1128 ;;		Unchanged: 0/0
  1129 ;; Data sizes:     COMMON   BANK0   BANK1   BANK3   BANK2
  1130 ;;      Params:         2       0       0       0       0
  1131 ;;      Locals:         0       0       0       0       0
  1132 ;;      Temps:          0       0       0       0       0
  1133 ;;      Totals:         2       0       0       0       0
  1134 ;;Total ram usage:        2 bytes
  1135 ;; Hardware stack levels used:    1
  1136 ;; Hardware stack levels required when called:    1
  1137 ;; This function calls:
  1138 ;;		Nothing
  1139 ;; This function is called by:
  1140 ;;		_lcd_cmd
  1141 ;;		_lcd_data
  1142 ;;		_main
  1143 ;; This function uses a non-reentrant model
  1144 ;;
  1145                           psect	text243
  1146                           	file	"D:\Madhu\madhu pic folder\pic task\serial communication\interrupt\external interr
                                 upt\external interrupt.c"
  1147                           	line	12
  1148                           	global	__size_of_delay
  1149  0012                     	__size_of_delay	equ	__end_of_delay-_delay
  1150                           	
  1151  0185                     _delay:	
  1152                           	opt	stack 5
  1153                           ; Regs used in _delay: [wreg]
  1154                           	line	13
  1155                           	
  1156  0185                     l1993:	
  1157                           ;external interrupt.c: 13: while(x--);
  1158  0185  2986               	goto	l565
  1159                           	
  1160  0186                     l566:	
  1161                           	
  1162  0186                     l565:	
  1163                           	
  1164  0186                     l1995:	
  1165  0186  3001               	movlw	low(01h)
  1166  0187  02F4               	subwf	(delay@x),f
  1167  0188  3000               	movlw	high(01h)
  1168  0189  1C03               	skipc
  1169  018A  03F5               	decf	(delay@x+1),f
  1170  018B  02F5               	subwf	(delay@x+1),f
  1171  018C  30FF               	movlw	high(0FFFFh)
  1172  018D  0675               	xorwf	((delay@x+1)),w
  1173  018E  1D03               	skipz
  1174  018F  2992               	goto	u2265
  1175  0190  30FF               	movlw	low(0FFFFh)
  1176  0191  0674               	xorwf	((delay@x)),w
  1177  0192                     u2265:
  1178                           
  1179  0192  1D03               	skipz
  1180  0193  2995               	goto	u2261
  1181  0194  2996               	goto	u2260
  1182  0195                     u2261:
  1183  0195  2986               	goto	l566
  1184  0196                     u2260:
  1185                           	
  1186  0196                     l567:	
  1187                           	line	14
  1188                           	
  1189  0196                     l568:	
  1190  0196  0008               	return
  1191                           	opt stack 0
  1192                           GLOBAL	__end_of_delay
  1193  0197                     	__end_of_delay:
  1194 ;; =============== function _delay ends ============
  1195                           
  1196                           	signat	_delay,4216
  1197                           	global	_rcx
  1198                           psect	text244,local,class=CODE,delta=2
  1199                           global __ptext244
  1200  016F                     __ptext244:
  1201                           
  1202 ;; *************** function _rcx *****************
  1203 ;; Defined at:
  1204 ;;		line 65 in file "D:\Madhu\madhu pic folder\pic task\serial communication\interrupt\external interrupt\external inter
       rupt.c"
  1205 ;; Parameters:    Size  Location     Type
  1206 ;;		None
  1207 ;; Auto vars:     Size  Location     Type
  1208 ;;		None
  1209 ;; Return value:  Size  Location     Type
  1210 ;;		None               void
  1211 ;; Registers used:
  1212 ;;		wreg
  1213 ;; Tracked objects:
  1214 ;;		On entry : 0/0
  1215 ;;		On exit  : 0/0
  1216 ;;		Unchanged: 0/0
  1217 ;; Data sizes:     COMMON   BANK0   BANK1   BANK3   BANK2
  1218 ;;      Params:         0       0       0       0       0
  1219 ;;      Locals:         0       0       0       0       0
  1220 ;;      Temps:          4       0       0       0       0
  1221 ;;      Totals:         4       0       0       0       0
  1222 ;;Total ram usage:        4 bytes
  1223 ;; Hardware stack levels used:    1
  1224 ;; This function calls:
  1225 ;;		Nothing
  1226 ;; This function is called by:
  1227 ;;		Interrupt level 1
  1228 ;; This function uses a non-reentrant model
  1229 ;;
  1230                           psect	text244
  1231                           	file	"D:\Madhu\madhu pic folder\pic task\serial communication\interrupt\external interr
                                 upt\external interrupt.c"
  1232                           	line	65
  1233                           	global	__size_of_rcx
  1234  0016                     	__size_of_rcx	equ	__end_of_rcx-_rcx
  1235                           	
  1236  016F                     _rcx:	
  1237                           	opt	stack 4
  1238                           ; Regs used in _rcx: [wreg]
  1239                           psect	intentry,class=CODE,delta=2
  1240                           global __pintentry
  1241  0004                     __pintentry:
  1242                           global interrupt_function
  1243  0004                     interrupt_function:
  1244                           	global saved_w
  1245  007E                     	saved_w	set	btemp+0
  1246  0004  00FE               	movwf	saved_w
  1247  0005  0803               	movf	status,w
  1248  0006  00F0               	movwf	(??_rcx+0)
  1249  0007  0804               	movf	fsr0,w
  1250  0008  00F1               	movwf	(??_rcx+1)
  1251  0009  080A               	movf	pclath,w
  1252  000A  00F2               	movwf	(??_rcx+2)
  1253  000B  087F               	movf	btemp+1,w
  1254  000C  00F3               	movwf	(??_rcx+3)
  1255  000D  120A  118A  296F   	ljmp	_rcx
  1256                           psect	text244
  1257                           	line	66
  1258                           	
  1259  016F                     i1l1877:	
  1260                           ;external interrupt.c: 66: if(INTF==1)
  1261  016F  1C8B               	btfss	(89/8),(89)&7
  1262  0170  2972               	goto	u221_21
  1263  0171  2973               	goto	u221_20
  1264  0172                     u221_21:
  1265  0172  297A               	goto	i1l586
  1266  0173                     u221_20:
  1267                           	line	68
  1268                           	
  1269  0173                     i1l1879:	
  1270                           ;external interrupt.c: 67: {
  1271                           ;external interrupt.c: 68: INTF=0;
  1272  0173  108B               	bcf	(89/8),(89)&7
  1273                           	line	69
  1274                           	
  1275  0174                     i1l1881:	
  1276                           ;external interrupt.c: 69: b=1;
  1277  0174  3001               	movlw	low(01h)
  1278  0175  1283               	bcf	status, 5	;RP0=0, select bank0
  1279  0176  1303               	bcf	status, 6	;RP1=0, select bank0
  1280  0177  00A6               	movwf	(_b)
  1281  0178  3000               	movlw	high(01h)
  1282  0179  00A7               	movwf	((_b))+1
  1283                           	line	70
  1284                           	
  1285  017A                     i1l586:	
  1286                           	line	71
  1287                           	
  1288  017A                     i1l587:	
  1289  017A  0873               	movf	(??_rcx+3),w
  1290  017B  00FF               	movwf	btemp+1
  1291  017C  0872               	movf	(??_rcx+2),w
  1292  017D  008A               	movwf	pclath
  1293  017E  0871               	movf	(??_rcx+1),w
  1294  017F  0084               	movwf	fsr0
  1295  0180  0870               	movf	(??_rcx+0),w
  1296  0181  0083               	movwf	status
  1297  0182  0EFE               	swapf	saved_w,f
  1298  0183  0E7E               	swapf	saved_w,w
  1299  0184  0009               	retfie
  1300                           	opt stack 0
  1301                           GLOBAL	__end_of_rcx
  1302  0185                     	__end_of_rcx:
  1303 ;; =============== function _rcx ends ============
  1304                           
  1305                           	signat	_rcx,88
  1306                           psect	text245,local,class=CODE,delta=2
  1307                           global __ptext245
  1308  0000                     __ptext245:
  1309                           	global	btemp
  1310  007E                     	btemp set 07Eh
  1311                           
  1312                           	DABS	1,126,2	;btemp
  1313                           	global	wtemp0
  1314  007E                     	wtemp0 set btemp


HI-TECH Software PICC Macro Assembler V9.71a build 6446 
Symbol Table                                                                                   Tue Jul 25 18:21:15 2023

         lcd_data@dat 0022                     _b 0026                     _i 0076                     pc 0002  
                  fsr 0004                   l571 011E                   l580 013C                   l565 0186  
                 l581 0127                   l566 0186                   l574 016E                   l582 0149  
                 l590 0087                   l567 0196                   l583 0149                   l591 00AF  
                 l568 0196                   l592 00AF                   l577 00E8                   l593 00B0  
                 l594 00B0                   _GIE 005F                   _RC0 0038                   _RD1 0041  
                 _RD2 0042                   _RD3 0043                   _rcx 016F                   fsr0 0004  
        lcd_display@i 0024                  l2001 00F0                  l2011 010C                  l2003 00F1  
        lcd_display@m 0023                  l2021 011B                  l2013 010F                  l2005 00F2  
                l2101 009A                  l2015 0110                  l2007 00FB                  l2031 00BC  
                l2023 00B6                  l2103 00A0                  l2017 0111                  l2009 00FE  
                l2041 00DA                  l2033 00C5                  l2025 00B9                  l2105 00A6  
                l2019 0112                  l2043 00DB                  l2035 00C8                  l2027 00BA  
                l2051 0122                  l2045 00DC                  l2037 00D6                  l2029 00BB  
                l2053 0127                  l2061 0031                  l2047 00E5                  l2039 00D9  
                l2055 0134                  l2071 0040                  l2063 0034                  l2049 014A  
                l2057 013C                  l2081 0051                  l2073 0041                  l2065 0037  
                l2091 0075                  l2083 0057                  l2075 0042                  l2067 003A  
                l2059 002D                  l2093 007E                  l2085 005D                  l2077 0043  
                l2069 003D                  l2095 0087                  l2087 0063                  l2079 0048  
                l2097 0090                  l2089 006C                  l2099 0091                  l1993 0185  
                l1995 0186                  l1997 00EC                  l1999 00EF                  ?_rcx 0070  
                STR_1 0025                  STR_2 0019                  u2300 0090                  u2301 008F  
                u2260 0196                  u2261 0195                  u2265 0192                  u2290 0149  
                u2275 0103                  u2291 0148                  u2285 00CD                  _PEIE 005E  
                _INTE 005C                  _INTF 0059                  _main 002D                  _temp 0078  
                btemp 007E                  start 0010                 ??_rcx 0070                 ?_main 0070  
               i1l586 017A                 i1l587 017A                 _PORTB 0006                 _PORTC 0007  
               _PORTD 0008                 _TRISB 0086                 _TRISC 0087                 _TRISD 0088  
     __end_of_lcd_cmd 011F                 _delay 0185                 pclath 000A                 status 0003  
               wtemp0 007E          __end_of_main 00B3                ??_main 0076                ?_delay 0074  
              i1l1881 0174                i1l1877 016F                i1l1879 0173                u221_20 0173  
              u221_21 0172      __end_of_lcd_data 00E9      __end_of_lcd_init 016F  __size_of_lcd_display 002B  
              delay@x 0074             ??_lcd_cmd 0020                saved_w 007E        __pcstackCOMMON 0070  
       __end_of_delay 0197               ??_delay 0076            __pbssBANK0 0026            __pmaintext 002D  
          __pintentry 0004             ?_lcd_data 0070             ?_lcd_init 0070               _lcd_cmd 00E9  
        __size_of_rcx 0016            ??_lcd_data 0020            ??_lcd_init 0076  end_of_initialization 019D  
          lcd_cmd@com 0022         ??_lcd_display 0076   start_initialization 0197           __end_of_rcx 0185  
 __end_of_lcd_display 014A           __pbssCOMMON 0076         __pcstackBANK0 0020     __size_of_lcd_data 0036  
   __size_of_lcd_init 0025             __ptext240 014A             __ptext241 00B3             __ptext242 00E9  
           __ptext243 0185             __ptext244 016F             __ptext245 0000             __ptext238 0000  
           __ptext239 011F             __pstrings 0013              ?_lcd_cmd 0070        __size_of_delay 0012  
   interrupt_function 0004           _lcd_display 011F           __stringbase 0018      __size_of_lcd_cmd 0036  
            _lcd_data 00B3              _lcd_init 014A         __size_of_main 0086              intlevel1 0000  
           stringcode 0013              stringdir 0013              stringtab 0013          ?_lcd_display 0070  
