

HI-TECH Software PIC LITE Macro Assembler V9.71a build 6446 
                                                                                               Wed Oct 15 21:43:14 2025

HI-TECH Software Omniscient Code Generator (Lite mode) build 6446
     1  0000                     opt subtitle "HI-TECH Software Omniscient Code Generator (Lite mode) build 6446"
     2                           
     3                           opt pagewidth 120
     4                           
     5                           	opt lm
     6                           
     7                           	processor	16F877A
     8                           clrc	macro
     9                           	bcf	3,0
    10  0000                     	endm
    11                           clrz	macro
    12                           	bcf	3,2
    13  0000                     	endm
    14                           setc	macro
    15                           	bsf	3,0
    16  0000                     	endm
    17                           setz	macro
    18                           	bsf	3,2
    19  0000                     	endm
    20                           skipc	macro
    21                           	btfss	3,0
    22  0000                     	endm
    23                           skipz	macro
    24                           	btfss	3,2
    25  0000                     	endm
    26                           skipnc	macro
    27                           	btfsc	3,0
    28  0000                     	endm
    29                           skipnz	macro
    30                           	btfsc	3,2
    31  0000                     	endm
    32  0000                     indf	equ	0
    33  0000                     indf0	equ	0
    34  0002                     pc	equ	2
    35  0002                     pcl	equ	2
    36  0003                     status	equ	3
    37  0004                     fsr	equ	4
    38  0004                     fsr0	equ	4
    39  0001                     c	equ	1
    40  0000                     z	equ	0
    41  000A                     pclath	equ	10
    42                           	FNCALL	_main,_lcd_init
    43                           	FNCALL	_main,_lcd_cmd
    44                           	FNCALL	_main,_lcd_data
    45                           	FNCALL	_main,_delay
    46                           	FNCALL	_lcd_init,_lcd_cmd
    47                           	FNCALL	_lcd_data,_delay
    48                           	FNCALL	_lcd_cmd,_delay
    49                           	FNROOT	_main
    50                           	global	_da
    51                           psect	idataCOMMON,class=CODE,space=0,delta=2
    52                           global __pidataCOMMON
    53  0713                     __pidataCOMMON:
    54                           	file	"E:\Embedded\LCD_Display_Code\Welcome_display\LCD.c"
    55                           	line	12
    56                           
    57                           ;initializer for _da
    58  0713  3457               	retlw	057h
    59  0714  3445               	retlw	045h
    60  0715  344C               	retlw	04Ch
    61  0716  3443               	retlw	043h
    62  0717  344F               	retlw	04Fh
    63  0718  344D               	retlw	04Dh
    64  0719  3445               	retlw	045h
    65  071A  3400               	retlw	0
    66                           	global	_i
    67                           	global	_PORTC
    68  0007                     _PORTC	set	7
    69                           	global	_PORTD
    70  0008                     _PORTD	set	8
    71                           	global	_RC0
    72  0038                     _RC0	set	56
    73                           	global	_RC1
    74  0039                     _RC1	set	57
    75                           	global	_RC2
    76  003A                     _RC2	set	58
    77                           	global	_TRISC
    78  0087                     _TRISC	set	135
    79                           	global	_TRISD
    80  0088                     _TRISD	set	136
    81                           	file	"LCD.as"
    82                           	line	#
    83                           psect cinit,class=CODE,delta=2
    84                           global start_initialization
    85  0787                     start_initialization:
    86                           
    87                           psect	bssCOMMON,class=COMMON,space=1
    88                           global __pbssCOMMON
    89  007C                     __pbssCOMMON:
    90  007C                     _i:
    91  007C                            ds      1
    92                           
    93                           psect	dataCOMMON,class=COMMON,space=1
    94                           global __pdataCOMMON
    95  0070                     __pdataCOMMON:
    96                           	file	"E:\Embedded\LCD_Display_Code\Welcome_display\LCD.c"
    97  0070                     _da:
    98  0070                            ds      8
    99                           
   100                           ; Clear objects allocated to COMMON
   101                           psect cinit,class=CODE,delta=2
   102  0787  01FC               	clrf	((__pbssCOMMON)+0)&07Fh
   103                           global btemp
   104                           psect inittext,class=CODE,delta=2
   105                           global init_fetch,btemp
   106                           ;	Called with low address in FSR and high address in W
   107  071B                     init_fetch:
   108  071B  087E               	movf btemp,w
   109  071C  008A               	movwf pclath
   110  071D  087F               	movf btemp+1,w
   111  071E  0082               	movwf pc
   112                           global init_ram
   113                           ;Called with:
   114                           ;	high address of idata address in btemp 
   115                           ;	low address of idata address in btemp+1 
   116                           ;	low address of data in FSR
   117                           ;	high address + 1 of data in btemp-1
   118  071F                     init_ram:
   119  071F  271B  120A  118A   	fcall init_fetch
   120  0722  0080               	movwf indf,f
   121  0723  0A84               	incf fsr,f
   122  0724  0804               	movf fsr,w
   123  0725  067D               	xorwf btemp-1,w
   124  0726  1903               	btfsc status,2
   125  0727  3400               	retlw 0
   126  0728  0AFF               	incf btemp+1,f
   127  0729  1903               	btfsc status,2
   128  072A  0AFE               	incf btemp,f
   129  072B  2F1F               	goto init_ram
   130                           ; Initialize objects allocated to COMMON
   131                           	global __pidataCOMMON
   132                           psect cinit,class=CODE,delta=2
   133  0788  120A  118A  2713   	fcall	__pidataCOMMON+0		;fetch initializer
              120A  118A         
   134  078D  00F0               	movwf	__pdataCOMMON+0&07fh		
   135  078E  120A  118A  2714   	fcall	__pidataCOMMON+1		;fetch initializer
              120A  118A         
   136  0793  00F1               	movwf	__pdataCOMMON+1&07fh		
   137  0794  120A  118A  2715   	fcall	__pidataCOMMON+2		;fetch initializer
              120A  118A         
   138  0799  00F2               	movwf	__pdataCOMMON+2&07fh		
   139  079A  120A  118A  2716   	fcall	__pidataCOMMON+3		;fetch initializer
              120A  118A         
   140  079F  00F3               	movwf	__pdataCOMMON+3&07fh		
   141  07A0  120A  118A  2717   	fcall	__pidataCOMMON+4		;fetch initializer
              120A  118A         
   142  07A5  00F4               	movwf	__pdataCOMMON+4&07fh		
   143  07A6  120A  118A  2718   	fcall	__pidataCOMMON+5		;fetch initializer
              120A  118A         
   144  07AB  00F5               	movwf	__pdataCOMMON+5&07fh		
   145  07AC  120A  118A  2719   	fcall	__pidataCOMMON+6		;fetch initializer
              120A  118A         
   146  07B1  00F6               	movwf	__pdataCOMMON+6&07fh		
   147  07B2  120A  118A  271A   	fcall	__pidataCOMMON+7		;fetch initializer
              120A  118A         
   148  07B7  00F7               	movwf	__pdataCOMMON+7&07fh		
   149                           psect cinit,class=CODE,delta=2
   150                           global end_of_initialization
   151                           
   152                           ;End of C runtime variable initialization code
   153                           
   154  07B8                     end_of_initialization:
   155  07B8  0183               clrf status
   156  07B9  120A  118A  2FBC   ljmp _main	;jump to C main() function
   157                           psect	cstackCOMMON,class=COMMON,space=1
   158                           global __pcstackCOMMON
   159  0078                     __pcstackCOMMON:
   160                           	global	?_delay
   161  0078                     ?_delay:	; 0 bytes @ 0x0
   162                           	global	?_lcd_cmd
   163  0078                     ?_lcd_cmd:	; 0 bytes @ 0x0
   164                           	global	?_lcd_data
   165  0078                     ?_lcd_data:	; 0 bytes @ 0x0
   166                           	global	?_lcd_init
   167  0078                     ?_lcd_init:	; 0 bytes @ 0x0
   168                           	global	?_main
   169  0078                     ?_main:	; 0 bytes @ 0x0
   170                           	global	delay@x
   171  0078                     delay@x:	; 2 bytes @ 0x0
   172  0078                     	ds	2
   173                           	global	??_delay
   174  007A                     ??_delay:	; 0 bytes @ 0x2
   175                           	global	??_lcd_cmd
   176  007A                     ??_lcd_cmd:	; 0 bytes @ 0x2
   177                           	global	??_lcd_data
   178  007A                     ??_lcd_data:	; 0 bytes @ 0x2
   179                           	global	lcd_cmd@cmd
   180  007A                     lcd_cmd@cmd:	; 1 bytes @ 0x2
   181                           	global	lcd_data@data
   182  007A                     lcd_data@data:	; 1 bytes @ 0x2
   183  007A                     	ds	1
   184                           	global	??_lcd_init
   185  007B                     ??_lcd_init:	; 0 bytes @ 0x3
   186                           	global	??_main
   187  007B                     ??_main:	; 0 bytes @ 0x3
   188  007B                     	ds	1
   189 ;;Data sizes: Strings 0, constant 0, data 8, bss 1, persistent 0 stack 0
   190 ;;Auto spaces:   Size  Autos    Used
   191 ;; COMMON          14      4      13
   192 ;; BANK0           80      0       0
   193 ;; BANK1           80      0       0
   194 ;; BANK3           96      0       0
   195 ;; BANK2           96      0       0
   196                           
   197 ;;
   198 ;; Pointer list with targets:
   199                           
   200                           
   201                           
   202 ;;
   203 ;; Critical Paths under _main in COMMON
   204 ;;
   205 ;;   _main->_lcd_cmd
   206 ;;   _main->_lcd_data
   207 ;;   _lcd_init->_lcd_cmd
   208 ;;   _lcd_data->_delay
   209 ;;   _lcd_cmd->_delay
   210 ;;
   211 ;; Critical Paths under _main in BANK0
   212 ;;
   213 ;;   None.
   214 ;;
   215 ;; Critical Paths under _main in BANK1
   216 ;;
   217 ;;   None.
   218 ;;
   219 ;; Critical Paths under _main in BANK3
   220 ;;
   221 ;;   None.
   222 ;;
   223 ;; Critical Paths under _main in BANK2
   224 ;;
   225 ;;   None.
   226                           
   227 ;;
   228 ;;Main: autosize = 0, tempsize = 1, incstack = 0, save=0
   229 ;;
   230                           
   231 ;;
   232 ;;Call Graph Tables:
   233 ;;
   234 ;; ---------------------------------------------------------------------------------
   235 ;; (Depth) Function   	        Calls       Base Space   Used Autos Params    Refs
   236 ;; ---------------------------------------------------------------------------------
   237 ;; (0) _main                                                 1     1      0     105
   238 ;;                                              3 COMMON     1     1      0
   239 ;;                           _lcd_init
   240 ;;                            _lcd_cmd
   241 ;;                           _lcd_data
   242 ;;                              _delay
   243 ;; ---------------------------------------------------------------------------------
   244 ;; (1) _lcd_init                                             0     0      0      30
   245 ;;                            _lcd_cmd
   246 ;; ---------------------------------------------------------------------------------
   247 ;; (1) _lcd_data                                             1     1      0      30
   248 ;;                                              2 COMMON     1     1      0
   249 ;;                              _delay
   250 ;; ---------------------------------------------------------------------------------
   251 ;; (1) _lcd_cmd                                              1     1      0      30
   252 ;;                                              2 COMMON     1     1      0
   253 ;;                              _delay
   254 ;; ---------------------------------------------------------------------------------
   255 ;; (1) _delay                                                2     0      2      15
   256 ;;                                              0 COMMON     2     0      2
   257 ;; ---------------------------------------------------------------------------------
   258 ;; Estimated maximum stack depth 1
   259 ;; ---------------------------------------------------------------------------------
   260                           
   261 ;; Call Graph Graphs:
   262                           
   263 ;; _main (ROOT)
   264 ;;   _lcd_init
   265 ;;     _lcd_cmd
   266 ;;       _delay
   267 ;;   _lcd_cmd
   268 ;;     _delay
   269 ;;   _lcd_data
   270 ;;     _delay
   271 ;;   _delay
   272 ;;
   273                           
   274 ;; Address spaces:
   275                           
   276 ;;Name               Size   Autos  Total    Cost      Usage
   277 ;;BANK3               60      0       0       9        0.0%
   278 ;;BITBANK3            60      0       0       8        0.0%
   279 ;;SFR3                 0      0       0       4        0.0%
   280 ;;BITSFR3              0      0       0       4        0.0%
   281 ;;BANK2               60      0       0      11        0.0%
   282 ;;BITBANK2            60      0       0      10        0.0%
   283 ;;SFR2                 0      0       0       5        0.0%
   284 ;;BITSFR2              0      0       0       5        0.0%
   285 ;;SFR1                 0      0       0       2        0.0%
   286 ;;BITSFR1              0      0       0       2        0.0%
   287 ;;BANK1               50      0       0       7        0.0%
   288 ;;BITBANK1            50      0       0       6        0.0%
   289 ;;CODE                 0      0       0       0        0.0%
   290 ;;DATA                 0      0      10      12        0.0%
   291 ;;ABS                  0      0       D       3        0.0%
   292 ;;NULL                 0      0       0       0        0.0%
   293 ;;STACK                0      0       3       2        0.0%
   294 ;;BANK0               50      0       0       5        0.0%
   295 ;;BITBANK0            50      0       0       4        0.0%
   296 ;;SFR0                 0      0       0       1        0.0%
   297 ;;BITSFR0              0      0       0       1        0.0%
   298 ;;COMMON               E      4       D       1       92.9%
   299 ;;BITCOMMON            E      0       0       0        0.0%
   300 ;;EEDATA             100      0       0       0        0.0%
   301                           
   302                           	global	_main
   303                           psect	maintext,global,class=CODE,delta=2
   304                           global __pmaintext
   305  07BC                     __pmaintext:
   306                           
   307 ;; *************** function _main *****************
   308 ;; Defined at:
   309 ;;		line 44 in file "E:\Embedded\LCD_Display_Code\Welcome_display\LCD.c"
   310 ;; Parameters:    Size  Location     Type
   311 ;;		None
   312 ;; Auto vars:     Size  Location     Type
   313 ;;		None
   314 ;; Return value:  Size  Location     Type
   315 ;;		None               void
   316 ;; Registers used:
   317 ;;		wreg, fsr0l, fsr0h, status,2, status,0, pclath, cstack
   318 ;; Tracked objects:
   319 ;;		On entry : 17F/0
   320 ;;		On exit  : 0/0
   321 ;;		Unchanged: 0/0
   322 ;; Data sizes:     COMMON   BANK0   BANK1   BANK3   BANK2
   323 ;;      Params:         0       0       0       0       0
   324 ;;      Locals:         0       0       0       0       0
   325 ;;      Temps:          1       0       0       0       0
   326 ;;      Totals:         1       0       0       0       0
   327 ;;Total ram usage:        1 bytes
   328 ;; Hardware stack levels required when called:    3
   329 ;; This function calls:
   330 ;;		_lcd_init
   331 ;;		_lcd_cmd
   332 ;;		_lcd_data
   333 ;;		_delay
   334 ;; This function is called by:
   335 ;;		Startup code after reset
   336 ;; This function uses a non-reentrant model
   337 ;;
   338                           psect	maintext
   339                           	file	"E:\Embedded\LCD_Display_Code\Welcome_display\LCD.c"
   340                           	line	44
   341                           	global	__size_of_main
   342  0044                     	__size_of_main	equ	__end_of_main-_main
   343                           	
   344  07BC                     _main:	
   345                           	opt	stack 8
   346                           ; Regs used in _main: [wreg-fsr0h+status,2+status,0+pclath+cstack]
   347                           	line	45
   348                           	
   349  07BC                     l1771:	
   350                           ;LCD.c: 45: TRISC = 0x00;
   351  07BC  1683               	bsf	status, 5	;RP0=1, select bank1
   352  07BD  1303               	bcf	status, 6	;RP1=0, select bank1
   353  07BE  0187               	clrf	(135)^080h	;volatile
   354                           	line	46
   355                           ;LCD.c: 46: PORTC = 0x00;
   356  07BF  1283               	bcf	status, 5	;RP0=0, select bank0
   357  07C0  1303               	bcf	status, 6	;RP1=0, select bank0
   358  07C1  0187               	clrf	(7)	;volatile
   359                           	line	47
   360                           ;LCD.c: 47: TRISD = 0x00;
   361  07C2  1683               	bsf	status, 5	;RP0=1, select bank1
   362  07C3  1303               	bcf	status, 6	;RP1=0, select bank1
   363  07C4  0188               	clrf	(136)^080h	;volatile
   364                           	line	48
   365                           ;LCD.c: 48: PORTD = 0x00;
   366  07C5  1283               	bcf	status, 5	;RP0=0, select bank0
   367  07C6  1303               	bcf	status, 6	;RP1=0, select bank0
   368  07C7  0188               	clrf	(8)	;volatile
   369                           	line	50
   370                           	
   371  07C8                     l1773:	
   372                           ;LCD.c: 50: lcd_init();
   373  07C8  120A  118A  2768   	fcall	_lcd_init
              120A  118A         
   374                           	line	52
   375                           ;LCD.c: 52: while(1)
   376                           	
   377  07CD                     l578:	
   378                           	line	54
   379                           	
   380  07CD                     l1775:	
   381                           ;LCD.c: 53: {
   382                           ;LCD.c: 54: lcd_cmd(0x80);
   383  07CD  3080               	movlw	(080h)
   384  07CE  120A  118A  273E   	fcall	_lcd_cmd
              120A  118A         
   385                           	line	55
   386                           	
   387  07D3                     l1777:	
   388                           ;LCD.c: 55: for(i = 0; i < 7; i++)
   389  07D3  1003               	clrc
   390  07D4  3000               	movlw	0
   391  07D5  1803               	btfsc	status,0
   392  07D6  3001               	movlw	1
   393  07D7  00FC               	movwf	(_i)
   394                           	
   395  07D8                     l1779:	
   396  07D8  3007               	movlw	(07h)
   397  07D9  027C               	subwf	(_i),w
   398  07DA  1C03               	skipc
   399  07DB  2FDD               	goto	u2151
   400  07DC  2FDE               	goto	u2150
   401  07DD                     u2151:
   402  07DD  2FDF               	goto	l579
   403  07DE                     u2150:
   404                           	
   405  07DE                     l1781:	
   406  07DE  2FFB               	goto	l580
   407                           	line	56
   408                           	
   409  07DF                     l579:	
   410                           	line	57
   411                           	
   412  07DF                     l1783:	
   413                           ;LCD.c: 56: {
   414                           ;LCD.c: 57: lcd_data(da[i]);
   415  07DF  087C               	movf	(_i),w
   416  07E0  3E70               	addlw	_da&0ffh
   417  07E1  0084               	movwf	fsr0
   418  07E2  0800               	movf	indf,w
   419  07E3  120A  118A  2753   	fcall	_lcd_data
              120A  118A         
   420                           	line	58
   421                           	
   422  07E8                     l1785:	
   423                           ;LCD.c: 58: delay(50000);
   424  07E8  3050               	movlw	low(0C350h)
   425  07E9  00F8               	movwf	(?_delay)
   426  07EA  30C3               	movlw	high(0C350h)
   427  07EB  00F9               	movwf	((?_delay))+1
   428  07EC  120A  118A  272C   	fcall	_delay
              120A  118A         
   429                           	line	55
   430                           	
   431  07F1                     l1787:	
   432  07F1  3001               	movlw	(01h)
   433  07F2  00FB               	movwf	(??_main+0)+0
   434  07F3  087B               	movf	(??_main+0)+0,w
   435  07F4  07FC               	addwf	(_i),f
   436                           	
   437  07F5                     l1789:	
   438  07F5  3007               	movlw	(07h)
   439  07F6  027C               	subwf	(_i),w
   440  07F7  1C03               	skipc
   441  07F8  2FFA               	goto	u2161
   442  07F9  2FFB               	goto	u2160
   443  07FA                     u2161:
   444  07FA  2FDF               	goto	l579
   445  07FB                     u2160:
   446                           	
   447  07FB                     l580:	
   448                           	line	60
   449                           ;LCD.c: 59: }
   450                           ;LCD.c: 60: while(1);
   451                           	
   452  07FB                     l581:	
   453                           	
   454  07FB                     l582:	
   455  07FB  2FFB               	goto	l581
   456                           	
   457  07FC                     l583:	
   458                           	line	61
   459                           	
   460  07FC                     l584:	
   461                           	line	52
   462  07FC  2FCD               	goto	l578
   463                           	
   464  07FD                     l585:	
   465                           	line	62
   466                           	
   467  07FD                     l586:	
   468                           	global	start
   469  07FD  120A  118A  2800   	ljmp	start
   470                           	opt stack 0
   471                           GLOBAL	__end_of_main
   472  0800                     	__end_of_main:
   473 ;; =============== function _main ends ============
   474                           
   475                           	signat	_main,88
   476                           	global	_lcd_init
   477                           psect	text85,local,class=CODE,delta=2
   478                           global __ptext85
   479  0768                     __ptext85:
   480                           
   481 ;; *************** function _lcd_init *****************
   482 ;; Defined at:
   483 ;;		line 35 in file "E:\Embedded\LCD_Display_Code\Welcome_display\LCD.c"
   484 ;; Parameters:    Size  Location     Type
   485 ;;		None
   486 ;; Auto vars:     Size  Location     Type
   487 ;;		None
   488 ;; Return value:  Size  Location     Type
   489 ;;		None               void
   490 ;; Registers used:
   491 ;;		wreg, status,2, status,0, pclath, cstack
   492 ;; Tracked objects:
   493 ;;		On entry : 0/0
   494 ;;		On exit  : 0/0
   495 ;;		Unchanged: 0/0
   496 ;; Data sizes:     COMMON   BANK0   BANK1   BANK3   BANK2
   497 ;;      Params:         0       0       0       0       0
   498 ;;      Locals:         0       0       0       0       0
   499 ;;      Temps:          0       0       0       0       0
   500 ;;      Totals:         0       0       0       0       0
   501 ;;Total ram usage:        0 bytes
   502 ;; Hardware stack levels used:    1
   503 ;; Hardware stack levels required when called:    2
   504 ;; This function calls:
   505 ;;		_lcd_cmd
   506 ;; This function is called by:
   507 ;;		_main
   508 ;; This function uses a non-reentrant model
   509 ;;
   510                           psect	text85
   511                           	file	"E:\Embedded\LCD_Display_Code\Welcome_display\LCD.c"
   512                           	line	35
   513                           	global	__size_of_lcd_init
   514  001F                     	__size_of_lcd_init	equ	__end_of_lcd_init-_lcd_init
   515                           	
   516  0768                     _lcd_init:	
   517                           	opt	stack 7
   518                           ; Regs used in _lcd_init: [wreg+status,2+status,0+pclath+cstack]
   519                           	line	36
   520                           	
   521  0768                     l1769:	
   522                           ;LCD.c: 36: lcd_cmd(0x38);
   523  0768  3038               	movlw	(038h)
   524  0769  120A  118A  273E   	fcall	_lcd_cmd
              120A  118A         
   525                           	line	37
   526                           ;LCD.c: 37: lcd_cmd(0x06);
   527  076E  3006               	movlw	(06h)
   528  076F  120A  118A  273E   	fcall	_lcd_cmd
              120A  118A         
   529                           	line	38
   530                           ;LCD.c: 38: lcd_cmd(0x0C);
   531  0774  300C               	movlw	(0Ch)
   532  0775  120A  118A  273E   	fcall	_lcd_cmd
              120A  118A         
   533                           	line	39
   534                           ;LCD.c: 39: lcd_cmd(0x01);
   535  077A  3001               	movlw	(01h)
   536  077B  120A  118A  273E   	fcall	_lcd_cmd
              120A  118A         
   537                           	line	40
   538                           ;LCD.c: 40: lcd_cmd(0x80);
   539  0780  3080               	movlw	(080h)
   540  0781  120A  118A  273E   	fcall	_lcd_cmd
              120A  118A         
   541                           	line	41
   542                           	
   543  0786                     l575:	
   544  0786  0008               	return
   545                           	opt stack 0
   546                           GLOBAL	__end_of_lcd_init
   547  0787                     	__end_of_lcd_init:
   548 ;; =============== function _lcd_init ends ============
   549                           
   550                           	signat	_lcd_init,88
   551                           	global	_lcd_data
   552                           psect	text86,local,class=CODE,delta=2
   553                           global __ptext86
   554  0753                     __ptext86:
   555                           
   556 ;; *************** function _lcd_data *****************
   557 ;; Defined at:
   558 ;;		line 25 in file "E:\Embedded\LCD_Display_Code\Welcome_display\LCD.c"
   559 ;; Parameters:    Size  Location     Type
   560 ;;  data            1    wreg     unsigned char 
   561 ;; Auto vars:     Size  Location     Type
   562 ;;  data            1    2[COMMON] unsigned char 
   563 ;; Return value:  Size  Location     Type
   564 ;;		None               void
   565 ;; Registers used:
   566 ;;		wreg, status,2, status,0, pclath, cstack
   567 ;; Tracked objects:
   568 ;;		On entry : 0/0
   569 ;;		On exit  : 0/0
   570 ;;		Unchanged: 0/0
   571 ;; Data sizes:     COMMON   BANK0   BANK1   BANK3   BANK2
   572 ;;      Params:         0       0       0       0       0
   573 ;;      Locals:         1       0       0       0       0
   574 ;;      Temps:          0       0       0       0       0
   575 ;;      Totals:         1       0       0       0       0
   576 ;;Total ram usage:        1 bytes
   577 ;; Hardware stack levels used:    1
   578 ;; Hardware stack levels required when called:    1
   579 ;; This function calls:
   580 ;;		_delay
   581 ;; This function is called by:
   582 ;;		_main
   583 ;; This function uses a non-reentrant model
   584 ;;
   585                           psect	text86
   586                           	file	"E:\Embedded\LCD_Display_Code\Welcome_display\LCD.c"
   587                           	line	25
   588                           	global	__size_of_lcd_data
   589  0015                     	__size_of_lcd_data	equ	__end_of_lcd_data-_lcd_data
   590                           	
   591  0753                     _lcd_data:	
   592                           	opt	stack 7
   593                           ; Regs used in _lcd_data: [wreg+status,2+status,0+pclath+cstack]
   594                           ;lcd_data@data stored from wreg
   595  0753  00FA               	movwf	(lcd_data@data)
   596                           	line	26
   597                           	
   598  0754                     l1757:	
   599                           ;LCD.c: 26: PORTD = data;
   600  0754  087A               	movf	(lcd_data@data),w
   601  0755  1283               	bcf	status, 5	;RP0=0, select bank0
   602  0756  1303               	bcf	status, 6	;RP1=0, select bank0
   603  0757  0088               	movwf	(8)	;volatile
   604                           	line	27
   605                           	
   606  0758                     l1759:	
   607                           ;LCD.c: 27: RC0 = 1;
   608  0758  1407               	bsf	(56/8),(56)&7
   609                           	line	28
   610                           	
   611  0759                     l1761:	
   612                           ;LCD.c: 28: RC1 = 0;
   613  0759  1087               	bcf	(57/8),(57)&7
   614                           	line	29
   615                           	
   616  075A                     l1763:	
   617                           ;LCD.c: 29: RC2 = 1;
   618  075A  1507               	bsf	(58/8),(58)&7
   619                           	line	30
   620                           	
   621  075B                     l1765:	
   622                           ;LCD.c: 30: delay(10000);
   623  075B  3010               	movlw	low(02710h)
   624  075C  00F8               	movwf	(?_delay)
   625  075D  3027               	movlw	high(02710h)
   626  075E  00F9               	movwf	((?_delay))+1
   627  075F  120A  118A  272C   	fcall	_delay
              120A  118A         
   628                           	line	31
   629                           	
   630  0764                     l1767:	
   631                           ;LCD.c: 31: RC2 = 0;
   632  0764  1283               	bcf	status, 5	;RP0=0, select bank0
   633  0765  1303               	bcf	status, 6	;RP1=0, select bank0
   634  0766  1107               	bcf	(58/8),(58)&7
   635                           	line	32
   636                           	
   637  0767                     l572:	
   638  0767  0008               	return
   639                           	opt stack 0
   640                           GLOBAL	__end_of_lcd_data
   641  0768                     	__end_of_lcd_data:
   642 ;; =============== function _lcd_data ends ============
   643                           
   644                           	signat	_lcd_data,4216
   645                           	global	_lcd_cmd
   646                           psect	text87,local,class=CODE,delta=2
   647                           global __ptext87
   648  073E                     __ptext87:
   649                           
   650 ;; *************** function _lcd_cmd *****************
   651 ;; Defined at:
   652 ;;		line 15 in file "E:\Embedded\LCD_Display_Code\Welcome_display\LCD.c"
   653 ;; Parameters:    Size  Location     Type
   654 ;;  cmd             1    wreg     unsigned char 
   655 ;; Auto vars:     Size  Location     Type
   656 ;;  cmd             1    2[COMMON] unsigned char 
   657 ;; Return value:  Size  Location     Type
   658 ;;		None               void
   659 ;; Registers used:
   660 ;;		wreg, status,2, status,0, pclath, cstack
   661 ;; Tracked objects:
   662 ;;		On entry : 0/0
   663 ;;		On exit  : 0/0
   664 ;;		Unchanged: 0/0
   665 ;; Data sizes:     COMMON   BANK0   BANK1   BANK3   BANK2
   666 ;;      Params:         0       0       0       0       0
   667 ;;      Locals:         1       0       0       0       0
   668 ;;      Temps:          0       0       0       0       0
   669 ;;      Totals:         1       0       0       0       0
   670 ;;Total ram usage:        1 bytes
   671 ;; Hardware stack levels used:    1
   672 ;; Hardware stack levels required when called:    1
   673 ;; This function calls:
   674 ;;		_delay
   675 ;; This function is called by:
   676 ;;		_lcd_init
   677 ;;		_main
   678 ;; This function uses a non-reentrant model
   679 ;;
   680                           psect	text87
   681                           	file	"E:\Embedded\LCD_Display_Code\Welcome_display\LCD.c"
   682                           	line	15
   683                           	global	__size_of_lcd_cmd
   684  0015                     	__size_of_lcd_cmd	equ	__end_of_lcd_cmd-_lcd_cmd
   685                           	
   686  073E                     _lcd_cmd:	
   687                           	opt	stack 7
   688                           ; Regs used in _lcd_cmd: [wreg+status,2+status,0+pclath+cstack]
   689                           ;lcd_cmd@cmd stored from wreg
   690  073E  00FA               	movwf	(lcd_cmd@cmd)
   691                           	line	16
   692                           	
   693  073F                     l1745:	
   694                           ;LCD.c: 16: PORTD = cmd;
   695  073F  087A               	movf	(lcd_cmd@cmd),w
   696  0740  1283               	bcf	status, 5	;RP0=0, select bank0
   697  0741  1303               	bcf	status, 6	;RP1=0, select bank0
   698  0742  0088               	movwf	(8)	;volatile
   699                           	line	17
   700                           	
   701  0743                     l1747:	
   702                           ;LCD.c: 17: RC0 = 0;
   703  0743  1007               	bcf	(56/8),(56)&7
   704                           	line	18
   705                           	
   706  0744                     l1749:	
   707                           ;LCD.c: 18: RC1 = 0;
   708  0744  1087               	bcf	(57/8),(57)&7
   709                           	line	19
   710                           	
   711  0745                     l1751:	
   712                           ;LCD.c: 19: RC2 = 1;
   713  0745  1507               	bsf	(58/8),(58)&7
   714                           	line	20
   715                           	
   716  0746                     l1753:	
   717                           ;LCD.c: 20: delay(10000);
   718  0746  3010               	movlw	low(02710h)
   719  0747  00F8               	movwf	(?_delay)
   720  0748  3027               	movlw	high(02710h)
   721  0749  00F9               	movwf	((?_delay))+1
   722  074A  120A  118A  272C   	fcall	_delay
              120A  118A         
   723                           	line	21
   724                           	
   725  074F                     l1755:	
   726                           ;LCD.c: 21: RC2 = 0;
   727  074F  1283               	bcf	status, 5	;RP0=0, select bank0
   728  0750  1303               	bcf	status, 6	;RP1=0, select bank0
   729  0751  1107               	bcf	(58/8),(58)&7
   730                           	line	22
   731                           	
   732  0752                     l569:	
   733  0752  0008               	return
   734                           	opt stack 0
   735                           GLOBAL	__end_of_lcd_cmd
   736  0753                     	__end_of_lcd_cmd:
   737 ;; =============== function _lcd_cmd ends ============
   738                           
   739                           	signat	_lcd_cmd,4216
   740                           	global	_delay
   741                           psect	text88,local,class=CODE,delta=2
   742                           global __ptext88
   743  072C                     __ptext88:
   744                           
   745 ;; *************** function _delay *****************
   746 ;; Defined at:
   747 ;;		line 7 in file "E:\Embedded\LCD_Display_Code\Welcome_display\LCD.c"
   748 ;; Parameters:    Size  Location     Type
   749 ;;  x               2    0[COMMON] unsigned int 
   750 ;; Auto vars:     Size  Location     Type
   751 ;;		None
   752 ;; Return value:  Size  Location     Type
   753 ;;		None               void
   754 ;; Registers used:
   755 ;;		wreg
   756 ;; Tracked objects:
   757 ;;		On entry : 0/0
   758 ;;		On exit  : 0/0
   759 ;;		Unchanged: 0/0
   760 ;; Data sizes:     COMMON   BANK0   BANK1   BANK3   BANK2
   761 ;;      Params:         2       0       0       0       0
   762 ;;      Locals:         0       0       0       0       0
   763 ;;      Temps:          0       0       0       0       0
   764 ;;      Totals:         2       0       0       0       0
   765 ;;Total ram usage:        2 bytes
   766 ;; Hardware stack levels used:    1
   767 ;; This function calls:
   768 ;;		Nothing
   769 ;; This function is called by:
   770 ;;		_lcd_cmd
   771 ;;		_lcd_data
   772 ;;		_main
   773 ;; This function uses a non-reentrant model
   774 ;;
   775                           psect	text88
   776                           	file	"E:\Embedded\LCD_Display_Code\Welcome_display\LCD.c"
   777                           	line	7
   778                           	global	__size_of_delay
   779  0012                     	__size_of_delay	equ	__end_of_delay-_delay
   780                           	
   781  072C                     _delay:	
   782                           	opt	stack 7
   783                           ; Regs used in _delay: [wreg]
   784                           	line	8
   785                           	
   786  072C                     l955:	
   787                           ;LCD.c: 8: while(x--);
   788  072C  2F2D               	goto	l563
   789                           	
   790  072D                     l564:	
   791                           	
   792  072D                     l563:	
   793                           	
   794  072D                     l957:	
   795  072D  3001               	movlw	low(01h)
   796  072E  02F8               	subwf	(delay@x),f
   797  072F  3000               	movlw	high(01h)
   798  0730  1C03               	skipc
   799  0731  03F9               	decf	(delay@x+1),f
   800  0732  02F9               	subwf	(delay@x+1),f
   801  0733  30FF               	movlw	high(0FFFFh)
   802  0734  0679               	xorwf	((delay@x+1)),w
   803  0735  1D03               	skipz
   804  0736  2F39               	goto	u15
   805  0737  30FF               	movlw	low(0FFFFh)
   806  0738  0678               	xorwf	((delay@x)),w
   807  0739                     u15:
   808                           
   809  0739  1D03               	skipz
   810  073A  2F3C               	goto	u11
   811  073B  2F3D               	goto	u10
   812  073C                     u11:
   813  073C  2F2D               	goto	l564
   814  073D                     u10:
   815                           	
   816  073D                     l565:	
   817                           	line	9
   818                           	
   819  073D                     l566:	
   820  073D  0008               	return
   821                           	opt stack 0
   822                           GLOBAL	__end_of_delay
   823  073E                     	__end_of_delay:
   824 ;; =============== function _delay ends ============
   825                           
   826                           	signat	_delay,4216
   827                           psect	text89,local,class=CODE,delta=2
   828                           global __ptext89
   829  0000                     __ptext89:
   830                           	global	btemp
   831  007E                     	btemp set 07Eh
   832                           
   833                           	DABS	1,126,2	;btemp
   834                           	global	wtemp0
   835  007E                     	wtemp0 set btemp


HI-TECH Software PICC Macro Assembler V9.71a build 6446 
Symbol Table                                                                                   Wed Oct 15 21:43:14 2025

                   _i 007C                     pc 0002          lcd_data@data 007A                    u10 073D  
                  u11 073C                    u15 0739                    _da 0070                    fsr 0004  
                 l563 072D                   l564 072D                   l572 0767                   l580 07FB  
                 l565 073D                   l581 07FB                   l566 073D                   l582 07FB  
                 l575 0786                   l583 07FC                   l584 07FC                   l569 0752  
                 l585 07FD                   l586 07FD                   l578 07CD                   l579 07DF  
                 l955 072C                   l957 072D                   _RC0 0038                   _RC1 0039  
                 _RC2 003A                   fsr0 0004                   indf 0000                  l1751 0745  
                l1753 0746                  l1745 073F                  l1761 0759                  l1755 074F  
                l1747 0743                  l1763 075A                  l1771 07BC                  l1749 0744  
                l1765 075B                  l1757 0754                  l1781 07DE                  l1773 07C8  
                l1767 0764                  l1759 0758                  l1783 07DF                  l1775 07CD  
                l1769 0768                  l1785 07E8                  l1777 07D3                  l1787 07F1  
                l1779 07D8                  l1789 07F5                  u2150 07DE                  u2151 07DD  
                u2160 07FB                  u2161 07FA                  _main 07BC                  btemp 007E  
                start 0000                 ?_main 0078                 _PORTC 0007                 _PORTD 0008  
               _TRISC 0087                 _TRISD 0088       __end_of_lcd_cmd 0753                 _delay 072C  
               pclath 000A                 status 0003                 wtemp0 007E          __end_of_main 0800  
              ??_main 007B                ?_delay 0078      __end_of_lcd_data 0768      __end_of_lcd_init 0787  
              delay@x 0078             ??_lcd_cmd 007A          __pdataCOMMON 0070        __pcstackCOMMON 0078  
       __end_of_delay 073E               ??_delay 007A            __pmaintext 07BC             ?_lcd_data 0078  
           ?_lcd_init 0078               _lcd_cmd 073E            ??_lcd_data 007A            ??_lcd_init 007B  
end_of_initialization 07B8               init_ram 071F            lcd_cmd@cmd 007A         __pidataCOMMON 0713  
 start_initialization 0787           __pbssCOMMON 007C     __size_of_lcd_data 0015     __size_of_lcd_init 001F  
            ?_lcd_cmd 0078        __size_of_delay 0012             init_fetch 071B      __size_of_lcd_cmd 0015  
            __ptext85 0768              __ptext86 0753              __ptext87 073E              __ptext88 072C  
            __ptext89 0000              _lcd_data 0753              _lcd_init 0768         __size_of_main 0044  
