

HI-TECH Software PIC LITE Macro Assembler V9.71a build 6446 
                                                                                               Tue Feb 03 12:19:27 2026

HI-TECH Software Omniscient Code Generator (Lite mode) build 6446
     1  0000                     opt subtitle "HI-TECH Software Omniscient Code Generator (Lite mode) build 6446"
     2                           
     3                           opt pagewidth 120
     4                           
     5                           	opt lm
     6                           
     7                           	processor	16F877A
     8                           clrc	macro
     9                           	bcf	3,0
    10  0000                     	endm
    11                           clrz	macro
    12                           	bcf	3,2
    13  0000                     	endm
    14                           setc	macro
    15                           	bsf	3,0
    16  0000                     	endm
    17                           setz	macro
    18                           	bsf	3,2
    19  0000                     	endm
    20                           skipc	macro
    21                           	btfss	3,0
    22  0000                     	endm
    23                           skipz	macro
    24                           	btfss	3,2
    25  0000                     	endm
    26                           skipnc	macro
    27                           	btfsc	3,0
    28  0000                     	endm
    29                           skipnz	macro
    30                           	btfsc	3,2
    31  0000                     	endm
    32  0000                     indf	equ	0
    33  0000                     indf0	equ	0
    34  0002                     pc	equ	2
    35  0002                     pcl	equ	2
    36  0003                     status	equ	3
    37  0004                     fsr	equ	4
    38  0004                     fsr0	equ	4
    39  0001                     c	equ	1
    40  0000                     z	equ	0
    41  000A                     pclath	equ	10
    42                           	FNCALL	_main,_lcd_init
    43                           	FNCALL	_main,_delay
    44                           	FNCALL	_main,_lcd_cmd
    45                           	FNCALL	_main,_lcd_display
    46                           	FNCALL	_lcd_display,_lcd_data
    47                           	FNCALL	_lcd_init,_lcd_cmd
    48                           	FNCALL	_lcd_data,_delay
    49                           	FNCALL	_lcd_cmd,_delay
    50                           	FNROOT	_main
    51                           	global	_PORTC
    52                           psect	text90,local,class=CODE,delta=2
    53                           global __ptext90
    54  0000                     __ptext90:
    55  0007                     _PORTC	set	7
    56                           	global	_PORTD
    57  0008                     _PORTD	set	8
    58                           	global	_RC0
    59  0038                     _RC0	set	56
    60                           	global	_RC1
    61  0039                     _RC1	set	57
    62                           	global	_RC2
    63  003A                     _RC2	set	58
    64                           	global	_TRISC
    65  0087                     _TRISC	set	135
    66                           	global	_TRISD
    67  0088                     _TRISD	set	136
    68                           psect	strings,class=STRING,delta=2
    69                           global __pstrings
    70  0003                     __pstrings:
    71                           ;	global	stringdir,stringtab,__stringbase
    72  0003                     stringtab:
    73                           ;	String table - string pointers are 1 byte each
    74  0003                     stringcode:stringdir:
      + 0003                     stringdir:	
    75  0003  3000               movlw high(stringdir)
    76  0004  008A               movwf pclath
    77  0005  0804               movf fsr,w
    78  0006  0A84               incf fsr
    79  0007  0782               	addwf pc
    80  0008                     __stringbase:
    81  0008  3400               	retlw	0
    82                           psect	strings
    83                           	
    84  0009                     STR_1:	
    85  0009  3457               	retlw	87	;'W'
    86  000A  3445               	retlw	69	;'E'
    87  000B  344C               	retlw	76	;'L'
    88  000C  3443               	retlw	67	;'C'
    89  000D  344F               	retlw	79	;'O'
    90  000E  344D               	retlw	77	;'M'
    91  000F  3445               	retlw	69	;'E'
    92  0010  3400               	retlw	0
    93                           psect	strings
    94                           	file	"welcome_code.as"
    95                           	line	#
    96                           psect cinit,class=CODE,delta=2
    97                           global start_initialization
    98  0747                     start_initialization:
    99                           
   100                           psect cinit,class=CODE,delta=2
   101                           global end_of_initialization
   102                           
   103                           ;End of C runtime variable initialization code
   104                           
   105  0747                     end_of_initialization:
   106  0747  0183               clrf status
   107  0748  120A  118A  2FCD   ljmp _main	;jump to C main() function
   108                           psect	cstackCOMMON,class=COMMON,space=1
   109                           global __pcstackCOMMON
   110  0070                     __pcstackCOMMON:
   111                           	global	?_delay
   112  0070                     ?_delay:	; 0 bytes @ 0x0
   113                           	global	?_lcd_cmd
   114  0070                     ?_lcd_cmd:	; 0 bytes @ 0x0
   115                           	global	?_lcd_data
   116  0070                     ?_lcd_data:	; 0 bytes @ 0x0
   117                           	global	?_lcd_init
   118  0070                     ?_lcd_init:	; 0 bytes @ 0x0
   119                           	global	?_lcd_display
   120  0070                     ?_lcd_display:	; 0 bytes @ 0x0
   121                           	global	?_main
   122  0070                     ?_main:	; 0 bytes @ 0x0
   123                           	global	delay@x
   124  0070                     delay@x:	; 2 bytes @ 0x0
   125  0070                     	ds	2
   126                           	global	??_delay
   127  0072                     ??_delay:	; 0 bytes @ 0x2
   128                           	global	??_lcd_cmd
   129  0072                     ??_lcd_cmd:	; 0 bytes @ 0x2
   130                           	global	??_lcd_data
   131  0072                     ??_lcd_data:	; 0 bytes @ 0x2
   132                           	global	lcd_cmd@cmd
   133  0072                     lcd_cmd@cmd:	; 1 bytes @ 0x2
   134                           	global	lcd_data@data
   135  0072                     lcd_data@data:	; 1 bytes @ 0x2
   136  0072                     	ds	1
   137                           	global	??_lcd_init
   138  0073                     ??_lcd_init:	; 0 bytes @ 0x3
   139                           	global	??_lcd_display
   140  0073                     ??_lcd_display:	; 0 bytes @ 0x3
   141                           	global	lcd_display@i
   142  0073                     lcd_display@i:	; 2 bytes @ 0x3
   143  0073                     	ds	2
   144                           	global	lcd_display@m
   145  0075                     lcd_display@m:	; 1 bytes @ 0x5
   146  0075                     	ds	1
   147                           	global	??_main
   148  0076                     ??_main:	; 0 bytes @ 0x6
   149 ;;Data sizes: Strings 8, constant 0, data 0, bss 0, persistent 0 stack 0
   150 ;;Auto spaces:   Size  Autos    Used
   151 ;; COMMON          14      6       6
   152 ;; BANK0           80      0       0
   153 ;; BANK1           80      0       0
   154 ;; BANK3           96      0       0
   155 ;; BANK2           96      0       0
   156                           
   157 ;;
   158 ;; Pointer list with targets:
   159                           
   160 ;; lcd_display@m	PTR unsigned char  size(1) Largest target is 8
   161 ;;		 -> STR_1(CODE[8]), 
   162 ;;
   163                           
   164                           
   165 ;;
   166 ;; Critical Paths under _main in COMMON
   167 ;;
   168 ;;   _main->_lcd_display
   169 ;;   _lcd_display->_lcd_data
   170 ;;   _lcd_init->_lcd_cmd
   171 ;;   _lcd_data->_delay
   172 ;;   _lcd_cmd->_delay
   173 ;;
   174 ;; Critical Paths under _main in BANK0
   175 ;;
   176 ;;   None.
   177 ;;
   178 ;; Critical Paths under _main in BANK1
   179 ;;
   180 ;;   None.
   181 ;;
   182 ;; Critical Paths under _main in BANK3
   183 ;;
   184 ;;   None.
   185 ;;
   186 ;; Critical Paths under _main in BANK2
   187 ;;
   188 ;;   None.
   189                           
   190 ;;
   191 ;;Main: autosize = 0, tempsize = 0, incstack = 0, save=0
   192 ;;
   193                           
   194 ;;
   195 ;;Call Graph Tables:
   196 ;;
   197 ;; ---------------------------------------------------------------------------------
   198 ;; (Depth) Function   	        Calls       Base Space   Used Autos Params    Refs
   199 ;; ---------------------------------------------------------------------------------
   200 ;; (0) _main                                                 0     0      0     165
   201 ;;                           _lcd_init
   202 ;;                              _delay
   203 ;;                            _lcd_cmd
   204 ;;                        _lcd_display
   205 ;; ---------------------------------------------------------------------------------
   206 ;; (1) _lcd_display                                          3     3      0      90
   207 ;;                                              3 COMMON     3     3      0
   208 ;;                           _lcd_data
   209 ;; ---------------------------------------------------------------------------------
   210 ;; (1) _lcd_init                                             0     0      0      30
   211 ;;                            _lcd_cmd
   212 ;; ---------------------------------------------------------------------------------
   213 ;; (2) _lcd_data                                             1     1      0      30
   214 ;;                                              2 COMMON     1     1      0
   215 ;;                              _delay
   216 ;; ---------------------------------------------------------------------------------
   217 ;; (1) _lcd_cmd                                              1     1      0      30
   218 ;;                                              2 COMMON     1     1      0
   219 ;;                              _delay
   220 ;; ---------------------------------------------------------------------------------
   221 ;; (3) _delay                                                2     0      2      15
   222 ;;                                              0 COMMON     2     0      2
   223 ;; ---------------------------------------------------------------------------------
   224 ;; Estimated maximum stack depth 3
   225 ;; ---------------------------------------------------------------------------------
   226                           
   227 ;; Call Graph Graphs:
   228                           
   229 ;; _main (ROOT)
   230 ;;   _lcd_init
   231 ;;     _lcd_cmd
   232 ;;       _delay
   233 ;;   _delay
   234 ;;   _lcd_cmd
   235 ;;     _delay
   236 ;;   _lcd_display
   237 ;;     _lcd_data
   238 ;;       _delay
   239 ;;
   240                           
   241 ;; Address spaces:
   242                           
   243 ;;Name               Size   Autos  Total    Cost      Usage
   244 ;;BITCOMMON            E      0       0       0        0.0%
   245 ;;EEDATA             100      0       0       0        0.0%
   246 ;;NULL                 0      0       0       0        0.0%
   247 ;;CODE                 0      0       0       0        0.0%
   248 ;;COMMON               E      6       6       1       42.9%
   249 ;;BITSFR0              0      0       0       1        0.0%
   250 ;;SFR0                 0      0       0       1        0.0%
   251 ;;BITSFR1              0      0       0       2        0.0%
   252 ;;SFR1                 0      0       0       2        0.0%
   253 ;;STACK                0      0       3       2        0.0%
   254 ;;ABS                  0      0       0       3        0.0%
   255 ;;BITBANK0            50      0       0       4        0.0%
   256 ;;BITSFR3              0      0       0       4        0.0%
   257 ;;SFR3                 0      0       0       4        0.0%
   258 ;;BANK0               50      0       0       5        0.0%
   259 ;;BITSFR2              0      0       0       5        0.0%
   260 ;;SFR2                 0      0       0       5        0.0%
   261 ;;BITBANK1            50      0       0       6        0.0%
   262 ;;BANK1               50      0       0       7        0.0%
   263 ;;BITBANK3            60      0       0       8        0.0%
   264 ;;BANK3               60      0       0       9        0.0%
   265 ;;BITBANK2            60      0       0      10        0.0%
   266 ;;BANK2               60      0       0      11        0.0%
   267 ;;DATA                 0      0       0      12        0.0%
   268                           
   269                           	global	_main
   270                           psect	maintext,global,class=CODE,delta=2
   271                           global __pmaintext
   272  07CD                     __pmaintext:
   273                           
   274 ;; *************** function _main *****************
   275 ;; Defined at:
   276 ;;		line 49 in file "E:\Embedded_Program\LCD_Display_Code\welcome\welcome_code.c"
   277 ;; Parameters:    Size  Location     Type
   278 ;;		None
   279 ;; Auto vars:     Size  Location     Type
   280 ;;		None
   281 ;; Return value:  Size  Location     Type
   282 ;;		None               void
   283 ;; Registers used:
   284 ;;		wreg, fsr0l, fsr0h, status,2, status,0, pclath, cstack
   285 ;; Tracked objects:
   286 ;;		On entry : 17F/0
   287 ;;		On exit  : 0/0
   288 ;;		Unchanged: 0/0
   289 ;; Data sizes:     COMMON   BANK0   BANK1   BANK3   BANK2
   290 ;;      Params:         0       0       0       0       0
   291 ;;      Locals:         0       0       0       0       0
   292 ;;      Temps:          0       0       0       0       0
   293 ;;      Totals:         0       0       0       0       0
   294 ;;Total ram usage:        0 bytes
   295 ;; Hardware stack levels required when called:    3
   296 ;; This function calls:
   297 ;;		_lcd_init
   298 ;;		_delay
   299 ;;		_lcd_cmd
   300 ;;		_lcd_display
   301 ;; This function is called by:
   302 ;;		Startup code after reset
   303 ;; This function uses a non-reentrant model
   304 ;;
   305                           psect	maintext
   306                           	file	"E:\Embedded_Program\LCD_Display_Code\welcome\welcome_code.c"
   307                           	line	49
   308                           	global	__size_of_main
   309  0033                     	__size_of_main	equ	__end_of_main-_main
   310                           	
   311  07CD                     _main:	
   312                           	opt	stack 8
   313                           ; Regs used in _main: [wreg-fsr0h+status,2+status,0+pclath+cstack]
   314                           	line	50
   315                           	
   316  07CD                     l1780:	
   317                           ;welcome_code.c: 50: TRISD=0x00;
   318  07CD  1683               	bsf	status, 5	;RP0=1, select bank1
   319  07CE  1303               	bcf	status, 6	;RP1=0, select bank1
   320  07CF  0188               	clrf	(136)^080h	;volatile
   321                           	line	51
   322                           ;welcome_code.c: 51: PORTD=0x00;
   323  07D0  1283               	bcf	status, 5	;RP0=0, select bank0
   324  07D1  1303               	bcf	status, 6	;RP1=0, select bank0
   325  07D2  0188               	clrf	(8)	;volatile
   326                           	line	53
   327                           ;welcome_code.c: 53: TRISC=0x00;
   328  07D3  1683               	bsf	status, 5	;RP0=1, select bank1
   329  07D4  1303               	bcf	status, 6	;RP1=0, select bank1
   330  07D5  0187               	clrf	(135)^080h	;volatile
   331                           	line	54
   332                           ;welcome_code.c: 54: PORTC=0x00;
   333  07D6  1283               	bcf	status, 5	;RP0=0, select bank0
   334  07D7  1303               	bcf	status, 6	;RP1=0, select bank0
   335  07D8  0187               	clrf	(7)	;volatile
   336                           	line	56
   337                           	
   338  07D9                     l1782:	
   339                           ;welcome_code.c: 56: lcd_init();
   340  07D9  120A  118A  2787   	fcall	_lcd_init
              120A  118A         
   341                           	line	57
   342                           	
   343  07DE                     l1784:	
   344                           ;welcome_code.c: 57: delay(100);
   345  07DE  3064               	movlw	low(064h)
   346  07DF  00F0               	movwf	(?_delay)
   347  07E0  3000               	movlw	high(064h)
   348  07E1  00F1               	movwf	((?_delay))+1
   349  07E2  120A  118A  274B   	fcall	_delay
              120A  118A         
   350                           	line	58
   351                           ;welcome_code.c: 58: while(1)
   352                           	
   353  07E7                     l580:	
   354                           	line	60
   355                           	
   356  07E7                     l1786:	
   357                           ;welcome_code.c: 59: {
   358                           ;welcome_code.c: 60: lcd_cmd(0X80);
   359  07E7  3080               	movlw	(080h)
   360  07E8  120A  118A  275D   	fcall	_lcd_cmd
              120A  118A         
   361                           	line	61
   362                           	
   363  07ED                     l1788:	
   364                           ;welcome_code.c: 61: lcd_display("WELCOME");
   365  07ED  3001               	movlw	((STR_1-__stringbase))&0ffh
   366  07EE  120A  118A  27A6   	fcall	_lcd_display
              120A  118A         
   367                           	line	62
   368                           	
   369  07F3                     l1790:	
   370                           ;welcome_code.c: 62: delay(50000);
   371  07F3  3050               	movlw	low(0C350h)
   372  07F4  00F0               	movwf	(?_delay)
   373  07F5  30C3               	movlw	high(0C350h)
   374  07F6  00F1               	movwf	((?_delay))+1
   375  07F7  120A  118A  274B   	fcall	_delay
              120A  118A         
   376                           	line	63
   377                           	
   378  07FC                     l581:	
   379                           	line	58
   380  07FC  2FE7               	goto	l580
   381                           	
   382  07FD                     l582:	
   383                           	line	64
   384                           	
   385  07FD                     l583:	
   386                           	global	start
   387  07FD  120A  118A  2800   	ljmp	start
   388                           	opt stack 0
   389                           GLOBAL	__end_of_main
   390  0800                     	__end_of_main:
   391 ;; =============== function _main ends ============
   392                           
   393                           	signat	_main,88
   394                           	global	_lcd_display
   395                           psect	text91,local,class=CODE,delta=2
   396                           global __ptext91
   397  07A6                     __ptext91:
   398                           
   399 ;; *************** function _lcd_display *****************
   400 ;; Defined at:
   401 ;;		line 41 in file "E:\Embedded_Program\LCD_Display_Code\welcome\welcome_code.c"
   402 ;; Parameters:    Size  Location     Type
   403 ;;  m               1    wreg     PTR unsigned char 
   404 ;;		 -> STR_1(8), 
   405 ;; Auto vars:     Size  Location     Type
   406 ;;  m               1    5[COMMON] PTR unsigned char 
   407 ;;		 -> STR_1(8), 
   408 ;;  i               2    3[COMMON] int 
   409 ;; Return value:  Size  Location     Type
   410 ;;		None               void
   411 ;; Registers used:
   412 ;;		wreg, fsr0l, fsr0h, status,2, status,0, pclath, cstack
   413 ;; Tracked objects:
   414 ;;		On entry : 0/0
   415 ;;		On exit  : 0/0
   416 ;;		Unchanged: 0/0
   417 ;; Data sizes:     COMMON   BANK0   BANK1   BANK3   BANK2
   418 ;;      Params:         0       0       0       0       0
   419 ;;      Locals:         3       0       0       0       0
   420 ;;      Temps:          0       0       0       0       0
   421 ;;      Totals:         3       0       0       0       0
   422 ;;Total ram usage:        3 bytes
   423 ;; Hardware stack levels used:    1
   424 ;; Hardware stack levels required when called:    2
   425 ;; This function calls:
   426 ;;		_lcd_data
   427 ;; This function is called by:
   428 ;;		_main
   429 ;; This function uses a non-reentrant model
   430 ;;
   431                           psect	text91
   432                           	file	"E:\Embedded_Program\LCD_Display_Code\welcome\welcome_code.c"
   433                           	line	41
   434                           	global	__size_of_lcd_display
   435  0027                     	__size_of_lcd_display	equ	__end_of_lcd_display-_lcd_display
   436                           	
   437  07A6                     _lcd_display:	
   438                           	opt	stack 7
   439                           ; Regs used in _lcd_display: [wreg-fsr0h+status,2+status,0+pclath+cstack]
   440                           ;lcd_display@m stored from wreg
   441  07A6  00F5               	movwf	(lcd_display@m)
   442                           	line	42
   443                           	
   444  07A7                     l1772:	
   445                           ;welcome_code.c: 42: for(int i=0;m[i]!=0;i++)
   446  07A7  3000               	movlw	low(0)
   447  07A8  00F3               	movwf	(lcd_display@i)
   448  07A9  3000               	movlw	high(0)
   449  07AA  00F4               	movwf	((lcd_display@i))+1
   450  07AB  2FBF               	goto	l574
   451                           	line	43
   452                           	
   453  07AC                     l575:	
   454                           	line	44
   455                           	
   456  07AC                     l1774:	
   457                           ;welcome_code.c: 43: {
   458                           ;welcome_code.c: 44: lcd_data(m[i]);
   459  07AC  0873               	movf	(lcd_display@i),w
   460  07AD  0775               	addwf	(lcd_display@m),w
   461  07AE  0084               	movwf	fsr0
   462  07AF  120A  118A  2003   	fcall	stringdir
              120A  118A         
   463  07B4  120A  118A  2772   	fcall	_lcd_data
              120A  118A         
   464                           	line	42
   465                           	
   466  07B9                     l1776:	
   467  07B9  3001               	movlw	low(01h)
   468  07BA  07F3               	addwf	(lcd_display@i),f
   469  07BB  1803               	skipnc
   470  07BC  0AF4               	incf	(lcd_display@i+1),f
   471  07BD  3000               	movlw	high(01h)
   472  07BE  07F4               	addwf	(lcd_display@i+1),f
   473                           	
   474  07BF                     l574:	
   475                           	
   476  07BF                     l1778:	
   477  07BF  0873               	movf	(lcd_display@i),w
   478  07C0  0775               	addwf	(lcd_display@m),w
   479  07C1  0084               	movwf	fsr0
   480  07C2  120A  118A  2003   	fcall	stringdir
              120A  118A         
   481  07C7  3800               	iorlw	0
   482  07C8  1D03               	skipz
   483  07C9  2FCB               	goto	u2151
   484  07CA  2FCC               	goto	u2150
   485  07CB                     u2151:
   486  07CB  2FAC               	goto	l575
   487  07CC                     u2150:
   488                           	
   489  07CC                     l576:	
   490                           	line	46
   491                           	
   492  07CC                     l577:	
   493  07CC  0008               	return
   494                           	opt stack 0
   495                           GLOBAL	__end_of_lcd_display
   496  07CD                     	__end_of_lcd_display:
   497 ;; =============== function _lcd_display ends ============
   498                           
   499                           	signat	_lcd_display,4216
   500                           	global	_lcd_init
   501                           psect	text92,local,class=CODE,delta=2
   502                           global __ptext92
   503  0787                     __ptext92:
   504                           
   505 ;; *************** function _lcd_init *****************
   506 ;; Defined at:
   507 ;;		line 32 in file "E:\Embedded_Program\LCD_Display_Code\welcome\welcome_code.c"
   508 ;; Parameters:    Size  Location     Type
   509 ;;		None
   510 ;; Auto vars:     Size  Location     Type
   511 ;;		None
   512 ;; Return value:  Size  Location     Type
   513 ;;		None               void
   514 ;; Registers used:
   515 ;;		wreg, status,2, status,0, pclath, cstack
   516 ;; Tracked objects:
   517 ;;		On entry : 0/0
   518 ;;		On exit  : 0/0
   519 ;;		Unchanged: 0/0
   520 ;; Data sizes:     COMMON   BANK0   BANK1   BANK3   BANK2
   521 ;;      Params:         0       0       0       0       0
   522 ;;      Locals:         0       0       0       0       0
   523 ;;      Temps:          0       0       0       0       0
   524 ;;      Totals:         0       0       0       0       0
   525 ;;Total ram usage:        0 bytes
   526 ;; Hardware stack levels used:    1
   527 ;; Hardware stack levels required when called:    2
   528 ;; This function calls:
   529 ;;		_lcd_cmd
   530 ;; This function is called by:
   531 ;;		_main
   532 ;; This function uses a non-reentrant model
   533 ;;
   534                           psect	text92
   535                           	file	"E:\Embedded_Program\LCD_Display_Code\welcome\welcome_code.c"
   536                           	line	32
   537                           	global	__size_of_lcd_init
   538  001F                     	__size_of_lcd_init	equ	__end_of_lcd_init-_lcd_init
   539                           	
   540  0787                     _lcd_init:	
   541                           	opt	stack 7
   542                           ; Regs used in _lcd_init: [wreg+status,2+status,0+pclath+cstack]
   543                           	line	33
   544                           	
   545  0787                     l1770:	
   546                           ;welcome_code.c: 33: lcd_cmd(0x38);
   547  0787  3038               	movlw	(038h)
   548  0788  120A  118A  275D   	fcall	_lcd_cmd
              120A  118A         
   549                           	line	34
   550                           ;welcome_code.c: 34: lcd_cmd(0x06);
   551  078D  3006               	movlw	(06h)
   552  078E  120A  118A  275D   	fcall	_lcd_cmd
              120A  118A         
   553                           	line	35
   554                           ;welcome_code.c: 35: lcd_cmd(0x0c);
   555  0793  300C               	movlw	(0Ch)
   556  0794  120A  118A  275D   	fcall	_lcd_cmd
              120A  118A         
   557                           	line	36
   558                           ;welcome_code.c: 36: lcd_cmd(0x01);
   559  0799  3001               	movlw	(01h)
   560  079A  120A  118A  275D   	fcall	_lcd_cmd
              120A  118A         
   561                           	line	37
   562                           ;welcome_code.c: 37: lcd_cmd(0x80);
   563  079F  3080               	movlw	(080h)
   564  07A0  120A  118A  275D   	fcall	_lcd_cmd
              120A  118A         
   565                           	line	38
   566                           	
   567  07A5                     l571:	
   568  07A5  0008               	return
   569                           	opt stack 0
   570                           GLOBAL	__end_of_lcd_init
   571  07A6                     	__end_of_lcd_init:
   572 ;; =============== function _lcd_init ends ============
   573                           
   574                           	signat	_lcd_init,88
   575                           	global	_lcd_data
   576                           psect	text93,local,class=CODE,delta=2
   577                           global __ptext93
   578  0772                     __ptext93:
   579                           
   580 ;; *************** function _lcd_data *****************
   581 ;; Defined at:
   582 ;;		line 22 in file "E:\Embedded_Program\LCD_Display_Code\welcome\welcome_code.c"
   583 ;; Parameters:    Size  Location     Type
   584 ;;  data            1    wreg     unsigned char 
   585 ;; Auto vars:     Size  Location     Type
   586 ;;  data            1    2[COMMON] unsigned char 
   587 ;; Return value:  Size  Location     Type
   588 ;;		None               void
   589 ;; Registers used:
   590 ;;		wreg, status,2, status,0, pclath, cstack
   591 ;; Tracked objects:
   592 ;;		On entry : 0/0
   593 ;;		On exit  : 0/0
   594 ;;		Unchanged: 0/0
   595 ;; Data sizes:     COMMON   BANK0   BANK1   BANK3   BANK2
   596 ;;      Params:         0       0       0       0       0
   597 ;;      Locals:         1       0       0       0       0
   598 ;;      Temps:          0       0       0       0       0
   599 ;;      Totals:         1       0       0       0       0
   600 ;;Total ram usage:        1 bytes
   601 ;; Hardware stack levels used:    1
   602 ;; Hardware stack levels required when called:    1
   603 ;; This function calls:
   604 ;;		_delay
   605 ;; This function is called by:
   606 ;;		_lcd_display
   607 ;; This function uses a non-reentrant model
   608 ;;
   609                           psect	text93
   610                           	file	"E:\Embedded_Program\LCD_Display_Code\welcome\welcome_code.c"
   611                           	line	22
   612                           	global	__size_of_lcd_data
   613  0015                     	__size_of_lcd_data	equ	__end_of_lcd_data-_lcd_data
   614                           	
   615  0772                     _lcd_data:	
   616                           	opt	stack 6
   617                           ; Regs used in _lcd_data: [wreg+status,2+status,0+pclath+cstack]
   618                           ;lcd_data@data stored from wreg
   619  0772  00F2               	movwf	(lcd_data@data)
   620                           	line	23
   621                           	
   622  0773                     l1758:	
   623                           ;welcome_code.c: 23: PORTD = data;
   624  0773  0872               	movf	(lcd_data@data),w
   625  0774  1283               	bcf	status, 5	;RP0=0, select bank0
   626  0775  1303               	bcf	status, 6	;RP1=0, select bank0
   627  0776  0088               	movwf	(8)	;volatile
   628                           	line	24
   629                           	
   630  0777                     l1760:	
   631                           ;welcome_code.c: 24: RC0=1;
   632  0777  1407               	bsf	(56/8),(56)&7
   633                           	line	25
   634                           	
   635  0778                     l1762:	
   636                           ;welcome_code.c: 25: RC1=0;
   637  0778  1087               	bcf	(57/8),(57)&7
   638                           	line	26
   639                           	
   640  0779                     l1764:	
   641                           ;welcome_code.c: 26: RC2=1;
   642  0779  1507               	bsf	(58/8),(58)&7
   643                           	line	27
   644                           	
   645  077A                     l1766:	
   646                           ;welcome_code.c: 27: delay(100);
   647  077A  3064               	movlw	low(064h)
   648  077B  00F0               	movwf	(?_delay)
   649  077C  3000               	movlw	high(064h)
   650  077D  00F1               	movwf	((?_delay))+1
   651  077E  120A  118A  274B   	fcall	_delay
              120A  118A         
   652                           	line	28
   653                           	
   654  0783                     l1768:	
   655                           ;welcome_code.c: 28: RC2=0;
   656  0783  1283               	bcf	status, 5	;RP0=0, select bank0
   657  0784  1303               	bcf	status, 6	;RP1=0, select bank0
   658  0785  1107               	bcf	(58/8),(58)&7
   659                           	line	29
   660                           	
   661  0786                     l568:	
   662  0786  0008               	return
   663                           	opt stack 0
   664                           GLOBAL	__end_of_lcd_data
   665  0787                     	__end_of_lcd_data:
   666 ;; =============== function _lcd_data ends ============
   667                           
   668                           	signat	_lcd_data,4216
   669                           	global	_lcd_cmd
   670                           psect	text94,local,class=CODE,delta=2
   671                           global __ptext94
   672  075D                     __ptext94:
   673                           
   674 ;; *************** function _lcd_cmd *****************
   675 ;; Defined at:
   676 ;;		line 12 in file "E:\Embedded_Program\LCD_Display_Code\welcome\welcome_code.c"
   677 ;; Parameters:    Size  Location     Type
   678 ;;  cmd             1    wreg     unsigned char 
   679 ;; Auto vars:     Size  Location     Type
   680 ;;  cmd             1    2[COMMON] unsigned char 
   681 ;; Return value:  Size  Location     Type
   682 ;;		None               void
   683 ;; Registers used:
   684 ;;		wreg, status,2, status,0, pclath, cstack
   685 ;; Tracked objects:
   686 ;;		On entry : 0/0
   687 ;;		On exit  : 0/0
   688 ;;		Unchanged: 0/0
   689 ;; Data sizes:     COMMON   BANK0   BANK1   BANK3   BANK2
   690 ;;      Params:         0       0       0       0       0
   691 ;;      Locals:         1       0       0       0       0
   692 ;;      Temps:          0       0       0       0       0
   693 ;;      Totals:         1       0       0       0       0
   694 ;;Total ram usage:        1 bytes
   695 ;; Hardware stack levels used:    1
   696 ;; Hardware stack levels required when called:    1
   697 ;; This function calls:
   698 ;;		_delay
   699 ;; This function is called by:
   700 ;;		_lcd_init
   701 ;;		_main
   702 ;; This function uses a non-reentrant model
   703 ;;
   704                           psect	text94
   705                           	file	"E:\Embedded_Program\LCD_Display_Code\welcome\welcome_code.c"
   706                           	line	12
   707                           	global	__size_of_lcd_cmd
   708  0015                     	__size_of_lcd_cmd	equ	__end_of_lcd_cmd-_lcd_cmd
   709                           	
   710  075D                     _lcd_cmd:	
   711                           	opt	stack 7
   712                           ; Regs used in _lcd_cmd: [wreg+status,2+status,0+pclath+cstack]
   713                           ;lcd_cmd@cmd stored from wreg
   714  075D  00F2               	movwf	(lcd_cmd@cmd)
   715                           	line	13
   716                           	
   717  075E                     l1746:	
   718                           ;welcome_code.c: 13: PORTD = cmd;
   719  075E  0872               	movf	(lcd_cmd@cmd),w
   720  075F  1283               	bcf	status, 5	;RP0=0, select bank0
   721  0760  1303               	bcf	status, 6	;RP1=0, select bank0
   722  0761  0088               	movwf	(8)	;volatile
   723                           	line	14
   724                           	
   725  0762                     l1748:	
   726                           ;welcome_code.c: 14: RC0=0;
   727  0762  1007               	bcf	(56/8),(56)&7
   728                           	line	15
   729                           	
   730  0763                     l1750:	
   731                           ;welcome_code.c: 15: RC1=0;
   732  0763  1087               	bcf	(57/8),(57)&7
   733                           	line	16
   734                           	
   735  0764                     l1752:	
   736                           ;welcome_code.c: 16: RC2=1;
   737  0764  1507               	bsf	(58/8),(58)&7
   738                           	line	17
   739                           	
   740  0765                     l1754:	
   741                           ;welcome_code.c: 17: delay(100);
   742  0765  3064               	movlw	low(064h)
   743  0766  00F0               	movwf	(?_delay)
   744  0767  3000               	movlw	high(064h)
   745  0768  00F1               	movwf	((?_delay))+1
   746  0769  120A  118A  274B   	fcall	_delay
              120A  118A         
   747                           	line	18
   748                           	
   749  076E                     l1756:	
   750                           ;welcome_code.c: 18: RC2=0;
   751  076E  1283               	bcf	status, 5	;RP0=0, select bank0
   752  076F  1303               	bcf	status, 6	;RP1=0, select bank0
   753  0770  1107               	bcf	(58/8),(58)&7
   754                           	line	19
   755                           	
   756  0771                     l565:	
   757  0771  0008               	return
   758                           	opt stack 0
   759                           GLOBAL	__end_of_lcd_cmd
   760  0772                     	__end_of_lcd_cmd:
   761 ;; =============== function _lcd_cmd ends ============
   762                           
   763                           	signat	_lcd_cmd,4216
   764                           	global	_delay
   765                           psect	text95,local,class=CODE,delta=2
   766                           global __ptext95
   767  074B                     __ptext95:
   768                           
   769 ;; *************** function _delay *****************
   770 ;; Defined at:
   771 ;;		line 7 in file "E:\Embedded_Program\LCD_Display_Code\welcome\welcome_code.c"
   772 ;; Parameters:    Size  Location     Type
   773 ;;  x               2    0[COMMON] unsigned int 
   774 ;; Auto vars:     Size  Location     Type
   775 ;;		None
   776 ;; Return value:  Size  Location     Type
   777 ;;		None               void
   778 ;; Registers used:
   779 ;;		wreg
   780 ;; Tracked objects:
   781 ;;		On entry : 0/0
   782 ;;		On exit  : 0/0
   783 ;;		Unchanged: 0/0
   784 ;; Data sizes:     COMMON   BANK0   BANK1   BANK3   BANK2
   785 ;;      Params:         2       0       0       0       0
   786 ;;      Locals:         0       0       0       0       0
   787 ;;      Temps:          0       0       0       0       0
   788 ;;      Totals:         2       0       0       0       0
   789 ;;Total ram usage:        2 bytes
   790 ;; Hardware stack levels used:    1
   791 ;; This function calls:
   792 ;;		Nothing
   793 ;; This function is called by:
   794 ;;		_lcd_cmd
   795 ;;		_lcd_data
   796 ;;		_main
   797 ;; This function uses a non-reentrant model
   798 ;;
   799                           psect	text95
   800                           	file	"E:\Embedded_Program\LCD_Display_Code\welcome\welcome_code.c"
   801                           	line	7
   802                           	global	__size_of_delay
   803  0012                     	__size_of_delay	equ	__end_of_delay-_delay
   804                           	
   805  074B                     _delay:	
   806                           	opt	stack 5
   807                           ; Regs used in _delay: [wreg]
   808                           	line	8
   809                           	
   810  074B                     l956:	
   811                           ;welcome_code.c: 8: while(x--);
   812  074B  2F4C               	goto	l559
   813                           	
   814  074C                     l560:	
   815                           	
   816  074C                     l559:	
   817                           	
   818  074C                     l958:	
   819  074C  3001               	movlw	low(01h)
   820  074D  02F0               	subwf	(delay@x),f
   821  074E  3000               	movlw	high(01h)
   822  074F  1C03               	skipc
   823  0750  03F1               	decf	(delay@x+1),f
   824  0751  02F1               	subwf	(delay@x+1),f
   825  0752  30FF               	movlw	high(0FFFFh)
   826  0753  0671               	xorwf	((delay@x+1)),w
   827  0754  1D03               	skipz
   828  0755  2F58               	goto	u15
   829  0756  30FF               	movlw	low(0FFFFh)
   830  0757  0670               	xorwf	((delay@x)),w
   831  0758                     u15:
   832                           
   833  0758  1D03               	skipz
   834  0759  2F5B               	goto	u11
   835  075A  2F5C               	goto	u10
   836  075B                     u11:
   837  075B  2F4C               	goto	l560
   838  075C                     u10:
   839                           	
   840  075C                     l561:	
   841                           	line	9
   842                           	
   843  075C                     l562:	
   844  075C  0008               	return
   845                           	opt stack 0
   846                           GLOBAL	__end_of_delay
   847  075D                     	__end_of_delay:
   848 ;; =============== function _delay ends ============
   849                           
   850                           	signat	_delay,4216
   851                           psect	text96,local,class=CODE,delta=2
   852                           global __ptext96
   853  0000                     __ptext96:
   854                           	global	btemp
   855  007E                     	btemp set 07Eh
   856                           
   857                           	DABS	1,126,2	;btemp
   858                           	global	wtemp0
   859  007E                     	wtemp0 set btemp


HI-TECH Software PICC Macro Assembler V9.71a build 6446 
Symbol Table                                                                                   Tue Feb 03 12:19:27 2026

                   pc 0002          lcd_data@data 0072                    u10 075C                    u11 075B  
                  u15 0758                    fsr 0004                   l560 074C                   l561 075C  
                 l562 075C                   l571 07A5                   l580 07E7                   l565 0771  
                 l581 07FC                   l574 07BF                   l582 07FD                   l559 074C  
                 l575 07AC                   l583 07FD                   l568 0786                   l576 07CC  
                 l577 07CC                   l956 074B                   l958 074C                   _RC0 0038  
                 _RC1 0039                   _RC2 003A                   fsr0 0004          lcd_display@i 0073  
        lcd_display@m 0075                  l1750 0763                  l1752 0764                  l1760 0777  
                l1754 0765                  l1746 075E                  l1762 0778                  l1770 0787  
                l1756 076E                  l1748 0762                  l1764 0779                  l1772 07A7  
                l1780 07CD                  l1766 077A                  l1758 0773                  l1774 07AC  
                l1790 07F3                  l1782 07D9                  l1768 0783                  l1776 07B9  
                l1784 07DE                  l1778 07BF                  l1786 07E7                  l1788 07ED  
                STR_1 0009                  u2150 07CC                  u2151 07CB                  _main 07CD  
                btemp 007E                  start 0000                 ?_main 0070                 _PORTC 0007  
               _PORTD 0008                 _TRISC 0087                 _TRISD 0088       __end_of_lcd_cmd 0772  
               _delay 074B                 pclath 000A                 status 0003                 wtemp0 007E  
        __end_of_main 0800                ??_main 0076                ?_delay 0070      __end_of_lcd_data 0787  
    __end_of_lcd_init 07A6  __size_of_lcd_display 0027                delay@x 0070             ??_lcd_cmd 0072  
      __pcstackCOMMON 0070         __end_of_delay 075D               ??_delay 0072            __pmaintext 07CD  
           ?_lcd_data 0070             ?_lcd_init 0070               _lcd_cmd 075D            ??_lcd_data 0072  
          ??_lcd_init 0073  end_of_initialization 0747            lcd_cmd@cmd 0072         ??_lcd_display 0073  
 start_initialization 0747   __end_of_lcd_display 07CD     __size_of_lcd_data 0015     __size_of_lcd_init 001F  
           __pstrings 0003              ?_lcd_cmd 0070        __size_of_delay 0012           _lcd_display 07A6  
         __stringbase 0008      __size_of_lcd_cmd 0015              __ptext90 0000              __ptext91 07A6  
            __ptext92 0787              __ptext93 0772              __ptext94 075D              __ptext95 074B  
            __ptext96 0000              _lcd_data 0772              _lcd_init 0787         __size_of_main 0033  
           stringcode 0003              stringdir 0003              stringtab 0003          ?_lcd_display 0070  
