

HI-TECH Software PIC LITE Macro Assembler V9.71a build 6446 
                                                                                               Thu Sep 15 13:59:19 2022

HI-TECH Software Omniscient Code Generator (Lite mode) build 6446
     1  0000                     opt subtitle "HI-TECH Software Omniscient Code Generator (Lite mode) build 6446"
     2                           
     3                           opt pagewidth 120
     4                           
     5                           	opt lm
     6                           
     7                           	processor	16F877A
     8                           clrc	macro
     9                           	bcf	3,0
    10  0000                     	endm
    11                           clrz	macro
    12                           	bcf	3,2
    13  0000                     	endm
    14                           setc	macro
    15                           	bsf	3,0
    16  0000                     	endm
    17                           setz	macro
    18                           	bsf	3,2
    19  0000                     	endm
    20                           skipc	macro
    21                           	btfss	3,0
    22  0000                     	endm
    23                           skipz	macro
    24                           	btfss	3,2
    25  0000                     	endm
    26                           skipnc	macro
    27                           	btfsc	3,0
    28  0000                     	endm
    29                           skipnz	macro
    30                           	btfsc	3,2
    31  0000                     	endm
    32  0000                     indf	equ	0
    33  0000                     indf0	equ	0
    34  0002                     pc	equ	2
    35  0002                     pcl	equ	2
    36  0003                     status	equ	3
    37  0004                     fsr	equ	4
    38  0004                     fsr0	equ	4
    39  0001                     c	equ	1
    40  0000                     z	equ	0
    41  000A                     pclath	equ	10
    42                           	FNCALL	_main,_delay
    43                           	FNROOT	_main
    44                           	global	_PORTB
    45                           psect	maintext,global,class=CODE,delta=2
    46                           global __pmaintext
    47  0714                     __pmaintext:
    48  0006                     _PORTB	set	6
    49                           	global	_PORTC
    50  0007                     _PORTC	set	7
    51                           	global	_PORTD
    52  0008                     _PORTD	set	8
    53                           	global	_TRISB
    54  0086                     _TRISB	set	134
    55                           	global	_TRISC
    56  0087                     _TRISC	set	135
    57                           	global	_TRISD
    58  0088                     _TRISD	set	136
    59                           	file	"BPORT CPORT DPORT.as"
    60                           	line	#
    61                           psect cinit,class=CODE,delta=2
    62                           global start_initialization
    63  06FE                     start_initialization:
    64                           
    65                           psect cinit,class=CODE,delta=2
    66                           global end_of_initialization
    67                           
    68                           ;End of C runtime variable initialization code
    69                           
    70  06FE                     end_of_initialization:
    71  06FE  0183               clrf status
    72  06FF  120A  118A  2F14   ljmp _main	;jump to C main() function
    73                           psect	cstackCOMMON,class=COMMON,space=1
    74                           global __pcstackCOMMON
    75  0070                     __pcstackCOMMON:
    76                           	global	?_delay
    77  0070                     ?_delay:	; 0 bytes @ 0x0
    78                           	global	?_main
    79  0070                     ?_main:	; 2 bytes @ 0x0
    80                           	global	delay@x
    81  0070                     delay@x:	; 2 bytes @ 0x0
    82  0070                     	ds	2
    83                           	global	??_delay
    84  0072                     ??_delay:	; 0 bytes @ 0x2
    85                           	global	??_main
    86  0072                     ??_main:	; 0 bytes @ 0x2
    87 ;;Data sizes: Strings 0, constant 0, data 0, bss 0, persistent 0 stack 0
    88 ;;Auto spaces:   Size  Autos    Used
    89 ;; COMMON          14      2       2
    90 ;; BANK0           80      0       0
    91 ;; BANK1           80      0       0
    92 ;; BANK3           96      0       0
    93 ;; BANK2           96      0       0
    94                           
    95 ;;
    96 ;; Pointer list with targets:
    97                           
    98                           
    99                           
   100 ;;
   101 ;; Critical Paths under _main in COMMON
   102 ;;
   103 ;;   _main->_delay
   104 ;;
   105 ;; Critical Paths under _main in BANK0
   106 ;;
   107 ;;   None.
   108 ;;
   109 ;; Critical Paths under _main in BANK1
   110 ;;
   111 ;;   None.
   112 ;;
   113 ;; Critical Paths under _main in BANK3
   114 ;;
   115 ;;   None.
   116 ;;
   117 ;; Critical Paths under _main in BANK2
   118 ;;
   119 ;;   None.
   120                           
   121 ;;
   122 ;;Main: autosize = 0, tempsize = 0, incstack = 0, save=0
   123 ;;
   124                           
   125 ;;
   126 ;;Call Graph Tables:
   127 ;;
   128 ;; ---------------------------------------------------------------------------------
   129 ;; (Depth) Function   	        Calls       Base Space   Used Autos Params    Refs
   130 ;; ---------------------------------------------------------------------------------
   131 ;; (0) _main                                                 0     0      0      15
   132 ;;                              _delay
   133 ;; ---------------------------------------------------------------------------------
   134 ;; (1) _delay                                                2     0      2      15
   135 ;;                                              0 COMMON     2     0      2
   136 ;; ---------------------------------------------------------------------------------
   137 ;; Estimated maximum stack depth 1
   138 ;; ---------------------------------------------------------------------------------
   139                           
   140 ;; Call Graph Graphs:
   141                           
   142 ;; _main (ROOT)
   143 ;;   _delay
   144 ;;
   145                           
   146 ;; Address spaces:
   147                           
   148 ;;Name               Size   Autos  Total    Cost      Usage
   149 ;;BITCOMMON            E      0       0       0        0.0%
   150 ;;EEDATA             100      0       0       0        0.0%
   151 ;;NULL                 0      0       0       0        0.0%
   152 ;;CODE                 0      0       0       0        0.0%
   153 ;;COMMON               E      2       2       1       14.3%
   154 ;;BITSFR0              0      0       0       1        0.0%
   155 ;;SFR0                 0      0       0       1        0.0%
   156 ;;BITSFR1              0      0       0       2        0.0%
   157 ;;SFR1                 0      0       0       2        0.0%
   158 ;;STACK                0      0       1       2        0.0%
   159 ;;ABS                  0      0       0       3        0.0%
   160 ;;BITBANK0            50      0       0       4        0.0%
   161 ;;BITSFR3              0      0       0       4        0.0%
   162 ;;SFR3                 0      0       0       4        0.0%
   163 ;;BANK0               50      0       0       5        0.0%
   164 ;;BITSFR2              0      0       0       5        0.0%
   165 ;;SFR2                 0      0       0       5        0.0%
   166 ;;BITBANK1            50      0       0       6        0.0%
   167 ;;BANK1               50      0       0       7        0.0%
   168 ;;BITBANK3            60      0       0       8        0.0%
   169 ;;BANK3               60      0       0       9        0.0%
   170 ;;BITBANK2            60      0       0      10        0.0%
   171 ;;BANK2               60      0       0      11        0.0%
   172 ;;DATA                 0      0       0      12        0.0%
   173                           
   174                           	global	_main
   175                           psect	maintext
   176                           
   177 ;; *************** function _main *****************
   178 ;; Defined at:
   179 ;;		line 7 in file "C:\Users\TECH\Desktop\madhu pic folder\led\BPORT CPORT DPORT\BPORT CPORT DPORT.C"
   180 ;; Parameters:    Size  Location     Type
   181 ;;		None
   182 ;; Auto vars:     Size  Location     Type
   183 ;;		None
   184 ;; Return value:  Size  Location     Type
   185 ;;                  2  564[COMMON] int 
   186 ;; Registers used:
   187 ;;		wreg, status,2, status,0, pclath, cstack
   188 ;; Tracked objects:
   189 ;;		On entry : 17F/0
   190 ;;		On exit  : 0/0
   191 ;;		Unchanged: 0/0
   192 ;; Data sizes:     COMMON   BANK0   BANK1   BANK3   BANK2
   193 ;;      Params:         0       0       0       0       0
   194 ;;      Locals:         0       0       0       0       0
   195 ;;      Temps:          0       0       0       0       0
   196 ;;      Totals:         0       0       0       0       0
   197 ;;Total ram usage:        0 bytes
   198 ;; Hardware stack levels required when called:    1
   199 ;; This function calls:
   200 ;;		_delay
   201 ;; This function is called by:
   202 ;;		Startup code after reset
   203 ;; This function uses a non-reentrant model
   204 ;;
   205                           psect	maintext
   206                           	file	"C:\Users\TECH\Desktop\madhu pic folder\led\BPORT CPORT DPORT\BPORT CPORT DPORT.C"
   207                           	line	7
   208                           	global	__size_of_main
   209  00EC                     	__size_of_main	equ	__end_of_main-_main
   210                           	
   211  0714                     _main:	
   212                           	opt	stack 8
   213                           ; Regs used in _main: [wreg+status,2+status,0+pclath+cstack]
   214                           	line	8
   215                           	
   216  0714                     l1727:	
   217                           ;BPORT CPORT DPORT.C: 8: TRISB=0X00;
   218  0714  1683               	bsf	status, 5	;RP0=1, select bank1
   219  0715  1303               	bcf	status, 6	;RP1=0, select bank1
   220  0716  0186               	clrf	(134)^080h	;volatile
   221                           	line	9
   222                           ;BPORT CPORT DPORT.C: 9: PORTB=0X00;
   223  0717  1283               	bcf	status, 5	;RP0=0, select bank0
   224  0718  1303               	bcf	status, 6	;RP1=0, select bank0
   225  0719  0186               	clrf	(6)	;volatile
   226                           	line	10
   227                           ;BPORT CPORT DPORT.C: 10: TRISC=0X00;
   228  071A  1683               	bsf	status, 5	;RP0=1, select bank1
   229  071B  1303               	bcf	status, 6	;RP1=0, select bank1
   230  071C  0187               	clrf	(135)^080h	;volatile
   231                           	line	11
   232                           ;BPORT CPORT DPORT.C: 11: PORTC=0X00;
   233  071D  1283               	bcf	status, 5	;RP0=0, select bank0
   234  071E  1303               	bcf	status, 6	;RP1=0, select bank0
   235  071F  0187               	clrf	(7)	;volatile
   236                           	line	12
   237                           ;BPORT CPORT DPORT.C: 12: TRISD=0X00;
   238  0720  1683               	bsf	status, 5	;RP0=1, select bank1
   239  0721  1303               	bcf	status, 6	;RP1=0, select bank1
   240  0722  0188               	clrf	(136)^080h	;volatile
   241                           	line	13
   242                           ;BPORT CPORT DPORT.C: 13: PORTD=0X00;
   243  0723  1283               	bcf	status, 5	;RP0=0, select bank0
   244  0724  1303               	bcf	status, 6	;RP1=0, select bank0
   245  0725  0188               	clrf	(8)	;volatile
   246                           	line	14
   247                           ;BPORT CPORT DPORT.C: 14: while(1)
   248                           	
   249  0726                     l565:	
   250                           	line	16
   251                           	
   252  0726                     l1729:	
   253                           ;BPORT CPORT DPORT.C: 15: {
   254                           ;BPORT CPORT DPORT.C: 16: PORTB=0X01;
   255  0726  3001               	movlw	(01h)
   256  0727  0086               	movwf	(6)	;volatile
   257                           	line	17
   258                           	
   259  0728                     l1731:	
   260                           ;BPORT CPORT DPORT.C: 17: delay(50000);
   261  0728  3050               	movlw	low(0C350h)
   262  0729  00F0               	movwf	(?_delay)
   263  072A  30C3               	movlw	high(0C350h)
   264  072B  00F1               	movwf	((?_delay))+1
   265  072C  120A  118A  2702   	fcall	_delay
              120A  118A         
   266                           	line	18
   267                           	
   268  0731                     l1733:	
   269                           ;BPORT CPORT DPORT.C: 18: PORTB=0X02;
   270  0731  3002               	movlw	(02h)
   271  0732  1283               	bcf	status, 5	;RP0=0, select bank0
   272  0733  1303               	bcf	status, 6	;RP1=0, select bank0
   273  0734  0086               	movwf	(6)	;volatile
   274                           	line	19
   275                           	
   276  0735                     l1735:	
   277                           ;BPORT CPORT DPORT.C: 19: delay(50000);
   278  0735  3050               	movlw	low(0C350h)
   279  0736  00F0               	movwf	(?_delay)
   280  0737  30C3               	movlw	high(0C350h)
   281  0738  00F1               	movwf	((?_delay))+1
   282  0739  120A  118A  2702   	fcall	_delay
              120A  118A         
   283                           	line	20
   284                           	
   285  073E                     l1737:	
   286                           ;BPORT CPORT DPORT.C: 20: PORTB=0X04;
   287  073E  3004               	movlw	(04h)
   288  073F  1283               	bcf	status, 5	;RP0=0, select bank0
   289  0740  1303               	bcf	status, 6	;RP1=0, select bank0
   290  0741  0086               	movwf	(6)	;volatile
   291                           	line	21
   292                           	
   293  0742                     l1739:	
   294                           ;BPORT CPORT DPORT.C: 21: delay(50000);
   295  0742  3050               	movlw	low(0C350h)
   296  0743  00F0               	movwf	(?_delay)
   297  0744  30C3               	movlw	high(0C350h)
   298  0745  00F1               	movwf	((?_delay))+1
   299  0746  120A  118A  2702   	fcall	_delay
              120A  118A         
   300                           	line	22
   301                           	
   302  074B                     l1741:	
   303                           ;BPORT CPORT DPORT.C: 22: PORTB=0X00;
   304  074B  1283               	bcf	status, 5	;RP0=0, select bank0
   305  074C  1303               	bcf	status, 6	;RP1=0, select bank0
   306  074D  0186               	clrf	(6)	;volatile
   307                           	line	23
   308                           	
   309  074E                     l1743:	
   310                           ;BPORT CPORT DPORT.C: 23: PORTC=0X01;
   311  074E  3001               	movlw	(01h)
   312  074F  0087               	movwf	(7)	;volatile
   313                           	line	24
   314                           ;BPORT CPORT DPORT.C: 24: delay(50000);
   315  0750  3050               	movlw	low(0C350h)
   316  0751  00F0               	movwf	(?_delay)
   317  0752  30C3               	movlw	high(0C350h)
   318  0753  00F1               	movwf	((?_delay))+1
   319  0754  120A  118A  2702   	fcall	_delay
              120A  118A         
   320                           	line	25
   321                           	
   322  0759                     l1745:	
   323                           ;BPORT CPORT DPORT.C: 25: PORTC=0X02;
   324  0759  3002               	movlw	(02h)
   325  075A  1283               	bcf	status, 5	;RP0=0, select bank0
   326  075B  1303               	bcf	status, 6	;RP1=0, select bank0
   327  075C  0087               	movwf	(7)	;volatile
   328                           	line	26
   329                           	
   330  075D                     l1747:	
   331                           ;BPORT CPORT DPORT.C: 26: delay(50000);
   332  075D  3050               	movlw	low(0C350h)
   333  075E  00F0               	movwf	(?_delay)
   334  075F  30C3               	movlw	high(0C350h)
   335  0760  00F1               	movwf	((?_delay))+1
   336  0761  120A  118A  2702   	fcall	_delay
              120A  118A         
   337                           	line	27
   338                           	
   339  0766                     l1749:	
   340                           ;BPORT CPORT DPORT.C: 27: PORTC=0X00;
   341  0766  1283               	bcf	status, 5	;RP0=0, select bank0
   342  0767  1303               	bcf	status, 6	;RP1=0, select bank0
   343  0768  0187               	clrf	(7)	;volatile
   344                           	line	29
   345                           	
   346  0769                     l1751:	
   347                           ;BPORT CPORT DPORT.C: 29: PORTD=0X01;
   348  0769  3001               	movlw	(01h)
   349  076A  0088               	movwf	(8)	;volatile
   350                           	line	30
   351                           	
   352  076B                     l1753:	
   353                           ;BPORT CPORT DPORT.C: 30: delay(50000);
   354  076B  3050               	movlw	low(0C350h)
   355  076C  00F0               	movwf	(?_delay)
   356  076D  30C3               	movlw	high(0C350h)
   357  076E  00F1               	movwf	((?_delay))+1
   358  076F  120A  118A  2702   	fcall	_delay
              120A  118A         
   359                           	line	31
   360                           	
   361  0774                     l1755:	
   362                           ;BPORT CPORT DPORT.C: 31: PORTD=0X02;
   363  0774  3002               	movlw	(02h)
   364  0775  1283               	bcf	status, 5	;RP0=0, select bank0
   365  0776  1303               	bcf	status, 6	;RP1=0, select bank0
   366  0777  0088               	movwf	(8)	;volatile
   367                           	line	32
   368                           	
   369  0778                     l1757:	
   370                           ;BPORT CPORT DPORT.C: 32: delay(50000);
   371  0778  3050               	movlw	low(0C350h)
   372  0779  00F0               	movwf	(?_delay)
   373  077A  30C3               	movlw	high(0C350h)
   374  077B  00F1               	movwf	((?_delay))+1
   375  077C  120A  118A  2702   	fcall	_delay
              120A  118A         
   376                           	line	33
   377                           	
   378  0781                     l1759:	
   379                           ;BPORT CPORT DPORT.C: 33: PORTD=0X04;
   380  0781  3004               	movlw	(04h)
   381  0782  1283               	bcf	status, 5	;RP0=0, select bank0
   382  0783  1303               	bcf	status, 6	;RP1=0, select bank0
   383  0784  0088               	movwf	(8)	;volatile
   384                           	line	34
   385                           	
   386  0785                     l1761:	
   387                           ;BPORT CPORT DPORT.C: 34: delay(50000);
   388  0785  3050               	movlw	low(0C350h)
   389  0786  00F0               	movwf	(?_delay)
   390  0787  30C3               	movlw	high(0C350h)
   391  0788  00F1               	movwf	((?_delay))+1
   392  0789  120A  118A  2702   	fcall	_delay
              120A  118A         
   393                           	line	35
   394                           	
   395  078E                     l1763:	
   396                           ;BPORT CPORT DPORT.C: 35: PORTD=0X00;
   397  078E  1283               	bcf	status, 5	;RP0=0, select bank0
   398  078F  1303               	bcf	status, 6	;RP1=0, select bank0
   399  0790  0188               	clrf	(8)	;volatile
   400                           	line	36
   401                           	
   402  0791                     l1765:	
   403                           ;BPORT CPORT DPORT.C: 36: PORTD=0X04;
   404  0791  3004               	movlw	(04h)
   405  0792  0088               	movwf	(8)	;volatile
   406                           	line	37
   407                           	
   408  0793                     l1767:	
   409                           ;BPORT CPORT DPORT.C: 37: delay(50000);
   410  0793  3050               	movlw	low(0C350h)
   411  0794  00F0               	movwf	(?_delay)
   412  0795  30C3               	movlw	high(0C350h)
   413  0796  00F1               	movwf	((?_delay))+1
   414  0797  120A  118A  2702   	fcall	_delay
              120A  118A         
   415                           	line	38
   416                           ;BPORT CPORT DPORT.C: 38: PORTD=0X02;
   417  079C  3002               	movlw	(02h)
   418  079D  1283               	bcf	status, 5	;RP0=0, select bank0
   419  079E  1303               	bcf	status, 6	;RP1=0, select bank0
   420  079F  0088               	movwf	(8)	;volatile
   421                           	line	39
   422                           	
   423  07A0                     l1769:	
   424                           ;BPORT CPORT DPORT.C: 39: delay(50000);
   425  07A0  3050               	movlw	low(0C350h)
   426  07A1  00F0               	movwf	(?_delay)
   427  07A2  30C3               	movlw	high(0C350h)
   428  07A3  00F1               	movwf	((?_delay))+1
   429  07A4  120A  118A  2702   	fcall	_delay
              120A  118A         
   430                           	line	40
   431                           	
   432  07A9                     l1771:	
   433                           ;BPORT CPORT DPORT.C: 40: PORTD=0X01;
   434  07A9  3001               	movlw	(01h)
   435  07AA  1283               	bcf	status, 5	;RP0=0, select bank0
   436  07AB  1303               	bcf	status, 6	;RP1=0, select bank0
   437  07AC  0088               	movwf	(8)	;volatile
   438                           	line	41
   439                           ;BPORT CPORT DPORT.C: 41: delay(50000);
   440  07AD  3050               	movlw	low(0C350h)
   441  07AE  00F0               	movwf	(?_delay)
   442  07AF  30C3               	movlw	high(0C350h)
   443  07B0  00F1               	movwf	((?_delay))+1
   444  07B1  120A  118A  2702   	fcall	_delay
              120A  118A         
   445                           	line	42
   446                           	
   447  07B6                     l1773:	
   448                           ;BPORT CPORT DPORT.C: 42: PORTD=0X00;
   449  07B6  1283               	bcf	status, 5	;RP0=0, select bank0
   450  07B7  1303               	bcf	status, 6	;RP1=0, select bank0
   451  07B8  0188               	clrf	(8)	;volatile
   452                           	line	43
   453                           	
   454  07B9                     l1775:	
   455                           ;BPORT CPORT DPORT.C: 43: PORTC=0X02;
   456  07B9  3002               	movlw	(02h)
   457  07BA  0087               	movwf	(7)	;volatile
   458                           	line	44
   459                           	
   460  07BB                     l1777:	
   461                           ;BPORT CPORT DPORT.C: 44: delay(50000);
   462  07BB  3050               	movlw	low(0C350h)
   463  07BC  00F0               	movwf	(?_delay)
   464  07BD  30C3               	movlw	high(0C350h)
   465  07BE  00F1               	movwf	((?_delay))+1
   466  07BF  120A  118A  2702   	fcall	_delay
              120A  118A         
   467                           	line	45
   468                           	
   469  07C4                     l1779:	
   470                           ;BPORT CPORT DPORT.C: 45: PORTC=0X01;
   471  07C4  3001               	movlw	(01h)
   472  07C5  1283               	bcf	status, 5	;RP0=0, select bank0
   473  07C6  1303               	bcf	status, 6	;RP1=0, select bank0
   474  07C7  0087               	movwf	(7)	;volatile
   475                           	line	46
   476                           	
   477  07C8                     l1781:	
   478                           ;BPORT CPORT DPORT.C: 46: delay(50000);
   479  07C8  3050               	movlw	low(0C350h)
   480  07C9  00F0               	movwf	(?_delay)
   481  07CA  30C3               	movlw	high(0C350h)
   482  07CB  00F1               	movwf	((?_delay))+1
   483  07CC  120A  118A  2702   	fcall	_delay
              120A  118A         
   484                           	line	47
   485                           	
   486  07D1                     l1783:	
   487                           ;BPORT CPORT DPORT.C: 47: PORTC=0X00;
   488  07D1  1283               	bcf	status, 5	;RP0=0, select bank0
   489  07D2  1303               	bcf	status, 6	;RP1=0, select bank0
   490  07D3  0187               	clrf	(7)	;volatile
   491                           	line	48
   492                           	
   493  07D4                     l1785:	
   494                           ;BPORT CPORT DPORT.C: 48: PORTB=0X04;
   495  07D4  3004               	movlw	(04h)
   496  07D5  0086               	movwf	(6)	;volatile
   497                           	line	49
   498                           	
   499  07D6                     l1787:	
   500                           ;BPORT CPORT DPORT.C: 49: delay(50000);
   501  07D6  3050               	movlw	low(0C350h)
   502  07D7  00F0               	movwf	(?_delay)
   503  07D8  30C3               	movlw	high(0C350h)
   504  07D9  00F1               	movwf	((?_delay))+1
   505  07DA  120A  118A  2702   	fcall	_delay
              120A  118A         
   506                           	line	50
   507                           ;BPORT CPORT DPORT.C: 50: PORTB=0X02;
   508  07DF  3002               	movlw	(02h)
   509  07E0  1283               	bcf	status, 5	;RP0=0, select bank0
   510  07E1  1303               	bcf	status, 6	;RP1=0, select bank0
   511  07E2  0086               	movwf	(6)	;volatile
   512                           	line	51
   513                           	
   514  07E3                     l1789:	
   515                           ;BPORT CPORT DPORT.C: 51: delay(50000);
   516  07E3  3050               	movlw	low(0C350h)
   517  07E4  00F0               	movwf	(?_delay)
   518  07E5  30C3               	movlw	high(0C350h)
   519  07E6  00F1               	movwf	((?_delay))+1
   520  07E7  120A  118A  2702   	fcall	_delay
              120A  118A         
   521                           	line	52
   522                           	
   523  07EC                     l1791:	
   524                           ;BPORT CPORT DPORT.C: 52: PORTB=0X01;
   525  07EC  3001               	movlw	(01h)
   526  07ED  1283               	bcf	status, 5	;RP0=0, select bank0
   527  07EE  1303               	bcf	status, 6	;RP1=0, select bank0
   528  07EF  0086               	movwf	(6)	;volatile
   529                           	line	53
   530                           ;BPORT CPORT DPORT.C: 53: delay(50000);
   531  07F0  3050               	movlw	low(0C350h)
   532  07F1  00F0               	movwf	(?_delay)
   533  07F2  30C3               	movlw	high(0C350h)
   534  07F3  00F1               	movwf	((?_delay))+1
   535  07F4  120A  118A  2702   	fcall	_delay
              120A  118A         
   536                           	line	54
   537                           	
   538  07F9                     l1793:	
   539                           ;BPORT CPORT DPORT.C: 54: PORTB=0X00;
   540  07F9  1283               	bcf	status, 5	;RP0=0, select bank0
   541  07FA  1303               	bcf	status, 6	;RP1=0, select bank0
   542  07FB  0186               	clrf	(6)	;volatile
   543                           	line	55
   544                           	
   545  07FC                     l566:	
   546                           	line	14
   547  07FC  2F26               	goto	l565
   548                           	
   549  07FD                     l567:	
   550                           	line	56
   551                           	
   552  07FD                     l568:	
   553                           	global	start
   554  07FD  120A  118A  2800   	ljmp	start
   555                           	opt stack 0
   556                           GLOBAL	__end_of_main
   557  0800                     	__end_of_main:
   558 ;; =============== function _main ends ============
   559                           
   560                           	signat	_main,90
   561                           	global	_delay
   562                           psect	text55,local,class=CODE,delta=2
   563                           global __ptext55
   564  0702                     __ptext55:
   565                           
   566 ;; *************** function _delay *****************
   567 ;; Defined at:
   568 ;;		line 3 in file "C:\Users\TECH\Desktop\madhu pic folder\led\BPORT CPORT DPORT\BPORT CPORT DPORT.C"
   569 ;; Parameters:    Size  Location     Type
   570 ;;  x               2    0[COMMON] unsigned int 
   571 ;; Auto vars:     Size  Location     Type
   572 ;;		None
   573 ;; Return value:  Size  Location     Type
   574 ;;		None               void
   575 ;; Registers used:
   576 ;;		wreg
   577 ;; Tracked objects:
   578 ;;		On entry : 0/0
   579 ;;		On exit  : 0/0
   580 ;;		Unchanged: 0/0
   581 ;; Data sizes:     COMMON   BANK0   BANK1   BANK3   BANK2
   582 ;;      Params:         2       0       0       0       0
   583 ;;      Locals:         0       0       0       0       0
   584 ;;      Temps:          0       0       0       0       0
   585 ;;      Totals:         2       0       0       0       0
   586 ;;Total ram usage:        2 bytes
   587 ;; Hardware stack levels used:    1
   588 ;; This function calls:
   589 ;;		Nothing
   590 ;; This function is called by:
   591 ;;		_main
   592 ;; This function uses a non-reentrant model
   593 ;;
   594                           psect	text55
   595                           	file	"C:\Users\TECH\Desktop\madhu pic folder\led\BPORT CPORT DPORT\BPORT CPORT DPORT.C"
   596                           	line	3
   597                           	global	__size_of_delay
   598  0012                     	__size_of_delay	equ	__end_of_delay-_delay
   599                           	
   600  0702                     _delay:	
   601                           	opt	stack 7
   602                           ; Regs used in _delay: [wreg]
   603                           	line	4
   604                           	
   605  0702                     l937:	
   606                           ;BPORT CPORT DPORT.C: 4: while(x--);
   607  0702  2F03               	goto	l559
   608                           	
   609  0703                     l560:	
   610                           	
   611  0703                     l559:	
   612                           	
   613  0703                     l939:	
   614  0703  3001               	movlw	low(01h)
   615  0704  02F0               	subwf	(delay@x),f
   616  0705  3000               	movlw	high(01h)
   617  0706  1C03               	skipc
   618  0707  03F1               	decf	(delay@x+1),f
   619  0708  02F1               	subwf	(delay@x+1),f
   620  0709  30FF               	movlw	high(0FFFFh)
   621  070A  0671               	xorwf	((delay@x+1)),w
   622  070B  1D03               	skipz
   623  070C  2F0F               	goto	u15
   624  070D  30FF               	movlw	low(0FFFFh)
   625  070E  0670               	xorwf	((delay@x)),w
   626  070F                     u15:
   627                           
   628  070F  1D03               	skipz
   629  0710  2F12               	goto	u11
   630  0711  2F13               	goto	u10
   631  0712                     u11:
   632  0712  2F03               	goto	l560
   633  0713                     u10:
   634                           	
   635  0713                     l561:	
   636                           	line	5
   637                           	
   638  0713                     l562:	
   639  0713  0008               	return
   640                           	opt stack 0
   641                           GLOBAL	__end_of_delay
   642  0714                     	__end_of_delay:
   643 ;; =============== function _delay ends ============
   644                           
   645                           	signat	_delay,4216
   646                           psect	text56,local,class=CODE,delta=2
   647                           global __ptext56
   648  0000                     __ptext56:
   649                           	global	btemp
   650  007E                     	btemp set 07Eh
   651                           
   652                           	DABS	1,126,2	;btemp
   653                           	global	wtemp0
   654  007E                     	wtemp0 set btemp


HI-TECH Software PICC Macro Assembler V9.71a build 6446 
Symbol Table                                                                                   Thu Sep 15 13:59:19 2022

                  u10 0713                    u11 0712                    u15 070F                   l560 0703  
                 l561 0713                   l562 0713                   l565 0726                   l566 07FC  
                 l559 0703                   l567 07FD                   l568 07FD                   l937 0702  
                 l939 0703                  l1731 0728                  l1741 074B                  l1733 0731  
                l1751 0769                  l1743 074E                  l1735 0735                  l1727 0714  
                l1761 0785                  l1753 076B                  l1745 0759                  l1737 073E  
                l1729 0726                  l1771 07A9                  l1763 078E                  l1755 0774  
                l1747 075D                  l1739 0742                  l1781 07C8                  l1773 07B6  
                l1765 0791                  l1757 0778                  l1749 0766                  l1791 07EC  
                l1783 07D1                  l1775 07B9                  l1767 0793                  l1759 0781  
                l1793 07F9                  l1785 07D4                  l1777 07BB                  l1769 07A0  
                l1787 07D6                  l1779 07C4                  l1789 07E3                  _main 0714  
                btemp 007E                  start 0000                 ?_main 0070                 _PORTB 0006  
               _PORTC 0007                 _PORTD 0008                 _TRISB 0086                 _TRISC 0087  
               _TRISD 0088                 _delay 0702                 status 0003                 wtemp0 007E  
        __end_of_main 0800                ??_main 0072                ?_delay 0070                delay@x 0070  
      __pcstackCOMMON 0070         __end_of_delay 0714               ??_delay 0072            __pmaintext 0714  
end_of_initialization 06FE   start_initialization 06FE        __size_of_delay 0012              __ptext55 0702  
            __ptext56 0000         __size_of_main 00EC  
