

HI-TECH Software PIC LITE Macro Assembler V9.71a build 6446 
                                                                                               Sat Oct 11 17:00:06 2025

HI-TECH Software Omniscient Code Generator (Lite mode) build 6446
     1  0000                     opt subtitle "HI-TECH Software Omniscient Code Generator (Lite mode) build 6446"
     2                           
     3                           opt pagewidth 120
     4                           
     5                           	opt lm
     6                           
     7                           	processor	16F877A
     8                           clrc	macro
     9                           	bcf	3,0
    10  0000                     	endm
    11                           clrz	macro
    12                           	bcf	3,2
    13  0000                     	endm
    14                           setc	macro
    15                           	bsf	3,0
    16  0000                     	endm
    17                           setz	macro
    18                           	bsf	3,2
    19  0000                     	endm
    20                           skipc	macro
    21                           	btfss	3,0
    22  0000                     	endm
    23                           skipz	macro
    24                           	btfss	3,2
    25  0000                     	endm
    26                           skipnc	macro
    27                           	btfsc	3,0
    28  0000                     	endm
    29                           skipnz	macro
    30                           	btfsc	3,2
    31  0000                     	endm
    32  0000                     indf	equ	0
    33  0000                     indf0	equ	0
    34  0002                     pc	equ	2
    35  0002                     pcl	equ	2
    36  0003                     status	equ	3
    37  0004                     fsr	equ	4
    38  0004                     fsr0	equ	4
    39  0001                     c	equ	1
    40  0000                     z	equ	0
    41  000A                     pclath	equ	10
    42                           	FNCALL	_main,_delay
    43                           	FNROOT	_main
    44                           	global	_PORTB
    45                           psect	maintext,global,class=CODE,delta=2
    46                           global __pmaintext
    47  07DF                     __pmaintext:
    48  0006                     _PORTB	set	6
    49                           	global	_TRISB
    50  0086                     _TRISB	set	134
    51                           	file	"led1.as"
    52                           	line	#
    53                           psect cinit,class=CODE,delta=2
    54                           global start_initialization
    55  07C9                     start_initialization:
    56                           
    57                           psect cinit,class=CODE,delta=2
    58                           global end_of_initialization
    59                           
    60                           ;End of C runtime variable initialization code
    61                           
    62  07C9                     end_of_initialization:
    63  07C9  0183               clrf status
    64  07CA  120A  118A  2FDF   ljmp _main	;jump to C main() function
    65                           psect	cstackCOMMON,class=COMMON,space=1
    66                           global __pcstackCOMMON
    67  0070                     __pcstackCOMMON:
    68                           	global	?_delay
    69  0070                     ?_delay:	; 0 bytes @ 0x0
    70                           	global	?_main
    71  0070                     ?_main:	; 2 bytes @ 0x0
    72                           	global	delay@x
    73  0070                     delay@x:	; 2 bytes @ 0x0
    74  0070                     	ds	2
    75                           	global	??_delay
    76  0072                     ??_delay:	; 0 bytes @ 0x2
    77                           	global	??_main
    78  0072                     ??_main:	; 0 bytes @ 0x2
    79 ;;Data sizes: Strings 0, constant 0, data 0, bss 0, persistent 0 stack 0
    80 ;;Auto spaces:   Size  Autos    Used
    81 ;; COMMON          14      2       2
    82 ;; BANK0           80      0       0
    83 ;; BANK1           80      0       0
    84 ;; BANK3           96      0       0
    85 ;; BANK2           96      0       0
    86                           
    87 ;;
    88 ;; Pointer list with targets:
    89                           
    90                           
    91                           
    92 ;;
    93 ;; Critical Paths under _main in COMMON
    94 ;;
    95 ;;   _main->_delay
    96 ;;
    97 ;; Critical Paths under _main in BANK0
    98 ;;
    99 ;;   None.
   100 ;;
   101 ;; Critical Paths under _main in BANK1
   102 ;;
   103 ;;   None.
   104 ;;
   105 ;; Critical Paths under _main in BANK3
   106 ;;
   107 ;;   None.
   108 ;;
   109 ;; Critical Paths under _main in BANK2
   110 ;;
   111 ;;   None.
   112                           
   113 ;;
   114 ;;Main: autosize = 0, tempsize = 0, incstack = 0, save=0
   115 ;;
   116                           
   117 ;;
   118 ;;Call Graph Tables:
   119 ;;
   120 ;; ---------------------------------------------------------------------------------
   121 ;; (Depth) Function   	        Calls       Base Space   Used Autos Params    Refs
   122 ;; ---------------------------------------------------------------------------------
   123 ;; (0) _main                                                 0     0      0      15
   124 ;;                              _delay
   125 ;; ---------------------------------------------------------------------------------
   126 ;; (1) _delay                                                2     0      2      15
   127 ;;                                              0 COMMON     2     0      2
   128 ;; ---------------------------------------------------------------------------------
   129 ;; Estimated maximum stack depth 1
   130 ;; ---------------------------------------------------------------------------------
   131                           
   132 ;; Call Graph Graphs:
   133                           
   134 ;; _main (ROOT)
   135 ;;   _delay
   136 ;;
   137                           
   138 ;; Address spaces:
   139                           
   140 ;;Name               Size   Autos  Total    Cost      Usage
   141 ;;BITCOMMON            E      0       0       0        0.0%
   142 ;;EEDATA             100      0       0       0        0.0%
   143 ;;NULL                 0      0       0       0        0.0%
   144 ;;CODE                 0      0       0       0        0.0%
   145 ;;COMMON               E      2       2       1       14.3%
   146 ;;BITSFR0              0      0       0       1        0.0%
   147 ;;SFR0                 0      0       0       1        0.0%
   148 ;;BITSFR1              0      0       0       2        0.0%
   149 ;;SFR1                 0      0       0       2        0.0%
   150 ;;STACK                0      0       1       2        0.0%
   151 ;;ABS                  0      0       0       3        0.0%
   152 ;;BITBANK0            50      0       0       4        0.0%
   153 ;;BITSFR3              0      0       0       4        0.0%
   154 ;;SFR3                 0      0       0       4        0.0%
   155 ;;BANK0               50      0       0       5        0.0%
   156 ;;BITSFR2              0      0       0       5        0.0%
   157 ;;SFR2                 0      0       0       5        0.0%
   158 ;;BITBANK1            50      0       0       6        0.0%
   159 ;;BANK1               50      0       0       7        0.0%
   160 ;;BITBANK3            60      0       0       8        0.0%
   161 ;;BANK3               60      0       0       9        0.0%
   162 ;;BITBANK2            60      0       0      10        0.0%
   163 ;;BANK2               60      0       0      11        0.0%
   164 ;;DATA                 0      0       0      12        0.0%
   165                           
   166                           	global	_main
   167                           psect	maintext
   168                           
   169 ;; *************** function _main *****************
   170 ;; Defined at:
   171 ;;		line 7 in file "E:\Embedded\LED_ALL_CODE\1_LED_BLINKING\led1.c"
   172 ;; Parameters:    Size  Location     Type
   173 ;;		None
   174 ;; Auto vars:     Size  Location     Type
   175 ;;		None
   176 ;; Return value:  Size  Location     Type
   177 ;;                  2  564[COMMON] int 
   178 ;; Registers used:
   179 ;;		wreg, status,2, status,0, pclath, cstack
   180 ;; Tracked objects:
   181 ;;		On entry : 17F/0
   182 ;;		On exit  : 0/0
   183 ;;		Unchanged: 0/0
   184 ;; Data sizes:     COMMON   BANK0   BANK1   BANK3   BANK2
   185 ;;      Params:         0       0       0       0       0
   186 ;;      Locals:         0       0       0       0       0
   187 ;;      Temps:          0       0       0       0       0
   188 ;;      Totals:         0       0       0       0       0
   189 ;;Total ram usage:        0 bytes
   190 ;; Hardware stack levels required when called:    1
   191 ;; This function calls:
   192 ;;		_delay
   193 ;; This function is called by:
   194 ;;		Startup code after reset
   195 ;; This function uses a non-reentrant model
   196 ;;
   197                           psect	maintext
   198                           	file	"E:\Embedded\LED_ALL_CODE\1_LED_BLINKING\led1.c"
   199                           	line	7
   200                           	global	__size_of_main
   201  0021                     	__size_of_main	equ	__end_of_main-_main
   202                           	
   203  07DF                     _main:	
   204                           	opt	stack 8
   205                           ; Regs used in _main: [wreg+status,2+status,0+pclath+cstack]
   206                           	line	8
   207                           	
   208  07DF                     l1727:	
   209                           ;led1.c: 8: TRISB=0x00;;
   210  07DF  1683               	bsf	status, 5	;RP0=1, select bank1
   211  07E0  1303               	bcf	status, 6	;RP1=0, select bank1
   212  07E1  0186               	clrf	(134)^080h	;volatile
   213                           	line	9
   214                           ;led1.c: 9: PORTB=0x00;
   215  07E2  1283               	bcf	status, 5	;RP0=0, select bank0
   216  07E3  1303               	bcf	status, 6	;RP1=0, select bank0
   217  07E4  0186               	clrf	(6)	;volatile
   218                           	line	10
   219                           ;led1.c: 10: while(1)
   220                           	
   221  07E5                     l565:	
   222                           	line	12
   223                           	
   224  07E5                     l1729:	
   225                           ;led1.c: 11: {
   226                           ;led1.c: 12: PORTB=0x01;
   227  07E5  3001               	movlw	(01h)
   228  07E6  0086               	movwf	(6)	;volatile
   229                           	line	13
   230                           	
   231  07E7                     l1731:	
   232                           ;led1.c: 13: delay(1000);
   233  07E7  30E8               	movlw	low(03E8h)
   234  07E8  00F0               	movwf	(?_delay)
   235  07E9  3003               	movlw	high(03E8h)
   236  07EA  00F1               	movwf	((?_delay))+1
   237  07EB  120A  118A  27CD   	fcall	_delay
              120A  118A         
   238                           	line	14
   239                           	
   240  07F0                     l1733:	
   241                           ;led1.c: 14: PORTB=0x00;
   242  07F0  1283               	bcf	status, 5	;RP0=0, select bank0
   243  07F1  1303               	bcf	status, 6	;RP1=0, select bank0
   244  07F2  0186               	clrf	(6)	;volatile
   245                           	line	15
   246                           	
   247  07F3                     l1735:	
   248                           ;led1.c: 15: delay(1000);
   249  07F3  30E8               	movlw	low(03E8h)
   250  07F4  00F0               	movwf	(?_delay)
   251  07F5  3003               	movlw	high(03E8h)
   252  07F6  00F1               	movwf	((?_delay))+1
   253  07F7  120A  118A  27CD   	fcall	_delay
              120A  118A         
   254                           	line	16
   255                           	
   256  07FC                     l566:	
   257                           	line	10
   258  07FC  2FE5               	goto	l565
   259                           	
   260  07FD                     l567:	
   261                           	line	17
   262                           	
   263  07FD                     l568:	
   264                           	global	start
   265  07FD  120A  118A  2800   	ljmp	start
   266                           	opt stack 0
   267                           GLOBAL	__end_of_main
   268  0800                     	__end_of_main:
   269 ;; =============== function _main ends ============
   270                           
   271                           	signat	_main,90
   272                           	global	_delay
   273                           psect	text55,local,class=CODE,delta=2
   274                           global __ptext55
   275  07CD                     __ptext55:
   276                           
   277 ;; *************** function _delay *****************
   278 ;; Defined at:
   279 ;;		line 3 in file "E:\Embedded\LED_ALL_CODE\1_LED_BLINKING\led1.c"
   280 ;; Parameters:    Size  Location     Type
   281 ;;  x               2    0[COMMON] unsigned int 
   282 ;; Auto vars:     Size  Location     Type
   283 ;;		None
   284 ;; Return value:  Size  Location     Type
   285 ;;		None               void
   286 ;; Registers used:
   287 ;;		wreg
   288 ;; Tracked objects:
   289 ;;		On entry : 0/0
   290 ;;		On exit  : 0/0
   291 ;;		Unchanged: 0/0
   292 ;; Data sizes:     COMMON   BANK0   BANK1   BANK3   BANK2
   293 ;;      Params:         2       0       0       0       0
   294 ;;      Locals:         0       0       0       0       0
   295 ;;      Temps:          0       0       0       0       0
   296 ;;      Totals:         2       0       0       0       0
   297 ;;Total ram usage:        2 bytes
   298 ;; Hardware stack levels used:    1
   299 ;; This function calls:
   300 ;;		Nothing
   301 ;; This function is called by:
   302 ;;		_main
   303 ;; This function uses a non-reentrant model
   304 ;;
   305                           psect	text55
   306                           	file	"E:\Embedded\LED_ALL_CODE\1_LED_BLINKING\led1.c"
   307                           	line	3
   308                           	global	__size_of_delay
   309  0012                     	__size_of_delay	equ	__end_of_delay-_delay
   310                           	
   311  07CD                     _delay:	
   312                           	opt	stack 7
   313                           ; Regs used in _delay: [wreg]
   314                           	line	4
   315                           	
   316  07CD                     l937:	
   317                           ;led1.c: 4: while(x--);
   318  07CD  2FCE               	goto	l559
   319                           	
   320  07CE                     l560:	
   321                           	
   322  07CE                     l559:	
   323                           	
   324  07CE                     l939:	
   325  07CE  3001               	movlw	low(01h)
   326  07CF  02F0               	subwf	(delay@x),f
   327  07D0  3000               	movlw	high(01h)
   328  07D1  1C03               	skipc
   329  07D2  03F1               	decf	(delay@x+1),f
   330  07D3  02F1               	subwf	(delay@x+1),f
   331  07D4  30FF               	movlw	high(0FFFFh)
   332  07D5  0671               	xorwf	((delay@x+1)),w
   333  07D6  1D03               	skipz
   334  07D7  2FDA               	goto	u15
   335  07D8  30FF               	movlw	low(0FFFFh)
   336  07D9  0670               	xorwf	((delay@x)),w
   337  07DA                     u15:
   338                           
   339  07DA  1D03               	skipz
   340  07DB  2FDD               	goto	u11
   341  07DC  2FDE               	goto	u10
   342  07DD                     u11:
   343  07DD  2FCE               	goto	l560
   344  07DE                     u10:
   345                           	
   346  07DE                     l561:	
   347                           	line	5
   348                           	
   349  07DE                     l562:	
   350  07DE  0008               	return
   351                           	opt stack 0
   352                           GLOBAL	__end_of_delay
   353  07DF                     	__end_of_delay:
   354 ;; =============== function _delay ends ============
   355                           
   356                           	signat	_delay,4216
   357                           psect	text56,local,class=CODE,delta=2
   358                           global __ptext56
   359  0000                     __ptext56:
   360                           	global	btemp
   361  007E                     	btemp set 07Eh
   362                           
   363                           	DABS	1,126,2	;btemp
   364                           	global	wtemp0
   365  007E                     	wtemp0 set btemp


HI-TECH Software PICC Macro Assembler V9.71a build 6446 
Symbol Table                                                                                   Sat Oct 11 17:00:06 2025

                  u10 07DE                    u11 07DD                    u15 07DA                   l560 07CE  
                 l561 07DE                   l562 07DE                   l565 07E5                   l566 07FC  
                 l559 07CE                   l567 07FD                   l568 07FD                   l937 07CD  
                 l939 07CE                  l1731 07E7                  l1733 07F0                  l1735 07F3  
                l1727 07DF                  l1729 07E5                  _main 07DF                  btemp 007E  
                start 0000                 ?_main 0070                 _PORTB 0006                 _TRISB 0086  
               _delay 07CD                 status 0003                 wtemp0 007E          __end_of_main 0800  
              ??_main 0072                ?_delay 0070                delay@x 0070        __pcstackCOMMON 0070  
       __end_of_delay 07DF               ??_delay 0072            __pmaintext 07DF  end_of_initialization 07C9  
 start_initialization 07C9        __size_of_delay 0012              __ptext55 07CD              __ptext56 0000  
       __size_of_main 0021  
