

HI-TECH Software PIC LITE Macro Assembler V9.71a build 6446 
                                                                                               Thu Jul 20 16:50:40 2023

HI-TECH Software Omniscient Code Generator (Lite mode) build 6446
     1  0000                     opt subtitle "HI-TECH Software Omniscient Code Generator (Lite mode) build 6446"
     2                           
     3                           opt pagewidth 120
     4                           
     5                           	opt lm
     6                           
     7                           	processor	16F877A
     8                           clrc	macro
     9                           	bcf	3,0
    10  0000                     	endm
    11                           clrz	macro
    12                           	bcf	3,2
    13  0000                     	endm
    14                           setc	macro
    15                           	bsf	3,0
    16  0000                     	endm
    17                           setz	macro
    18                           	bsf	3,2
    19  0000                     	endm
    20                           skipc	macro
    21                           	btfss	3,0
    22  0000                     	endm
    23                           skipz	macro
    24                           	btfss	3,2
    25  0000                     	endm
    26                           skipnc	macro
    27                           	btfsc	3,0
    28  0000                     	endm
    29                           skipnz	macro
    30                           	btfsc	3,2
    31  0000                     	endm
    32  0000                     indf	equ	0
    33  0000                     indf0	equ	0
    34  0002                     pc	equ	2
    35  0002                     pcl	equ	2
    36  0003                     status	equ	3
    37  0004                     fsr	equ	4
    38  0004                     fsr0	equ	4
    39  0001                     c	equ	1
    40  0000                     z	equ	0
    41  000A                     pclath	equ	10
    42                           # 2 "D:\Madhu\madhu pic folder\pic task\timer2\timer2\timer2.c"
    43                           	psect config,class=CONFIG,delta=2 ;#
    44                           # 2 "D:\Madhu\madhu pic folder\pic task\timer2\timer2\timer2.c"
    45  2007  3F72               	dw 0X3F72 ;#
    46                           	FNCALL	_main,_delay
    47                           	FNROOT	_main
    48                           	global	_PORTB
    49                           psect	text61,local,class=CODE,delta=2
    50                           global __ptext61
    51  0000                     __ptext61:
    52  0006                     _PORTB	set	6
    53                           	global	_T2CON
    54  0012                     _T2CON	set	18
    55                           	global	_TMR2IF
    56  0061                     _TMR2IF	set	97
    57                           	global	_TMR2ON
    58  0092                     _TMR2ON	set	146
    59                           	global	_PR2
    60  0092                     _PR2	set	146
    61                           	global	_TRISB
    62  0086                     _TRISB	set	134
    63                           	file	"timer2.as"
    64                           	line	#
    65                           psect cinit,class=CODE,delta=2
    66                           global start_initialization
    67  07D1                     start_initialization:
    68                           
    69                           psect cinit,class=CODE,delta=2
    70                           global end_of_initialization
    71                           
    72                           ;End of C runtime variable initialization code
    73                           
    74  07D1                     end_of_initialization:
    75  07D1  0183               clrf status
    76  07D2  120A  118A  2FE8   ljmp _main	;jump to C main() function
    77                           psect	cstackCOMMON,class=COMMON,space=1
    78                           global __pcstackCOMMON
    79  0000                     __pcstackCOMMON:
    80                           	global	?_delay
    81  0000                     ?_delay:	; 0 bytes @ 0x0
    82                           	global	??_delay
    83  0000                     ??_delay:	; 0 bytes @ 0x0
    84                           	global	?_main
    85  0000                     ?_main:	; 0 bytes @ 0x0
    86                           	global	??_main
    87  0000                     ??_main:	; 0 bytes @ 0x0
    88 ;;Data sizes: Strings 0, constant 0, data 0, bss 0, persistent 0 stack 0
    89 ;;Auto spaces:   Size  Autos    Used
    90 ;; COMMON          14      0       0
    91 ;; BANK0           80      0       0
    92 ;; BANK1           80      0       0
    93 ;; BANK3           96      0       0
    94 ;; BANK2           96      0       0
    95                           
    96 ;;
    97 ;; Pointer list with targets:
    98                           
    99                           
   100                           
   101 ;;
   102 ;; Critical Paths under _main in COMMON
   103 ;;
   104 ;;   None.
   105 ;;
   106 ;; Critical Paths under _main in BANK0
   107 ;;
   108 ;;   None.
   109 ;;
   110 ;; Critical Paths under _main in BANK1
   111 ;;
   112 ;;   None.
   113 ;;
   114 ;; Critical Paths under _main in BANK3
   115 ;;
   116 ;;   None.
   117 ;;
   118 ;; Critical Paths under _main in BANK2
   119 ;;
   120 ;;   None.
   121                           
   122 ;;
   123 ;;Main: autosize = 0, tempsize = 0, incstack = 0, save=0
   124 ;;
   125                           
   126 ;;
   127 ;;Call Graph Tables:
   128 ;;
   129 ;; ---------------------------------------------------------------------------------
   130 ;; (Depth) Function   	        Calls       Base Space   Used Autos Params    Refs
   131 ;; ---------------------------------------------------------------------------------
   132 ;; (0) _main                                                 0     0      0       0
   133 ;;                              _delay
   134 ;; ---------------------------------------------------------------------------------
   135 ;; (1) _delay                                                0     0      0       0
   136 ;; ---------------------------------------------------------------------------------
   137 ;; Estimated maximum stack depth 1
   138 ;; ---------------------------------------------------------------------------------
   139                           
   140 ;; Call Graph Graphs:
   141                           
   142 ;; _main (ROOT)
   143 ;;   _delay
   144 ;;
   145                           
   146 ;; Address spaces:
   147                           
   148 ;;Name               Size   Autos  Total    Cost      Usage
   149 ;;BITCOMMON            E      0       0       0        0.0%
   150 ;;EEDATA             100      0       0       0        0.0%
   151 ;;NULL                 0      0       0       0        0.0%
   152 ;;CODE                 0      0       0       0        0.0%
   153 ;;COMMON               E      0       0       1        0.0%
   154 ;;BITSFR0              0      0       0       1        0.0%
   155 ;;SFR0                 0      0       0       1        0.0%
   156 ;;BITSFR1              0      0       0       2        0.0%
   157 ;;SFR1                 0      0       0       2        0.0%
   158 ;;STACK                0      0       1       2        0.0%
   159 ;;ABS                  0      0       0       3        0.0%
   160 ;;BITBANK0            50      0       0       4        0.0%
   161 ;;BITSFR3              0      0       0       4        0.0%
   162 ;;SFR3                 0      0       0       4        0.0%
   163 ;;BANK0               50      0       0       5        0.0%
   164 ;;BITSFR2              0      0       0       5        0.0%
   165 ;;SFR2                 0      0       0       5        0.0%
   166 ;;BITBANK1            50      0       0       6        0.0%
   167 ;;BANK1               50      0       0       7        0.0%
   168 ;;BITBANK3            60      0       0       8        0.0%
   169 ;;BANK3               60      0       0       9        0.0%
   170 ;;BITBANK2            60      0       0      10        0.0%
   171 ;;BANK2               60      0       0      11        0.0%
   172 ;;DATA                 0      0       0      12        0.0%
   173                           
   174                           	global	_main
   175                           psect	maintext,global,class=CODE,delta=2
   176                           global __pmaintext
   177  07E8                     __pmaintext:
   178                           
   179 ;; *************** function _main *****************
   180 ;; Defined at:
   181 ;;		line 20 in file "D:\Madhu\madhu pic folder\pic task\timer2\timer2\timer2.c"
   182 ;; Parameters:    Size  Location     Type
   183 ;;		None
   184 ;; Auto vars:     Size  Location     Type
   185 ;;		None
   186 ;; Return value:  Size  Location     Type
   187 ;;		None               void
   188 ;; Registers used:
   189 ;;		wreg, status,2, status,0, pclath, cstack
   190 ;; Tracked objects:
   191 ;;		On entry : 17F/0
   192 ;;		On exit  : 0/0
   193 ;;		Unchanged: 0/0
   194 ;; Data sizes:     COMMON   BANK0   BANK1   BANK3   BANK2
   195 ;;      Params:         0       0       0       0       0
   196 ;;      Locals:         0       0       0       0       0
   197 ;;      Temps:          0       0       0       0       0
   198 ;;      Totals:         0       0       0       0       0
   199 ;;Total ram usage:        0 bytes
   200 ;; Hardware stack levels required when called:    1
   201 ;; This function calls:
   202 ;;		_delay
   203 ;; This function is called by:
   204 ;;		Startup code after reset
   205 ;; This function uses a non-reentrant model
   206 ;;
   207                           psect	maintext
   208                           	file	"D:\Madhu\madhu pic folder\pic task\timer2\timer2\timer2.c"
   209                           	line	20
   210                           	global	__size_of_main
   211  0018                     	__size_of_main	equ	__end_of_main-_main
   212                           	
   213  07E8                     _main:	
   214                           	opt	stack 8
   215                           ; Regs used in _main: [wreg+status,2+status,0+pclath+cstack]
   216                           	line	21
   217                           	
   218  07E8                     l1744:	
   219                           ;timer2.c: 21: TRISB=0x00;
   220  07E8  1683               	bsf	status, 5	;RP0=1, select bank1
   221  07E9  1303               	bcf	status, 6	;RP1=0, select bank1
   222  07EA  0186               	clrf	(134)^080h	;volatile
   223                           	line	22
   224                           ;timer2.c: 22: while(1)
   225                           	
   226  07EB                     l570:	
   227                           	line	24
   228                           	
   229  07EB                     l1746:	
   230                           ;timer2.c: 23: {
   231                           ;timer2.c: 24: PORTB=0X01;
   232  07EB  3001               	movlw	(01h)
   233  07EC  1283               	bcf	status, 5	;RP0=0, select bank0
   234  07ED  1303               	bcf	status, 6	;RP1=0, select bank0
   235  07EE  0086               	movwf	(6)	;volatile
   236                           	line	25
   237                           	
   238  07EF                     l1748:	
   239                           ;timer2.c: 25: delay();
   240  07EF  120A  118A  27D5   	fcall	_delay
              120A  118A         
   241                           	line	26
   242                           	
   243  07F4                     l1750:	
   244                           ;timer2.c: 26: PORTB=0X00;
   245  07F4  1283               	bcf	status, 5	;RP0=0, select bank0
   246  07F5  1303               	bcf	status, 6	;RP1=0, select bank0
   247  07F6  0186               	clrf	(6)	;volatile
   248                           	line	27
   249                           	
   250  07F7                     l1752:	
   251                           ;timer2.c: 27: delay();
   252  07F7  120A  118A  27D5   	fcall	_delay
              120A  118A         
   253                           	line	28
   254                           	
   255  07FC                     l571:	
   256                           	line	22
   257  07FC  2FEB               	goto	l570
   258                           	
   259  07FD                     l572:	
   260                           	line	29
   261                           	
   262  07FD                     l573:	
   263                           	global	start
   264  07FD  120A  118A  2800   	ljmp	start
   265                           	opt stack 0
   266                           GLOBAL	__end_of_main
   267  0800                     	__end_of_main:
   268 ;; =============== function _main ends ============
   269                           
   270                           	signat	_main,88
   271                           	global	_delay
   272                           psect	text62,local,class=CODE,delta=2
   273                           global __ptext62
   274  07D5                     __ptext62:
   275                           
   276 ;; *************** function _delay *****************
   277 ;; Defined at:
   278 ;;		line 4 in file "D:\Madhu\madhu pic folder\pic task\timer2\timer2\timer2.c"
   279 ;; Parameters:    Size  Location     Type
   280 ;;		None
   281 ;; Auto vars:     Size  Location     Type
   282 ;;		None
   283 ;; Return value:  Size  Location     Type
   284 ;;		None               void
   285 ;; Registers used:
   286 ;;		wreg
   287 ;; Tracked objects:
   288 ;;		On entry : 0/0
   289 ;;		On exit  : 0/0
   290 ;;		Unchanged: 0/0
   291 ;; Data sizes:     COMMON   BANK0   BANK1   BANK3   BANK2
   292 ;;      Params:         0       0       0       0       0
   293 ;;      Locals:         0       0       0       0       0
   294 ;;      Temps:          0       0       0       0       0
   295 ;;      Totals:         0       0       0       0       0
   296 ;;Total ram usage:        0 bytes
   297 ;; Hardware stack levels used:    1
   298 ;; This function calls:
   299 ;;		Nothing
   300 ;; This function is called by:
   301 ;;		_main
   302 ;;		_delay1
   303 ;; This function uses a non-reentrant model
   304 ;;
   305                           psect	text62
   306                           	file	"D:\Madhu\madhu pic folder\pic task\timer2\timer2\timer2.c"
   307                           	line	4
   308                           	global	__size_of_delay
   309  0013                     	__size_of_delay	equ	__end_of_delay-_delay
   310                           	
   311  07D5                     _delay:	
   312                           	opt	stack 7
   313                           ; Regs used in _delay: [wreg]
   314                           	line	5
   315                           	
   316  07D5                     l942:	
   317                           ;timer2.c: 5: T2CON=0X7A;
   318  07D5  307A               	movlw	(07Ah)
   319  07D6  1283               	bcf	status, 5	;RP0=0, select bank0
   320  07D7  1303               	bcf	status, 6	;RP1=0, select bank0
   321  07D8  0092               	movwf	(18)	;volatile
   322                           	line	6
   323                           ;timer2.c: 6: PR2=255;
   324  07D9  30FF               	movlw	(0FFh)
   325  07DA  1683               	bsf	status, 5	;RP0=1, select bank1
   326  07DB  1303               	bcf	status, 6	;RP1=0, select bank1
   327  07DC  0092               	movwf	(146)^080h	;volatile
   328                           	line	7
   329                           	
   330  07DD                     l944:	
   331                           ;timer2.c: 7: TMR2ON=1;
   332  07DD  1283               	bcf	status, 5	;RP0=0, select bank0
   333  07DE  1303               	bcf	status, 6	;RP1=0, select bank0
   334  07DF  1512               	bsf	(146/8),(146)&7
   335                           	line	8
   336                           ;timer2.c: 8: while(TMR2IF==0);
   337  07E0  2FE1               	goto	l559
   338                           	
   339  07E1                     l560:	
   340                           	
   341  07E1                     l559:	
   342  07E1  1C8C               	btfss	(97/8),(97)&7
   343  07E2  2FE4               	goto	u11
   344  07E3  2FE5               	goto	u10
   345  07E4                     u11:
   346  07E4  2FE1               	goto	l560
   347  07E5                     u10:
   348                           	
   349  07E5                     l561:	
   350                           	line	9
   351                           ;timer2.c: 9: TMR2IF=0;
   352  07E5  108C               	bcf	(97/8),(97)&7
   353                           	line	10
   354                           ;timer2.c: 10: TMR2ON=0;
   355  07E6  1112               	bcf	(146/8),(146)&7
   356                           	line	11
   357                           	
   358  07E7                     l562:	
   359  07E7  0008               	return
   360                           	opt stack 0
   361                           GLOBAL	__end_of_delay
   362  07E8                     	__end_of_delay:
   363 ;; =============== function _delay ends ============
   364                           
   365                           	signat	_delay,88
   366                           psect	text63,local,class=CODE,delta=2
   367                           global __ptext63
   368  0000                     __ptext63:
   369                           	global	btemp
   370  007E                     	btemp set 07Eh
   371                           
   372                           	DABS	1,126,2	;btemp
   373                           	global	wtemp0
   374  007E                     	wtemp0 set btemp


HI-TECH Software PICC Macro Assembler V9.71a build 6446 
Symbol Table                                                                                   Thu Jul 20 16:50:40 2023

                  u10 07E5                    u11 07E4                   l560 07E1                   l561 07E5  
                 l562 07E7                   l570 07EB                   l571 07FC                   l572 07FD  
                 l573 07FD                   l559 07E1                   l942 07D5                   l944 07DD  
                 _PR2 0092                  l1750 07F4                  l1752 07F7                  l1744 07E8  
                l1746 07EB                  l1748 07EF                  _main 07E8                  btemp 007E  
                start 0000                 ?_main 0000                 _T2CON 0012                 _PORTB 0006  
               _TRISB 0086                 _delay 07D5                 status 0003                 wtemp0 007E  
        __end_of_main 0800                ??_main 0000                ?_delay 0000                _TMR2IF 0061  
              _TMR2ON 0092        __pcstackCOMMON 0000         __end_of_delay 07E8               ??_delay 0000  
          __pmaintext 07E8  end_of_initialization 07D1   start_initialization 07D1        __size_of_delay 0013  
            __ptext61 0000              __ptext62 07D5              __ptext63 0000         __size_of_main 0018  
