

HI-TECH Software PIC LITE Macro Assembler V9.71a build 6446 
                                                                                               Tue Oct 14 18:16:40 2025

HI-TECH Software Omniscient Code Generator (Lite mode) build 6446
     1  0000                     opt subtitle "HI-TECH Software Omniscient Code Generator (Lite mode) build 6446"
     2                           
     3                           opt pagewidth 120
     4                           
     5                           	opt lm
     6                           
     7                           	processor	16F877A
     8                           clrc	macro
     9                           	bcf	3,0
    10  0000                     	endm
    11                           clrz	macro
    12                           	bcf	3,2
    13  0000                     	endm
    14                           setc	macro
    15                           	bsf	3,0
    16  0000                     	endm
    17                           setz	macro
    18                           	bsf	3,2
    19  0000                     	endm
    20                           skipc	macro
    21                           	btfss	3,0
    22  0000                     	endm
    23                           skipz	macro
    24                           	btfss	3,2
    25  0000                     	endm
    26                           skipnc	macro
    27                           	btfsc	3,0
    28  0000                     	endm
    29                           skipnz	macro
    30                           	btfsc	3,2
    31  0000                     	endm
    32  0000                     indf	equ	0
    33  0000                     indf0	equ	0
    34  0002                     pc	equ	2
    35  0002                     pcl	equ	2
    36  0003                     status	equ	3
    37  0004                     fsr	equ	4
    38  0004                     fsr0	equ	4
    39  0001                     c	equ	1
    40  0000                     z	equ	0
    41  000A                     pclath	equ	10
    42                           	FNROOT	_main
    43                           	global	_PORTB
    44                           psect	maintext,global,class=CODE,delta=2
    45                           global __pmaintext
    46  07EE                     __pmaintext:
    47  0006                     _PORTB	set	6
    48                           	global	_RB0
    49  0030                     _RB0	set	48
    50                           	global	_RB1
    51  0031                     _RB1	set	49
    52                           	global	_TRISB
    53  0086                     _TRISB	set	134
    54                           	file	"switch.as"
    55                           	line	#
    56                           psect cinit,class=CODE,delta=2
    57                           global start_initialization
    58  07EA                     start_initialization:
    59                           
    60                           psect cinit,class=CODE,delta=2
    61                           global end_of_initialization
    62                           
    63                           ;End of C runtime variable initialization code
    64                           
    65  07EA                     end_of_initialization:
    66  07EA  0183               clrf status
    67  07EB  120A  118A  2FEE   ljmp _main	;jump to C main() function
    68                           psect	cstackCOMMON,class=COMMON,space=1
    69                           global __pcstackCOMMON
    70  0000                     __pcstackCOMMON:
    71                           	global	??_main
    72  0000                     ??_main:	; 0 bytes @ 0x0
    73                           	global	?_main
    74  0000                     ?_main:	; 2 bytes @ 0x0
    75 ;;Data sizes: Strings 0, constant 0, data 0, bss 0, persistent 0 stack 0
    76 ;;Auto spaces:   Size  Autos    Used
    77 ;; COMMON          14      0       0
    78 ;; BANK0           80      0       0
    79 ;; BANK1           80      0       0
    80 ;; BANK3           96      0       0
    81 ;; BANK2           96      0       0
    82                           
    83 ;;
    84 ;; Pointer list with targets:
    85                           
    86                           
    87                           
    88 ;;
    89 ;; Critical Paths under _main in COMMON
    90 ;;
    91 ;;   None.
    92 ;;
    93 ;; Critical Paths under _main in BANK0
    94 ;;
    95 ;;   None.
    96 ;;
    97 ;; Critical Paths under _main in BANK1
    98 ;;
    99 ;;   None.
   100 ;;
   101 ;; Critical Paths under _main in BANK3
   102 ;;
   103 ;;   None.
   104 ;;
   105 ;; Critical Paths under _main in BANK2
   106 ;;
   107 ;;   None.
   108                           
   109 ;;
   110 ;;Main: autosize = 0, tempsize = 0, incstack = 0, save=0
   111 ;;
   112                           
   113 ;;
   114 ;;Call Graph Tables:
   115 ;;
   116 ;; ---------------------------------------------------------------------------------
   117 ;; (Depth) Function   	        Calls       Base Space   Used Autos Params    Refs
   118 ;; ---------------------------------------------------------------------------------
   119 ;; (0) _main                                                 0     0      0       0
   120 ;; ---------------------------------------------------------------------------------
   121 ;; Estimated maximum stack depth 0
   122 ;; ---------------------------------------------------------------------------------
   123                           
   124 ;; Call Graph Graphs:
   125                           
   126 ;; _main (ROOT)
   127 ;;
   128                           
   129 ;; Address spaces:
   130                           
   131 ;;Name               Size   Autos  Total    Cost      Usage
   132 ;;BITCOMMON            E      0       0       0        0.0%
   133 ;;EEDATA             100      0       0       0        0.0%
   134 ;;NULL                 0      0       0       0        0.0%
   135 ;;CODE                 0      0       0       0        0.0%
   136 ;;COMMON               E      0       0       1        0.0%
   137 ;;BITSFR0              0      0       0       1        0.0%
   138 ;;SFR0                 0      0       0       1        0.0%
   139 ;;BITSFR1              0      0       0       2        0.0%
   140 ;;SFR1                 0      0       0       2        0.0%
   141 ;;STACK                0      0       0       2        0.0%
   142 ;;ABS                  0      0       0       3        0.0%
   143 ;;BITBANK0            50      0       0       4        0.0%
   144 ;;BITSFR3              0      0       0       4        0.0%
   145 ;;SFR3                 0      0       0       4        0.0%
   146 ;;BANK0               50      0       0       5        0.0%
   147 ;;BITSFR2              0      0       0       5        0.0%
   148 ;;SFR2                 0      0       0       5        0.0%
   149 ;;BITBANK1            50      0       0       6        0.0%
   150 ;;BANK1               50      0       0       7        0.0%
   151 ;;BITBANK3            60      0       0       8        0.0%
   152 ;;BANK3               60      0       0       9        0.0%
   153 ;;BITBANK2            60      0       0      10        0.0%
   154 ;;BANK2               60      0       0      11        0.0%
   155 ;;DATA                 0      0       0      12        0.0%
   156                           
   157                           	global	_main
   158                           psect	maintext
   159                           
   160 ;; *************** function _main *****************
   161 ;; Defined at:
   162 ;;		line 11 in file "E:\Embedded\SWITCH_CODE\1_SWITCH\switch.c"
   163 ;; Parameters:    Size  Location     Type
   164 ;;		None
   165 ;; Auto vars:     Size  Location     Type
   166 ;;		None
   167 ;; Return value:  Size  Location     Type
   168 ;;                  2  564[COMMON] int 
   169 ;; Registers used:
   170 ;;		wreg, status,2
   171 ;; Tracked objects:
   172 ;;		On entry : 17F/0
   173 ;;		On exit  : 0/0
   174 ;;		Unchanged: 0/0
   175 ;; Data sizes:     COMMON   BANK0   BANK1   BANK3   BANK2
   176 ;;      Params:         0       0       0       0       0
   177 ;;      Locals:         0       0       0       0       0
   178 ;;      Temps:          0       0       0       0       0
   179 ;;      Totals:         0       0       0       0       0
   180 ;;Total ram usage:        0 bytes
   181 ;; This function calls:
   182 ;;		Nothing
   183 ;; This function is called by:
   184 ;;		Startup code after reset
   185 ;; This function uses a non-reentrant model
   186 ;;
   187                           psect	maintext
   188                           	file	"E:\Embedded\SWITCH_CODE\1_SWITCH\switch.c"
   189                           	line	11
   190                           	global	__size_of_main
   191  0012                     	__size_of_main	equ	__end_of_main-_main
   192                           	
   193  07EE                     _main:	
   194                           	opt	stack 8
   195                           ; Regs used in _main: [wreg+status,2]
   196                           	line	12
   197                           	
   198  07EE                     l943:	
   199                           ;switch.c: 12: TRISB=0x01;;
   200  07EE  3001               	movlw	(01h)
   201  07EF  1683               	bsf	status, 5	;RP0=1, select bank1
   202  07F0  1303               	bcf	status, 6	;RP1=0, select bank1
   203  07F1  0086               	movwf	(134)^080h	;volatile
   204                           	line	13
   205                           	
   206  07F2                     l945:	
   207                           ;switch.c: 13: PORTB=0x00;
   208  07F2  1283               	bcf	status, 5	;RP0=0, select bank0
   209  07F3  1303               	bcf	status, 6	;RP1=0, select bank0
   210  07F4  0186               	clrf	(6)	;volatile
   211                           	line	15
   212                           ;switch.c: 15: while(1)
   213                           	
   214  07F5                     l565:	
   215                           	line	17
   216                           	
   217  07F5                     l947:	
   218                           ;switch.c: 16: {
   219                           ;switch.c: 17: if(RB0==1)
   220  07F5  1C06               	btfss	(48/8),(48)&7
   221  07F6  2FF8               	goto	u21
   222  07F7  2FF9               	goto	u20
   223  07F8                     u21:
   224  07F8  2FFB               	goto	l566
   225  07F9                     u20:
   226                           	line	19
   227                           	
   228  07F9                     l949:	
   229                           ;switch.c: 18: {
   230                           ;switch.c: 19: RB1=1;
   231  07F9  1486               	bsf	(49/8),(49)&7
   232                           	line	20
   233                           ;switch.c: 20: }
   234  07FA  2FFC               	goto	l567
   235                           	line	21
   236                           	
   237  07FB                     l566:	
   238                           	line	23
   239                           ;switch.c: 21: else
   240                           ;switch.c: 22: {
   241                           ;switch.c: 23: RB1=0;
   242  07FB  1086               	bcf	(49/8),(49)&7
   243                           	line	24
   244                           	
   245  07FC                     l567:	
   246                           	line	25
   247                           	
   248  07FC                     l568:	
   249                           	line	15
   250  07FC  2FF5               	goto	l565
   251                           	
   252  07FD                     l569:	
   253                           	line	26
   254                           	
   255  07FD                     l570:	
   256                           	global	start
   257  07FD  120A  118A  2800   	ljmp	start
   258                           	opt stack 0
   259                           GLOBAL	__end_of_main
   260  0800                     	__end_of_main:
   261 ;; =============== function _main ends ============
   262                           
   263                           	signat	_main,90
   264                           psect	maintext
   265                           	global	btemp
   266  007E                     	btemp set 07Eh
   267                           
   268                           	DABS	1,126,2	;btemp
   269                           	global	wtemp0
   270  007E                     	wtemp0 set btemp


HI-TECH Software PICC Macro Assembler V9.71a build 6446 
Symbol Table                                                                                   Tue Oct 14 18:16:40 2025

                  u20 07F9                    u21 07F8                   l570 07FD                   l565 07F5  
                 l566 07FB                   l567 07FC                   l568 07FC                   l569 07FD  
                 l943 07EE                   l945 07F2                   l947 07F5                   l949 07F9  
                 _RB0 0030                   _RB1 0031                  _main 07EE                  btemp 007E  
                start 0000                 ?_main 0000                 _PORTB 0006                 _TRISB 0086  
               status 0003                 wtemp0 007E          __end_of_main 0800                ??_main 0000  
      __pcstackCOMMON 0000            __pmaintext 07EE  end_of_initialization 07EA   start_initialization 07EA  
       __size_of_main 0012  
