

HI-TECH Software PIC LITE Macro Assembler V9.71a build 6446 
                                                                                               Fri Sep 23 11:35:57 2022

HI-TECH Software Omniscient Code Generator (Lite mode) build 6446
     1  0000                     opt subtitle "HI-TECH Software Omniscient Code Generator (Lite mode) build 6446"
     2                           
     3                           opt pagewidth 120
     4                           
     5                           	opt lm
     6                           
     7                           	processor	16F877A
     8                           clrc	macro
     9                           	bcf	3,0
    10  0000                     	endm
    11                           clrz	macro
    12                           	bcf	3,2
    13  0000                     	endm
    14                           setc	macro
    15                           	bsf	3,0
    16  0000                     	endm
    17                           setz	macro
    18                           	bsf	3,2
    19  0000                     	endm
    20                           skipc	macro
    21                           	btfss	3,0
    22  0000                     	endm
    23                           skipz	macro
    24                           	btfss	3,2
    25  0000                     	endm
    26                           skipnc	macro
    27                           	btfsc	3,0
    28  0000                     	endm
    29                           skipnz	macro
    30                           	btfsc	3,2
    31  0000                     	endm
    32  0000                     indf	equ	0
    33  0000                     indf0	equ	0
    34  0002                     pc	equ	2
    35  0002                     pcl	equ	2
    36  0003                     status	equ	3
    37  0004                     fsr	equ	4
    38  0004                     fsr0	equ	4
    39  0001                     c	equ	1
    40  0000                     z	equ	0
    41  000A                     pclath	equ	10
    42                           	FNCALL	_main,_delay
    43                           	FNROOT	_main
    44                           	global	_sega
    45                           	global	_segb
    46                           psect	idataBANK0,class=CODE,space=0,delta=2
    47                           global __pidataBANK0
    48  0771                     __pidataBANK0:
    49                           	file	"C:\Users\TECH\Desktop\madhu pic folder\7 SEGMENT DIAPLAY\SEG TASK\2.seg task\2 ta
                                 sk.c"
    50                           	line	9
    51                           
    52                           ;initializer for _sega
    53  0771  343F               	retlw	03Fh
    54  0772  3400               	retlw	0
    55                           
    56  0773  3406               	retlw	06h
    57  0774  3400               	retlw	0
    58                           
    59  0775  345B               	retlw	05Bh
    60  0776  3400               	retlw	0
    61                           
    62  0777  344F               	retlw	04Fh
    63  0778  3400               	retlw	0
    64                           
    65  0779  3466               	retlw	066h
    66  077A  3400               	retlw	0
    67                           
    68  077B  346D               	retlw	06Dh
    69  077C  3400               	retlw	0
    70                           
    71  077D  347D               	retlw	07Dh
    72  077E  3400               	retlw	0
    73                           
    74  077F  3407               	retlw	07h
    75  0780  3400               	retlw	0
    76                           
    77  0781  347F               	retlw	07Fh
    78  0782  3400               	retlw	0
    79                           
    80  0783  346F               	retlw	06Fh
    81  0784  3400               	retlw	0
    82                           
    83                           	line	10
    84                           
    85                           ;initializer for _segb
    86  0785  346F               	retlw	06Fh
    87  0786  3400               	retlw	0
    88                           
    89  0787  347F               	retlw	07Fh
    90  0788  3400               	retlw	0
    91                           
    92  0789  3407               	retlw	07h
    93  078A  3400               	retlw	0
    94                           
    95  078B  347D               	retlw	07Dh
    96  078C  3400               	retlw	0
    97                           
    98  078D  346D               	retlw	06Dh
    99  078E  3400               	retlw	0
   100                           
   101  078F  3466               	retlw	066h
   102  0790  3400               	retlw	0
   103                           
   104  0791  344F               	retlw	04Fh
   105  0792  3400               	retlw	0
   106                           
   107  0793  345B               	retlw	05Bh
   108  0794  3400               	retlw	0
   109                           
   110  0795  3406               	retlw	06h
   111  0796  3400               	retlw	0
   112                           
   113  0797  343F               	retlw	03Fh
   114  0798  3400               	retlw	0
   115                           
   116                           	global	_i1
   117                           	global	_i2
   118                           	global	_PORTB
   119  0006                     _PORTB	set	6
   120                           	global	_PORTC
   121  0007                     _PORTC	set	7
   122                           	global	_RC0
   123  0038                     _RC0	set	56
   124                           	global	_RC1
   125  0039                     _RC1	set	57
   126                           	global	_TRISB
   127  0086                     _TRISB	set	134
   128                           	global	_TRISC
   129  0087                     _TRISC	set	135
   130                           	file	"2 task.as"
   131                           	line	#
   132                           psect cinit,class=CODE,delta=2
   133                           global start_initialization
   134  075B                     start_initialization:
   135                           
   136                           psect	bssCOMMON,class=COMMON,space=1
   137                           global __pbssCOMMON
   138  0070                     __pbssCOMMON:
   139  0070                     _i1:
   140  0070                            ds      2
   141                           
   142  0072                     _i2:
   143  0072                            ds      2
   144                           
   145                           psect	dataBANK0,class=BANK0,space=1
   146                           global __pdataBANK0
   147  0020                     __pdataBANK0:
   148                           	file	"C:\Users\TECH\Desktop\madhu pic folder\7 SEGMENT DIAPLAY\SEG TASK\2.seg task\2 ta
                                 sk.c"
   149                           	line	9
   150  0020                     _sega:
   151  0020                            ds      20
   152                           
   153                           psect	dataBANK0
   154                           	file	"C:\Users\TECH\Desktop\madhu pic folder\7 SEGMENT DIAPLAY\SEG TASK\2.seg task\2 ta
                                 sk.c"
   155                           	line	10
   156  0034                     _segb:
   157  0034                            ds      20
   158                           
   159                           ; Clear objects allocated to COMMON
   160                           psect cinit,class=CODE,delta=2
   161  075B  01F0               	clrf	((__pbssCOMMON)+0)&07Fh
   162  075C  01F1               	clrf	((__pbssCOMMON)+1)&07Fh
   163  075D  01F2               	clrf	((__pbssCOMMON)+2)&07Fh
   164  075E  01F3               	clrf	((__pbssCOMMON)+3)&07Fh
   165                           global btemp
   166                           psect inittext,class=CODE,delta=2
   167                           global init_fetch,btemp
   168                           ;	Called with low address in FSR and high address in W
   169  0738                     init_fetch:
   170  0738  087E               	movf btemp,w
   171  0739  008A               	movwf pclath
   172  073A  087F               	movf btemp+1,w
   173  073B  0082               	movwf pc
   174                           global init_ram
   175                           ;Called with:
   176                           ;	high address of idata address in btemp 
   177                           ;	low address of idata address in btemp+1 
   178                           ;	low address of data in FSR
   179                           ;	high address + 1 of data in btemp-1
   180  073C                     init_ram:
   181  073C  2738  120A  118A   	fcall init_fetch
   182  073F  0080               	movwf indf,f
   183  0740  0A84               	incf fsr,f
   184  0741  0804               	movf fsr,w
   185  0742  067D               	xorwf btemp-1,w
   186  0743  1903               	btfsc status,2
   187  0744  3400               	retlw 0
   188  0745  0AFF               	incf btemp+1,f
   189  0746  1903               	btfsc status,2
   190  0747  0AFE               	incf btemp,f
   191  0748  2F3C               	goto init_ram
   192                           ; Initialize objects allocated to BANK0
   193                           psect cinit,class=CODE,delta=2
   194                           global init_ram, __pidataBANK0
   195  075F  1383               	bcf	status, 7	;select IRP bank0
   196  0760  3048               	movlw low(__pdataBANK0+40)
   197  0761  00FD               	movwf btemp-1,f
   198  0762  3007               	movlw high(__pidataBANK0)
   199  0763  00FE               	movwf btemp,f
   200  0764  3071               	movlw low(__pidataBANK0)
   201  0765  00FF               	movwf btemp+1,f
   202  0766  3020               	movlw low(__pdataBANK0)
   203  0767  0084               	movwf fsr,f
   204  0768  120A  118A  273C   	fcall init_ram
              120A  118A         
   205                           psect cinit,class=CODE,delta=2
   206                           global end_of_initialization
   207                           
   208                           ;End of C runtime variable initialization code
   209                           
   210  076D                     end_of_initialization:
   211  076D  0183               clrf status
   212  076E  120A  118A  2F99   ljmp _main	;jump to C main() function
   213                           psect	cstackCOMMON,class=COMMON,space=1
   214                           global __pcstackCOMMON
   215  0074                     __pcstackCOMMON:
   216                           	global	?_delay
   217  0074                     ?_delay:	; 0 bytes @ 0x0
   218                           	global	?_main
   219  0074                     ?_main:	; 2 bytes @ 0x0
   220                           	global	delay@x
   221  0074                     delay@x:	; 2 bytes @ 0x0
   222  0074                     	ds	2
   223                           	global	??_delay
   224  0076                     ??_delay:	; 0 bytes @ 0x2
   225                           	global	??_main
   226  0076                     ??_main:	; 0 bytes @ 0x2
   227  0076                     	ds	1
   228 ;;Data sizes: Strings 0, constant 0, data 40, bss 4, persistent 0 stack 0
   229 ;;Auto spaces:   Size  Autos    Used
   230 ;; COMMON          14      3       7
   231 ;; BANK0           80      0      40
   232 ;; BANK1           80      0       0
   233 ;; BANK3           96      0       0
   234 ;; BANK2           96      0       0
   235                           
   236 ;;
   237 ;; Pointer list with targets:
   238                           
   239                           
   240                           
   241 ;;
   242 ;; Critical Paths under _main in COMMON
   243 ;;
   244 ;;   _main->_delay
   245 ;;
   246 ;; Critical Paths under _main in BANK0
   247 ;;
   248 ;;   None.
   249 ;;
   250 ;; Critical Paths under _main in BANK1
   251 ;;
   252 ;;   None.
   253 ;;
   254 ;; Critical Paths under _main in BANK3
   255 ;;
   256 ;;   None.
   257 ;;
   258 ;; Critical Paths under _main in BANK2
   259 ;;
   260 ;;   None.
   261                           
   262 ;;
   263 ;;Main: autosize = 0, tempsize = 1, incstack = 0, save=0
   264 ;;
   265                           
   266 ;;
   267 ;;Call Graph Tables:
   268 ;;
   269 ;; ---------------------------------------------------------------------------------
   270 ;; (Depth) Function   	        Calls       Base Space   Used Autos Params    Refs
   271 ;; ---------------------------------------------------------------------------------
   272 ;; (0) _main                                                 1     1      0      22
   273 ;;                                              2 COMMON     1     1      0
   274 ;;                              _delay
   275 ;; ---------------------------------------------------------------------------------
   276 ;; (1) _delay                                                2     0      2      22
   277 ;;                                              0 COMMON     2     0      2
   278 ;; ---------------------------------------------------------------------------------
   279 ;; Estimated maximum stack depth 1
   280 ;; ---------------------------------------------------------------------------------
   281                           
   282 ;; Call Graph Graphs:
   283                           
   284 ;; _main (ROOT)
   285 ;;   _delay
   286 ;;
   287                           
   288 ;; Address spaces:
   289                           
   290 ;;Name               Size   Autos  Total    Cost      Usage
   291 ;;BANK3               60      0       0       9        0.0%
   292 ;;BITBANK3            60      0       0       8        0.0%
   293 ;;SFR3                 0      0       0       4        0.0%
   294 ;;BITSFR3              0      0       0       4        0.0%
   295 ;;BANK2               60      0       0      11        0.0%
   296 ;;BITBANK2            60      0       0      10        0.0%
   297 ;;SFR2                 0      0       0       5        0.0%
   298 ;;BITSFR2              0      0       0       5        0.0%
   299 ;;SFR1                 0      0       0       2        0.0%
   300 ;;BITSFR1              0      0       0       2        0.0%
   301 ;;BANK1               50      0       0       7        0.0%
   302 ;;BITBANK1            50      0       0       6        0.0%
   303 ;;CODE                 0      0       0       0        0.0%
   304 ;;DATA                 0      0      30      12        0.0%
   305 ;;ABS                  0      0      2F       3        0.0%
   306 ;;NULL                 0      0       0       0        0.0%
   307 ;;STACK                0      0       1       2        0.0%
   308 ;;BANK0               50      0      28       5       50.0%
   309 ;;BITBANK0            50      0       0       4        0.0%
   310 ;;SFR0                 0      0       0       1        0.0%
   311 ;;BITSFR0              0      0       0       1        0.0%
   312 ;;COMMON               E      3       7       1       50.0%
   313 ;;BITCOMMON            E      0       0       0        0.0%
   314 ;;EEDATA             100      0       0       0        0.0%
   315                           
   316                           	global	_main
   317                           psect	maintext,global,class=CODE,delta=2
   318                           global __pmaintext
   319  0799                     __pmaintext:
   320                           
   321 ;; *************** function _main *****************
   322 ;; Defined at:
   323 ;;		line 13 in file "C:\Users\TECH\Desktop\madhu pic folder\7 SEGMENT DIAPLAY\SEG TASK\2.seg task\2 task.c"
   324 ;; Parameters:    Size  Location     Type
   325 ;;		None
   326 ;; Auto vars:     Size  Location     Type
   327 ;;		None
   328 ;; Return value:  Size  Location     Type
   329 ;;                  2  572[COMMON] int 
   330 ;; Registers used:
   331 ;;		wreg, fsr0l, fsr0h, status,2, status,0, btemp+0, pclath, cstack
   332 ;; Tracked objects:
   333 ;;		On entry : 17F/0
   334 ;;		On exit  : 0/0
   335 ;;		Unchanged: 0/0
   336 ;; Data sizes:     COMMON   BANK0   BANK1   BANK3   BANK2
   337 ;;      Params:         0       0       0       0       0
   338 ;;      Locals:         0       0       0       0       0
   339 ;;      Temps:          1       0       0       0       0
   340 ;;      Totals:         1       0       0       0       0
   341 ;;Total ram usage:        1 bytes
   342 ;; Hardware stack levels required when called:    1
   343 ;; This function calls:
   344 ;;		_delay
   345 ;; This function is called by:
   346 ;;		Startup code after reset
   347 ;; This function uses a non-reentrant model
   348 ;;
   349                           psect	maintext
   350                           	file	"C:\Users\TECH\Desktop\madhu pic folder\7 SEGMENT DIAPLAY\SEG TASK\2.seg task\2 ta
                                 sk.c"
   351                           	line	13
   352                           	global	__size_of_main
   353  0067                     	__size_of_main	equ	__end_of_main-_main
   354                           	
   355  0799                     _main:	
   356                           	opt	stack 8
   357                           ; Regs used in _main: [wreg-fsr0h+status,2-btemp+0+pclath+cstack]
   358                           	line	15
   359                           	
   360  0799                     l1769:	
   361                           ;2 task.c: 15: TRISB=0X00;
   362  0799  1683               	bsf	status, 5	;RP0=1, select bank1
   363  079A  1303               	bcf	status, 6	;RP1=0, select bank1
   364  079B  0186               	clrf	(134)^080h	;volatile
   365                           	line	16
   366                           ;2 task.c: 16: PORTB=0X00;
   367  079C  1283               	bcf	status, 5	;RP0=0, select bank0
   368  079D  1303               	bcf	status, 6	;RP1=0, select bank0
   369  079E  0186               	clrf	(6)	;volatile
   370                           	line	17
   371                           	
   372  079F                     l1771:	
   373                           ;2 task.c: 17: TRISC=0X03;
   374  079F  3003               	movlw	(03h)
   375  07A0  1683               	bsf	status, 5	;RP0=1, select bank1
   376  07A1  1303               	bcf	status, 6	;RP1=0, select bank1
   377  07A2  0087               	movwf	(135)^080h	;volatile
   378                           	line	18
   379                           	
   380  07A3                     l1773:	
   381                           ;2 task.c: 18: PORTC=0X00;
   382  07A3  1283               	bcf	status, 5	;RP0=0, select bank0
   383  07A4  1303               	bcf	status, 6	;RP1=0, select bank0
   384  07A5  0187               	clrf	(7)	;volatile
   385                           	line	19
   386                           ;2 task.c: 19: while(1)
   387                           	
   388  07A6                     l573:	
   389                           	line	21
   390                           	
   391  07A6                     l1775:	
   392                           ;2 task.c: 20: {
   393                           ;2 task.c: 21: if(RC0==1)
   394  07A6  1C07               	btfss	(56/8),(56)&7
   395  07A7  2FA9               	goto	u2201
   396  07A8  2FAA               	goto	u2200
   397  07A9                     u2201:
   398  07A9  2FD0               	goto	l574
   399  07AA                     u2200:
   400                           	line	24
   401                           	
   402  07AA                     l1777:	
   403                           ;2 task.c: 22: {
   404                           ;2 task.c: 24: if(i1<9)
   405  07AA  0871               	movf	(_i1+1),w
   406  07AB  3A80               	xorlw	80h
   407  07AC  00FE               	movwf	btemp+0
   408  07AD  3080               	movlw	(high(09h))^80h
   409  07AE  027E               	subwf	btemp+0,w
   410  07AF  1D03               	skipz
   411  07B0  2FB3               	goto	u2215
   412  07B1  3009               	movlw	low(09h)
   413  07B2  0270               	subwf	(_i1),w
   414  07B3                     u2215:
   415                           
   416  07B3  1803               	skipnc
   417  07B4  2FB6               	goto	u2211
   418  07B5  2FB7               	goto	u2210
   419  07B6                     u2211:
   420  07B6  2FD0               	goto	l575
   421  07B7                     u2210:
   422                           	line	26
   423                           	
   424  07B7                     l1779:	
   425                           ;2 task.c: 25: {
   426                           ;2 task.c: 26: i1++;
   427  07B7  3001               	movlw	low(01h)
   428  07B8  07F0               	addwf	(_i1),f
   429  07B9  1803               	skipnc
   430  07BA  0AF1               	incf	(_i1+1),f
   431  07BB  3000               	movlw	high(01h)
   432  07BC  07F1               	addwf	(_i1+1),f
   433                           	line	27
   434                           	
   435  07BD                     l1781:	
   436                           ;2 task.c: 27: PORTB=sega[i1];
   437  07BD  0870               	movf	(_i1),w
   438  07BE  00F6               	movwf	(??_main+0)+0
   439  07BF  0776               	addwf	(??_main+0)+0,w
   440  07C0  3E20               	addlw	_sega&0ffh
   441  07C1  0084               	movwf	fsr0
   442  07C2  1383               	bcf	status, 7	;select IRP bank0
   443  07C3  0800               	movf	indf,w
   444  07C4  1283               	bcf	status, 5	;RP0=0, select bank0
   445  07C5  1303               	bcf	status, 6	;RP1=0, select bank0
   446  07C6  0086               	movwf	(6)	;volatile
   447                           	line	28
   448                           	
   449  07C7                     l1783:	
   450                           ;2 task.c: 28: delay(50000);
   451  07C7  3050               	movlw	low(0C350h)
   452  07C8  00F4               	movwf	(?_delay)
   453  07C9  30C3               	movlw	high(0C350h)
   454  07CA  00F5               	movwf	((?_delay))+1
   455  07CB  120A  118A  2749   	fcall	_delay
              120A  118A         
   456                           	line	29
   457                           	
   458  07D0                     l575:	
   459                           	line	30
   460                           	
   461  07D0                     l574:	
   462                           	line	32
   463                           	
   464  07D0                     l1785:	
   465                           ;2 task.c: 29: }
   466                           ;2 task.c: 30: }
   467                           ;2 task.c: 32: if(RC1==1)
   468  07D0  1283               	bcf	status, 5	;RP0=0, select bank0
   469  07D1  1303               	bcf	status, 6	;RP1=0, select bank0
   470  07D2  1C87               	btfss	(57/8),(57)&7
   471  07D3  2FD5               	goto	u2221
   472  07D4  2FD6               	goto	u2220
   473  07D5                     u2221:
   474  07D5  2FFC               	goto	l576
   475  07D6                     u2220:
   476                           	line	35
   477                           	
   478  07D6                     l1787:	
   479                           ;2 task.c: 33: {
   480                           ;2 task.c: 35: if(i2<9)
   481  07D6  0873               	movf	(_i2+1),w
   482  07D7  3A80               	xorlw	80h
   483  07D8  00FE               	movwf	btemp+0
   484  07D9  3080               	movlw	(high(09h))^80h
   485  07DA  027E               	subwf	btemp+0,w
   486  07DB  1D03               	skipz
   487  07DC  2FDF               	goto	u2235
   488  07DD  3009               	movlw	low(09h)
   489  07DE  0272               	subwf	(_i2),w
   490  07DF                     u2235:
   491                           
   492  07DF  1803               	skipnc
   493  07E0  2FE2               	goto	u2231
   494  07E1  2FE3               	goto	u2230
   495  07E2                     u2231:
   496  07E2  2FFC               	goto	l577
   497  07E3                     u2230:
   498                           	line	37
   499                           	
   500  07E3                     l1789:	
   501                           ;2 task.c: 36: {
   502                           ;2 task.c: 37: i2++;
   503  07E3  3001               	movlw	low(01h)
   504  07E4  07F2               	addwf	(_i2),f
   505  07E5  1803               	skipnc
   506  07E6  0AF3               	incf	(_i2+1),f
   507  07E7  3000               	movlw	high(01h)
   508  07E8  07F3               	addwf	(_i2+1),f
   509                           	line	38
   510                           	
   511  07E9                     l1791:	
   512                           ;2 task.c: 38: PORTB=segb[i2];
   513  07E9  0872               	movf	(_i2),w
   514  07EA  00F6               	movwf	(??_main+0)+0
   515  07EB  0776               	addwf	(??_main+0)+0,w
   516  07EC  3E34               	addlw	_segb&0ffh
   517  07ED  0084               	movwf	fsr0
   518  07EE  1383               	bcf	status, 7	;select IRP bank0
   519  07EF  0800               	movf	indf,w
   520  07F0  1283               	bcf	status, 5	;RP0=0, select bank0
   521  07F1  1303               	bcf	status, 6	;RP1=0, select bank0
   522  07F2  0086               	movwf	(6)	;volatile
   523                           	line	39
   524                           	
   525  07F3                     l1793:	
   526                           ;2 task.c: 39: delay(50000);
   527  07F3  3050               	movlw	low(0C350h)
   528  07F4  00F4               	movwf	(?_delay)
   529  07F5  30C3               	movlw	high(0C350h)
   530  07F6  00F5               	movwf	((?_delay))+1
   531  07F7  120A  118A  2749   	fcall	_delay
              120A  118A         
   532                           	line	40
   533                           	
   534  07FC                     l577:	
   535                           	line	41
   536                           	
   537  07FC                     l576:	
   538                           	line	44
   539                           	
   540  07FC                     l578:	
   541                           	line	19
   542  07FC  2FA6               	goto	l573
   543                           	
   544  07FD                     l579:	
   545                           	line	45
   546                           	
   547  07FD                     l580:	
   548                           	global	start
   549  07FD  120A  118A  2800   	ljmp	start
   550                           	opt stack 0
   551                           GLOBAL	__end_of_main
   552  0800                     	__end_of_main:
   553 ;; =============== function _main ends ============
   554                           
   555                           	signat	_main,90
   556                           	global	_delay
   557                           psect	text73,local,class=CODE,delta=2
   558                           global __ptext73
   559  0749                     __ptext73:
   560                           
   561 ;; *************** function _delay *****************
   562 ;; Defined at:
   563 ;;		line 6 in file "C:\Users\TECH\Desktop\madhu pic folder\7 SEGMENT DIAPLAY\SEG TASK\2.seg task\2 task.c"
   564 ;; Parameters:    Size  Location     Type
   565 ;;  x               2    0[COMMON] unsigned int 
   566 ;; Auto vars:     Size  Location     Type
   567 ;;		None
   568 ;; Return value:  Size  Location     Type
   569 ;;		None               void
   570 ;; Registers used:
   571 ;;		wreg
   572 ;; Tracked objects:
   573 ;;		On entry : 0/0
   574 ;;		On exit  : 0/0
   575 ;;		Unchanged: 0/0
   576 ;; Data sizes:     COMMON   BANK0   BANK1   BANK3   BANK2
   577 ;;      Params:         2       0       0       0       0
   578 ;;      Locals:         0       0       0       0       0
   579 ;;      Temps:          0       0       0       0       0
   580 ;;      Totals:         2       0       0       0       0
   581 ;;Total ram usage:        2 bytes
   582 ;; Hardware stack levels used:    1
   583 ;; This function calls:
   584 ;;		Nothing
   585 ;; This function is called by:
   586 ;;		_main
   587 ;; This function uses a non-reentrant model
   588 ;;
   589                           psect	text73
   590                           	file	"C:\Users\TECH\Desktop\madhu pic folder\7 SEGMENT DIAPLAY\SEG TASK\2.seg task\2 ta
                                 sk.c"
   591                           	line	6
   592                           	global	__size_of_delay
   593  0012                     	__size_of_delay	equ	__end_of_delay-_delay
   594                           	
   595  0749                     _delay:	
   596                           	opt	stack 7
   597                           ; Regs used in _delay: [wreg]
   598                           	line	7
   599                           	
   600  0749                     l1765:	
   601                           ;2 task.c: 7: while (x--);
   602  0749  2F4A               	goto	l567
   603                           	
   604  074A                     l568:	
   605                           	
   606  074A                     l567:	
   607                           	
   608  074A                     l1767:	
   609  074A  3001               	movlw	low(01h)
   610  074B  02F4               	subwf	(delay@x),f
   611  074C  3000               	movlw	high(01h)
   612  074D  1C03               	skipc
   613  074E  03F5               	decf	(delay@x+1),f
   614  074F  02F5               	subwf	(delay@x+1),f
   615  0750  30FF               	movlw	high(0FFFFh)
   616  0751  0675               	xorwf	((delay@x+1)),w
   617  0752  1D03               	skipz
   618  0753  2F56               	goto	u2195
   619  0754  30FF               	movlw	low(0FFFFh)
   620  0755  0674               	xorwf	((delay@x)),w
   621  0756                     u2195:
   622                           
   623  0756  1D03               	skipz
   624  0757  2F59               	goto	u2191
   625  0758  2F5A               	goto	u2190
   626  0759                     u2191:
   627  0759  2F4A               	goto	l568
   628  075A                     u2190:
   629                           	
   630  075A                     l569:	
   631                           	line	8
   632                           	
   633  075A                     l570:	
   634  075A  0008               	return
   635                           	opt stack 0
   636                           GLOBAL	__end_of_delay
   637  075B                     	__end_of_delay:
   638 ;; =============== function _delay ends ============
   639                           
   640                           	signat	_delay,4216
   641                           psect	text74,local,class=CODE,delta=2
   642                           global __ptext74
   643  0000                     __ptext74:
   644                           	global	btemp
   645  007E                     	btemp set 07Eh
   646                           
   647                           	DABS	1,126,2	;btemp
   648                           	global	wtemp0
   649  007E                     	wtemp0 set btemp


HI-TECH Software PICC Macro Assembler V9.71a build 6446 
Symbol Table                                                                                   Fri Sep 23 11:35:57 2022

                   pc 0002                    _i1 0070                    _i2 0072                    fsr 0004  
                 l570 075A                   l580 07FD                   l573 07A6                   l574 07D0  
                 l567 074A                   l575 07D0                   l568 074A                   l576 07FC  
                 l569 075A                   l577 07FC                   l578 07FC                   l579 07FD  
                 _RC0 0038                   _RC1 0039                   fsr0 0004                   indf 0000  
                l1771 079F                  l1765 0749                  l1781 07BD                  l1773 07A3  
                l1767 074A                  l1791 07E9                  l1783 07C7                  l1775 07A6  
                l1793 07F3                  l1785 07D0                  l1777 07AA                  l1769 0799  
                l1787 07D6                  l1779 07B7                  l1789 07E3                  u2200 07AA  
                u2201 07A9                  u2210 07B7                  u2211 07B6                  u2220 07D6  
                u2221 07D5                  u2230 07E3                  u2231 07E2                  u2215 07B3  
                u2235 07DF                  u2190 075A                  u2191 0759                  u2195 0756  
                _main 0799                  _sega 0020                  _segb 0034                  btemp 007E  
                start 0000                 ?_main 0074                 _PORTB 0006                 _PORTC 0007  
               _TRISB 0086                 _TRISC 0087                 _delay 0749                 pclath 000A  
               status 0003                 wtemp0 007E          __end_of_main 0800                ??_main 0076  
              ?_delay 0074                delay@x 0074        __pcstackCOMMON 0074          __pidataBANK0 0771  
       __end_of_delay 075B               ??_delay 0076            __pmaintext 0799  end_of_initialization 076D  
             init_ram 073C   start_initialization 075B           __pdataBANK0 0020           __pbssCOMMON 0070  
      __size_of_delay 0012             init_fetch 0738              __ptext73 0749              __ptext74 0000  
       __size_of_main 0067  
